Using pre-set license
Built from '2021.3/staging' branch; Version is '2021.3.31f1 (3409e2af086f) revision 3410402'; Using compiler version '192829333'; Build Type 'Release'
OS: 'Windows 11  (10.0.22631) 64bit Core' Language: 'ko' Physical Memory: 32470 MB
BatchMode: 1, IsHumanControllingUs: 0, StartBugReporterOnCrash: 0, Is64bit: 1, IsPro: 1

COMMAND LINE ARGUMENTS:
C:\Program Files\Unity\Hub\Editor\2021.3.31f1\Editor\Unity.exe
-adb2
-batchMode
-noUpm
-name
AssetImportWorker0
-projectPath
C:/Users/user/Documents/GitHub/NightMareReturner
-logFile
Logs/AssetImportWorker0.log
-srvPort
61155
Successfully changed project path to: C:/Users/user/Documents/GitHub/NightMareReturner
C:/Users/user/Documents/GitHub/NightMareReturner
[UnityMemory] Configuration Parameters - Can be set up in boot.config
    "memorysetup-bucket-allocator-granularity=16"
    "memorysetup-bucket-allocator-bucket-count=8"
    "memorysetup-bucket-allocator-block-size=33554432"
    "memorysetup-bucket-allocator-block-count=8"
    "memorysetup-main-allocator-block-size=16777216"
    "memorysetup-thread-allocator-block-size=16777216"
    "memorysetup-gfx-main-allocator-block-size=16777216"
    "memorysetup-gfx-thread-allocator-block-size=16777216"
    "memorysetup-cache-allocator-block-size=4194304"
    "memorysetup-typetree-allocator-block-size=2097152"
    "memorysetup-profiler-bucket-allocator-granularity=16"
    "memorysetup-profiler-bucket-allocator-bucket-count=8"
    "memorysetup-profiler-bucket-allocator-block-size=33554432"
    "memorysetup-profiler-bucket-allocator-block-count=8"
    "memorysetup-profiler-allocator-block-size=16777216"
    "memorysetup-profiler-editor-allocator-block-size=1048576"
    "memorysetup-temp-allocator-size-main=16777216"
    "memorysetup-job-temp-allocator-block-size=2097152"
    "memorysetup-job-temp-allocator-block-size-background=1048576"
    "memorysetup-job-temp-allocator-reduction-small-platforms=262144"
    "memorysetup-temp-allocator-size-background-worker=32768"
    "memorysetup-temp-allocator-size-job-worker=262144"
    "memorysetup-temp-allocator-size-preload-manager=33554432"
    "memorysetup-temp-allocator-size-nav-mesh-worker=65536"
    "memorysetup-temp-allocator-size-audio-worker=65536"
    "memorysetup-temp-allocator-size-cloud-worker=32768"
    "memorysetup-temp-allocator-size-gi-baking-worker=262144"
    "memorysetup-temp-allocator-size-gfx=262144"
Player connection [6668] Host "[IP] 192.168.219.103 [Port] 0 [Flags] 2 [Guid] 2542122612 [EditorId] 2542122612 [Version] 1048832 [Id] WindowsEditor(7,DESKTOP-6U2F1F0) [Debug] 1 [PackageName] WindowsEditor [ProjectName] Editor" joined multi-casting on [225.0.0.222:54997]...

Player connection [6668] Host "[IP] 192.168.219.103 [Port] 0 [Flags] 2 [Guid] 2542122612 [EditorId] 2542122612 [Version] 1048832 [Id] WindowsEditor(7,DESKTOP-6U2F1F0) [Debug] 1 [PackageName] WindowsEditor [ProjectName] Editor" joined alternative multi-casting on [225.0.0.222:34997]...

[Physics::Module] Initialized MultithreadedJobDispatcher with {0} workers.
Refreshing native plugins compatible for Editor in 73.73 ms, found 4 plugins.
Preloading 0 native plugins for Editor in 0.00 ms.
Initialize engine version: 2021.3.31f1 (3409e2af086f)
[Subsystems] Discovering subsystems at path C:/Program Files/Unity/Hub/Editor/2021.3.31f1/Editor/Data/Resources/UnitySubsystems
[Subsystems] Discovering subsystems at path C:/Users/user/Documents/GitHub/NightMareReturner/Assets
GfxDevice: creating device client; threaded=0; jobified=0
Direct3D:
    Version:  Direct3D 11.0 [level 11.1]
    Renderer: NVIDIA GeForce RTX 4060 Laptop GPU (ID=0x28a0)
    Vendor:   NVIDIA
    VRAM:     7971 MB
    Driver:   31.0.15.2892
Initialize mono
Mono path[0] = 'C:/Program Files/Unity/Hub/Editor/2021.3.31f1/Editor/Data/Managed'
Mono path[1] = 'C:/Program Files/Unity/Hub/Editor/2021.3.31f1/Editor/Data/MonoBleedingEdge/lib/mono/unityjit-win32'
Mono config path = 'C:/Program Files/Unity/Hub/Editor/2021.3.31f1/Editor/Data/MonoBleedingEdge/etc'
Using monoOptions --debugger-agent=transport=dt_socket,embedding=1,server=y,suspend=n,address=127.0.0.1:56140
Begin MonoManager ReloadAssembly
Registering precompiled unity dll's ...
Register platform support module: C:/Program Files/Unity/Hub/Editor/2021.3.31f1/Editor/Data/PlaybackEngines/AndroidPlayer/UnityEditor.Android.Extensions.dll
Register platform support module: C:/Program Files/Unity/Hub/Editor/2021.3.31f1/Editor/Data/PlaybackEngines/WindowsStandaloneSupport/UnityEditor.WindowsStandalone.Extensions.dll
Registered in 0.004000 seconds.
Native extension for WindowsStandalone target not found
Native extension for Android target not found
Android Extension - Scanning For ADB Devices 767 ms
Refreshing native plugins compatible for Editor in 82.34 ms, found 4 plugins.
Preloading 0 native plugins for Editor in 0.00 ms.
Mono: successfully reloaded assembly
- Completed reload, in  1.281 seconds
Domain Reload Profiling:
	ReloadAssembly (1281ms)
		BeginReloadAssembly (67ms)
			ExecutionOrderSort (0ms)
			DisableScriptedObjects (0ms)
			BackupInstance (0ms)
			ReleaseScriptingObjects (0ms)
			CreateAndSetChildDomain (1ms)
		EndReloadAssembly (1143ms)
			LoadAssemblies (66ms)
			RebuildTransferFunctionScriptingTraits (0ms)
			SetupTypeCache (75ms)
			ReleaseScriptCaches (0ms)
			RebuildScriptCaches (20ms)
			SetupLoadedEditorAssemblies (1016ms)
				LogAssemblyErrors (0ms)
				InitializePlatformSupportModulesInManaged (836ms)
				SetLoadedEditorAssemblies (0ms)
				RefreshPlugins (82ms)
				BeforeProcessingInitializeOnLoad (1ms)
				ProcessInitializeOnLoadAttributes (64ms)
				ProcessInitializeOnLoadMethodAttributes (33ms)
				AfterProcessingInitializeOnLoad (0ms)
				EditorAssembliesLoaded (0ms)
			ExecutionOrderSort2 (0ms)
			AwakeInstancesAfterBackupRestoration (0ms)
Platform modules already initialized, skipping
Registering precompiled user dll's ...
Registered in 0.007956 seconds.
Begin MonoManager ReloadAssembly
Native extension for WindowsStandalone target not found
Native extension for Android target not found
Refreshing native plugins compatible for Editor in 91.91 ms, found 4 plugins.
Preloading 0 native plugins for Editor in 0.00 ms.
Package Manager log level set to [2]
[Package Manager] Server::EnsureServerProcessIsRunning -- launch failed, reason: Unity was launched with the -noUpm command-line argument
[Package Manager] Cannot connect to Unity Package Manager local server
Mono: successfully reloaded assembly
- Completed reload, in  1.507 seconds
Domain Reload Profiling:
	ReloadAssembly (1507ms)
		BeginReloadAssembly (97ms)
			ExecutionOrderSort (0ms)
			DisableScriptedObjects (4ms)
			BackupInstance (0ms)
			ReleaseScriptingObjects (0ms)
			CreateAndSetChildDomain (17ms)
		EndReloadAssembly (1324ms)
			LoadAssemblies (78ms)
			RebuildTransferFunctionScriptingTraits (0ms)
			SetupTypeCache (209ms)
			ReleaseScriptCaches (0ms)
			RebuildScriptCaches (54ms)
			SetupLoadedEditorAssemblies (935ms)
				LogAssemblyErrors (0ms)
				InitializePlatformSupportModulesInManaged (18ms)
				SetLoadedEditorAssemblies (0ms)
				RefreshPlugins (92ms)
				BeforeProcessingInitializeOnLoad (79ms)
				ProcessInitializeOnLoadAttributes (681ms)
				ProcessInitializeOnLoadMethodAttributes (53ms)
				AfterProcessingInitializeOnLoad (13ms)
				EditorAssembliesLoaded (0ms)
			ExecutionOrderSort2 (0ms)
			AwakeInstancesAfterBackupRestoration (7ms)
Platform modules already initialized, skipping
========================================================================
Worker process is ready to serve import requests
Launched and connected shader compiler UnityShaderCompiler.exe after 0.05 seconds
Refreshing native plugins compatible for Editor in 1.00 ms, found 4 plugins.
Preloading 0 native plugins for Editor in 0.00 ms.
Unloading 4452 Unused Serialized files (Serialized files now loaded: 0)
Unloading 52 unused Assets / (119.7 KB). Loaded Objects now: 4914.
Memory consumption went from 174.1 MB to 174.0 MB.
Total: 4.437900 ms (FindLiveObjects: 0.348400 ms CreateObjectMapping: 0.348600 ms MarkObjects: 3.611400 ms  DeleteObjects: 0.128000 ms)

AssetImportParameters requested are different than current active one (requested -> active):
  custom:video-decoder-ogg-theora: a1e56fd34408186e4bbccfd4996cb3dc -> 
  custom:container-muxer-webm: aa71ff27fc2769a1b78a27578f13a17b -> 
  custom:container-demuxer-webm: 4f35f7cbe854078d1ac9338744f61a02 -> 
  custom:video-encoder-webm-vp8: eb34c28f22e8b96e1ab97ce403110664 -> 
  custom:video-codec-MediaFoundation-h265: 746d11721c4dcdbdad8f713fa42b33f4 -> 
  custom:audio-encoder-webm-vorbis: bf7c407c2cedff20999df2af8eb42d56 -> 
  custom:framework-win-MediaFoundation: 216162199b28c13a410421893ffa2e32 -> 
  custom:container-demuxer-ogg: 62fdf1f143b41e24485cea50d1cbac27 -> 
  custom:video-decoder-webm-vp8: 9c59270c3fd7afecdb556c50c9e8de78 -> 
  custom:audio-decoder-ogg-vorbis: bf7c407c2cedff20999df2af8eb42d56 -> 
========================================================================
Received Import Request.
  Time since last request: 284762.878013 seconds.
  path: Assets/10.Audio/Ball Get3.mp3
  artifactKey: Guid(9431c4a65f640c44cbbf2a49c0d6ea72) Importer(815301076,1909f56bfc062723c751e8b465ee728b)
Number of updated assets reloaded before import = 0
Start importing Assets/10.Audio/Ball Get3.mp3 using Guid(9431c4a65f640c44cbbf2a49c0d6ea72) Importer(815301076,1909f56bfc062723c751e8b465ee728b)  -> (artifact id: '6558021ebffb3ed4e737ed239b54b328') in 0.085002 seconds 
Number of asset objects unloaded after import = 2
========================================================================
Received Import Request.
  Time since last request: 0.000022 seconds.
  path: Assets/10.Audio/City Sound.mp3
  artifactKey: Guid(23fc795c321192a4b86bdd2066db533d) Importer(815301076,1909f56bfc062723c751e8b465ee728b)
Number of updated assets reloaded before import = 0
Start importing Assets/10.Audio/City Sound.mp3 using Guid(23fc795c321192a4b86bdd2066db533d) Importer(815301076,1909f56bfc062723c751e8b465ee728b)  -> (artifact id: '879b96fc2b89d24a9e61403294e5530d') in 0.008800 seconds 
Number of asset objects unloaded after import = 2
========================================================================
Received Import Request.
  Time since last request: 0.000022 seconds.
  path: Assets/10.Audio/City Sound2.mp3
  artifactKey: Guid(7b25521a8e396934c9480b9d9b1621c2) Importer(815301076,1909f56bfc062723c751e8b465ee728b)
Number of updated assets reloaded before import = 0
Start importing Assets/10.Audio/City Sound2.mp3 using Guid(7b25521a8e396934c9480b9d9b1621c2) Importer(815301076,1909f56bfc062723c751e8b465ee728b)  -> (artifact id: '88bbbfa41581891024707fad0abac0df') in 0.008025 seconds 
Number of asset objects unloaded after import = 2
========================================================================
Received Import Request.
  Time since last request: 0.000017 seconds.
  path: Assets/10.Audio/Intro(Trauma Remeber).mp3
  artifactKey: Guid(bd4939f0d6c4d414590df0db4d0abe22) Importer(815301076,1909f56bfc062723c751e8b465ee728b)
Number of updated assets reloaded before import = 0
Start importing Assets/10.Audio/Intro(Trauma Remeber).mp3 using Guid(bd4939f0d6c4d414590df0db4d0abe22) Importer(815301076,1909f56bfc062723c751e8b465ee728b)  -> (artifact id: '2e1b6e04684a63b5ff0ac1a21655337c') in 0.007951 seconds 
Number of asset objects unloaded after import = 2
========================================================================
Received Import Request.
  Time since last request: 0.000018 seconds.
  path: Assets/10.Audio/Hit.mp3
  artifactKey: Guid(06d18201a56cfe0438ee4aa77d332cb6) Importer(815301076,1909f56bfc062723c751e8b465ee728b)
Number of updated assets reloaded before import = 0
Start importing Assets/10.Audio/Hit.mp3 using Guid(06d18201a56cfe0438ee4aa77d332cb6) Importer(815301076,1909f56bfc062723c751e8b465ee728b)  -> (artifact id: '3c4f8eb5bbbb9030046e63543596fd5c') in 0.008211 seconds 
Number of asset objects unloaded after import = 2
========================================================================
Received Import Request.
  Time since last request: 0.000016 seconds.
  path: Assets/10.Audio/punch-41105.mp3
  artifactKey: Guid(19ada0febc3da164d9bf548855109f46) Importer(815301076,1909f56bfc062723c751e8b465ee728b)
Number of updated assets reloaded before import = 0
Start importing Assets/10.Audio/punch-41105.mp3 using Guid(19ada0febc3da164d9bf548855109f46) Importer(815301076,1909f56bfc062723c751e8b465ee728b)  -> (artifact id: '59214982ad07f520e90248c0e9e06983') in 0.007381 seconds 
Number of asset objects unloaded after import = 2
========================================================================
Received Import Request.
  Time since last request: 0.000017 seconds.
  path: Assets/10.Audio/Intro3(Boss Talk).mp3
  artifactKey: Guid(12bcc46a50a10ad48b85ddb491cfda7e) Importer(815301076,1909f56bfc062723c751e8b465ee728b)
Number of updated assets reloaded before import = 0
Start importing Assets/10.Audio/Intro3(Boss Talk).mp3 using Guid(12bcc46a50a10ad48b85ddb491cfda7e) Importer(815301076,1909f56bfc062723c751e8b465ee728b)  -> (artifact id: 'f1c550f626f20ba2bba34b2b967468f2') in 0.006559 seconds 
Number of asset objects unloaded after import = 2
========================================================================
Received Import Request.
  Time since last request: 0.000016 seconds.
  path: Assets/10.Audio/monster.mp3
  artifactKey: Guid(76320339418499f4f8309a4ddc4820e7) Importer(815301076,1909f56bfc062723c751e8b465ee728b)
Number of updated assets reloaded before import = 0
Start importing Assets/10.Audio/monster.mp3 using Guid(76320339418499f4f8309a4ddc4820e7) Importer(815301076,1909f56bfc062723c751e8b465ee728b)  -> (artifact id: 'f2448673eb588f7303f7db7780b239fb') in 0.008358 seconds 
Number of asset objects unloaded after import = 2
========================================================================
Received Import Request.
  Time since last request: 0.000014 seconds.
  path: Assets/10.Audio/Ball Get.mp3
  artifactKey: Guid(e187f5c807c932747a550b08d706829a) Importer(815301076,1909f56bfc062723c751e8b465ee728b)
Number of updated assets reloaded before import = 0
Start importing Assets/10.Audio/Ball Get.mp3 using Guid(e187f5c807c932747a550b08d706829a) Importer(815301076,1909f56bfc062723c751e8b465ee728b)  -> (artifact id: 'd03efa392781406eafe4a4cb5c3d9f66') in 0.006979 seconds 
Number of asset objects unloaded after import = 2
========================================================================
Received Import Request.
  Time since last request: 0.000019 seconds.
  path: Assets/10.Audio/Main bgm2(Store bgm후보).mp3
  artifactKey: Guid(1bce7468cf23bf24fab95623944f97b1) Importer(815301076,1909f56bfc062723c751e8b465ee728b)
Number of updated assets reloaded before import = 0
Start importing Assets/10.Audio/Main bgm2(Store bgm후보).mp3 using Guid(1bce7468cf23bf24fab95623944f97b1) Importer(815301076,1909f56bfc062723c751e8b465ee728b)  -> (artifact id: '04c1790480f150e3acc42b747a611444') in 0.007582 seconds 
Number of asset objects unloaded after import = 2
========================================================================
Received Import Request.
  Time since last request: 0.000020 seconds.
  path: Assets/10.Audio/Boss Talk.mp3
  artifactKey: Guid(04911a3d9808d76488ef49dccef4735c) Importer(815301076,1909f56bfc062723c751e8b465ee728b)
Number of updated assets reloaded before import = 0
Start importing Assets/10.Audio/Boss Talk.mp3 using Guid(04911a3d9808d76488ef49dccef4735c) Importer(815301076,1909f56bfc062723c751e8b465ee728b)  -> (artifact id: 'fe6498be6c9a1c7c939ad5250bf0d7f0') in 0.007421 seconds 
Number of asset objects unloaded after import = 2
========================================================================
Received Import Request.
  Time since last request: 0.000015 seconds.
  path: Assets/10.Audio/House - OutHouse(door Sound).mp3
  artifactKey: Guid(49041af88bd7e3047aaf8eada2b79e07) Importer(815301076,1909f56bfc062723c751e8b465ee728b)
Number of updated assets reloaded before import = 0
Start importing Assets/10.Audio/House - OutHouse(door Sound).mp3 using Guid(49041af88bd7e3047aaf8eada2b79e07) Importer(815301076,1909f56bfc062723c751e8b465ee728b)  -> (artifact id: '0af44ea7a5e1f59fef0b19ede905146e') in 0.006090 seconds 
Number of asset objects unloaded after import = 2
========================================================================
Received Import Request.
  Time since last request: 0.000018 seconds.
  path: Assets/10.Audio/City Sound3.mp3
  artifactKey: Guid(7ae912f1f5cd29c42a9fa1294175406a) Importer(815301076,1909f56bfc062723c751e8b465ee728b)
Number of updated assets reloaded before import = 0
Start importing Assets/10.Audio/City Sound3.mp3 using Guid(7ae912f1f5cd29c42a9fa1294175406a) Importer(815301076,1909f56bfc062723c751e8b465ee728b)  -> (artifact id: '0a0b83439046d4552782a926767079d0') in 0.007936 seconds 
Number of asset objects unloaded after import = 2
========================================================================
Received Import Request.
  Time since last request: 0.000021 seconds.
  path: Assets/10.Audio/moneyless.mp3
  artifactKey: Guid(b311411b9ae9d6844a0e0076a145e330) Importer(815301076,1909f56bfc062723c751e8b465ee728b)
Number of updated assets reloaded before import = 0
Start importing Assets/10.Audio/moneyless.mp3 using Guid(b311411b9ae9d6844a0e0076a145e330) Importer(815301076,1909f56bfc062723c751e8b465ee728b)  -> (artifact id: 'fcc7db620c55da9bd843ac8b28f39212') in 0.008822 seconds 
Number of asset objects unloaded after import = 2
========================================================================
Received Import Request.
  Time since last request: 0.000023 seconds.
  path: Assets/10.Audio/Ball get5.mp3
  artifactKey: Guid(a1724b2aef4ab714592e3767a658ce48) Importer(815301076,1909f56bfc062723c751e8b465ee728b)
Number of updated assets reloaded before import = 0
Start importing Assets/10.Audio/Ball get5.mp3 using Guid(a1724b2aef4ab714592e3767a658ce48) Importer(815301076,1909f56bfc062723c751e8b465ee728b)  -> (artifact id: 'fdf59bcb52259e62873c8c4dc9babd4b') in 0.007699 seconds 
Number of asset objects unloaded after import = 2
========================================================================
Received Import Request.
  Time since last request: 0.000023 seconds.
  path: Assets/10.Audio/jap.mp3
  artifactKey: Guid(58be9e1e59afe8f448cbf649d3ca08bc) Importer(815301076,1909f56bfc062723c751e8b465ee728b)
Number of updated assets reloaded before import = 0
Start importing Assets/10.Audio/jap.mp3 using Guid(58be9e1e59afe8f448cbf649d3ca08bc) Importer(815301076,1909f56bfc062723c751e8b465ee728b)  -> (artifact id: 'ce4f38214d6d6d82fd40451b2fdca405') in 0.006359 seconds 
Number of asset objects unloaded after import = 2
========================================================================
Received Import Request.
  Time since last request: 0.000024 seconds.
  path: Assets/10.Audio/Main bgm3.mp3
  artifactKey: Guid(64f6408ac71f52440b068333fe597ccb) Importer(815301076,1909f56bfc062723c751e8b465ee728b)
Number of updated assets reloaded before import = 0
Start importing Assets/10.Audio/Main bgm3.mp3 using Guid(64f6408ac71f52440b068333fe597ccb) Importer(815301076,1909f56bfc062723c751e8b465ee728b)  -> (artifact id: '4c17058cd9411d3d9a0abf665ebcb6f4') in 0.005894 seconds 
Number of asset objects unloaded after import = 2
========================================================================
Received Import Request.
  Time since last request: 0.000018 seconds.
  path: Assets/10.Audio/player hit.mp3
  artifactKey: Guid(ac8af7628e2fc154c87b9b01e283d2d7) Importer(815301076,1909f56bfc062723c751e8b465ee728b)
Number of updated assets reloaded before import = 0
Start importing Assets/10.Audio/player hit.mp3 using Guid(ac8af7628e2fc154c87b9b01e283d2d7) Importer(815301076,1909f56bfc062723c751e8b465ee728b)  -> (artifact id: '891523fbfc2c206f737d5fcb55b66903') in 0.005617 seconds 
Number of asset objects unloaded after import = 2
========================================================================
Received Import Request.
  Time since last request: 0.000017 seconds.
  path: Assets/10.Audio/Ball Get2.mp3
  artifactKey: Guid(0454eb859aac8ce458c9c920b1debf14) Importer(815301076,1909f56bfc062723c751e8b465ee728b)
Number of updated assets reloaded before import = 0
Start importing Assets/10.Audio/Ball Get2.mp3 using Guid(0454eb859aac8ce458c9c920b1debf14) Importer(815301076,1909f56bfc062723c751e8b465ee728b)  -> (artifact id: '9d06124f701805bba626a9ea974d2325') in 0.006784 seconds 
Number of asset objects unloaded after import = 2
========================================================================
Received Import Request.
  Time since last request: 0.000026 seconds.
  path: Assets/10.Audio/Ball get4.mp3
  artifactKey: Guid(926d953fc5e55684787a03a7efbeda22) Importer(815301076,1909f56bfc062723c751e8b465ee728b)
Number of updated assets reloaded before import = 0
Start importing Assets/10.Audio/Ball get4.mp3 using Guid(926d953fc5e55684787a03a7efbeda22) Importer(815301076,1909f56bfc062723c751e8b465ee728b)  -> (artifact id: 'ef4545828832ecb03a9c466509f39701') in 0.007353 seconds 
Number of asset objects unloaded after import = 2
========================================================================
Received Import Request.
  Time since last request: 0.000023 seconds.
  path: Assets/10.Audio/telport.mp3
  artifactKey: Guid(a842d6701e96a4647bc26fa461291a95) Importer(815301076,1909f56bfc062723c751e8b465ee728b)
Number of updated assets reloaded before import = 0
Start importing Assets/10.Audio/telport.mp3 using Guid(a842d6701e96a4647bc26fa461291a95) Importer(815301076,1909f56bfc062723c751e8b465ee728b)  -> (artifact id: '43e46cc18b3ca0904eaa8763a4fadd43') in 0.014040 seconds 
Number of asset objects unloaded after import = 2
========================================================================
Received Import Request.
  Time since last request: 0.000028 seconds.
  path: Assets/10.Audio/House - Out House2.mp3
  artifactKey: Guid(f5527cd6b013a404ba00a56a8bb24386) Importer(815301076,1909f56bfc062723c751e8b465ee728b)
Number of updated assets reloaded before import = 0
Start importing Assets/10.Audio/House - Out House2.mp3 using Guid(f5527cd6b013a404ba00a56a8bb24386) Importer(815301076,1909f56bfc062723c751e8b465ee728b)  -> (artifact id: 'ebd73665b69d85847425660f70fee0cf') in 0.007027 seconds 
Number of asset objects unloaded after import = 2
========================================================================
Received Import Request.
  Time since last request: 0.000022 seconds.
  path: Assets/10.Audio/Touch(UI in Ui).mp3
  artifactKey: Guid(c0298913fd037cb46b220ce1bcf9c569) Importer(815301076,1909f56bfc062723c751e8b465ee728b)
Number of updated assets reloaded before import = 0
Start importing Assets/10.Audio/Touch(UI in Ui).mp3 using Guid(c0298913fd037cb46b220ce1bcf9c569) Importer(815301076,1909f56bfc062723c751e8b465ee728b)  -> (artifact id: '4dac166afb0aaa470e357b02aabb6530') in 0.008025 seconds 
Number of asset objects unloaded after import = 2
========================================================================
Received Import Request.
  Time since last request: 0.000022 seconds.
  path: Assets/10.Audio/Stage  bgm.mp3
  artifactKey: Guid(f67eaacc01c5eae4a91c09509ee90b5d) Importer(815301076,1909f56bfc062723c751e8b465ee728b)
Number of updated assets reloaded before import = 0
Start importing Assets/10.Audio/Stage  bgm.mp3 using Guid(f67eaacc01c5eae4a91c09509ee90b5d) Importer(815301076,1909f56bfc062723c751e8b465ee728b)  -> (artifact id: '0acc78c13957f35d7d2fffb0a4290adb') in 0.007580 seconds 
Number of asset objects unloaded after import = 2
========================================================================
Received Import Request.
  Time since last request: 0.000024 seconds.
  path: Assets/10.Audio/Punch2.mp3
  artifactKey: Guid(d6cac616940047248b9b9da70ec5a9d5) Importer(815301076,1909f56bfc062723c751e8b465ee728b)
Number of updated assets reloaded before import = 0
Start importing Assets/10.Audio/Punch2.mp3 using Guid(d6cac616940047248b9b9da70ec5a9d5) Importer(815301076,1909f56bfc062723c751e8b465ee728b)  -> (artifact id: '2177257a97da4b0ded329570bb12f06a') in 0.007165 seconds 
Number of asset objects unloaded after import = 2
========================================================================
Received Import Request.
  Time since last request: 0.000015 seconds.
  path: Assets/10.Audio/House - In House.mp3
  artifactKey: Guid(d9039e549db37fd45ade7c74797332ff) Importer(815301076,1909f56bfc062723c751e8b465ee728b)
Number of updated assets reloaded before import = 0
Start importing Assets/10.Audio/House - In House.mp3 using Guid(d9039e549db37fd45ade7c74797332ff) Importer(815301076,1909f56bfc062723c751e8b465ee728b)  -> (artifact id: '18b16a56fda1ae49d3183fe51722400d') in 0.010226 seconds 
Number of asset objects unloaded after import = 2
========================================================================
Received Import Request.
  Time since last request: 0.000021 seconds.
  path: Assets/10.Audio/Main bgm.mp3
  artifactKey: Guid(ae17157ee92ff384783fe533929a98bc) Importer(815301076,1909f56bfc062723c751e8b465ee728b)
Number of updated assets reloaded before import = 0
Start importing Assets/10.Audio/Main bgm.mp3 using Guid(ae17157ee92ff384783fe533929a98bc) Importer(815301076,1909f56bfc062723c751e8b465ee728b)  -> (artifact id: '02a69408fbcd22e639d5c1c0d65ce52f') in 0.006777 seconds 
Number of asset objects unloaded after import = 2
========================================================================
Received Import Request.
  Time since last request: 0.000021 seconds.
  path: Assets/10.Audio/tele2.mp3
  artifactKey: Guid(dea2f2c842233b14a8394594309c1417) Importer(815301076,1909f56bfc062723c751e8b465ee728b)
Number of updated assets reloaded before import = 0
Start importing Assets/10.Audio/tele2.mp3 using Guid(dea2f2c842233b14a8394594309c1417) Importer(815301076,1909f56bfc062723c751e8b465ee728b)  -> (artifact id: 'b04bf255910db7590f02ad4046ee749d') in 0.006179 seconds 
Number of asset objects unloaded after import = 2
