Using pre-set license
Built from '2021.3/staging' branch; Version is '2021.3.31f1 (3409e2af086f) revision 3410402'; Using compiler version '192829333'; Build Type 'Release'
OS: 'Windows 11  (10.0.22631) 64bit Core' Language: 'ko' Physical Memory: 32470 MB
BatchMode: 1, IsHumanControllingUs: 0, StartBugReporterOnCrash: 0, Is64bit: 1, IsPro: 1

COMMAND LINE ARGUMENTS:
C:\Program Files\Unity\Hub\Editor\2021.3.31f1\Editor\Unity.exe
-adb2
-batchMode
-noUpm
-name
AssetImportWorker14
-projectPath
C:/Users/user/Documents/GitHub/NightMareReturner
-logFile
Logs/AssetImportWorker14.log
-srvPort
58955
Successfully changed project path to: C:/Users/user/Documents/GitHub/NightMareReturner
C:/Users/user/Documents/GitHub/NightMareReturner
[UnityMemory] Configuration Parameters - Can be set up in boot.config
    "memorysetup-bucket-allocator-granularity=16"
    "memorysetup-bucket-allocator-bucket-count=8"
    "memorysetup-bucket-allocator-block-size=33554432"
    "memorysetup-bucket-allocator-block-count=8"
    "memorysetup-main-allocator-block-size=16777216"
    "memorysetup-thread-allocator-block-size=16777216"
    "memorysetup-gfx-main-allocator-block-size=16777216"
    "memorysetup-gfx-thread-allocator-block-size=16777216"
    "memorysetup-cache-allocator-block-size=4194304"
    "memorysetup-typetree-allocator-block-size=2097152"
    "memorysetup-profiler-bucket-allocator-granularity=16"
    "memorysetup-profiler-bucket-allocator-bucket-count=8"
    "memorysetup-profiler-bucket-allocator-block-size=33554432"
    "memorysetup-profiler-bucket-allocator-block-count=8"
    "memorysetup-profiler-allocator-block-size=16777216"
    "memorysetup-profiler-editor-allocator-block-size=1048576"
    "memorysetup-temp-allocator-size-main=16777216"
    "memorysetup-job-temp-allocator-block-size=2097152"
    "memorysetup-job-temp-allocator-block-size-background=1048576"
    "memorysetup-job-temp-allocator-reduction-small-platforms=262144"
    "memorysetup-temp-allocator-size-background-worker=32768"
    "memorysetup-temp-allocator-size-job-worker=262144"
    "memorysetup-temp-allocator-size-preload-manager=33554432"
    "memorysetup-temp-allocator-size-nav-mesh-worker=65536"
    "memorysetup-temp-allocator-size-audio-worker=65536"
    "memorysetup-temp-allocator-size-cloud-worker=32768"
    "memorysetup-temp-allocator-size-gi-baking-worker=262144"
    "memorysetup-temp-allocator-size-gfx=262144"
Player connection [47004] Host "[IP] 192.168.219.103 [Port] 0 [Flags] 2 [Guid] 1389953318 [EditorId] 1389953318 [Version] 1048832 [Id] WindowsEditor(7,DESKTOP-6U2F1F0) [Debug] 1 [PackageName] WindowsEditor [ProjectName] Editor" joined multi-casting on [225.0.0.222:54997]...

Player connection [47004] Host "[IP] 192.168.219.103 [Port] 0 [Flags] 2 [Guid] 1389953318 [EditorId] 1389953318 [Version] 1048832 [Id] WindowsEditor(7,DESKTOP-6U2F1F0) [Debug] 1 [PackageName] WindowsEditor [ProjectName] Editor" joined alternative multi-casting on [225.0.0.222:34997]...

[Physics::Module] Initialized MultithreadedJobDispatcher with {0} workers.
Refreshing native plugins compatible for Editor in 77.35 ms, found 4 plugins.
Preloading 0 native plugins for Editor in 0.00 ms.
Initialize engine version: 2021.3.31f1 (3409e2af086f)
[Subsystems] Discovering subsystems at path C:/Program Files/Unity/Hub/Editor/2021.3.31f1/Editor/Data/Resources/UnitySubsystems
[Subsystems] Discovering subsystems at path C:/Users/user/Documents/GitHub/NightMareReturner/Assets
GfxDevice: creating device client; threaded=0; jobified=0
Direct3D:
    Version:  Direct3D 11.0 [level 11.1]
    Renderer: NVIDIA GeForce RTX 4060 Laptop GPU (ID=0x28a0)
    Vendor:   NVIDIA
    VRAM:     7971 MB
    Driver:   31.0.15.2892
Initialize mono
Mono path[0] = 'C:/Program Files/Unity/Hub/Editor/2021.3.31f1/Editor/Data/Managed'
Mono path[1] = 'C:/Program Files/Unity/Hub/Editor/2021.3.31f1/Editor/Data/MonoBleedingEdge/lib/mono/unityjit-win32'
Mono config path = 'C:/Program Files/Unity/Hub/Editor/2021.3.31f1/Editor/Data/MonoBleedingEdge/etc'
Using monoOptions --debugger-agent=transport=dt_socket,embedding=1,server=y,suspend=n,address=127.0.0.1:56148
Begin MonoManager ReloadAssembly
Registering precompiled unity dll's ...
Register platform support module: C:/Program Files/Unity/Hub/Editor/2021.3.31f1/Editor/Data/PlaybackEngines/AndroidPlayer/UnityEditor.Android.Extensions.dll
Register platform support module: C:/Program Files/Unity/Hub/Editor/2021.3.31f1/Editor/Data/PlaybackEngines/WindowsStandaloneSupport/UnityEditor.WindowsStandalone.Extensions.dll
Registered in 0.003038 seconds.
Native extension for WindowsStandalone target not found
Native extension for Android target not found
Android Extension - Scanning For ADB Devices 1294 ms
Refreshing native plugins compatible for Editor in 73.40 ms, found 4 plugins.
Preloading 0 native plugins for Editor in 0.00 ms.
Mono: successfully reloaded assembly
- Completed reload, in  1.796 seconds
Domain Reload Profiling:
	ReloadAssembly (1797ms)
		BeginReloadAssembly (77ms)
			ExecutionOrderSort (0ms)
			DisableScriptedObjects (0ms)
			BackupInstance (0ms)
			ReleaseScriptingObjects (0ms)
			CreateAndSetChildDomain (1ms)
		EndReloadAssembly (1647ms)
			LoadAssemblies (74ms)
			RebuildTransferFunctionScriptingTraits (0ms)
			SetupTypeCache (73ms)
			ReleaseScriptCaches (0ms)
			RebuildScriptCaches (19ms)
			SetupLoadedEditorAssemblies (1523ms)
				LogAssemblyErrors (0ms)
				InitializePlatformSupportModulesInManaged (1362ms)
				SetLoadedEditorAssemblies (0ms)
				RefreshPlugins (73ms)
				BeforeProcessingInitializeOnLoad (1ms)
				ProcessInitializeOnLoadAttributes (58ms)
				ProcessInitializeOnLoadMethodAttributes (28ms)
				AfterProcessingInitializeOnLoad (0ms)
				EditorAssembliesLoaded (0ms)
			ExecutionOrderSort2 (0ms)
			AwakeInstancesAfterBackupRestoration (0ms)
Platform modules already initialized, skipping
Registering precompiled user dll's ...
Registered in 0.005033 seconds.
Begin MonoManager ReloadAssembly
Native extension for WindowsStandalone target not found
Native extension for Android target not found
Refreshing native plugins compatible for Editor in 80.36 ms, found 4 plugins.
Preloading 0 native plugins for Editor in 0.00 ms.
Package Manager log level set to [2]
[Package Manager] Server::EnsureServerProcessIsRunning -- launch failed, reason: Unity was launched with the -noUpm command-line argument
[Package Manager] Cannot connect to Unity Package Manager local server
Mono: successfully reloaded assembly
- Completed reload, in  1.377 seconds
Domain Reload Profiling:
	ReloadAssembly (1378ms)
		BeginReloadAssembly (95ms)
			ExecutionOrderSort (0ms)
			DisableScriptedObjects (4ms)
			BackupInstance (0ms)
			ReleaseScriptingObjects (0ms)
			CreateAndSetChildDomain (14ms)
		EndReloadAssembly (1201ms)
			LoadAssemblies (82ms)
			RebuildTransferFunctionScriptingTraits (0ms)
			SetupTypeCache (198ms)
			ReleaseScriptCaches (0ms)
			RebuildScriptCaches (48ms)
			SetupLoadedEditorAssemblies (851ms)
				LogAssemblyErrors (0ms)
				InitializePlatformSupportModulesInManaged (17ms)
				SetLoadedEditorAssemblies (0ms)
				RefreshPlugins (80ms)
				BeforeProcessingInitializeOnLoad (78ms)
				ProcessInitializeOnLoadAttributes (624ms)
				ProcessInitializeOnLoadMethodAttributes (44ms)
				AfterProcessingInitializeOnLoad (8ms)
				EditorAssembliesLoaded (0ms)
			ExecutionOrderSort2 (0ms)
			AwakeInstancesAfterBackupRestoration (4ms)
Platform modules already initialized, skipping
========================================================================
Worker process is ready to serve import requests
Launched and connected shader compiler UnityShaderCompiler.exe after 0.02 seconds
Refreshing native plugins compatible for Editor in 0.63 ms, found 4 plugins.
Preloading 0 native plugins for Editor in 0.00 ms.
Unloading 4452 Unused Serialized files (Serialized files now loaded: 0)
Unloading 52 unused Assets / (119.7 KB). Loaded Objects now: 4914.
Memory consumption went from 174.1 MB to 174.0 MB.
Total: 2.805000 ms (FindLiveObjects: 0.196800 ms CreateObjectMapping: 0.100000 ms MarkObjects: 2.432800 ms  DeleteObjects: 0.074800 ms)

AssetImportParameters requested are different than current active one (requested -> active):
  custom:video-decoder-ogg-theora: a1e56fd34408186e4bbccfd4996cb3dc -> 
  custom:container-muxer-webm: aa71ff27fc2769a1b78a27578f13a17b -> 
  custom:container-demuxer-webm: 4f35f7cbe854078d1ac9338744f61a02 -> 
  custom:video-encoder-webm-vp8: eb34c28f22e8b96e1ab97ce403110664 -> 
  custom:video-codec-MediaFoundation-h265: 746d11721c4dcdbdad8f713fa42b33f4 -> 
  custom:CustomObjectIndexerAttribute: bc11b3a6c3213fcdd17b65e7da85e133 -> 
  custom:audio-encoder-webm-vorbis: bf7c407c2cedff20999df2af8eb42d56 -> 
  custom:framework-win-MediaFoundation: 216162199b28c13a410421893ffa2e32 -> 
  custom:SearchIndexIgnoredProperties: e643bd26f0fe6173181afceb89e7c659 -> 
  custom:container-demuxer-ogg: 62fdf1f143b41e24485cea50d1cbac27 -> 
  custom:video-decoder-webm-vp8: 9c59270c3fd7afecdb556c50c9e8de78 -> 
  custom:audio-decoder-ogg-vorbis: bf7c407c2cedff20999df2af8eb42d56 -> 
========================================================================
Received Import Request.
  Time since last request: 330552.426288 seconds.
  path: Assets/DARK Series Mega Pack 1/DARK - Gunslinger Hero, NPC's, Thrones/Thrones/Statue.aseprite
  artifactKey: Guid(d328dc36a08e02d46a853211d897a727) Importer(815301076,1909f56bfc062723c751e8b465ee728b)
Number of updated assets reloaded before import = 0
Start importing Assets/DARK Series Mega Pack 1/DARK - Gunslinger Hero, NPC's, Thrones/Thrones/Statue.aseprite using Guid(d328dc36a08e02d46a853211d897a727) Importer(815301076,1909f56bfc062723c751e8b465ee728b)  -> (artifact id: '2e0fb2728f0febf302bab3da02d4fae4') in 0.101661 seconds 
Number of asset objects unloaded after import = 19
========================================================================
Received Import Request.
  Time since last request: 0.000017 seconds.
  path: Assets/DARK Series Mega Pack 1/DARK - Gunslinger Hero, NPC's, Thrones/Thrones/Throne 96x64.png
  artifactKey: Guid(965c45664ebfc764f88929ad22d181dc) Importer(815301076,1909f56bfc062723c751e8b465ee728b)
Number of updated assets reloaded before import = 0
Start importing Assets/DARK Series Mega Pack 1/DARK - Gunslinger Hero, NPC's, Thrones/Thrones/Throne 96x64.png using Guid(965c45664ebfc764f88929ad22d181dc) Importer(815301076,1909f56bfc062723c751e8b465ee728b)  -> (artifact id: '4c17db237866a7d195119d62a132b4e7') in 0.077078 seconds 
Number of asset objects unloaded after import = 36
========================================================================
Received Import Request.
  Time since last request: 11.207985 seconds.
  path: Assets/DARK Series Mega Pack 1/DARK - Gunslinger Hero, NPC's, Thrones/Gunslinger/Gunslinger 48x48 Sprite Sheet GUN 2.png
  artifactKey: Guid(46eea8d22e3fb9044a69aca6bd715518) Importer(815301076,1909f56bfc062723c751e8b465ee728b)
Number of updated assets reloaded before import = 0
Start importing Assets/DARK Series Mega Pack 1/DARK - Gunslinger Hero, NPC's, Thrones/Gunslinger/Gunslinger 48x48 Sprite Sheet GUN 2.png using Guid(46eea8d22e3fb9044a69aca6bd715518) Importer(815301076,1909f56bfc062723c751e8b465ee728b)  -> (artifact id: 'c6ec1a45f5af70c69df454a76c5bbfe2') in 0.063659 seconds 
Number of asset objects unloaded after import = 46
========================================================================
Received Import Request.
  Time since last request: 0.000016 seconds.
  path: Assets/DARK Series Mega Pack 1/DARK - Gunslinger Hero, NPC's, Thrones/Gunslinger/Gunslinger Sprite Sheet.aseprite
  artifactKey: Guid(a23b4ba10ce82b148a6e5286878bc5a3) Importer(815301076,1909f56bfc062723c751e8b465ee728b)
Number of updated assets reloaded before import = 0
Start importing Assets/DARK Series Mega Pack 1/DARK - Gunslinger Hero, NPC's, Thrones/Gunslinger/Gunslinger Sprite Sheet.aseprite using Guid(a23b4ba10ce82b148a6e5286878bc5a3) Importer(815301076,1909f56bfc062723c751e8b465ee728b)  -> (artifact id: 'b610a520c5b364549fe513cee569b4e6') in 0.138479 seconds 
Number of asset objects unloaded after import = 84
========================================================================
Received Import Request.
  Time since last request: 20.484483 seconds.
  path: Assets/DARK Series Mega Pack 1/DARK - Victorian Enemies & Assets/Enemies/The Dark Warden.aseprite
  artifactKey: Guid(a14e0690a732f8c498d33346b0d3b334) Importer(815301076,1909f56bfc062723c751e8b465ee728b)
Number of updated assets reloaded before import = 0
Start importing Assets/DARK Series Mega Pack 1/DARK - Victorian Enemies & Assets/Enemies/The Dark Warden.aseprite using Guid(a14e0690a732f8c498d33346b0d3b334) Importer(815301076,1909f56bfc062723c751e8b465ee728b)  -> (artifact id: '9c0cc38e71dd13a389272a8adbcf1429') in 0.072154 seconds 
Number of asset objects unloaded after import = 69
========================================================================
Received Import Request.
  Time since last request: 1.708856 seconds.
  path: Assets/DARK Series Mega Pack 1/DARK - Victorian Enemies & Assets/Parallax BG/layer 2.png
  artifactKey: Guid(52d969f5b3b37be4b85f2b5ee2870803) Importer(815301076,1909f56bfc062723c751e8b465ee728b)
Number of updated assets reloaded before import = 0
Start importing Assets/DARK Series Mega Pack 1/DARK - Victorian Enemies & Assets/Parallax BG/layer 2.png using Guid(52d969f5b3b37be4b85f2b5ee2870803) Importer(815301076,1909f56bfc062723c751e8b465ee728b)  -> (artifact id: '4ff9ac1ba3649dea72b6bc8537744533') in 0.013857 seconds 
Number of asset objects unloaded after import = 3
========================================================================
Received Import Request.
  Time since last request: 0.834804 seconds.
  path: Assets/DARK Series Mega Pack 1/DARK - Victorian Enemies & Assets/Parallax BG/layer 5.png
  artifactKey: Guid(e7bc67efd7440ac40a1622bbfb84729d) Importer(815301076,1909f56bfc062723c751e8b465ee728b)
Number of updated assets reloaded before import = 0
Start importing Assets/DARK Series Mega Pack 1/DARK - Victorian Enemies & Assets/Parallax BG/layer 5.png using Guid(e7bc67efd7440ac40a1622bbfb84729d) Importer(815301076,1909f56bfc062723c751e8b465ee728b)  -> (artifact id: 'e9da7b940e8d26a2c59d1ef2de049f38') in 0.017618 seconds 
Number of asset objects unloaded after import = 3
========================================================================
Received Import Request.
  Time since last request: 0.000118 seconds.
  path: Assets/DARK Series Mega Pack 1/DARK - Victorian Enemies & Assets/Parallax BG/layer 4.png
  artifactKey: Guid(acf2d53109a5fcd4ea977b41cad14e4d) Importer(815301076,1909f56bfc062723c751e8b465ee728b)
Number of updated assets reloaded before import = 0
Start importing Assets/DARK Series Mega Pack 1/DARK - Victorian Enemies & Assets/Parallax BG/layer 4.png using Guid(acf2d53109a5fcd4ea977b41cad14e4d) Importer(815301076,1909f56bfc062723c751e8b465ee728b)  -> (artifact id: '9b61314e77835e85975a30fc50ab6e4e') in 0.016127 seconds 
Number of asset objects unloaded after import = 3
========================================================================
Received Import Request.
  Time since last request: 60.711115 seconds.
  path: Assets/DARK Series Mega Pack 1/DARK - Victorian Enemies & Assets/Tileset/victorain dark add on.aseprite
  artifactKey: Guid(5d6e2bb142d48cf4abc57cde92990cee) Importer(815301076,1909f56bfc062723c751e8b465ee728b)
Number of updated assets reloaded before import = 0
Start importing Assets/DARK Series Mega Pack 1/DARK - Victorian Enemies & Assets/Tileset/victorain dark add on.aseprite using Guid(5d6e2bb142d48cf4abc57cde92990cee) Importer(815301076,1909f56bfc062723c751e8b465ee728b)  -> (artifact id: '91af4594870ab57323164eb7a8ebf705') in 0.015800 seconds 
Number of asset objects unloaded after import = 7
========================================================================
Received Import Request.
  Time since last request: 0.000012 seconds.
  path: Assets/DARK Series Mega Pack 1/DARK - Victorian Enemies & Assets/Tileset/victorian tileset.png
  artifactKey: Guid(5aba78d2f6d58a24fb313796a4835f26) Importer(815301076,1909f56bfc062723c751e8b465ee728b)
Number of updated assets reloaded before import = 0
Start importing Assets/DARK Series Mega Pack 1/DARK - Victorian Enemies & Assets/Tileset/victorian tileset.png using Guid(5aba78d2f6d58a24fb313796a4835f26) Importer(815301076,1909f56bfc062723c751e8b465ee728b)  -> (artifact id: '74de04f01d42c5b20df8a324e41e211a') in 0.202371 seconds 
Number of asset objects unloaded after import = 145
========================================================================
Received Import Request.
  Time since last request: 9.807457 seconds.
  path: Assets/DARK Series Mega Pack 1/DARK Series - Platformer Starter Pack/Parallax - Electric Mountains/Large Lightning (64x48).png
  artifactKey: Guid(a93c79757921b0249af4a794d7f887de) Importer(815301076,1909f56bfc062723c751e8b465ee728b)
Number of updated assets reloaded before import = 0
Start importing Assets/DARK Series Mega Pack 1/DARK Series - Platformer Starter Pack/Parallax - Electric Mountains/Large Lightning (64x48).png using Guid(a93c79757921b0249af4a794d7f887de) Importer(815301076,1909f56bfc062723c751e8b465ee728b)  -> (artifact id: 'cf19048fb816191a1fb9bfec01a54610') in 0.020546 seconds 
Number of asset objects unloaded after import = 3
========================================================================
Received Import Request.
  Time since last request: 0.000016 seconds.
  path: Assets/DARK Series Mega Pack 1/DARK Series - Platformer Starter Pack/Parallax - Electric Mountains/Peaks Of Lightning.aseprite
  artifactKey: Guid(db17d1c835fdd9a41981b8a35d56ef2b) Importer(815301076,1909f56bfc062723c751e8b465ee728b)
Number of updated assets reloaded before import = 0
Start importing Assets/DARK Series Mega Pack 1/DARK Series - Platformer Starter Pack/Parallax - Electric Mountains/Peaks Of Lightning.aseprite using Guid(db17d1c835fdd9a41981b8a35d56ef2b) Importer(815301076,1909f56bfc062723c751e8b465ee728b)  -> (artifact id: '56ec803ba3ceff14bbb274e6bec460e8') in 0.015435 seconds 
Number of asset objects unloaded after import = 12
========================================================================
Received Import Request.
  Time since last request: 1.774206 seconds.
  path: Assets/DARK Series Mega Pack 1/DARK Series - Platformer Starter Pack/Parallax - Underground Caves/Parallax Scifi Dark background.png
  artifactKey: Guid(8c1ed89b70cbc794bb5280a79b494b19) Importer(815301076,1909f56bfc062723c751e8b465ee728b)
Number of updated assets reloaded before import = 0
Start importing Assets/DARK Series Mega Pack 1/DARK Series - Platformer Starter Pack/Parallax - Underground Caves/Parallax Scifi Dark background.png using Guid(8c1ed89b70cbc794bb5280a79b494b19) Importer(815301076,1909f56bfc062723c751e8b465ee728b)  -> (artifact id: 'f9c56033f072d4e96b2d52c6af0d23d7') in 0.021502 seconds 
Number of asset objects unloaded after import = 3
========================================================================
Received Import Request.
  Time since last request: 4.779095 seconds.
  path: Assets/DARK Series Mega Pack 1/DARK Series - Platformer Starter Pack/Underground Tileset & Enemies/Animated objects/Door/door.aseprite
  artifactKey: Guid(f615634b687ace54f8846bbc798f15f2) Importer(815301076,1909f56bfc062723c751e8b465ee728b)
Number of updated assets reloaded before import = 0
Start importing Assets/DARK Series Mega Pack 1/DARK Series - Platformer Starter Pack/Underground Tileset & Enemies/Animated objects/Door/door.aseprite using Guid(f615634b687ace54f8846bbc798f15f2) Importer(815301076,1909f56bfc062723c751e8b465ee728b)  -> (artifact id: 'f0000a88ed726b7b0b521f84c7db6fb0') in 0.048730 seconds 
Number of asset objects unloaded after import = 26
========================================================================
Received Import Request.
  Time since last request: 1.334323 seconds.
  path: Assets/DARK Series Mega Pack 1/DARK Series - Platformer Starter Pack/Underground Tileset & Enemies/Animated objects/Flower/Flower.aseprite
  artifactKey: Guid(1cf1541f668b2d144bfb663cf06ff023) Importer(815301076,1909f56bfc062723c751e8b465ee728b)
Number of updated assets reloaded before import = 0
Start importing Assets/DARK Series Mega Pack 1/DARK Series - Platformer Starter Pack/Underground Tileset & Enemies/Animated objects/Flower/Flower.aseprite using Guid(1cf1541f668b2d144bfb663cf06ff023) Importer(815301076,1909f56bfc062723c751e8b465ee728b)  -> (artifact id: '618159dc0591f8df331e7ccbeb030c2e') in 0.025181 seconds 
Number of asset objects unloaded after import = 17
========================================================================
Received Import Request.
  Time since last request: 0.636705 seconds.
  path: Assets/DARK Series Mega Pack 1/DARK Series - Platformer Starter Pack/Underground Tileset & Enemies/Animated objects/Portal/portal.aseprite
  artifactKey: Guid(039bb8349babffa46b09046523bbfa69) Importer(815301076,1909f56bfc062723c751e8b465ee728b)
Number of updated assets reloaded before import = 0
Start importing Assets/DARK Series Mega Pack 1/DARK Series - Platformer Starter Pack/Underground Tileset & Enemies/Animated objects/Portal/portal.aseprite using Guid(039bb8349babffa46b09046523bbfa69) Importer(815301076,1909f56bfc062723c751e8b465ee728b)  -> (artifact id: 'de689ce47296a9134d107ff9c09d23f5') in 0.057205 seconds 
Number of asset objects unloaded after import = 31
========================================================================
Received Import Request.
  Time since last request: 0.395589 seconds.
  path: Assets/DARK Series Mega Pack 1/DARK Series - Platformer Starter Pack/Underground Tileset & Enemies/Animated objects/Save/idle 16x19.png
  artifactKey: Guid(76051d19f569e6b49adca1987fdc02ea) Importer(815301076,1909f56bfc062723c751e8b465ee728b)
Number of updated assets reloaded before import = 0
Start importing Assets/DARK Series Mega Pack 1/DARK Series - Platformer Starter Pack/Underground Tileset & Enemies/Animated objects/Save/idle 16x19.png using Guid(76051d19f569e6b49adca1987fdc02ea) Importer(815301076,1909f56bfc062723c751e8b465ee728b)  -> (artifact id: 'f1532da6e690d5f5787510ef474e9b7a') in 0.024479 seconds 
Number of asset objects unloaded after import = 3
========================================================================
Received Import Request.
  Time since last request: 0.000018 seconds.
  path: Assets/DARK Series Mega Pack 1/DARK Series - Platformer Starter Pack/Underground Tileset & Enemies/Animated objects/Save/save.aseprite
  artifactKey: Guid(10e783aa59b105647b9b140f0b58bf44) Importer(815301076,1909f56bfc062723c751e8b465ee728b)
Number of updated assets reloaded before import = 0
Start importing Assets/DARK Series Mega Pack 1/DARK Series - Platformer Starter Pack/Underground Tileset & Enemies/Animated objects/Save/save.aseprite using Guid(10e783aa59b105647b9b140f0b58bf44) Importer(815301076,1909f56bfc062723c751e8b465ee728b)  -> (artifact id: '2da0a2461cf00a19eca2dbf8d705b5a1') in 0.049067 seconds 
Number of asset objects unloaded after import = 30
========================================================================
Received Import Request.
  Time since last request: 12.061700 seconds.
  path: Assets/DARK Series Mega Pack 1/DARK Series - Platformer Starter Pack/Underground Tileset & Enemies/Animated objects/Torch/Torch.aseprite
  artifactKey: Guid(f4ddfd7138c3f4e45a8aae1f92629dac) Importer(815301076,1909f56bfc062723c751e8b465ee728b)
Number of updated assets reloaded before import = 0
Start importing Assets/DARK Series Mega Pack 1/DARK Series - Platformer Starter Pack/Underground Tileset & Enemies/Animated objects/Torch/Torch.aseprite using Guid(f4ddfd7138c3f4e45a8aae1f92629dac) Importer(815301076,1909f56bfc062723c751e8b465ee728b)  -> (artifact id: '5177b55010cd12f0f54002db22980cb7') in 0.043523 seconds 
Number of asset objects unloaded after import = 17
========================================================================
Received Import Request.
  Time since last request: 1.329238 seconds.
  path: Assets/DARK Series Mega Pack 1/DARK Series - Platformer Starter Pack/Underground Tileset & Enemies/Tileset/DARK Edition Tileset.aseprite
  artifactKey: Guid(fd8e9962632e24743b346947b04e0ed2) Importer(815301076,1909f56bfc062723c751e8b465ee728b)
Number of updated assets reloaded before import = 0
Start importing Assets/DARK Series Mega Pack 1/DARK Series - Platformer Starter Pack/Underground Tileset & Enemies/Tileset/DARK Edition Tileset.aseprite using Guid(fd8e9962632e24743b346947b04e0ed2) Importer(815301076,1909f56bfc062723c751e8b465ee728b)  -> (artifact id: '85ca570f4c7fadde6f03c3c8e8400ea0') in 0.016124 seconds 
Number of asset objects unloaded after import = 7
========================================================================
Received Import Request.
  Time since last request: 0.000018 seconds.
  path: Assets/DARK Series Mega Pack 1/DARK Series - Platformer Starter Pack/Underground Tileset & Enemies/Tileset/tileset with bg.png
  artifactKey: Guid(6a8897e8de01ab244ae429e5652d7d7d) Importer(815301076,1909f56bfc062723c751e8b465ee728b)
Number of updated assets reloaded before import = 0
Start importing Assets/DARK Series Mega Pack 1/DARK Series - Platformer Starter Pack/Underground Tileset & Enemies/Tileset/tileset with bg.png using Guid(6a8897e8de01ab244ae429e5652d7d7d) Importer(815301076,1909f56bfc062723c751e8b465ee728b)  -> (artifact id: '4ff477412cfe1e306ac5e3d1bffca528') in 0.022631 seconds 
Number of asset objects unloaded after import = 2
========================================================================
Received Import Request.
  Time since last request: 7.551818 seconds.
  path: Assets/DARK Series Mega Pack 1/DARK Series - Platformer Starter Pack/Underground Tileset & Enemies/Sprites/Blinding Spider/deah 16x16.png
  artifactKey: Guid(84af9e6984cf71d4ba63ce8e61bd3201) Importer(815301076,1909f56bfc062723c751e8b465ee728b)
Number of updated assets reloaded before import = 0
Start importing Assets/DARK Series Mega Pack 1/DARK Series - Platformer Starter Pack/Underground Tileset & Enemies/Sprites/Blinding Spider/deah 16x16.png using Guid(84af9e6984cf71d4ba63ce8e61bd3201) Importer(815301076,1909f56bfc062723c751e8b465ee728b)  -> (artifact id: '571ee1efb929f3c645832f69f3db1092') in 0.009755 seconds 
Number of asset objects unloaded after import = 3
========================================================================
Received Import Request.
  Time since last request: 0.805849 seconds.
  path: Assets/DARK Series Mega Pack 1/DARK Series - Platformer Starter Pack/Underground Tileset & Enemies/Sprites/Blinding Spider/walk 16x16.png
  artifactKey: Guid(9881c0bb6ee231f47b94c0e02f8cb7ae) Importer(815301076,1909f56bfc062723c751e8b465ee728b)
Number of updated assets reloaded before import = 0
Start importing Assets/DARK Series Mega Pack 1/DARK Series - Platformer Starter Pack/Underground Tileset & Enemies/Sprites/Blinding Spider/walk 16x16.png using Guid(9881c0bb6ee231f47b94c0e02f8cb7ae) Importer(815301076,1909f56bfc062723c751e8b465ee728b)  -> (artifact id: 'a308cadc993e4e4afea9ec0927361cbb') in 0.013307 seconds 
Number of asset objects unloaded after import = 3
========================================================================
Received Import Request.
  Time since last request: 0.000015 seconds.
  path: Assets/DARK Series Mega Pack 1/DARK Series - Platformer Starter Pack/Underground Tileset & Enemies/Sprites/Blinding Spider/static idle.png
  artifactKey: Guid(e17e71dcaefe3a94b90f65452dac5aba) Importer(815301076,1909f56bfc062723c751e8b465ee728b)
Number of updated assets reloaded before import = 0
Start importing Assets/DARK Series Mega Pack 1/DARK Series - Platformer Starter Pack/Underground Tileset & Enemies/Sprites/Blinding Spider/static idle.png using Guid(e17e71dcaefe3a94b90f65452dac5aba) Importer(815301076,1909f56bfc062723c751e8b465ee728b)  -> (artifact id: 'e01f0b580bed36315b6a8d14b45228df') in 0.022321 seconds 
Number of asset objects unloaded after import = 3
========================================================================
Received Import Request.
  Time since last request: 50.033126 seconds.
  path: Assets/DARK Series Mega Pack 1/DARK - Temple Guardians + Merchants/Aseprite Files/Guardian SWORD.aseprite
  artifactKey: Guid(530fcd7214f12ed4abeaac986c87e25a) Importer(815301076,1909f56bfc062723c751e8b465ee728b)
Number of updated assets reloaded before import = 0
Start importing Assets/DARK Series Mega Pack 1/DARK - Temple Guardians + Merchants/Aseprite Files/Guardian SWORD.aseprite using Guid(530fcd7214f12ed4abeaac986c87e25a) Importer(815301076,1909f56bfc062723c751e8b465ee728b)  -> (artifact id: 'cd5e3f87d6d3828be813eed664c3f812') in 0.164435 seconds 
Number of asset objects unloaded after import = 83
========================================================================
Received Import Request.
  Time since last request: 0.000017 seconds.
  path: Assets/DARK Series Mega Pack 1/DARK - Temple Guardians + Merchants/Aseprite Files/Mushroom Merchant.aseprite
  artifactKey: Guid(65994b4ef8414f64baf0c00dafb5b741) Importer(815301076,1909f56bfc062723c751e8b465ee728b)
Number of updated assets reloaded before import = 0
Start importing Assets/DARK Series Mega Pack 1/DARK - Temple Guardians + Merchants/Aseprite Files/Mushroom Merchant.aseprite using Guid(65994b4ef8414f64baf0c00dafb5b741) Importer(815301076,1909f56bfc062723c751e8b465ee728b)  -> (artifact id: 'a25c59e34550ee7243cf9c0e12f3c076') in 0.098814 seconds 
Number of asset objects unloaded after import = 35
========================================================================
Received Import Request.
  Time since last request: 592.070528 seconds.
  path: Assets/DARK Series Mega Pack 1/DARK - FX & Skill Icons/Number Sprite Sheet 16x16.png
  artifactKey: Guid(8c190e6f3660afb47b4771398574467c) Importer(815301076,1909f56bfc062723c751e8b465ee728b)
Number of updated assets reloaded before import = 0
Start importing Assets/DARK Series Mega Pack 1/DARK - FX & Skill Icons/Number Sprite Sheet 16x16.png using Guid(8c190e6f3660afb47b4771398574467c) Importer(815301076,1909f56bfc062723c751e8b465ee728b)  -> (artifact id: '0e83dec85e1d665a23fe49addc53994b') in 0.023823 seconds 
Number of asset objects unloaded after import = 12
========================================================================
Received Import Request.
  Time since last request: 2.925762 seconds.
  path: Assets/DARK Series Mega Pack 1/DARK - Gunslinger Hero, NPC's, Thrones/Gun/Guns Sprite Sheet 32x32.png
  artifactKey: Guid(e1dcc162bb6522b4188754e86e8d7ff7) Importer(815301076,1909f56bfc062723c751e8b465ee728b)
Number of updated assets reloaded before import = 0
Start importing Assets/DARK Series Mega Pack 1/DARK - Gunslinger Hero, NPC's, Thrones/Gun/Guns Sprite Sheet 32x32.png using Guid(e1dcc162bb6522b4188754e86e8d7ff7) Importer(815301076,1909f56bfc062723c751e8b465ee728b)  -> (artifact id: '9570026993e2b92a0c8395cc6952460d') in 0.033694 seconds 
Number of asset objects unloaded after import = 15
========================================================================
Received Import Request.
  Time since last request: 0.000013 seconds.
  path: Assets/DARK Series Mega Pack 1/DARK - Gunslinger Hero, NPC's, Thrones/Gun/Projectiles.aseprite
  artifactKey: Guid(abc19abf9866adc459f364641857ddfa) Importer(815301076,1909f56bfc062723c751e8b465ee728b)
Number of updated assets reloaded before import = 0
Start importing Assets/DARK Series Mega Pack 1/DARK - Gunslinger Hero, NPC's, Thrones/Gun/Projectiles.aseprite using Guid(abc19abf9866adc459f364641857ddfa) Importer(815301076,1909f56bfc062723c751e8b465ee728b)  -> (artifact id: '9cf559d8121dd34aa2f5b7a1b43ea7a1') in 0.077001 seconds 
Number of asset objects unloaded after import = 43
========================================================================
Received Prepare
Registering precompiled user dll's ...
Registered in 0.010487 seconds.
Begin MonoManager ReloadAssembly
Native extension for WindowsStandalone target not found
Native extension for Android target not found
Refreshing native plugins compatible for Editor in 0.69 ms, found 4 plugins.
Preloading 0 native plugins for Editor in 0.00 ms.
[Package Manager] Server::EnsureServerProcessIsRunning -- launch failed, reason: Unity was launched with the -noUpm command-line argument
[Package Manager] Cannot connect to Unity Package Manager local server
Mono: successfully reloaded assembly
- Completed reload, in  1.449 seconds
Domain Reload Profiling:
	ReloadAssembly (1450ms)
		BeginReloadAssembly (164ms)
			ExecutionOrderSort (0ms)
			DisableScriptedObjects (4ms)
			BackupInstance (0ms)
			ReleaseScriptingObjects (0ms)
			CreateAndSetChildDomain (39ms)
		EndReloadAssembly (1169ms)
			LoadAssemblies (124ms)
			RebuildTransferFunctionScriptingTraits (0ms)
			SetupTypeCache (246ms)
			ReleaseScriptCaches (1ms)
			RebuildScriptCaches (38ms)
			SetupLoadedEditorAssemblies (739ms)
				LogAssemblyErrors (0ms)
				InitializePlatformSupportModulesInManaged (19ms)
				SetLoadedEditorAssemblies (0ms)
				RefreshPlugins (1ms)
				BeforeProcessingInitializeOnLoad (53ms)
				ProcessInitializeOnLoadAttributes (614ms)
				ProcessInitializeOnLoadMethodAttributes (46ms)
				AfterProcessingInitializeOnLoad (7ms)
				EditorAssembliesLoaded (0ms)
			ExecutionOrderSort2 (0ms)
			AwakeInstancesAfterBackupRestoration (5ms)
Platform modules already initialized, skipping
Refreshing native plugins compatible for Editor in 0.92 ms, found 4 plugins.
Preloading 0 native plugins for Editor in 0.00 ms.
Unloading 4427 Unused Serialized files (Serialized files now loaded: 0)
Unloading 27 unused Assets / (92.6 KB). Loaded Objects now: 5210.
Memory consumption went from 172.2 MB to 172.1 MB.
Total: 5.653000 ms (FindLiveObjects: 0.207900 ms CreateObjectMapping: 0.110000 ms MarkObjects: 5.297300 ms  DeleteObjects: 0.036800 ms)

AssetImportParameters requested are different than current active one (requested -> active):
  custom:video-decoder-ogg-theora: a1e56fd34408186e4bbccfd4996cb3dc -> 
  custom:container-muxer-webm: aa71ff27fc2769a1b78a27578f13a17b -> 
  custom:container-demuxer-webm: 4f35f7cbe854078d1ac9338744f61a02 -> 
  custom:video-encoder-webm-vp8: eb34c28f22e8b96e1ab97ce403110664 -> 
  custom:video-codec-MediaFoundation-h265: 746d11721c4dcdbdad8f713fa42b33f4 -> 
  custom:CustomObjectIndexerAttribute: bc11b3a6c3213fcdd17b65e7da85e133 -> 
  custom:audio-encoder-webm-vorbis: bf7c407c2cedff20999df2af8eb42d56 -> 
  custom:framework-win-MediaFoundation: 216162199b28c13a410421893ffa2e32 -> 
  custom:SearchIndexIgnoredProperties: e643bd26f0fe6173181afceb89e7c659 -> 
  custom:container-demuxer-ogg: 62fdf1f143b41e24485cea50d1cbac27 -> 
  custom:video-decoder-webm-vp8: 9c59270c3fd7afecdb556c50c9e8de78 -> 
  custom:audio-decoder-ogg-vorbis: bf7c407c2cedff20999df2af8eb42d56 -> 
========================================================================
Received Prepare
Registering precompiled user dll's ...
Registered in 0.006970 seconds.
Begin MonoManager ReloadAssembly
Native extension for WindowsStandalone target not found
Native extension for Android target not found
Refreshing native plugins compatible for Editor in 0.97 ms, found 4 plugins.
Preloading 0 native plugins for Editor in 0.00 ms.
[Package Manager] Server::EnsureServerProcessIsRunning -- launch failed, reason: Unity was launched with the -noUpm command-line argument
[Package Manager] Cannot connect to Unity Package Manager local server
Mono: successfully reloaded assembly
- Completed reload, in  1.540 seconds
Domain Reload Profiling:
	ReloadAssembly (1540ms)
		BeginReloadAssembly (174ms)
			ExecutionOrderSort (0ms)
			DisableScriptedObjects (10ms)
			BackupInstance (0ms)
			ReleaseScriptingObjects (0ms)
			CreateAndSetChildDomain (41ms)
		EndReloadAssembly (1277ms)
			LoadAssemblies (104ms)
			RebuildTransferFunctionScriptingTraits (0ms)
			SetupTypeCache (231ms)
			ReleaseScriptCaches (1ms)
			RebuildScriptCaches (62ms)
			SetupLoadedEditorAssemblies (834ms)
				LogAssemblyErrors (0ms)
				InitializePlatformSupportModulesInManaged (25ms)
				SetLoadedEditorAssemblies (1ms)
				RefreshPlugins (1ms)
				BeforeProcessingInitializeOnLoad (88ms)
				ProcessInitializeOnLoadAttributes (662ms)
				ProcessInitializeOnLoadMethodAttributes (52ms)
				AfterProcessingInitializeOnLoad (6ms)
				EditorAssembliesLoaded (0ms)
			ExecutionOrderSort2 (0ms)
			AwakeInstancesAfterBackupRestoration (5ms)
Platform modules already initialized, skipping
Refreshing native plugins compatible for Editor in 0.64 ms, found 4 plugins.
Preloading 0 native plugins for Editor in 0.00 ms.
Unloading 4426 Unused Serialized files (Serialized files now loaded: 0)
Unloading 27 unused Assets / (92.7 KB). Loaded Objects now: 5225.
Memory consumption went from 172.2 MB to 172.1 MB.
Total: 2.830200 ms (FindLiveObjects: 0.476400 ms CreateObjectMapping: 0.119200 ms MarkObjects: 2.201300 ms  DeleteObjects: 0.032500 ms)

AssetImportParameters requested are different than current active one (requested -> active):
  custom:video-decoder-ogg-theora: a1e56fd34408186e4bbccfd4996cb3dc -> 
  custom:container-muxer-webm: aa71ff27fc2769a1b78a27578f13a17b -> 
  custom:container-demuxer-webm: 4f35f7cbe854078d1ac9338744f61a02 -> 
  custom:video-encoder-webm-vp8: eb34c28f22e8b96e1ab97ce403110664 -> 
  custom:video-codec-MediaFoundation-h265: 746d11721c4dcdbdad8f713fa42b33f4 -> 
  custom:CustomObjectIndexerAttribute: bc11b3a6c3213fcdd17b65e7da85e133 -> 
  custom:audio-encoder-webm-vorbis: bf7c407c2cedff20999df2af8eb42d56 -> 
  custom:framework-win-MediaFoundation: 216162199b28c13a410421893ffa2e32 -> 
  custom:SearchIndexIgnoredProperties: e643bd26f0fe6173181afceb89e7c659 -> 
  custom:container-demuxer-ogg: 62fdf1f143b41e24485cea50d1cbac27 -> 
  custom:video-decoder-webm-vp8: 9c59270c3fd7afecdb556c50c9e8de78 -> 
  custom:audio-decoder-ogg-vorbis: bf7c407c2cedff20999df2af8eb42d56 -> 
========================================================================
Received Import Request.
  Time since last request: 3178.938015 seconds.
  path: Assets/3.Sprites/4.UI/UI_nameeffect.png
  artifactKey: Guid(a7ca5cdaca18cbc45a0db93df791a5dc) Importer(815301076,1909f56bfc062723c751e8b465ee728b)
Number of updated assets reloaded before import = 0
Start importing Assets/3.Sprites/4.UI/UI_nameeffect.png using Guid(a7ca5cdaca18cbc45a0db93df791a5dc) Importer(815301076,1909f56bfc062723c751e8b465ee728b)  -> (artifact id: 'a0913576a0f04784e047b18d3e1936a8') in 0.060291 seconds 
Number of asset objects unloaded after import = 3
========================================================================
Received Import Request.
  Time since last request: 0.000020 seconds.
  path: Assets/3.Sprites/4.UI/X UI.png
  artifactKey: Guid(551e6d33c3ee434439c3ca63b09e456c) Importer(815301076,1909f56bfc062723c751e8b465ee728b)
Number of updated assets reloaded before import = 0
Start importing Assets/3.Sprites/4.UI/X UI.png using Guid(551e6d33c3ee434439c3ca63b09e456c) Importer(815301076,1909f56bfc062723c751e8b465ee728b)  -> (artifact id: '127dd56ccd1d8b72db6a395fd57faa58') in 0.015197 seconds 
Number of asset objects unloaded after import = 3
========================================================================
Received Import Request.
  Time since last request: 1736.807468 seconds.
  path: Assets/3.Sprites/1.Player/dead_motion_v0.3.png
  artifactKey: Guid(3491c35c863ea3c48bf085cb01b6b8e5) Importer(815301076,1909f56bfc062723c751e8b465ee728b)
Number of updated assets reloaded before import = 0
Start importing Assets/3.Sprites/1.Player/dead_motion_v0.3.png using Guid(3491c35c863ea3c48bf085cb01b6b8e5) Importer(815301076,1909f56bfc062723c751e8b465ee728b)  -> (artifact id: '12e49e226b79798ed58eff9a26b1c4e4') in 0.365288 seconds 
Number of asset objects unloaded after import = 20
========================================================================
Received Import Request.
  Time since last request: 0.607558 seconds.
  path: Assets/3.Sprites/1.Player/hammer_motion_v0.5.png
  artifactKey: Guid(c9329b6c5aa13b84685dfc37511d2f6f) Importer(815301076,1909f56bfc062723c751e8b465ee728b)
Number of updated assets reloaded before import = 0
Start importing Assets/3.Sprites/1.Player/hammer_motion_v0.5.png using Guid(c9329b6c5aa13b84685dfc37511d2f6f) Importer(815301076,1909f56bfc062723c751e8b465ee728b)  -> (artifact id: '4e3fcb63377040c0d827fb9c3d8fb8c6') in 0.041618 seconds 
Number of asset objects unloaded after import = 17
========================================================================
Received Import Request.
  Time since last request: 0.759383 seconds.
  path: Assets/3.Sprites/1.Player/uppercut_motion_v0.3.png
  artifactKey: Guid(6b07ff175e736b14288e3832f41e0ba4) Importer(815301076,1909f56bfc062723c751e8b465ee728b)
Number of updated assets reloaded before import = 0
Start importing Assets/3.Sprites/1.Player/uppercut_motion_v0.3.png using Guid(6b07ff175e736b14288e3832f41e0ba4) Importer(815301076,1909f56bfc062723c751e8b465ee728b)  -> (artifact id: '3fe84f73de5e2ba061451c081c8ccd3d') in 0.033274 seconds 
Number of asset objects unloaded after import = 9
========================================================================
Received Import Request.
  Time since last request: 0.000102 seconds.
  path: Assets/3.Sprites/1.Player/run_motion_v0.3.png
  artifactKey: Guid(4f4db247b4d96524b9dd394b107df7ae) Importer(815301076,1909f56bfc062723c751e8b465ee728b)
Number of updated assets reloaded before import = 0
Start importing Assets/3.Sprites/1.Player/run_motion_v0.3.png using Guid(4f4db247b4d96524b9dd394b107df7ae) Importer(815301076,1909f56bfc062723c751e8b465ee728b)  -> (artifact id: 'e2731fffce56ff3e25ff72904c4d88e1') in 0.031966 seconds 
Number of asset objects unloaded after import = 8
========================================================================
Received Import Request.
  Time since last request: 0.000021 seconds.
  path: Assets/3.Sprites/1.Player/jab_motion_v0.3.png
  artifactKey: Guid(6da18180c4f440a418f327a0c2e4d60b) Importer(815301076,1909f56bfc062723c751e8b465ee728b)
Number of updated assets reloaded before import = 0
Start importing Assets/3.Sprites/1.Player/jab_motion_v0.3.png using Guid(6da18180c4f440a418f327a0c2e4d60b) Importer(815301076,1909f56bfc062723c751e8b465ee728b)  -> (artifact id: '198d81a6c89457483ad479181e02cb4c') in 0.018542 seconds 
Number of asset objects unloaded after import = 7
Editor requested this worker to shutdown with reason: Scaling down because of idle timeout
AssetImportWorker is now disconnected from the server
Process exiting
Exiting without the bug reporter. Application will terminate with return code 0