Using pre-set license
Built from '2021.3/staging' branch; Version is '2021.3.31f1 (3409e2af086f) revision 3410402'; Using compiler version '192829333'; Build Type 'Release'
OS: 'Windows 11  (10.0.22631) 64bit Core' Language: 'ko' Physical Memory: 32470 MB
BatchMode: 1, IsHumanControllingUs: 0, StartBugReporterOnCrash: 0, Is64bit: 1, IsPro: 1

COMMAND LINE ARGUMENTS:
C:\Program Files\Unity\Hub\Editor\2021.3.31f1\Editor\Unity.exe
-adb2
-batchMode
-noUpm
-name
AssetImportWorker12
-projectPath
C:/Users/user/Documents/GitHub/NightMareReturner
-logFile
Logs/AssetImportWorker12.log
-srvPort
58955
Successfully changed project path to: C:/Users/user/Documents/GitHub/NightMareReturner
C:/Users/user/Documents/GitHub/NightMareReturner
[UnityMemory] Configuration Parameters - Can be set up in boot.config
    "memorysetup-bucket-allocator-granularity=16"
    "memorysetup-bucket-allocator-bucket-count=8"
    "memorysetup-bucket-allocator-block-size=33554432"
    "memorysetup-bucket-allocator-block-count=8"
    "memorysetup-main-allocator-block-size=16777216"
    "memorysetup-thread-allocator-block-size=16777216"
    "memorysetup-gfx-main-allocator-block-size=16777216"
    "memorysetup-gfx-thread-allocator-block-size=16777216"
    "memorysetup-cache-allocator-block-size=4194304"
    "memorysetup-typetree-allocator-block-size=2097152"
    "memorysetup-profiler-bucket-allocator-granularity=16"
    "memorysetup-profiler-bucket-allocator-bucket-count=8"
    "memorysetup-profiler-bucket-allocator-block-size=33554432"
    "memorysetup-profiler-bucket-allocator-block-count=8"
    "memorysetup-profiler-allocator-block-size=16777216"
    "memorysetup-profiler-editor-allocator-block-size=1048576"
    "memorysetup-temp-allocator-size-main=16777216"
    "memorysetup-job-temp-allocator-block-size=2097152"
    "memorysetup-job-temp-allocator-block-size-background=1048576"
    "memorysetup-job-temp-allocator-reduction-small-platforms=262144"
    "memorysetup-temp-allocator-size-background-worker=32768"
    "memorysetup-temp-allocator-size-job-worker=262144"
    "memorysetup-temp-allocator-size-preload-manager=33554432"
    "memorysetup-temp-allocator-size-nav-mesh-worker=65536"
    "memorysetup-temp-allocator-size-audio-worker=65536"
    "memorysetup-temp-allocator-size-cloud-worker=32768"
    "memorysetup-temp-allocator-size-gi-baking-worker=262144"
    "memorysetup-temp-allocator-size-gfx=262144"
Player connection [26584] Host "[IP] 192.168.219.103 [Port] 0 [Flags] 2 [Guid] 1973231937 [EditorId] 1973231937 [Version] 1048832 [Id] WindowsEditor(7,DESKTOP-6U2F1F0) [Debug] 1 [PackageName] WindowsEditor [ProjectName] Editor" joined multi-casting on [225.0.0.222:54997]...

Player connection [26584] Host "[IP] 192.168.219.103 [Port] 0 [Flags] 2 [Guid] 1973231937 [EditorId] 1973231937 [Version] 1048832 [Id] WindowsEditor(7,DESKTOP-6U2F1F0) [Debug] 1 [PackageName] WindowsEditor [ProjectName] Editor" joined alternative multi-casting on [225.0.0.222:34997]...

[Physics::Module] Initialized MultithreadedJobDispatcher with {0} workers.
Refreshing native plugins compatible for Editor in 86.40 ms, found 4 plugins.
Preloading 0 native plugins for Editor in 0.00 ms.
Initialize engine version: 2021.3.31f1 (3409e2af086f)
[Subsystems] Discovering subsystems at path C:/Program Files/Unity/Hub/Editor/2021.3.31f1/Editor/Data/Resources/UnitySubsystems
[Subsystems] Discovering subsystems at path C:/Users/user/Documents/GitHub/NightMareReturner/Assets
GfxDevice: creating device client; threaded=0; jobified=0
Direct3D:
    Version:  Direct3D 11.0 [level 11.1]
    Renderer: NVIDIA GeForce RTX 4060 Laptop GPU (ID=0x28a0)
    Vendor:   NVIDIA
    VRAM:     7971 MB
    Driver:   31.0.15.2892
Initialize mono
Mono path[0] = 'C:/Program Files/Unity/Hub/Editor/2021.3.31f1/Editor/Data/Managed'
Mono path[1] = 'C:/Program Files/Unity/Hub/Editor/2021.3.31f1/Editor/Data/MonoBleedingEdge/lib/mono/unityjit-win32'
Mono config path = 'C:/Program Files/Unity/Hub/Editor/2021.3.31f1/Editor/Data/MonoBleedingEdge/etc'
Using monoOptions --debugger-agent=transport=dt_socket,embedding=1,server=y,suspend=n,address=127.0.0.1:56084
Begin MonoManager ReloadAssembly
Registering precompiled unity dll's ...
Register platform support module: C:/Program Files/Unity/Hub/Editor/2021.3.31f1/Editor/Data/PlaybackEngines/AndroidPlayer/UnityEditor.Android.Extensions.dll
Register platform support module: C:/Program Files/Unity/Hub/Editor/2021.3.31f1/Editor/Data/PlaybackEngines/WindowsStandaloneSupport/UnityEditor.WindowsStandalone.Extensions.dll
Registered in 0.003262 seconds.
Native extension for WindowsStandalone target not found
Native extension for Android target not found
Android Extension - Scanning For ADB Devices 747 ms
Refreshing native plugins compatible for Editor in 71.16 ms, found 4 plugins.
Preloading 0 native plugins for Editor in 0.00 ms.
Mono: successfully reloaded assembly
- Completed reload, in  1.224 seconds
Domain Reload Profiling:
	ReloadAssembly (1225ms)
		BeginReloadAssembly (65ms)
			ExecutionOrderSort (0ms)
			DisableScriptedObjects (0ms)
			BackupInstance (0ms)
			ReleaseScriptingObjects (0ms)
			CreateAndSetChildDomain (1ms)
		EndReloadAssembly (1091ms)
			LoadAssemblies (63ms)
			RebuildTransferFunctionScriptingTraits (0ms)
			SetupTypeCache (72ms)
			ReleaseScriptCaches (0ms)
			RebuildScriptCaches (19ms)
			SetupLoadedEditorAssemblies (970ms)
				LogAssemblyErrors (0ms)
				InitializePlatformSupportModulesInManaged (812ms)
				SetLoadedEditorAssemblies (0ms)
				RefreshPlugins (71ms)
				BeforeProcessingInitializeOnLoad (1ms)
				ProcessInitializeOnLoadAttributes (55ms)
				ProcessInitializeOnLoadMethodAttributes (31ms)
				AfterProcessingInitializeOnLoad (0ms)
				EditorAssembliesLoaded (0ms)
			ExecutionOrderSort2 (0ms)
			AwakeInstancesAfterBackupRestoration (0ms)
Platform modules already initialized, skipping
Registering precompiled user dll's ...
Registered in 0.005695 seconds.
Begin MonoManager ReloadAssembly
Native extension for WindowsStandalone target not found
Native extension for Android target not found
Refreshing native plugins compatible for Editor in 76.33 ms, found 4 plugins.
Preloading 0 native plugins for Editor in 0.00 ms.
Package Manager log level set to [2]
[Package Manager] Server::EnsureServerProcessIsRunning -- launch failed, reason: Unity was launched with the -noUpm command-line argument
[Package Manager] Cannot connect to Unity Package Manager local server
Mono: successfully reloaded assembly
- Completed reload, in  1.436 seconds
Domain Reload Profiling:
	ReloadAssembly (1436ms)
		BeginReloadAssembly (100ms)
			ExecutionOrderSort (0ms)
			DisableScriptedObjects (4ms)
			BackupInstance (0ms)
			ReleaseScriptingObjects (0ms)
			CreateAndSetChildDomain (13ms)
		EndReloadAssembly (1263ms)
			LoadAssemblies (87ms)
			RebuildTransferFunctionScriptingTraits (0ms)
			SetupTypeCache (304ms)
			ReleaseScriptCaches (0ms)
			RebuildScriptCaches (48ms)
			SetupLoadedEditorAssemblies (796ms)
				LogAssemblyErrors (0ms)
				InitializePlatformSupportModulesInManaged (14ms)
				SetLoadedEditorAssemblies (0ms)
				RefreshPlugins (76ms)
				BeforeProcessingInitializeOnLoad (68ms)
				ProcessInitializeOnLoadAttributes (596ms)
				ProcessInitializeOnLoadMethodAttributes (36ms)
				AfterProcessingInitializeOnLoad (5ms)
				EditorAssembliesLoaded (0ms)
			ExecutionOrderSort2 (0ms)
			AwakeInstancesAfterBackupRestoration (5ms)
Platform modules already initialized, skipping
========================================================================
Worker process is ready to serve import requests
Launched and connected shader compiler UnityShaderCompiler.exe after 0.04 seconds
Refreshing native plugins compatible for Editor in 0.62 ms, found 4 plugins.
Preloading 0 native plugins for Editor in 0.00 ms.
Unloading 4452 Unused Serialized files (Serialized files now loaded: 0)
Unloading 52 unused Assets / (119.7 KB). Loaded Objects now: 4914.
Memory consumption went from 174.1 MB to 174.0 MB.
Total: 3.025500 ms (FindLiveObjects: 0.196500 ms CreateObjectMapping: 0.103600 ms MarkObjects: 2.637300 ms  DeleteObjects: 0.087300 ms)

AssetImportParameters requested are different than current active one (requested -> active):
  custom:video-decoder-ogg-theora: a1e56fd34408186e4bbccfd4996cb3dc -> 
  custom:container-muxer-webm: aa71ff27fc2769a1b78a27578f13a17b -> 
  custom:container-demuxer-webm: 4f35f7cbe854078d1ac9338744f61a02 -> 
  custom:video-encoder-webm-vp8: eb34c28f22e8b96e1ab97ce403110664 -> 
  custom:video-codec-MediaFoundation-h265: 746d11721c4dcdbdad8f713fa42b33f4 -> 
  custom:CustomObjectIndexerAttribute: bc11b3a6c3213fcdd17b65e7da85e133 -> 
  custom:audio-encoder-webm-vorbis: bf7c407c2cedff20999df2af8eb42d56 -> 
  custom:framework-win-MediaFoundation: 216162199b28c13a410421893ffa2e32 -> 
  custom:SearchIndexIgnoredProperties: e643bd26f0fe6173181afceb89e7c659 -> 
  custom:container-demuxer-ogg: 62fdf1f143b41e24485cea50d1cbac27 -> 
  custom:video-decoder-webm-vp8: 9c59270c3fd7afecdb556c50c9e8de78 -> 
  custom:audio-decoder-ogg-vorbis: bf7c407c2cedff20999df2af8eb42d56 -> 
========================================================================
Received Import Request.
  Time since last request: 329162.913538 seconds.
  path: Assets/9.Fonts/07.TextMesh Pro/Examples & Extras/Fonts/Bangers.ttf
  artifactKey: Guid(5dd49b3eacc540408c98eee0de38e0f1) Importer(815301076,1909f56bfc062723c751e8b465ee728b)
Number of updated assets reloaded before import = 0
Start importing Assets/9.Fonts/07.TextMesh Pro/Examples & Extras/Fonts/Bangers.ttf using Guid(5dd49b3eacc540408c98eee0de38e0f1) Importer(815301076,1909f56bfc062723c751e8b465ee728b)  -> (artifact id: '8143402d22029970b128b219e5fbb318') in 0.070863 seconds 
Number of asset objects unloaded after import = 4
========================================================================
Received Import Request.
  Time since last request: 0.788180 seconds.
  path: Assets/9.Fonts/07.TextMesh Pro/Fonts/LiberationSans.ttf
  artifactKey: Guid(e3265ab4bf004d28a9537516768c1c75) Importer(815301076,1909f56bfc062723c751e8b465ee728b)
Number of updated assets reloaded before import = 0
Start importing Assets/9.Fonts/07.TextMesh Pro/Fonts/LiberationSans.ttf using Guid(e3265ab4bf004d28a9537516768c1c75) Importer(815301076,1909f56bfc062723c751e8b465ee728b)  -> (artifact id: '86e85d55384b22641579099d0f1ce7e8') in 0.027531 seconds 
Number of asset objects unloaded after import = 4
========================================================================
Received Import Request.
  Time since last request: 0.000019 seconds.
  path: Assets/9.Fonts/07.TextMesh Pro/Examples & Extras/Fonts/Roboto-Bold.ttf
  artifactKey: Guid(4beb055f07aaff244873dec698d0363e) Importer(815301076,1909f56bfc062723c751e8b465ee728b)
Number of updated assets reloaded before import = 0
Start importing Assets/9.Fonts/07.TextMesh Pro/Examples & Extras/Fonts/Roboto-Bold.ttf using Guid(4beb055f07aaff244873dec698d0363e) Importer(815301076,1909f56bfc062723c751e8b465ee728b)  -> (artifact id: '556b69e757dbe8e2339a7e8575587732') in 0.021517 seconds 
Number of asset objects unloaded after import = 4
========================================================================
Received Prepare
Registering precompiled user dll's ...
Registered in 0.013334 seconds.
Begin MonoManager ReloadAssembly
Native extension for WindowsStandalone target not found
Native extension for Android target not found
Refreshing native plugins compatible for Editor in 0.72 ms, found 4 plugins.
Preloading 0 native plugins for Editor in 0.00 ms.
[Package Manager] Server::EnsureServerProcessIsRunning -- launch failed, reason: Unity was launched with the -noUpm command-line argument
[Package Manager] Cannot connect to Unity Package Manager local server
Mono: successfully reloaded assembly
- Completed reload, in  1.299 seconds
Domain Reload Profiling:
	ReloadAssembly (1299ms)
		BeginReloadAssembly (154ms)
			ExecutionOrderSort (0ms)
			DisableScriptedObjects (7ms)
			BackupInstance (0ms)
			ReleaseScriptingObjects (0ms)
			CreateAndSetChildDomain (32ms)
		EndReloadAssembly (1051ms)
			LoadAssemblies (112ms)
			RebuildTransferFunctionScriptingTraits (0ms)
			SetupTypeCache (197ms)
			ReleaseScriptCaches (1ms)
			RebuildScriptCaches (51ms)
			SetupLoadedEditorAssemblies (670ms)
				LogAssemblyErrors (0ms)
				InitializePlatformSupportModulesInManaged (19ms)
				SetLoadedEditorAssemblies (0ms)
				RefreshPlugins (1ms)
				BeforeProcessingInitializeOnLoad (51ms)
				ProcessInitializeOnLoadAttributes (563ms)
				ProcessInitializeOnLoadMethodAttributes (31ms)
				AfterProcessingInitializeOnLoad (6ms)
				EditorAssembliesLoaded (0ms)
			ExecutionOrderSort2 (0ms)
			AwakeInstancesAfterBackupRestoration (4ms)
Platform modules already initialized, skipping
Refreshing native plugins compatible for Editor in 0.52 ms, found 4 plugins.
Preloading 0 native plugins for Editor in 0.00 ms.
Unloading 4427 Unused Serialized files (Serialized files now loaded: 0)
Unloading 27 unused Assets / (92.7 KB). Loaded Objects now: 4974.
Memory consumption went from 171.9 MB to 171.8 MB.
Total: 2.916200 ms (FindLiveObjects: 0.202800 ms CreateObjectMapping: 0.109800 ms MarkObjects: 2.573100 ms  DeleteObjects: 0.029600 ms)

AssetImportParameters requested are different than current active one (requested -> active):
  custom:video-decoder-ogg-theora: a1e56fd34408186e4bbccfd4996cb3dc -> 
  custom:container-muxer-webm: aa71ff27fc2769a1b78a27578f13a17b -> 
  custom:container-demuxer-webm: 4f35f7cbe854078d1ac9338744f61a02 -> 
  custom:video-encoder-webm-vp8: eb34c28f22e8b96e1ab97ce403110664 -> 
  custom:video-codec-MediaFoundation-h265: 746d11721c4dcdbdad8f713fa42b33f4 -> 
  custom:CustomObjectIndexerAttribute: bc11b3a6c3213fcdd17b65e7da85e133 -> 
  custom:audio-encoder-webm-vorbis: bf7c407c2cedff20999df2af8eb42d56 -> 
  custom:framework-win-MediaFoundation: 216162199b28c13a410421893ffa2e32 -> 
  custom:SearchIndexIgnoredProperties: e643bd26f0fe6173181afceb89e7c659 -> 
  custom:container-demuxer-ogg: 62fdf1f143b41e24485cea50d1cbac27 -> 
  custom:video-decoder-webm-vp8: 9c59270c3fd7afecdb556c50c9e8de78 -> 
  custom:audio-decoder-ogg-vorbis: bf7c407c2cedff20999df2af8eb42d56 -> 
========================================================================
Received Import Request.
  Time since last request: 1143.316147 seconds.
  path: Assets/DARK Series Mega Pack 1/DARK - Gunslinger Hero, NPC's, Thrones/NPC's
  artifactKey: Guid(2021e34c6234abf469ef3ece21e3f115) Importer(815301076,1909f56bfc062723c751e8b465ee728b)
Number of updated assets reloaded before import = 0
Start importing Assets/DARK Series Mega Pack 1/DARK - Gunslinger Hero, NPC's, Thrones/NPC's using Guid(2021e34c6234abf469ef3ece21e3f115) Importer(815301076,1909f56bfc062723c751e8b465ee728b)  -> (artifact id: '721c292293505bf0130bd4289422218d') in 0.011705 seconds 
Number of asset objects unloaded after import = 0
========================================================================
Received Import Request.
  Time since last request: 0.071527 seconds.
  path: Assets/DARK Series Mega Pack 1/DARK - Gunslinger Hero, NPC's, Thrones/NPC's/masked man 32x48.png
  artifactKey: Guid(09a7eed6c530a794c9c671ab8763a703) Importer(815301076,1909f56bfc062723c751e8b465ee728b)
Number of updated assets reloaded before import = 0
Start importing Assets/DARK Series Mega Pack 1/DARK - Gunslinger Hero, NPC's, Thrones/NPC's/masked man 32x48.png using Guid(09a7eed6c530a794c9c671ab8763a703) Importer(815301076,1909f56bfc062723c751e8b465ee728b)  -> (artifact id: 'bf8a31ad00ad3bc8ce950bd8d3f04157') in 0.084164 seconds 
Number of asset objects unloaded after import = 22
========================================================================
Received Import Request.
  Time since last request: 1.241332 seconds.
  path: Assets/DARK Series Mega Pack 1/DARK - Gunslinger Hero, NPC's, Thrones/NPC's/old man 32x48.png
  artifactKey: Guid(219745c411151c445b4515ed69b19e08) Importer(815301076,1909f56bfc062723c751e8b465ee728b)
Number of updated assets reloaded before import = 0
Start importing Assets/DARK Series Mega Pack 1/DARK - Gunslinger Hero, NPC's, Thrones/NPC's/old man 32x48.png using Guid(219745c411151c445b4515ed69b19e08) Importer(815301076,1909f56bfc062723c751e8b465ee728b)  -> (artifact id: '10c3f56c755b35bbf6aaa86f30a9b319') in 0.035002 seconds 
Number of asset objects unloaded after import = 20
========================================================================
Received Import Request.
  Time since last request: 0.000016 seconds.
  path: Assets/DARK Series Mega Pack 1/DARK - Gunslinger Hero, NPC's, Thrones/NPC's/sleepy man 32x48.png
  artifactKey: Guid(5f5c39d01d2a6354095178d2f32747ca) Importer(815301076,1909f56bfc062723c751e8b465ee728b)
Number of updated assets reloaded before import = 0
Start importing Assets/DARK Series Mega Pack 1/DARK - Gunslinger Hero, NPC's, Thrones/NPC's/sleepy man 32x48.png using Guid(5f5c39d01d2a6354095178d2f32747ca) Importer(815301076,1909f56bfc062723c751e8b465ee728b)  -> (artifact id: 'f7ea49009fd8679b85dd6aa2d315c5ba') in 0.051193 seconds 
Number of asset objects unloaded after import = 30
========================================================================
Received Import Request.
  Time since last request: 0.046796 seconds.
  path: Assets/DARK Series Mega Pack 1/DARK - Gunslinger Hero, NPC's, Thrones/NPC's/idle.anim
  artifactKey: Guid(0296a1586caf09149912bde089b2f847) Importer(815301076,1909f56bfc062723c751e8b465ee728b)
Number of updated assets reloaded before import = 0
Start importing Assets/DARK Series Mega Pack 1/DARK - Gunslinger Hero, NPC's, Thrones/NPC's/idle.anim using Guid(0296a1586caf09149912bde089b2f847) Importer(815301076,1909f56bfc062723c751e8b465ee728b)  -> (artifact id: 'de6c812060e9a4a69605ed44ec34d3e1') in 0.004101 seconds 
Number of asset objects unloaded after import = 1
========================================================================
Received Import Request.
  Time since last request: 66.078682 seconds.
  path: Assets/DARK Series Mega Pack 1/DARK - Gunslinger Hero, NPC's, Thrones/NPC's/sleepy man 32x48.png
  artifactKey: Guid(5f5c39d01d2a6354095178d2f32747ca) Importer(815301076,1909f56bfc062723c751e8b465ee728b)
Number of updated assets reloaded before import = 0
Start importing Assets/DARK Series Mega Pack 1/DARK - Gunslinger Hero, NPC's, Thrones/NPC's/sleepy man 32x48.png using Guid(5f5c39d01d2a6354095178d2f32747ca) Importer(815301076,1909f56bfc062723c751e8b465ee728b)  -> (artifact id: '28603480322ea64e27679c2f9626a9b9') in 0.047665 seconds 
Number of asset objects unloaded after import = 30
========================================================================
Received Import Request.
  Time since last request: 4.781611 seconds.
  path: Assets/DARK Series Mega Pack 1/DARK - Gunslinger Hero, NPC's, Thrones/NPC's/sleepy man 32x48.png
  artifactKey: Guid(5f5c39d01d2a6354095178d2f32747ca) Importer(815301076,1909f56bfc062723c751e8b465ee728b)
Number of updated assets reloaded before import = 0
Start importing Assets/DARK Series Mega Pack 1/DARK - Gunslinger Hero, NPC's, Thrones/NPC's/sleepy man 32x48.png using Guid(5f5c39d01d2a6354095178d2f32747ca) Importer(815301076,1909f56bfc062723c751e8b465ee728b)  -> (artifact id: 'bd5ec1f86fce63030229ac923c2ec5e2') in 0.050099 seconds 
Number of asset objects unloaded after import = 30
========================================================================
Received Import Request.
  Time since last request: 4.838669 seconds.
  path: Assets/DARK Series Mega Pack 1/DARK - Gunslinger Hero, NPC's, Thrones/NPC's/sleepy man 32x48.png
  artifactKey: Guid(5f5c39d01d2a6354095178d2f32747ca) Importer(815301076,1909f56bfc062723c751e8b465ee728b)
Number of updated assets reloaded before import = 0
Start importing Assets/DARK Series Mega Pack 1/DARK - Gunslinger Hero, NPC's, Thrones/NPC's/sleepy man 32x48.png using Guid(5f5c39d01d2a6354095178d2f32747ca) Importer(815301076,1909f56bfc062723c751e8b465ee728b)  -> (artifact id: '8ac22895089776866ea2c6dfc4fdb6d1') in 0.048171 seconds 
Number of asset objects unloaded after import = 30
========================================================================
Received Import Request.
  Time since last request: 3.027273 seconds.
  path: Assets/DARK Series Mega Pack 1/DARK - Gunslinger Hero, NPC's, Thrones/NPC's/sleepy man 32x48.png
  artifactKey: Guid(5f5c39d01d2a6354095178d2f32747ca) Importer(815301076,1909f56bfc062723c751e8b465ee728b)
Number of updated assets reloaded before import = 0
Start importing Assets/DARK Series Mega Pack 1/DARK - Gunslinger Hero, NPC's, Thrones/NPC's/sleepy man 32x48.png using Guid(5f5c39d01d2a6354095178d2f32747ca) Importer(815301076,1909f56bfc062723c751e8b465ee728b)  -> (artifact id: '35e717cae695bf0a453350d32caaf168') in 0.048100 seconds 
Number of asset objects unloaded after import = 30
========================================================================
Received Import Request.
  Time since last request: 4.738065 seconds.
  path: Assets/DARK Series Mega Pack 1/DARK - Gunslinger Hero, NPC's, Thrones/NPC's/sleepy man 32x48.png
  artifactKey: Guid(5f5c39d01d2a6354095178d2f32747ca) Importer(815301076,1909f56bfc062723c751e8b465ee728b)
Number of updated assets reloaded before import = 0
Start importing Assets/DARK Series Mega Pack 1/DARK - Gunslinger Hero, NPC's, Thrones/NPC's/sleepy man 32x48.png using Guid(5f5c39d01d2a6354095178d2f32747ca) Importer(815301076,1909f56bfc062723c751e8b465ee728b)  -> (artifact id: '0e8687f529e5dd7f39fae6801b9d7a49') in 0.048396 seconds 
Number of asset objects unloaded after import = 30
========================================================================
Received Import Request.
  Time since last request: 2.307200 seconds.
  path: Assets/DARK Series Mega Pack 1/DARK - Gunslinger Hero, NPC's, Thrones/NPC's/sleepy man 32x48.png
  artifactKey: Guid(5f5c39d01d2a6354095178d2f32747ca) Importer(815301076,1909f56bfc062723c751e8b465ee728b)
Number of updated assets reloaded before import = 0
Start importing Assets/DARK Series Mega Pack 1/DARK - Gunslinger Hero, NPC's, Thrones/NPC's/sleepy man 32x48.png using Guid(5f5c39d01d2a6354095178d2f32747ca) Importer(815301076,1909f56bfc062723c751e8b465ee728b)  -> (artifact id: 'f184e23e3229792473c4d88bd6e06b3c') in 0.046465 seconds 
Number of asset objects unloaded after import = 30
========================================================================
Received Import Request.
  Time since last request: 157.660424 seconds.
  path: Assets/DARK Series Mega Pack 1/DARK - Gunslinger Hero, NPC's, Thrones/Thrones/Statue 128x112.png
  artifactKey: Guid(8083a6858c5267545a218c1c42a53c7d) Importer(815301076,1909f56bfc062723c751e8b465ee728b)
Number of updated assets reloaded before import = 0
Start importing Assets/DARK Series Mega Pack 1/DARK - Gunslinger Hero, NPC's, Thrones/Thrones/Statue 128x112.png using Guid(8083a6858c5267545a218c1c42a53c7d) Importer(815301076,1909f56bfc062723c751e8b465ee728b)  -> (artifact id: '71bc396558f3a1f052de1e18a63ff020') in 0.041560 seconds 
Number of asset objects unloaded after import = 10
========================================================================
Received Import Request.
  Time since last request: 0.000013 seconds.
  path: Assets/DARK Series Mega Pack 1/DARK - Gunslinger Hero, NPC's, Thrones/Thrones/Throne.aseprite
  artifactKey: Guid(8aa04f2170aa1454c98e60737b5b5a0a) Importer(815301076,1909f56bfc062723c751e8b465ee728b)
Number of updated assets reloaded before import = 0
Start importing Assets/DARK Series Mega Pack 1/DARK - Gunslinger Hero, NPC's, Thrones/Thrones/Throne.aseprite using Guid(8aa04f2170aa1454c98e60737b5b5a0a) Importer(815301076,1909f56bfc062723c751e8b465ee728b)  -> (artifact id: '3f58a2c69daddabeb6b059231208e4b6') in 0.097963 seconds 
Number of asset objects unloaded after import = 47
========================================================================
Received Import Request.
  Time since last request: 11.249043 seconds.
  path: Assets/DARK Series Mega Pack 1/DARK - Gunslinger Hero, NPC's, Thrones/Gunslinger/Gunslinger 48x48 Sprite Sheet GUN 1.png
  artifactKey: Guid(2f34607dd774e974b938b846dcb88bf0) Importer(815301076,1909f56bfc062723c751e8b465ee728b)
Number of updated assets reloaded before import = 0
Start importing Assets/DARK Series Mega Pack 1/DARK - Gunslinger Hero, NPC's, Thrones/Gunslinger/Gunslinger 48x48 Sprite Sheet GUN 1.png using Guid(2f34607dd774e974b938b846dcb88bf0) Importer(815301076,1909f56bfc062723c751e8b465ee728b)  -> (artifact id: '8e67aa5dc34eaa00fb1591e3941249e7') in 0.059454 seconds 
Number of asset objects unloaded after import = 42
========================================================================
Received Import Request.
  Time since last request: 0.000012 seconds.
  path: Assets/DARK Series Mega Pack 1/DARK - Gunslinger Hero, NPC's, Thrones/Gunslinger/Gunslinger 48x48 Sprite Sheet no weapons for sprite stacking.png
  artifactKey: Guid(d5369cfe8ce078a40a960455deaa8511) Importer(815301076,1909f56bfc062723c751e8b465ee728b)
Number of updated assets reloaded before import = 0
Start importing Assets/DARK Series Mega Pack 1/DARK - Gunslinger Hero, NPC's, Thrones/Gunslinger/Gunslinger 48x48 Sprite Sheet no weapons for sprite stacking.png using Guid(d5369cfe8ce078a40a960455deaa8511) Importer(815301076,1909f56bfc062723c751e8b465ee728b)  -> (artifact id: 'a1028204c70470772cc4067b02863f93') in 0.089252 seconds 
Number of asset objects unloaded after import = 50
========================================================================
Received Import Request.
  Time since last request: 20.537776 seconds.
  path: Assets/DARK Series Mega Pack 1/DARK - Victorian Enemies & Assets/Enemies/The Dark Warden 97x32.png
  artifactKey: Guid(11aa276d8109c1e45b86c48592d737e8) Importer(815301076,1909f56bfc062723c751e8b465ee728b)
Number of updated assets reloaded before import = 0
Start importing Assets/DARK Series Mega Pack 1/DARK - Victorian Enemies & Assets/Enemies/The Dark Warden 97x32.png using Guid(11aa276d8109c1e45b86c48592d737e8) Importer(815301076,1909f56bfc062723c751e8b465ee728b)  -> (artifact id: 'edd169ba54d456e07489849aa48e3b7c') in 0.056691 seconds 
Number of asset objects unloaded after import = 53
========================================================================
Received Import Request.
  Time since last request: 1.724308 seconds.
  path: Assets/DARK Series Mega Pack 1/DARK - Victorian Enemies & Assets/Parallax BG/layer 1.png
  artifactKey: Guid(8ea90103f602edf43a9129840c49e7c3) Importer(815301076,1909f56bfc062723c751e8b465ee728b)
Number of updated assets reloaded before import = 0
Start importing Assets/DARK Series Mega Pack 1/DARK - Victorian Enemies & Assets/Parallax BG/layer 1.png using Guid(8ea90103f602edf43a9129840c49e7c3) Importer(815301076,1909f56bfc062723c751e8b465ee728b)  -> (artifact id: 'b7629878853a6186afce0006e82e745a') in 0.027678 seconds 
Number of asset objects unloaded after import = 3
========================================================================
Received Import Request.
  Time since last request: 0.821443 seconds.
  path: Assets/DARK Series Mega Pack 1/DARK - Victorian Enemies & Assets/Parallax BG/layer 3.png
  artifactKey: Guid(ff0d0c1fd88405c4c87030e9bfcd9512) Importer(815301076,1909f56bfc062723c751e8b465ee728b)
Number of updated assets reloaded before import = 0
Start importing Assets/DARK Series Mega Pack 1/DARK - Victorian Enemies & Assets/Parallax BG/layer 3.png using Guid(ff0d0c1fd88405c4c87030e9bfcd9512) Importer(815301076,1909f56bfc062723c751e8b465ee728b)  -> (artifact id: '1281d05e3c7e21db56d946240727a4d5') in 0.020199 seconds 
Number of asset objects unloaded after import = 3
Editor requested this worker to shutdown with reason: Scaling down because of idle timeout
AssetImportWorker is now disconnected from the server
Process exiting
Exiting without the bug reporter. Application will terminate with return code 0