Using pre-set license
Built from '2021.3/staging' branch; Version is '2021.3.31f1 (3409e2af086f) revision 3410402'; Using compiler version '192829333'; Build Type 'Release'
OS: 'Windows 11  (10.0.22631) 64bit Core' Language: 'ko' Physical Memory: 32470 MB
BatchMode: 1, IsHumanControllingUs: 0, StartBugReporterOnCrash: 0, Is64bit: 1, IsPro: 1

COMMAND LINE ARGUMENTS:
C:\Program Files\Unity\Hub\Editor\2021.3.31f1\Editor\Unity.exe
-adb2
-batchMode
-noUpm
-name
AssetImportWorker17
-projectPath
C:/Users/user/Documents/GitHub/NightMareReturner
-logFile
Logs/AssetImportWorker17.log
-srvPort
58955
Successfully changed project path to: C:/Users/user/Documents/GitHub/NightMareReturner
C:/Users/user/Documents/GitHub/NightMareReturner
[UnityMemory] Configuration Parameters - Can be set up in boot.config
    "memorysetup-bucket-allocator-granularity=16"
    "memorysetup-bucket-allocator-bucket-count=8"
    "memorysetup-bucket-allocator-block-size=33554432"
    "memorysetup-bucket-allocator-block-count=8"
    "memorysetup-main-allocator-block-size=16777216"
    "memorysetup-thread-allocator-block-size=16777216"
    "memorysetup-gfx-main-allocator-block-size=16777216"
    "memorysetup-gfx-thread-allocator-block-size=16777216"
    "memorysetup-cache-allocator-block-size=4194304"
    "memorysetup-typetree-allocator-block-size=2097152"
    "memorysetup-profiler-bucket-allocator-granularity=16"
    "memorysetup-profiler-bucket-allocator-bucket-count=8"
    "memorysetup-profiler-bucket-allocator-block-size=33554432"
    "memorysetup-profiler-bucket-allocator-block-count=8"
    "memorysetup-profiler-allocator-block-size=16777216"
    "memorysetup-profiler-editor-allocator-block-size=1048576"
    "memorysetup-temp-allocator-size-main=16777216"
    "memorysetup-job-temp-allocator-block-size=2097152"
    "memorysetup-job-temp-allocator-block-size-background=1048576"
    "memorysetup-job-temp-allocator-reduction-small-platforms=262144"
    "memorysetup-temp-allocator-size-background-worker=32768"
    "memorysetup-temp-allocator-size-job-worker=262144"
    "memorysetup-temp-allocator-size-preload-manager=33554432"
    "memorysetup-temp-allocator-size-nav-mesh-worker=65536"
    "memorysetup-temp-allocator-size-audio-worker=65536"
    "memorysetup-temp-allocator-size-cloud-worker=32768"
    "memorysetup-temp-allocator-size-gi-baking-worker=262144"
    "memorysetup-temp-allocator-size-gfx=262144"
Player connection [26440] Host "[IP] 192.168.219.103 [Port] 0 [Flags] 2 [Guid] 414446437 [EditorId] 414446437 [Version] 1048832 [Id] WindowsEditor(7,DESKTOP-6U2F1F0) [Debug] 1 [PackageName] WindowsEditor [ProjectName] Editor" joined multi-casting on [225.0.0.222:54997]...

Player connection [26440] Host "[IP] 192.168.219.103 [Port] 0 [Flags] 2 [Guid] 414446437 [EditorId] 414446437 [Version] 1048832 [Id] WindowsEditor(7,DESKTOP-6U2F1F0) [Debug] 1 [PackageName] WindowsEditor [ProjectName] Editor" joined alternative multi-casting on [225.0.0.222:34997]...

[Physics::Module] Initialized MultithreadedJobDispatcher with {0} workers.
Refreshing native plugins compatible for Editor in 93.34 ms, found 4 plugins.
Preloading 0 native plugins for Editor in 0.00 ms.
Initialize engine version: 2021.3.31f1 (3409e2af086f)
[Subsystems] Discovering subsystems at path C:/Program Files/Unity/Hub/Editor/2021.3.31f1/Editor/Data/Resources/UnitySubsystems
[Subsystems] Discovering subsystems at path C:/Users/user/Documents/GitHub/NightMareReturner/Assets
GfxDevice: creating device client; threaded=0; jobified=0
Direct3D:
    Version:  Direct3D 11.0 [level 11.1]
    Renderer: NVIDIA GeForce RTX 4060 Laptop GPU (ID=0x28a0)
    Vendor:   NVIDIA
    VRAM:     7971 MB
    Driver:   31.0.15.2892
Initialize mono
Mono path[0] = 'C:/Program Files/Unity/Hub/Editor/2021.3.31f1/Editor/Data/Managed'
Mono path[1] = 'C:/Program Files/Unity/Hub/Editor/2021.3.31f1/Editor/Data/MonoBleedingEdge/lib/mono/unityjit-win32'
Mono config path = 'C:/Program Files/Unity/Hub/Editor/2021.3.31f1/Editor/Data/MonoBleedingEdge/etc'
Using monoOptions --debugger-agent=transport=dt_socket,embedding=1,server=y,suspend=n,address=127.0.0.1:56896
Begin MonoManager ReloadAssembly
Registering precompiled unity dll's ...
Register platform support module: C:/Program Files/Unity/Hub/Editor/2021.3.31f1/Editor/Data/PlaybackEngines/AndroidPlayer/UnityEditor.Android.Extensions.dll
Register platform support module: C:/Program Files/Unity/Hub/Editor/2021.3.31f1/Editor/Data/PlaybackEngines/WindowsStandaloneSupport/UnityEditor.WindowsStandalone.Extensions.dll
Registered in 0.003491 seconds.
Native extension for WindowsStandalone target not found
Native extension for Android target not found
Android Extension - Scanning For ADB Devices 1152 ms
Refreshing native plugins compatible for Editor in 75.71 ms, found 4 plugins.
Preloading 0 native plugins for Editor in 0.00 ms.
Mono: successfully reloaded assembly
- Completed reload, in  1.751 seconds
Domain Reload Profiling:
	ReloadAssembly (1751ms)
		BeginReloadAssembly (93ms)
			ExecutionOrderSort (0ms)
			DisableScriptedObjects (0ms)
			BackupInstance (0ms)
			ReleaseScriptingObjects (0ms)
			CreateAndSetChildDomain (1ms)
		EndReloadAssembly (1572ms)
			LoadAssemblies (91ms)
			RebuildTransferFunctionScriptingTraits (0ms)
			SetupTypeCache (100ms)
			ReleaseScriptCaches (0ms)
			RebuildScriptCaches (20ms)
			SetupLoadedEditorAssemblies (1413ms)
				LogAssemblyErrors (0ms)
				InitializePlatformSupportModulesInManaged (1234ms)
				SetLoadedEditorAssemblies (0ms)
				RefreshPlugins (76ms)
				BeforeProcessingInitializeOnLoad (1ms)
				ProcessInitializeOnLoadAttributes (64ms)
				ProcessInitializeOnLoadMethodAttributes (37ms)
				AfterProcessingInitializeOnLoad (0ms)
				EditorAssembliesLoaded (0ms)
			ExecutionOrderSort2 (0ms)
			AwakeInstancesAfterBackupRestoration (0ms)
Platform modules already initialized, skipping
Registering precompiled user dll's ...
Registered in 0.005073 seconds.
Begin MonoManager ReloadAssembly
Native extension for WindowsStandalone target not found
Native extension for Android target not found
Refreshing native plugins compatible for Editor in 83.45 ms, found 4 plugins.
Preloading 0 native plugins for Editor in 0.00 ms.
Package Manager log level set to [2]
[Package Manager] Server::EnsureServerProcessIsRunning -- launch failed, reason: Unity was launched with the -noUpm command-line argument
[Package Manager] Cannot connect to Unity Package Manager local server
Mono: successfully reloaded assembly
- Completed reload, in  1.433 seconds
Domain Reload Profiling:
	ReloadAssembly (1434ms)
		BeginReloadAssembly (100ms)
			ExecutionOrderSort (0ms)
			DisableScriptedObjects (4ms)
			BackupInstance (0ms)
			ReleaseScriptingObjects (0ms)
			CreateAndSetChildDomain (14ms)
		EndReloadAssembly (1231ms)
			LoadAssemblies (91ms)
			RebuildTransferFunctionScriptingTraits (0ms)
			SetupTypeCache (253ms)
			ReleaseScriptCaches (0ms)
			RebuildScriptCaches (48ms)
			SetupLoadedEditorAssemblies (818ms)
				LogAssemblyErrors (0ms)
				InitializePlatformSupportModulesInManaged (16ms)
				SetLoadedEditorAssemblies (0ms)
				RefreshPlugins (84ms)
				BeforeProcessingInitializeOnLoad (77ms)
				ProcessInitializeOnLoadAttributes (600ms)
				ProcessInitializeOnLoadMethodAttributes (36ms)
				AfterProcessingInitializeOnLoad (5ms)
				EditorAssembliesLoaded (0ms)
			ExecutionOrderSort2 (0ms)
			AwakeInstancesAfterBackupRestoration (4ms)
Platform modules already initialized, skipping
========================================================================
Worker process is ready to serve import requests
Launched and connected shader compiler UnityShaderCompiler.exe after 0.03 seconds
Refreshing native plugins compatible for Editor in 0.62 ms, found 4 plugins.
Preloading 0 native plugins for Editor in 0.00 ms.
Unloading 4453 Unused Serialized files (Serialized files now loaded: 0)
Unloading 52 unused Assets / (119.6 KB). Loaded Objects now: 4915.
Memory consumption went from 174.3 MB to 174.2 MB.
Total: 3.016000 ms (FindLiveObjects: 0.312300 ms CreateObjectMapping: 0.162100 ms MarkObjects: 2.451000 ms  DeleteObjects: 0.089500 ms)

AssetImportParameters requested are different than current active one (requested -> active):
  custom:video-decoder-ogg-theora: a1e56fd34408186e4bbccfd4996cb3dc -> 
  custom:container-muxer-webm: aa71ff27fc2769a1b78a27578f13a17b -> 
  custom:container-demuxer-webm: 4f35f7cbe854078d1ac9338744f61a02 -> 
  custom:video-encoder-webm-vp8: eb34c28f22e8b96e1ab97ce403110664 -> 
  custom:video-codec-MediaFoundation-h265: 746d11721c4dcdbdad8f713fa42b33f4 -> 
  custom:CustomObjectIndexerAttribute: bc11b3a6c3213fcdd17b65e7da85e133 -> 
  custom:audio-encoder-webm-vorbis: bf7c407c2cedff20999df2af8eb42d56 -> 
  custom:framework-win-MediaFoundation: 216162199b28c13a410421893ffa2e32 -> 
  custom:SearchIndexIgnoredProperties: e643bd26f0fe6173181afceb89e7c659 -> 
  custom:container-demuxer-ogg: 62fdf1f143b41e24485cea50d1cbac27 -> 
  custom:video-decoder-webm-vp8: 9c59270c3fd7afecdb556c50c9e8de78 -> 
  custom:audio-decoder-ogg-vorbis: bf7c407c2cedff20999df2af8eb42d56 -> 
========================================================================
Received Import Request.
  Time since last request: 336389.909724 seconds.
  path: Assets/3.Sprites/2.SideView/SideViewBG.jpg
  artifactKey: Guid(cdcfa208b2d33524b909a6d7db4a7878) Importer(815301076,1909f56bfc062723c751e8b465ee728b)
Number of updated assets reloaded before import = 0
Start importing Assets/3.Sprites/2.SideView/SideViewBG.jpg using Guid(cdcfa208b2d33524b909a6d7db4a7878) Importer(815301076,1909f56bfc062723c751e8b465ee728b)  -> (artifact id: '2c7fc9e1556d5b73ad79a5de2c016e53') in 0.299015 seconds 
Number of asset objects unloaded after import = 3
========================================================================
Received Prepare
Registering precompiled user dll's ...
Registered in 0.005379 seconds.
Begin MonoManager ReloadAssembly
Native extension for WindowsStandalone target not found
Native extension for Android target not found
Refreshing native plugins compatible for Editor in 0.80 ms, found 4 plugins.
Preloading 0 native plugins for Editor in 0.00 ms.
[Package Manager] Server::EnsureServerProcessIsRunning -- launch failed, reason: Unity was launched with the -noUpm command-line argument
[Package Manager] Cannot connect to Unity Package Manager local server
Mono: successfully reloaded assembly
- Completed reload, in  1.346 seconds
Domain Reload Profiling:
	ReloadAssembly (1346ms)
		BeginReloadAssembly (167ms)
			ExecutionOrderSort (0ms)
			DisableScriptedObjects (10ms)
			BackupInstance (0ms)
			ReleaseScriptingObjects (0ms)
			CreateAndSetChildDomain (35ms)
		EndReloadAssembly (1085ms)
			LoadAssemblies (115ms)
			RebuildTransferFunctionScriptingTraits (0ms)
			SetupTypeCache (189ms)
			ReleaseScriptCaches (1ms)
			RebuildScriptCaches (47ms)
			SetupLoadedEditorAssemblies (724ms)
				LogAssemblyErrors (0ms)
				InitializePlatformSupportModulesInManaged (21ms)
				SetLoadedEditorAssemblies (0ms)
				RefreshPlugins (1ms)
				BeforeProcessingInitializeOnLoad (77ms)
				ProcessInitializeOnLoadAttributes (578ms)
				ProcessInitializeOnLoadMethodAttributes (42ms)
				AfterProcessingInitializeOnLoad (5ms)
				EditorAssembliesLoaded (0ms)
			ExecutionOrderSort2 (0ms)
			AwakeInstancesAfterBackupRestoration (5ms)
Platform modules already initialized, skipping
Refreshing native plugins compatible for Editor in 0.66 ms, found 4 plugins.
Preloading 0 native plugins for Editor in 0.00 ms.
Unloading 4427 Unused Serialized files (Serialized files now loaded: 0)
Unloading 27 unused Assets / (92.6 KB). Loaded Objects now: 4937.
Memory consumption went from 171.6 MB to 171.5 MB.
Total: 2.838700 ms (FindLiveObjects: 0.209800 ms CreateObjectMapping: 0.101700 ms MarkObjects: 2.490100 ms  DeleteObjects: 0.036200 ms)

AssetImportParameters requested are different than current active one (requested -> active):
  custom:video-decoder-ogg-theora: a1e56fd34408186e4bbccfd4996cb3dc -> 
  custom:container-muxer-webm: aa71ff27fc2769a1b78a27578f13a17b -> 
  custom:container-demuxer-webm: 4f35f7cbe854078d1ac9338744f61a02 -> 
  custom:video-encoder-webm-vp8: eb34c28f22e8b96e1ab97ce403110664 -> 
  custom:video-codec-MediaFoundation-h265: 746d11721c4dcdbdad8f713fa42b33f4 -> 
  custom:CustomObjectIndexerAttribute: bc11b3a6c3213fcdd17b65e7da85e133 -> 
  custom:audio-encoder-webm-vorbis: bf7c407c2cedff20999df2af8eb42d56 -> 
  custom:framework-win-MediaFoundation: 216162199b28c13a410421893ffa2e32 -> 
  custom:SearchIndexIgnoredProperties: e643bd26f0fe6173181afceb89e7c659 -> 
  custom:container-demuxer-ogg: 62fdf1f143b41e24485cea50d1cbac27 -> 
  custom:video-decoder-webm-vp8: 9c59270c3fd7afecdb556c50c9e8de78 -> 
  custom:audio-decoder-ogg-vorbis: bf7c407c2cedff20999df2af8eb42d56 -> 
========================================================================
Received Prepare
Registering precompiled user dll's ...
Registered in 0.010216 seconds.
Begin MonoManager ReloadAssembly
Native extension for WindowsStandalone target not found
Native extension for Android target not found
Refreshing native plugins compatible for Editor in 0.64 ms, found 4 plugins.
Preloading 0 native plugins for Editor in 0.00 ms.
[Package Manager] Server::EnsureServerProcessIsRunning -- launch failed, reason: Unity was launched with the -noUpm command-line argument
[Package Manager] Cannot connect to Unity Package Manager local server
Mono: successfully reloaded assembly
- Completed reload, in  1.387 seconds
Domain Reload Profiling:
	ReloadAssembly (1387ms)
		BeginReloadAssembly (135ms)
			ExecutionOrderSort (0ms)
			DisableScriptedObjects (5ms)
			BackupInstance (0ms)
			ReleaseScriptingObjects (0ms)
			CreateAndSetChildDomain (37ms)
		EndReloadAssembly (1148ms)
			LoadAssemblies (86ms)
			RebuildTransferFunctionScriptingTraits (0ms)
			SetupTypeCache (235ms)
			ReleaseScriptCaches (1ms)
			RebuildScriptCaches (53ms)
			SetupLoadedEditorAssemblies (728ms)
				LogAssemblyErrors (0ms)
				InitializePlatformSupportModulesInManaged (18ms)
				SetLoadedEditorAssemblies (0ms)
				RefreshPlugins (1ms)
				BeforeProcessingInitializeOnLoad (70ms)
				ProcessInitializeOnLoadAttributes (598ms)
				ProcessInitializeOnLoadMethodAttributes (35ms)
				AfterProcessingInitializeOnLoad (6ms)
				EditorAssembliesLoaded (0ms)
			ExecutionOrderSort2 (0ms)
			AwakeInstancesAfterBackupRestoration (5ms)
Platform modules already initialized, skipping
Refreshing native plugins compatible for Editor in 0.70 ms, found 4 plugins.
Preloading 0 native plugins for Editor in 0.00 ms.
Unloading 4426 Unused Serialized files (Serialized files now loaded: 0)
Unloading 27 unused Assets / (92.7 KB). Loaded Objects now: 4952.
Memory consumption went from 171.6 MB to 171.5 MB.
Total: 3.359500 ms (FindLiveObjects: 0.335400 ms CreateObjectMapping: 0.141300 ms MarkObjects: 2.845300 ms  DeleteObjects: 0.036200 ms)

AssetImportParameters requested are different than current active one (requested -> active):
  custom:video-decoder-ogg-theora: a1e56fd34408186e4bbccfd4996cb3dc -> 
  custom:container-muxer-webm: aa71ff27fc2769a1b78a27578f13a17b -> 
  custom:container-demuxer-webm: 4f35f7cbe854078d1ac9338744f61a02 -> 
  custom:video-encoder-webm-vp8: eb34c28f22e8b96e1ab97ce403110664 -> 
  custom:video-codec-MediaFoundation-h265: 746d11721c4dcdbdad8f713fa42b33f4 -> 
  custom:CustomObjectIndexerAttribute: bc11b3a6c3213fcdd17b65e7da85e133 -> 
  custom:audio-encoder-webm-vorbis: bf7c407c2cedff20999df2af8eb42d56 -> 
  custom:framework-win-MediaFoundation: 216162199b28c13a410421893ffa2e32 -> 
  custom:SearchIndexIgnoredProperties: e643bd26f0fe6173181afceb89e7c659 -> 
  custom:container-demuxer-ogg: 62fdf1f143b41e24485cea50d1cbac27 -> 
  custom:video-decoder-webm-vp8: 9c59270c3fd7afecdb556c50c9e8de78 -> 
  custom:audio-decoder-ogg-vorbis: bf7c407c2cedff20999df2af8eb42d56 -> 
========================================================================
Received Prepare
Registering precompiled user dll's ...
Registered in 0.005418 seconds.
Begin MonoManager ReloadAssembly
Native extension for WindowsStandalone target not found
Native extension for Android target not found
Refreshing native plugins compatible for Editor in 0.73 ms, found 4 plugins.
Preloading 0 native plugins for Editor in 0.00 ms.
[Package Manager] Server::EnsureServerProcessIsRunning -- launch failed, reason: Unity was launched with the -noUpm command-line argument
[Package Manager] Cannot connect to Unity Package Manager local server
Mono: successfully reloaded assembly
- Completed reload, in  1.231 seconds
Domain Reload Profiling:
	ReloadAssembly (1231ms)
		BeginReloadAssembly (127ms)
			ExecutionOrderSort (0ms)
			DisableScriptedObjects (6ms)
			BackupInstance (0ms)
			ReleaseScriptingObjects (0ms)
			CreateAndSetChildDomain (30ms)
		EndReloadAssembly (1008ms)
			LoadAssemblies (81ms)
			RebuildTransferFunctionScriptingTraits (0ms)
			SetupTypeCache (197ms)
			ReleaseScriptCaches (1ms)
			RebuildScriptCaches (35ms)
			SetupLoadedEditorAssemblies (665ms)
				LogAssemblyErrors (0ms)
				InitializePlatformSupportModulesInManaged (16ms)
				SetLoadedEditorAssemblies (0ms)
				RefreshPlugins (1ms)
				BeforeProcessingInitializeOnLoad (52ms)
				ProcessInitializeOnLoadAttributes (556ms)
				ProcessInitializeOnLoadMethodAttributes (32ms)
				AfterProcessingInitializeOnLoad (6ms)
				EditorAssembliesLoaded (0ms)
			ExecutionOrderSort2 (0ms)
			AwakeInstancesAfterBackupRestoration (5ms)
Platform modules already initialized, skipping
Refreshing native plugins compatible for Editor in 0.64 ms, found 4 plugins.
Preloading 0 native plugins for Editor in 0.00 ms.
Unloading 4426 Unused Serialized files (Serialized files now loaded: 0)
Unloading 27 unused Assets / (92.7 KB). Loaded Objects now: 4967.
Memory consumption went from 171.6 MB to 171.5 MB.
Total: 2.480300 ms (FindLiveObjects: 0.210500 ms CreateObjectMapping: 0.112500 ms MarkObjects: 2.124500 ms  DeleteObjects: 0.032000 ms)

AssetImportParameters requested are different than current active one (requested -> active):
  custom:video-decoder-ogg-theora: a1e56fd34408186e4bbccfd4996cb3dc -> 
  custom:container-muxer-webm: aa71ff27fc2769a1b78a27578f13a17b -> 
  custom:container-demuxer-webm: 4f35f7cbe854078d1ac9338744f61a02 -> 
  custom:video-encoder-webm-vp8: eb34c28f22e8b96e1ab97ce403110664 -> 
  custom:video-codec-MediaFoundation-h265: 746d11721c4dcdbdad8f713fa42b33f4 -> 
  custom:CustomObjectIndexerAttribute: bc11b3a6c3213fcdd17b65e7da85e133 -> 
  custom:audio-encoder-webm-vorbis: bf7c407c2cedff20999df2af8eb42d56 -> 
  custom:framework-win-MediaFoundation: 216162199b28c13a410421893ffa2e32 -> 
  custom:SearchIndexIgnoredProperties: e643bd26f0fe6173181afceb89e7c659 -> 
  custom:container-demuxer-ogg: 62fdf1f143b41e24485cea50d1cbac27 -> 
  custom:video-decoder-webm-vp8: 9c59270c3fd7afecdb556c50c9e8de78 -> 
  custom:audio-decoder-ogg-vorbis: bf7c407c2cedff20999df2af8eb42d56 -> 
========================================================================
Received Import Request.
  Time since last request: 2682.476625 seconds.
  path: Assets/DARK Series Mega Pack 1/DARK Series - Platformer Starter Pack/Underground Tileset & Enemies/Sprites/Flower Enemy/death 32x32.png
  artifactKey: Guid(761303ef4433d5744abc11daf2024d34) Importer(815301076,1909f56bfc062723c751e8b465ee728b)
Number of updated assets reloaded before import = 0
Start importing Assets/DARK Series Mega Pack 1/DARK Series - Platformer Starter Pack/Underground Tileset & Enemies/Sprites/Flower Enemy/death 32x32.png using Guid(761303ef4433d5744abc11daf2024d34) Importer(815301076,1909f56bfc062723c751e8b465ee728b)  -> (artifact id: '2eb929a0a86b3722dd92709b75679407') in 0.093694 seconds 
Number of asset objects unloaded after import = 3
========================================================================
Received Import Request.
  Time since last request: 1.607677 seconds.
  path: Assets/DARK Series Mega Pack 1/DARK Series - Platformer Starter Pack/Underground Tileset & Enemies/Sprites/Flower Enemy/move 32x32.png
  artifactKey: Guid(eb39ddd057792de438f8315f9bfde880) Importer(815301076,1909f56bfc062723c751e8b465ee728b)
Number of updated assets reloaded before import = 0
Start importing Assets/DARK Series Mega Pack 1/DARK Series - Platformer Starter Pack/Underground Tileset & Enemies/Sprites/Flower Enemy/move 32x32.png using Guid(eb39ddd057792de438f8315f9bfde880) Importer(815301076,1909f56bfc062723c751e8b465ee728b)  -> (artifact id: 'b954aee708375f321c5c6d3544f119c3') in 0.012954 seconds 
Number of asset objects unloaded after import = 3
========================================================================
Received Import Request.
  Time since last request: 0.000082 seconds.
  path: Assets/DARK Series Mega Pack 1/DARK Series - Platformer Starter Pack/Underground Tileset & Enemies/Sprites/Flower Enemy/Flower Enemy.gif
  artifactKey: Guid(6aa591f75ac6a5740a8dbb6bfb970b15) Importer(815301076,1909f56bfc062723c751e8b465ee728b)
Number of updated assets reloaded before import = 0
Start importing Assets/DARK Series Mega Pack 1/DARK Series - Platformer Starter Pack/Underground Tileset & Enemies/Sprites/Flower Enemy/Flower Enemy.gif using Guid(6aa591f75ac6a5740a8dbb6bfb970b15) Importer(815301076,1909f56bfc062723c751e8b465ee728b)  -> (artifact id: '2d276ac68e5ba75ba2e77e4dd705bd4d') in 0.014839 seconds 
Number of asset objects unloaded after import = 3
========================================================================
Received Import Request.
  Time since last request: 0.943713 seconds.
  path: Assets/DARK Series Mega Pack 1/DARK Series - Platformer Starter Pack/Underground Tileset & Enemies/Sprites/Hell Bot DARK/death 92x36.png
  artifactKey: Guid(67f566675e01bdc4f80ee6f360fe5c11) Importer(815301076,1909f56bfc062723c751e8b465ee728b)
Number of updated assets reloaded before import = 0
Start importing Assets/DARK Series Mega Pack 1/DARK Series - Platformer Starter Pack/Underground Tileset & Enemies/Sprites/Hell Bot DARK/death 92x36.png using Guid(67f566675e01bdc4f80ee6f360fe5c11) Importer(815301076,1909f56bfc062723c751e8b465ee728b)  -> (artifact id: '98bdfb9c9e7881f30d2da9220271d72c') in 0.026526 seconds 
Number of asset objects unloaded after import = 3
========================================================================
Received Import Request.
  Time since last request: 0.000018 seconds.
  path: Assets/DARK Series Mega Pack 1/DARK Series - Platformer Starter Pack/Underground Tileset & Enemies/Sprites/Hell Bot DARK/run 92x36.png
  artifactKey: Guid(ad713cd1c9f6ce34f8c8167939c42e65) Importer(815301076,1909f56bfc062723c751e8b465ee728b)
Number of updated assets reloaded before import = 0
Start importing Assets/DARK Series Mega Pack 1/DARK Series - Platformer Starter Pack/Underground Tileset & Enemies/Sprites/Hell Bot DARK/run 92x36.png using Guid(ad713cd1c9f6ce34f8c8167939c42e65) Importer(815301076,1909f56bfc062723c751e8b465ee728b)  -> (artifact id: 'f5c32f6fb90b55ace481614a70cf6de3') in 0.013402 seconds 
Number of asset objects unloaded after import = 3
========================================================================
Received Import Request.
  Time since last request: 0.000013 seconds.
  path: Assets/DARK Series Mega Pack 1/DARK Series - Platformer Starter Pack/Underground Tileset & Enemies/Sprites/Hell Bot DARK/shoot 92x36.png
  artifactKey: Guid(67929cfb12f3e6641a4d9026338a3598) Importer(815301076,1909f56bfc062723c751e8b465ee728b)
Number of updated assets reloaded before import = 0
Start importing Assets/DARK Series Mega Pack 1/DARK Series - Platformer Starter Pack/Underground Tileset & Enemies/Sprites/Hell Bot DARK/shoot 92x36.png using Guid(67929cfb12f3e6641a4d9026338a3598) Importer(815301076,1909f56bfc062723c751e8b465ee728b)  -> (artifact id: '740a2cb40478cc1dec1243a7295388c6') in 0.011468 seconds 
Number of asset objects unloaded after import = 3
========================================================================
Received Import Request.
  Time since last request: 0.000016 seconds.
  path: Assets/DARK Series Mega Pack 1/DARK Series - Platformer Starter Pack/Underground Tileset & Enemies/Sprites/Hell Bot DARK/idle 92x36.png
  artifactKey: Guid(5510a0fa01e270240bf1cb5668732342) Importer(815301076,1909f56bfc062723c751e8b465ee728b)
Number of updated assets reloaded before import = 0
Start importing Assets/DARK Series Mega Pack 1/DARK Series - Platformer Starter Pack/Underground Tileset & Enemies/Sprites/Hell Bot DARK/idle 92x36.png using Guid(5510a0fa01e270240bf1cb5668732342) Importer(815301076,1909f56bfc062723c751e8b465ee728b)  -> (artifact id: '4e34d74805a668c6c5a2ad9729abd8d5') in 0.010426 seconds 
Number of asset objects unloaded after import = 3
========================================================================
Received Import Request.
  Time since last request: 0.000015 seconds.
  path: Assets/DARK Series Mega Pack 1/DARK Series - Platformer Starter Pack/Underground Tileset & Enemies/Sprites/Hell Bot DARK/hit 92x36.png
  artifactKey: Guid(eae245f715fb5d446a97451a398f12ef) Importer(815301076,1909f56bfc062723c751e8b465ee728b)
Number of updated assets reloaded before import = 0
Start importing Assets/DARK Series Mega Pack 1/DARK Series - Platformer Starter Pack/Underground Tileset & Enemies/Sprites/Hell Bot DARK/hit 92x36.png using Guid(eae245f715fb5d446a97451a398f12ef) Importer(815301076,1909f56bfc062723c751e8b465ee728b)  -> (artifact id: '1d419a589f8e243515149740fea2e2b2') in 0.011440 seconds 
Number of asset objects unloaded after import = 3
========================================================================
Received Import Request.
  Time since last request: 0.445839 seconds.
  path: Assets/DARK Series Mega Pack 1/DARK Series - Platformer Starter Pack/Underground Tileset & Enemies/Sprites/Wheel Bot/damaged 112x26.png
  artifactKey: Guid(b9dadaf5b79e61b46bdd2695213c6499) Importer(815301076,1909f56bfc062723c751e8b465ee728b)
Number of updated assets reloaded before import = 0
Start importing Assets/DARK Series Mega Pack 1/DARK Series - Platformer Starter Pack/Underground Tileset & Enemies/Sprites/Wheel Bot/damaged 112x26.png using Guid(b9dadaf5b79e61b46bdd2695213c6499) Importer(815301076,1909f56bfc062723c751e8b465ee728b)  -> (artifact id: '092754af841ec4b657c4fbd65a6a6a0d') in 0.017330 seconds 
Number of asset objects unloaded after import = 3
========================================================================
Received Import Request.
  Time since last request: 0.918824 seconds.
  path: Assets/DARK Series Mega Pack 1/DARK Series - Platformer Starter Pack/Underground Tileset & Enemies/Sprites/Wheel Bot/hot wheel dark.gif
  artifactKey: Guid(dd9ed314a3e152c40a8e250683ceb265) Importer(815301076,1909f56bfc062723c751e8b465ee728b)
Number of updated assets reloaded before import = 0
Start importing Assets/DARK Series Mega Pack 1/DARK Series - Platformer Starter Pack/Underground Tileset & Enemies/Sprites/Wheel Bot/hot wheel dark.gif using Guid(dd9ed314a3e152c40a8e250683ceb265) Importer(815301076,1909f56bfc062723c751e8b465ee728b)  -> (artifact id: 'e229e558e85b45b6bb38d382a353cbcb') in 0.013277 seconds 
Number of asset objects unloaded after import = 3
========================================================================
Received Import Request.
  Time since last request: 0.000016 seconds.
  path: Assets/DARK Series Mega Pack 1/DARK Series - Platformer Starter Pack/Underground Tileset & Enemies/Sprites/Wheel Bot/shoot 112x26.png
  artifactKey: Guid(588d73f512cfe0943baa62bb6dc7e785) Importer(815301076,1909f56bfc062723c751e8b465ee728b)
Number of updated assets reloaded before import = 0
Start importing Assets/DARK Series Mega Pack 1/DARK Series - Platformer Starter Pack/Underground Tileset & Enemies/Sprites/Wheel Bot/shoot 112x26.png using Guid(588d73f512cfe0943baa62bb6dc7e785) Importer(815301076,1909f56bfc062723c751e8b465ee728b)  -> (artifact id: '48b9f7a1a56cd5cd43785e9279022d51') in 0.012529 seconds 
Number of asset objects unloaded after import = 3
========================================================================
Received Import Request.
  Time since last request: 0.000014 seconds.
  path: Assets/DARK Series Mega Pack 1/DARK Series - Platformer Starter Pack/Underground Tileset & Enemies/Sprites/Wheel Bot/idle 112x26.png
  artifactKey: Guid(2c37055a575e3ee4ebb5d274c057311e) Importer(815301076,1909f56bfc062723c751e8b465ee728b)
Number of updated assets reloaded before import = 0
Start importing Assets/DARK Series Mega Pack 1/DARK Series - Platformer Starter Pack/Underground Tileset & Enemies/Sprites/Wheel Bot/idle 112x26.png using Guid(2c37055a575e3ee4ebb5d274c057311e) Importer(815301076,1909f56bfc062723c751e8b465ee728b)  -> (artifact id: '9a04fbb94f5e23f3594f129570d187a9') in 0.014903 seconds 
Number of asset objects unloaded after import = 3
========================================================================
Received Import Request.
  Time since last request: 0.000015 seconds.
  path: Assets/DARK Series Mega Pack 1/DARK Series - Platformer Starter Pack/Underground Tileset & Enemies/Sprites/Wheel Bot/fire dash 112x26.png
  artifactKey: Guid(57b97c9c536795241b241fad5d55134f) Importer(815301076,1909f56bfc062723c751e8b465ee728b)
Number of updated assets reloaded before import = 0
Start importing Assets/DARK Series Mega Pack 1/DARK Series - Platformer Starter Pack/Underground Tileset & Enemies/Sprites/Wheel Bot/fire dash 112x26.png using Guid(57b97c9c536795241b241fad5d55134f) Importer(815301076,1909f56bfc062723c751e8b465ee728b)  -> (artifact id: '198f40daf602a282965bebd7761f9ad7') in 0.012318 seconds 
Number of asset objects unloaded after import = 3
========================================================================
Received Import Request.
  Time since last request: 0.000016 seconds.
  path: Assets/DARK Series Mega Pack 1/DARK Series - Platformer Starter Pack/Underground Tileset & Enemies/Sprites/Wheel Bot/move 112x26.png
  artifactKey: Guid(dc08b602845240043a24be6d4e4c815c) Importer(815301076,1909f56bfc062723c751e8b465ee728b)
Number of updated assets reloaded before import = 0
Start importing Assets/DARK Series Mega Pack 1/DARK Series - Platformer Starter Pack/Underground Tileset & Enemies/Sprites/Wheel Bot/move 112x26.png using Guid(dc08b602845240043a24be6d4e4c815c) Importer(815301076,1909f56bfc062723c751e8b465ee728b)  -> (artifact id: '7077a31682b7918581a6a61f86c7ea2e') in 0.014670 seconds 
Number of asset objects unloaded after import = 3
========================================================================
Received Import Request.
  Time since last request: 0.000015 seconds.
  path: Assets/DARK Series Mega Pack 1/DARK Series - Platformer Starter Pack/Underground Tileset & Enemies/Sprites/Wheel Bot/wake 112x26.png
  artifactKey: Guid(1b29fcfd4c0d54447a037c92a2fc832f) Importer(815301076,1909f56bfc062723c751e8b465ee728b)
Number of updated assets reloaded before import = 0
Start importing Assets/DARK Series Mega Pack 1/DARK Series - Platformer Starter Pack/Underground Tileset & Enemies/Sprites/Wheel Bot/wake 112x26.png using Guid(1b29fcfd4c0d54447a037c92a2fc832f) Importer(815301076,1909f56bfc062723c751e8b465ee728b)  -> (artifact id: '9d094f1fb3500976036bb4cad5a7881d') in 0.013459 seconds 
Number of asset objects unloaded after import = 3
========================================================================
Received Import Request.
  Time since last request: 15.667269 seconds.
  path: Assets/DARK Series Mega Pack 1/DARK City Tileset/Examples/DARK City.png
  artifactKey: Guid(ae22a348ba8c21641a1c48409c9be927) Importer(815301076,1909f56bfc062723c751e8b465ee728b)
Number of updated assets reloaded before import = 0
Start importing Assets/DARK Series Mega Pack 1/DARK City Tileset/Examples/DARK City.png using Guid(ae22a348ba8c21641a1c48409c9be927) Importer(815301076,1909f56bfc062723c751e8b465ee728b)  -> (artifact id: '2abec965b8fe555e494afb251496f897') in 0.107293 seconds 
Number of asset objects unloaded after import = 3
========================================================================
Received Import Request.
  Time since last request: 0.249949 seconds.
  path: Assets/DARK Series Mega Pack 1/DARK City Tileset/Aseprite Files/DARK City.aseprite
  artifactKey: Guid(5463850d3d9364a43936e5d9e1e7c29c) Importer(815301076,1909f56bfc062723c751e8b465ee728b)
Number of updated assets reloaded before import = 0
Start importing Assets/DARK Series Mega Pack 1/DARK City Tileset/Aseprite Files/DARK City.aseprite using Guid(5463850d3d9364a43936e5d9e1e7c29c) Importer(815301076,1909f56bfc062723c751e8b465ee728b)  -> (artifact id: 'fdaf77964f5d6d2d13130a47ec9a8e13') in 0.045062 seconds 
Number of asset objects unloaded after import = 7
========================================================================
Received Import Request.
  Time since last request: 51.354548 seconds.
  path: Assets/DARK Series Mega Pack 1/DARK - Temple Guardians + Merchants/Sprites
  artifactKey: Guid(696ac2a559925c74aa2b1a696347108e) Importer(815301076,1909f56bfc062723c751e8b465ee728b)
Number of updated assets reloaded before import = 0
Start importing Assets/DARK Series Mega Pack 1/DARK - Temple Guardians + Merchants/Sprites using Guid(696ac2a559925c74aa2b1a696347108e) Importer(815301076,1909f56bfc062723c751e8b465ee728b)  -> (artifact id: 'e6e57c742f5ab81150959ba6507d173a') in 0.001319 seconds 
Number of asset objects unloaded after import = 0
========================================================================
Received Import Request.
  Time since last request: 4.122456 seconds.
  path: Assets/DARK Series Mega Pack 1/DARK - Temple Guardians + Merchants/Sprites/Merchants/Gem Merchant.png
  artifactKey: Guid(3f59038aae764bf4c9cd9ef6e25574ff) Importer(815301076,1909f56bfc062723c751e8b465ee728b)
Number of updated assets reloaded before import = 0
Start importing Assets/DARK Series Mega Pack 1/DARK - Temple Guardians + Merchants/Sprites/Merchants/Gem Merchant.png using Guid(3f59038aae764bf4c9cd9ef6e25574ff) Importer(815301076,1909f56bfc062723c751e8b465ee728b)  -> (artifact id: 'd4ac36bda1539d28835742f7e5734310') in 0.045340 seconds 
Number of asset objects unloaded after import = 14
========================================================================
Received Import Request.
  Time since last request: 0.000015 seconds.
  path: Assets/DARK Series Mega Pack 1/DARK - Temple Guardians + Merchants/Sprites/Merchants/Mushroom Merchant.png
  artifactKey: Guid(e9568bfcc769cb64caeeaa43fdd856da) Importer(815301076,1909f56bfc062723c751e8b465ee728b)
Number of updated assets reloaded before import = 0
Start importing Assets/DARK Series Mega Pack 1/DARK - Temple Guardians + Merchants/Sprites/Merchants/Mushroom Merchant.png using Guid(e9568bfcc769cb64caeeaa43fdd856da) Importer(815301076,1909f56bfc062723c751e8b465ee728b)  -> (artifact id: '24622fac5ebb3f00cd29fa1eed49f615') in 0.132799 seconds 
Number of asset objects unloaded after import = 26
========================================================================
Received Import Request.
  Time since last request: 28.066382 seconds.
  path: Assets/DARK Series Mega Pack 1/DARK - Temple Guardians + Merchants/Sprites/Spark Bug/Spark bug.png
  artifactKey: Guid(b573ad2f6aa8fc445ab5381d34515198) Importer(815301076,1909f56bfc062723c751e8b465ee728b)
Number of updated assets reloaded before import = 0
Start importing Assets/DARK Series Mega Pack 1/DARK - Temple Guardians + Merchants/Sprites/Spark Bug/Spark bug.png using Guid(b573ad2f6aa8fc445ab5381d34515198) Importer(815301076,1909f56bfc062723c751e8b465ee728b)  -> (artifact id: '377b944786b5c26700ccda0e9d70abeb') in 0.080986 seconds 
Number of asset objects unloaded after import = 34
========================================================================
Received Import Request.
  Time since last request: 2.118189 seconds.
  path: Assets/DARK Series Mega Pack 1/DARK - Temple Guardians + Merchants/Sprites/Temple Guardian/death.png
  artifactKey: Guid(82a0ed72486995044a4138063d179d7e) Importer(815301076,1909f56bfc062723c751e8b465ee728b)
Number of updated assets reloaded before import = 0
Start importing Assets/DARK Series Mega Pack 1/DARK - Temple Guardians + Merchants/Sprites/Temple Guardian/death.png using Guid(82a0ed72486995044a4138063d179d7e) Importer(815301076,1909f56bfc062723c751e8b465ee728b)  -> (artifact id: '7a4cf86aec7f8038b14bae76f9d03d49') in 0.039270 seconds 
Number of asset objects unloaded after import = 12
========================================================================
Received Import Request.
  Time since last request: 0.720197 seconds.
  path: Assets/DARK Series Mega Pack 1/DARK - Temple Guardians + Merchants/Sprites/Temple Guardian/Special With VFX.png
  artifactKey: Guid(3387154956ead7e4dadc6ab0651fda68) Importer(815301076,1909f56bfc062723c751e8b465ee728b)
Number of updated assets reloaded before import = 0
Start importing Assets/DARK Series Mega Pack 1/DARK - Temple Guardians + Merchants/Sprites/Temple Guardian/Special With VFX.png using Guid(3387154956ead7e4dadc6ab0651fda68) Importer(815301076,1909f56bfc062723c751e8b465ee728b)  -> (artifact id: '5cd15d152db81a74732b027846007bac') in 0.037585 seconds 
Number of asset objects unloaded after import = 16
========================================================================
Received Import Request.
  Time since last request: 0.824406 seconds.
  path: Assets/DARK Series Mega Pack 1/DARK - Temple Guardians + Merchants/Sprites/Temple Guardian/Return to Idle from Special.png
  artifactKey: Guid(4902454bfac49a44e935f9a600ca1cfe) Importer(815301076,1909f56bfc062723c751e8b465ee728b)
Number of updated assets reloaded before import = 0
Start importing Assets/DARK Series Mega Pack 1/DARK - Temple Guardians + Merchants/Sprites/Temple Guardian/Return to Idle from Special.png using Guid(4902454bfac49a44e935f9a600ca1cfe) Importer(815301076,1909f56bfc062723c751e8b465ee728b)  -> (artifact id: '9fd2d7f25edf56e558dfd026188a5020') in 0.023682 seconds 
Number of asset objects unloaded after import = 5
========================================================================
Received Import Request.
  Time since last request: 0.000024 seconds.
  path: Assets/DARK Series Mega Pack 1/DARK - Temple Guardians + Merchants/Sprites/Temple Guardian/walk.png
  artifactKey: Guid(fedb8a10db01348448c71fb261dddd84) Importer(815301076,1909f56bfc062723c751e8b465ee728b)
Number of updated assets reloaded before import = 0
Start importing Assets/DARK Series Mega Pack 1/DARK - Temple Guardians + Merchants/Sprites/Temple Guardian/walk.png using Guid(fedb8a10db01348448c71fb261dddd84) Importer(815301076,1909f56bfc062723c751e8b465ee728b)  -> (artifact id: '7b6745f97a21426814fb476863b0e25b') in 0.030921 seconds 
Number of asset objects unloaded after import = 10
========================================================================
Received Import Request.
  Time since last request: 0.000018 seconds.
  path: Assets/DARK Series Mega Pack 1/DARK - Temple Guardians + Merchants/Sprites/Temple Guardian/VFX for Special.png
  artifactKey: Guid(eabe6c0f0785c27419c993668dc29beb) Importer(815301076,1909f56bfc062723c751e8b465ee728b)
Number of updated assets reloaded before import = 0
Start importing Assets/DARK Series Mega Pack 1/DARK - Temple Guardians + Merchants/Sprites/Temple Guardian/VFX for Special.png using Guid(eabe6c0f0785c27419c993668dc29beb) Importer(815301076,1909f56bfc062723c751e8b465ee728b)  -> (artifact id: '26f620c9b70476b99e226198919d39f8') in 0.036232 seconds 
Number of asset objects unloaded after import = 13
========================================================================
Received Import Request.
  Time since last request: 3.973482 seconds.
  path: Assets/DARK Series Mega Pack 1/DARK - Temple Guardians + Merchants/Sprites/Temple Door/door fade.png
  artifactKey: Guid(ca140190e3aa1974f9448217762100a2) Importer(815301076,1909f56bfc062723c751e8b465ee728b)
Number of updated assets reloaded before import = 0
Start importing Assets/DARK Series Mega Pack 1/DARK - Temple Guardians + Merchants/Sprites/Temple Door/door fade.png using Guid(ca140190e3aa1974f9448217762100a2) Importer(815301076,1909f56bfc062723c751e8b465ee728b)  -> (artifact id: '27600b1e16737244503bb62280eedc37') in 0.070503 seconds 
Number of asset objects unloaded after import = 22
========================================================================
Received Import Request.
  Time since last request: 0.000017 seconds.
  path: Assets/DARK Series Mega Pack 1/DARK - Temple Guardians + Merchants/Sprites/Temple Door/Temple.png
  artifactKey: Guid(a066e983cae4e744fb9df6288925c2e1) Importer(815301076,1909f56bfc062723c751e8b465ee728b)
Number of updated assets reloaded before import = 0
Start importing Assets/DARK Series Mega Pack 1/DARK - Temple Guardians + Merchants/Sprites/Temple Door/Temple.png using Guid(a066e983cae4e744fb9df6288925c2e1) Importer(815301076,1909f56bfc062723c751e8b465ee728b)  -> (artifact id: '31e519a3f69fc14ec18f665ff4f30fc5') in 0.026212 seconds 
Number of asset objects unloaded after import = 3
========================================================================
Received Import Request.
  Time since last request: 0.000022 seconds.
  path: Assets/DARK Series Mega Pack 1/DARK - Temple Guardians + Merchants/Sprites/Temple Door/Temple Back.png
  artifactKey: Guid(e5be8923747ae6a41843c6b03165adec) Importer(815301076,1909f56bfc062723c751e8b465ee728b)
Number of updated assets reloaded before import = 0
Start importing Assets/DARK Series Mega Pack 1/DARK - Temple Guardians + Merchants/Sprites/Temple Door/Temple Back.png using Guid(e5be8923747ae6a41843c6b03165adec) Importer(815301076,1909f56bfc062723c751e8b465ee728b)  -> (artifact id: 'f544147969d218faca941d02a56847b8') in 0.016619 seconds 
Number of asset objects unloaded after import = 3
========================================================================
Received Import Request.
  Time since last request: 6.282172 seconds.
  path: Assets/DARK Series Mega Pack 1/DARK - Victorian Boss + Add on Tileset/Beneath Tileset/Animated Objects/torch.aseprite
  artifactKey: Guid(a5c57bc08da1c8742a3ef2305ea211f2) Importer(815301076,1909f56bfc062723c751e8b465ee728b)
Number of updated assets reloaded before import = 0
Start importing Assets/DARK Series Mega Pack 1/DARK - Victorian Boss + Add on Tileset/Beneath Tileset/Animated Objects/torch.aseprite using Guid(a5c57bc08da1c8742a3ef2305ea211f2) Importer(815301076,1909f56bfc062723c751e8b465ee728b)  -> (artifact id: '7ad592ce3eff7c31a66334183c085d05') in 0.036045 seconds 
Number of asset objects unloaded after import = 19
Editor requested this worker to shutdown with reason: Scaling down because of idle timeout
AssetImportWorker is now disconnected from the server
Process exiting
Exiting without the bug reporter. Application will terminate with return code 0