Using pre-set license
Built from '2021.3/staging' branch; Version is '2021.3.31f1 (3409e2af086f) revision 3410402'; Using compiler version '192829333'; Build Type 'Release'
OS: 'Windows 10  (10.0.19045) 64bit Core' Language: 'ko' Physical Memory: 16139 MB
BatchMode: 1, IsHumanControllingUs: 0, StartBugReporterOnCrash: 0, Is64bit: 1, IsPro: 1

COMMAND LINE ARGUMENTS:
D:\UnityEditorDownload\2021.3.31f1\Editor\Unity.exe
-adb2
-batchMode
-noUpm
-name
AssetImportWorker8
-projectPath
D:/Project archive/NightMareReturners
-logFile
Logs/AssetImportWorker8.log
-srvPort
4984
Successfully changed project path to: D:/Project archive/NightMareReturners
D:/Project archive/NightMareReturners
[UnityMemory] Configuration Parameters - Can be set up in boot.config
    "memorysetup-bucket-allocator-granularity=16"
    "memorysetup-bucket-allocator-bucket-count=8"
    "memorysetup-bucket-allocator-block-size=33554432"
    "memorysetup-bucket-allocator-block-count=8"
    "memorysetup-main-allocator-block-size=16777216"
    "memorysetup-thread-allocator-block-size=16777216"
    "memorysetup-gfx-main-allocator-block-size=16777216"
    "memorysetup-gfx-thread-allocator-block-size=16777216"
    "memorysetup-cache-allocator-block-size=4194304"
    "memorysetup-typetree-allocator-block-size=2097152"
    "memorysetup-profiler-bucket-allocator-granularity=16"
    "memorysetup-profiler-bucket-allocator-bucket-count=8"
    "memorysetup-profiler-bucket-allocator-block-size=33554432"
    "memorysetup-profiler-bucket-allocator-block-count=8"
    "memorysetup-profiler-allocator-block-size=16777216"
    "memorysetup-profiler-editor-allocator-block-size=1048576"
    "memorysetup-temp-allocator-size-main=16777216"
    "memorysetup-job-temp-allocator-block-size=2097152"
    "memorysetup-job-temp-allocator-block-size-background=1048576"
    "memorysetup-job-temp-allocator-reduction-small-platforms=262144"
    "memorysetup-temp-allocator-size-background-worker=32768"
    "memorysetup-temp-allocator-size-job-worker=262144"
    "memorysetup-temp-allocator-size-preload-manager=33554432"
    "memorysetup-temp-allocator-size-nav-mesh-worker=65536"
    "memorysetup-temp-allocator-size-audio-worker=65536"
    "memorysetup-temp-allocator-size-cloud-worker=32768"
    "memorysetup-temp-allocator-size-gi-baking-worker=262144"
    "memorysetup-temp-allocator-size-gfx=262144"
Player connection [14428] Host "[IP] 192.168.219.161 [Port] 0 [Flags] 2 [Guid] 2903941559 [EditorId] 2903941559 [Version] 1048832 [Id] WindowsEditor(7,DESKTOP-EDV24H0) [Debug] 1 [PackageName] WindowsEditor [ProjectName] Editor" joined multi-casting on [225.0.0.222:54997]...

Player connection [14428] Host "[IP] 192.168.219.161 [Port] 0 [Flags] 2 [Guid] 2903941559 [EditorId] 2903941559 [Version] 1048832 [Id] WindowsEditor(7,DESKTOP-EDV24H0) [Debug] 1 [PackageName] WindowsEditor [ProjectName] Editor" joined alternative multi-casting on [225.0.0.222:34997]...

[Physics::Module] Initialized MultithreadedJobDispatcher with {0} workers.
Refreshing native plugins compatible for Editor in 105.48 ms, found 4 plugins.
Preloading 0 native plugins for Editor in 0.00 ms.
Initialize engine version: 2021.3.31f1 (3409e2af086f)
[Subsystems] Discovering subsystems at path D:/UnityEditorDownload/2021.3.31f1/Editor/Data/Resources/UnitySubsystems
[Subsystems] Discovering subsystems at path D:/Project archive/NightMareReturners/Assets
GfxDevice: creating device client; threaded=0; jobified=0
Direct3D:
    Version:  Direct3D 11.0 [level 11.1]
    Renderer: NVIDIA GeForce RTX 3060 (ID=0x2504)
    Vendor:   NVIDIA
    VRAM:     12115 MB
    Driver:   32.0.15.6070
Initialize mono
Mono path[0] = 'D:/UnityEditorDownload/2021.3.31f1/Editor/Data/Managed'
Mono path[1] = 'D:/UnityEditorDownload/2021.3.31f1/Editor/Data/MonoBleedingEdge/lib/mono/unityjit-win32'
Mono config path = 'D:/UnityEditorDownload/2021.3.31f1/Editor/Data/MonoBleedingEdge/etc'
Using monoOptions --debugger-agent=transport=dt_socket,embedding=1,server=y,suspend=n,address=127.0.0.1:56760
Begin MonoManager ReloadAssembly
Registering precompiled unity dll's ...
Register platform support module: D:/UnityEditorDownload/2021.3.31f1/Editor/Data/PlaybackEngines/AndroidPlayer/UnityEditor.Android.Extensions.dll
Register platform support module: D:/UnityEditorDownload/2021.3.31f1/Editor/Data/PlaybackEngines/iOSSupport/UnityEditor.iOS.Extensions.dll
Register platform support module: D:/UnityEditorDownload/2021.3.31f1/Editor/Data/PlaybackEngines/WindowsStandaloneSupport/UnityEditor.WindowsStandalone.Extensions.dll
Registered in 0.002631 seconds.
Native extension for WindowsStandalone target not found
[usbmuxd] Start listen thread
[usbmuxd] Listen thread started
Native extension for iOS target not found
Native extension for Android target not found
Android Extension - Scanning For ADB Devices 315 ms
Refreshing native plugins compatible for Editor in 101.41 ms, found 4 plugins.
Preloading 0 native plugins for Editor in 0.00 ms.
Mono: successfully reloaded assembly
- Completed reload, in  0.922 seconds
Domain Reload Profiling:
	ReloadAssembly (923ms)
		BeginReloadAssembly (76ms)
			ExecutionOrderSort (0ms)
			DisableScriptedObjects (0ms)
			BackupInstance (0ms)
			ReleaseScriptingObjects (0ms)
			CreateAndSetChildDomain (0ms)
		EndReloadAssembly (771ms)
			LoadAssemblies (76ms)
			RebuildTransferFunctionScriptingTraits (0ms)
			SetupTypeCache (90ms)
			ReleaseScriptCaches (0ms)
			RebuildScriptCaches (25ms)
			SetupLoadedEditorAssemblies (623ms)
				LogAssemblyErrors (0ms)
				InitializePlatformSupportModulesInManaged (398ms)
				SetLoadedEditorAssemblies (0ms)
				RefreshPlugins (101ms)
				BeforeProcessingInitializeOnLoad (1ms)
				ProcessInitializeOnLoadAttributes (77ms)
				ProcessInitializeOnLoadMethodAttributes (44ms)
				AfterProcessingInitializeOnLoad (0ms)
				EditorAssembliesLoaded (0ms)
			ExecutionOrderSort2 (0ms)
			AwakeInstancesAfterBackupRestoration (0ms)
Platform modules already initialized, skipping
Registering precompiled user dll's ...
Registered in 0.005130 seconds.
Begin MonoManager ReloadAssembly
Native extension for WindowsStandalone target not found
Native extension for iOS target not found
Native extension for Android target not found
Refreshing native plugins compatible for Editor in 101.25 ms, found 4 plugins.
Preloading 0 native plugins for Editor in 0.00 ms.
Package Manager log level set to [2]
[Package Manager] Server::EnsureServerProcessIsRunning -- launch failed, reason: Unity was launched with the -noUpm command-line argument
[Package Manager] Cannot connect to Unity Package Manager local server
Mono: successfully reloaded assembly
- Completed reload, in  1.450 seconds
Domain Reload Profiling:
	ReloadAssembly (1451ms)
		BeginReloadAssembly (89ms)
			ExecutionOrderSort (0ms)
			DisableScriptedObjects (5ms)
			BackupInstance (0ms)
			ReleaseScriptingObjects (0ms)
			CreateAndSetChildDomain (18ms)
		EndReloadAssembly (1273ms)
			LoadAssemblies (67ms)
			RebuildTransferFunctionScriptingTraits (0ms)
			SetupTypeCache (222ms)
			ReleaseScriptCaches (1ms)
			RebuildScriptCaches (59ms)
			SetupLoadedEditorAssemblies (887ms)
				LogAssemblyErrors (0ms)
				InitializePlatformSupportModulesInManaged (24ms)
				SetLoadedEditorAssemblies (0ms)
				RefreshPlugins (101ms)
				BeforeProcessingInitializeOnLoad (86ms)
				ProcessInitializeOnLoadAttributes (631ms)
				ProcessInitializeOnLoadMethodAttributes (42ms)
				AfterProcessingInitializeOnLoad (3ms)
				EditorAssembliesLoaded (0ms)
			ExecutionOrderSort2 (0ms)
			AwakeInstancesAfterBackupRestoration (5ms)
Platform modules already initialized, skipping
========================================================================
Worker process is ready to serve import requests
Launched and connected shader compiler UnityShaderCompiler.exe after 0.05 seconds
Refreshing native plugins compatible for Editor in 0.58 ms, found 4 plugins.
Preloading 0 native plugins for Editor in 0.00 ms.
Unloading 4453 Unused Serialized files (Serialized files now loaded: 0)
Unloading 52 unused Assets / (119.3 KB). Loaded Objects now: 4916.
Memory consumption went from 174.3 MB to 174.2 MB.
Total: 2.290100 ms (FindLiveObjects: 0.186500 ms CreateObjectMapping: 0.055300 ms MarkObjects: 1.974500 ms  DeleteObjects: 0.073100 ms)

AssetImportParameters requested are different than current active one (requested -> active):
  custom:video-decoder-ogg-theora: a1e56fd34408186e4bbccfd4996cb3dc -> 
  custom:container-muxer-webm: aa71ff27fc2769a1b78a27578f13a17b -> 
  custom:container-demuxer-webm: 4f35f7cbe854078d1ac9338744f61a02 -> 
  custom:video-encoder-webm-vp8: eb34c28f22e8b96e1ab97ce403110664 -> 
  custom:CustomObjectIndexerAttribute: bc11b3a6c3213fcdd17b65e7da85e133 -> 
  custom:audio-encoder-webm-vorbis: bf7c407c2cedff20999df2af8eb42d56 -> 
  custom:framework-win-MediaFoundation: 216162199b28c13a410421893ffa2e32 -> 
  custom:SearchIndexIgnoredProperties: e643bd26f0fe6173181afceb89e7c659 -> 
  custom:container-demuxer-ogg: 62fdf1f143b41e24485cea50d1cbac27 -> 
  custom:video-decoder-webm-vp8: 9c59270c3fd7afecdb556c50c9e8de78 -> 
  custom:audio-decoder-ogg-vorbis: bf7c407c2cedff20999df2af8eb42d56 -> 
========================================================================
Received Import Request.
  Time since last request: 112578.260859 seconds.
  path: Assets/3.Sprites/1.Player/PLAYER_R2/hammer_motionenergy.png
  artifactKey: Guid(260dac50273b46848a41c728bbc19feb) Importer(815301076,1909f56bfc062723c751e8b465ee728b)
Number of updated assets reloaded before import = 0
Start importing Assets/3.Sprites/1.Player/PLAYER_R2/hammer_motionenergy.png using Guid(260dac50273b46848a41c728bbc19feb) Importer(815301076,1909f56bfc062723c751e8b465ee728b)  -> (artifact id: 'c3013edc3a775c6d95d3266221bcfd2c') in 0.093043 seconds 
Number of asset objects unloaded after import = 3
========================================================================
Received Import Request.
  Time since last request: 128.098090 seconds.
  path: Assets/3.Sprites/1.Player/PLAYER_R2/hammer_motionenergy.png
  artifactKey: Guid(260dac50273b46848a41c728bbc19feb) Importer(815301076,1909f56bfc062723c751e8b465ee728b)
Number of updated assets reloaded before import = 0
Start importing Assets/3.Sprites/1.Player/PLAYER_R2/hammer_motionenergy.png using Guid(260dac50273b46848a41c728bbc19feb) Importer(815301076,1909f56bfc062723c751e8b465ee728b)  -> (artifact id: '85f5806957036a2e0edf3d697ae05353') in 0.013489 seconds 
Number of asset objects unloaded after import = 2
========================================================================
Received Import Request.
  Time since last request: 0.010635 seconds.
  path: Assets/3.Sprites/1.Player/PLAYER_R2/jab_motionenergy.png
  artifactKey: Guid(68a7951f641d4f34fb3f1ceca9a30666) Importer(815301076,1909f56bfc062723c751e8b465ee728b)
Number of updated assets reloaded before import = 0
Start importing Assets/3.Sprites/1.Player/PLAYER_R2/jab_motionenergy.png using Guid(68a7951f641d4f34fb3f1ceca9a30666) Importer(815301076,1909f56bfc062723c751e8b465ee728b)  -> (artifact id: '68fcab64c26120bf09a73dedd913138e') in 0.011252 seconds 
Number of asset objects unloaded after import = 2
========================================================================
Received Import Request.
  Time since last request: 0.000017 seconds.
  path: Assets/3.Sprites/1.Player/PLAYER_R2/hard_punch_motionenergy.png
  artifactKey: Guid(2c1b88bb8d2dc5c408ec707427d78f76) Importer(815301076,1909f56bfc062723c751e8b465ee728b)
Number of updated assets reloaded before import = 0
Start importing Assets/3.Sprites/1.Player/PLAYER_R2/hard_punch_motionenergy.png using Guid(2c1b88bb8d2dc5c408ec707427d78f76) Importer(815301076,1909f56bfc062723c751e8b465ee728b)  -> (artifact id: '0d7bce0fc17387318d2166de3c99a304') in 0.011837 seconds 
Number of asset objects unloaded after import = 2
========================================================================
Received Import Request.
  Time since last request: 16.879528 seconds.
  path: Assets/3.Sprites/1.Player/PLAYER_R2/uppercut_motion.png
  artifactKey: Guid(ea6e9c2e84257f245a2e997fe3952c36) Importer(815301076,1909f56bfc062723c751e8b465ee728b)
Number of updated assets reloaded before import = 0
Start importing Assets/3.Sprites/1.Player/PLAYER_R2/uppercut_motion.png using Guid(ea6e9c2e84257f245a2e997fe3952c36) Importer(815301076,1909f56bfc062723c751e8b465ee728b)  -> (artifact id: '62e62a4bef0d050a3e550a3f9bcd12b0') in 0.050047 seconds 
Number of asset objects unloaded after import = 9
========================================================================
Received Import Request.
  Time since last request: 14.050691 seconds.
  path: Assets/3.Sprites/1.Player/PLAYER_R2/jab_motionenergy.png
  artifactKey: Guid(68a7951f641d4f34fb3f1ceca9a30666) Importer(815301076,1909f56bfc062723c751e8b465ee728b)
Number of updated assets reloaded before import = 0
Start importing Assets/3.Sprites/1.Player/PLAYER_R2/jab_motionenergy.png using Guid(68a7951f641d4f34fb3f1ceca9a30666) Importer(815301076,1909f56bfc062723c751e8b465ee728b)  -> (artifact id: '93489d6c205a3c3cdf457fdb1ec06573') in 0.049215 seconds 
Number of asset objects unloaded after import = 7
========================================================================
Received Import Request.
  Time since last request: 13.031601 seconds.
  path: Assets/3.Sprites/1.Player/PLAYER_R2/hard_punch_motionenergy.png
  artifactKey: Guid(2c1b88bb8d2dc5c408ec707427d78f76) Importer(815301076,1909f56bfc062723c751e8b465ee728b)
Number of updated assets reloaded before import = 0
Start importing Assets/3.Sprites/1.Player/PLAYER_R2/hard_punch_motionenergy.png using Guid(2c1b88bb8d2dc5c408ec707427d78f76) Importer(815301076,1909f56bfc062723c751e8b465ee728b)  -> (artifact id: 'c51c73b9463c6194e4f84be3f2f69a2a') in 0.072930 seconds 
Number of asset objects unloaded after import = 15
========================================================================
Received Import Request.
  Time since last request: 18.139670 seconds.
  path: Assets/3.Sprites/1.Player/PLAYER_R2/hammer_motionenergy.png
  artifactKey: Guid(260dac50273b46848a41c728bbc19feb) Importer(815301076,1909f56bfc062723c751e8b465ee728b)
Number of updated assets reloaded before import = 0
Start importing Assets/3.Sprites/1.Player/PLAYER_R2/hammer_motionenergy.png using Guid(260dac50273b46848a41c728bbc19feb) Importer(815301076,1909f56bfc062723c751e8b465ee728b)  -> (artifact id: '75fbb6031bc3eeac5505eb0b5da4265a') in 0.076135 seconds 
Number of asset objects unloaded after import = 17
========================================================================
Received Import Request.
  Time since last request: 17.563636 seconds.
  path: Assets/3.Sprites/1.Player/PLAYER_R2/cross_motionenergy.png
  artifactKey: Guid(a53dcb64eeac4ab40bb5b41ece86b312) Importer(815301076,1909f56bfc062723c751e8b465ee728b)
Number of updated assets reloaded before import = 0
Start importing Assets/3.Sprites/1.Player/PLAYER_R2/cross_motionenergy.png using Guid(a53dcb64eeac4ab40bb5b41ece86b312) Importer(815301076,1909f56bfc062723c751e8b465ee728b)  -> (artifact id: '1c33ca325aca6b2bb33d619d8dde7d37') in 0.019558 seconds 
Number of asset objects unloaded after import = 8
========================================================================
Received Import Request.
  Time since last request: 345.105738 seconds.
  path: Assets/3.Sprites/1.Player/PLAYER_R2/uppercut_motion.png
  artifactKey: Guid(ea6e9c2e84257f245a2e997fe3952c36) Importer(815301076,1909f56bfc062723c751e8b465ee728b)
Number of updated assets reloaded before import = 0
Start importing Assets/3.Sprites/1.Player/PLAYER_R2/uppercut_motion.png using Guid(ea6e9c2e84257f245a2e997fe3952c36) Importer(815301076,1909f56bfc062723c751e8b465ee728b)  -> (artifact id: '6eca48fb0e7ab207d9e16bed39ab4972') in 0.013558 seconds 
Number of asset objects unloaded after import = 2
========================================================================
Received Import Request.
  Time since last request: 14.099443 seconds.
  path: Assets/3.Sprites/1.Player/PLAYER_R2/uppercut_motion.png
  artifactKey: Guid(ea6e9c2e84257f245a2e997fe3952c36) Importer(815301076,1909f56bfc062723c751e8b465ee728b)
Number of updated assets reloaded before import = 0
Start importing Assets/3.Sprites/1.Player/PLAYER_R2/uppercut_motion.png using Guid(ea6e9c2e84257f245a2e997fe3952c36) Importer(815301076,1909f56bfc062723c751e8b465ee728b)  -> (artifact id: 'fbf62636f528b539f3a004e972249cf2') in 0.043964 seconds 
Number of asset objects unloaded after import = 9
========================================================================
Received Import Request.
  Time since last request: 84.615508 seconds.
  path: Assets/3.Sprites/1.Player/PLAYER_R2/uppercut_motion.png
  artifactKey: Guid(ea6e9c2e84257f245a2e997fe3952c36) Importer(815301076,1909f56bfc062723c751e8b465ee728b)
Number of updated assets reloaded before import = 0
Start importing Assets/3.Sprites/1.Player/PLAYER_R2/uppercut_motion.png using Guid(ea6e9c2e84257f245a2e997fe3952c36) Importer(815301076,1909f56bfc062723c751e8b465ee728b)  -> (artifact id: '2d40adc000080caaba3ab412bbe0169d') in 0.020510 seconds 
Number of asset objects unloaded after import = 9
========================================================================
Received Import Request.
  Time since last request: 90.121375 seconds.
  path: Assets/3.Sprites/1.Player/PLAYER_R2/run_motionenergy.png
  artifactKey: Guid(29b60cc888c99fd4bae28c5f8ea6db34) Importer(815301076,1909f56bfc062723c751e8b465ee728b)
Number of updated assets reloaded before import = 0
Start importing Assets/3.Sprites/1.Player/PLAYER_R2/run_motionenergy.png using Guid(29b60cc888c99fd4bae28c5f8ea6db34) Importer(815301076,1909f56bfc062723c751e8b465ee728b)  -> (artifact id: '0a578f71e6e646018ca313de90a0cdc0') in 0.031498 seconds 
Number of asset objects unloaded after import = 3
========================================================================
Received Import Request.
  Time since last request: 7.620028 seconds.
  path: Assets/3.Sprites/1.Player/PLAYER_R2/run_motionenergy.png
  artifactKey: Guid(29b60cc888c99fd4bae28c5f8ea6db34) Importer(815301076,1909f56bfc062723c751e8b465ee728b)
Number of updated assets reloaded before import = 0
Start importing Assets/3.Sprites/1.Player/PLAYER_R2/run_motionenergy.png using Guid(29b60cc888c99fd4bae28c5f8ea6db34) Importer(815301076,1909f56bfc062723c751e8b465ee728b)  -> (artifact id: 'e348a11b259e51870e5d9dfa9cbeba48') in 0.010908 seconds 
Number of asset objects unloaded after import = 2
========================================================================
Received Import Request.
  Time since last request: 9.414462 seconds.
  path: Assets/3.Sprites/1.Player/PLAYER_R2/run_motionenergy.png
  artifactKey: Guid(29b60cc888c99fd4bae28c5f8ea6db34) Importer(815301076,1909f56bfc062723c751e8b465ee728b)
Number of updated assets reloaded before import = 0
Start importing Assets/3.Sprites/1.Player/PLAYER_R2/run_motionenergy.png using Guid(29b60cc888c99fd4bae28c5f8ea6db34) Importer(815301076,1909f56bfc062723c751e8b465ee728b)  -> (artifact id: '968ca402a4776020ae85001d60669b67') in 0.049643 seconds 
Number of asset objects unloaded after import = 8
========================================================================
Received Import Request.
  Time since last request: 5.616772 seconds.
  path: Assets/3.Sprites/1.Player/PLAYER_R2/run_motionenergy.png
  artifactKey: Guid(29b60cc888c99fd4bae28c5f8ea6db34) Importer(815301076,1909f56bfc062723c751e8b465ee728b)
Number of updated assets reloaded before import = 0
Start importing Assets/3.Sprites/1.Player/PLAYER_R2/run_motionenergy.png using Guid(29b60cc888c99fd4bae28c5f8ea6db34) Importer(815301076,1909f56bfc062723c751e8b465ee728b)  -> (artifact id: '56eb5de291f9aea7de70ab553d11a172') in 0.037748 seconds 
Number of asset objects unloaded after import = 8
========================================================================
Received Import Request.
  Time since last request: 186.725745 seconds.
  path: Assets/1.Scenes/SampleScene.unity
  artifactKey: Guid(2cda990e2423bbf4892e6590ba056729) Importer(815301076,1909f56bfc062723c751e8b465ee728b)
Number of updated assets reloaded before import = 0
Start importing Assets/1.Scenes/SampleScene.unity using Guid(2cda990e2423bbf4892e6590ba056729) Importer(815301076,1909f56bfc062723c751e8b465ee728b)  -> (artifact id: '5c1a17dc511e681cc2842e111701e98f') in 0.001565 seconds 
Number of asset objects unloaded after import = 0
========================================================================
Received Prepare
Registering precompiled user dll's ...
Registered in 0.004076 seconds.
Begin MonoManager ReloadAssembly
Native extension for WindowsStandalone target not found
Native extension for iOS target not found
Native extension for Android target not found
Refreshing native plugins compatible for Editor in 1.00 ms, found 4 plugins.
Preloading 0 native plugins for Editor in 0.00 ms.
[Package Manager] Server::EnsureServerProcessIsRunning -- launch failed, reason: Unity was launched with the -noUpm command-line argument
[Package Manager] Cannot connect to Unity Package Manager local server
Mono: successfully reloaded assembly
- Completed reload, in  1.315 seconds
Domain Reload Profiling:
	ReloadAssembly (1316ms)
		BeginReloadAssembly (134ms)
			ExecutionOrderSort (0ms)
			DisableScriptedObjects (5ms)
			BackupInstance (0ms)
			ReleaseScriptingObjects (0ms)
			CreateAndSetChildDomain (35ms)
		EndReloadAssembly (1105ms)
			LoadAssemblies (97ms)
			RebuildTransferFunctionScriptingTraits (0ms)
			SetupTypeCache (207ms)
			ReleaseScriptCaches (1ms)
			RebuildScriptCaches (41ms)
			SetupLoadedEditorAssemblies (741ms)
				LogAssemblyErrors (0ms)
				InitializePlatformSupportModulesInManaged (26ms)
				SetLoadedEditorAssemblies (0ms)
				RefreshPlugins (1ms)
				BeforeProcessingInitializeOnLoad (62ms)
				ProcessInitializeOnLoadAttributes (603ms)
				ProcessInitializeOnLoadMethodAttributes (45ms)
				AfterProcessingInitializeOnLoad (3ms)
				EditorAssembliesLoaded (0ms)
			ExecutionOrderSort2 (0ms)
			AwakeInstancesAfterBackupRestoration (7ms)
Platform modules already initialized, skipping
Refreshing native plugins compatible for Editor in 1.15 ms, found 4 plugins.
Preloading 0 native plugins for Editor in 0.00 ms.
Unloading 4427 Unused Serialized files (Serialized files now loaded: 0)
Unloading 27 unused Assets / (92.6 KB). Loaded Objects now: 4946.
Memory consumption went from 171.7 MB to 171.6 MB.
Total: 3.129500 ms (FindLiveObjects: 0.312600 ms CreateObjectMapping: 0.115400 ms MarkObjects: 2.664500 ms  DeleteObjects: 0.036100 ms)

AssetImportParameters requested are different than current active one (requested -> active):
  custom:video-decoder-ogg-theora: a1e56fd34408186e4bbccfd4996cb3dc -> 
  custom:container-muxer-webm: aa71ff27fc2769a1b78a27578f13a17b -> 
  custom:container-demuxer-webm: 4f35f7cbe854078d1ac9338744f61a02 -> 
  custom:video-encoder-webm-vp8: eb34c28f22e8b96e1ab97ce403110664 -> 
  custom:CustomObjectIndexerAttribute: bc11b3a6c3213fcdd17b65e7da85e133 -> 
  custom:audio-encoder-webm-vorbis: bf7c407c2cedff20999df2af8eb42d56 -> 
  custom:framework-win-MediaFoundation: 216162199b28c13a410421893ffa2e32 -> 
  custom:SearchIndexIgnoredProperties: e643bd26f0fe6173181afceb89e7c659 -> 
  custom:container-demuxer-ogg: 62fdf1f143b41e24485cea50d1cbac27 -> 
  custom:video-decoder-webm-vp8: 9c59270c3fd7afecdb556c50c9e8de78 -> 
  custom:audio-decoder-ogg-vorbis: bf7c407c2cedff20999df2af8eb42d56 -> 
