Using pre-set license
Built from '2021.3/staging' branch; Version is '2021.3.31f1 (3409e2af086f) revision 3410402'; Using compiler version '192829333'; Build Type 'Release'
OS: 'Windows 11  (10.0.22631) 64bit Core' Language: 'ko' Physical Memory: 32470 MB
BatchMode: 1, IsHumanControllingUs: 0, StartBugReporterOnCrash: 0, Is64bit: 1, IsPro: 1

COMMAND LINE ARGUMENTS:
C:\Program Files\Unity\Hub\Editor\2021.3.31f1\Editor\Unity.exe
-adb2
-batchMode
-noUpm
-name
AssetImportWorker1
-projectPath
C:/Users/user/Documents/GitHub/NightMareReturner
-logFile
Logs/AssetImportWorker1.log
-srvPort
50477
Successfully changed project path to: C:/Users/user/Documents/GitHub/NightMareReturner
C:/Users/user/Documents/GitHub/NightMareReturner
[UnityMemory] Configuration Parameters - Can be set up in boot.config
    "memorysetup-bucket-allocator-granularity=16"
    "memorysetup-bucket-allocator-bucket-count=8"
    "memorysetup-bucket-allocator-block-size=33554432"
    "memorysetup-bucket-allocator-block-count=8"
    "memorysetup-main-allocator-block-size=16777216"
    "memorysetup-thread-allocator-block-size=16777216"
    "memorysetup-gfx-main-allocator-block-size=16777216"
    "memorysetup-gfx-thread-allocator-block-size=16777216"
    "memorysetup-cache-allocator-block-size=4194304"
    "memorysetup-typetree-allocator-block-size=2097152"
    "memorysetup-profiler-bucket-allocator-granularity=16"
    "memorysetup-profiler-bucket-allocator-bucket-count=8"
    "memorysetup-profiler-bucket-allocator-block-size=33554432"
    "memorysetup-profiler-bucket-allocator-block-count=8"
    "memorysetup-profiler-allocator-block-size=16777216"
    "memorysetup-profiler-editor-allocator-block-size=1048576"
    "memorysetup-temp-allocator-size-main=16777216"
    "memorysetup-job-temp-allocator-block-size=2097152"
    "memorysetup-job-temp-allocator-block-size-background=1048576"
    "memorysetup-job-temp-allocator-reduction-small-platforms=262144"
    "memorysetup-temp-allocator-size-background-worker=32768"
    "memorysetup-temp-allocator-size-job-worker=262144"
    "memorysetup-temp-allocator-size-preload-manager=33554432"
    "memorysetup-temp-allocator-size-nav-mesh-worker=65536"
    "memorysetup-temp-allocator-size-audio-worker=65536"
    "memorysetup-temp-allocator-size-cloud-worker=32768"
    "memorysetup-temp-allocator-size-gi-baking-worker=262144"
    "memorysetup-temp-allocator-size-gfx=262144"
Player connection [34424] Host "[IP] 192.168.219.103 [Port] 0 [Flags] 2 [Guid] 763906515 [EditorId] 763906515 [Version] 1048832 [Id] WindowsEditor(7,DESKTOP-6U2F1F0) [Debug] 1 [PackageName] WindowsEditor [ProjectName] Editor" joined multi-casting on [225.0.0.222:54997]...

Player connection [34424] Host "[IP] 192.168.219.103 [Port] 0 [Flags] 2 [Guid] 763906515 [EditorId] 763906515 [Version] 1048832 [Id] WindowsEditor(7,DESKTOP-6U2F1F0) [Debug] 1 [PackageName] WindowsEditor [ProjectName] Editor" joined alternative multi-casting on [225.0.0.222:34997]...

[Physics::Module] Initialized MultithreadedJobDispatcher with {0} workers.
Refreshing native plugins compatible for Editor in 90.70 ms, found 4 plugins.
Preloading 0 native plugins for Editor in 0.00 ms.
Initialize engine version: 2021.3.31f1 (3409e2af086f)
[Subsystems] Discovering subsystems at path C:/Program Files/Unity/Hub/Editor/2021.3.31f1/Editor/Data/Resources/UnitySubsystems
[Subsystems] Discovering subsystems at path C:/Users/user/Documents/GitHub/NightMareReturner/Assets
GfxDevice: creating device client; threaded=0; jobified=0
Direct3D:
    Version:  Direct3D 11.0 [level 11.1]
    Renderer: NVIDIA GeForce RTX 4060 Laptop GPU (ID=0x28a0)
    Vendor:   NVIDIA
    VRAM:     7971 MB
    Driver:   31.0.15.2892
Initialize mono
Mono path[0] = 'C:/Program Files/Unity/Hub/Editor/2021.3.31f1/Editor/Data/Managed'
Mono path[1] = 'C:/Program Files/Unity/Hub/Editor/2021.3.31f1/Editor/Data/MonoBleedingEdge/lib/mono/unityjit-win32'
Mono config path = 'C:/Program Files/Unity/Hub/Editor/2021.3.31f1/Editor/Data/MonoBleedingEdge/etc'
Using monoOptions --debugger-agent=transport=dt_socket,embedding=1,server=y,suspend=n,address=127.0.0.1:56428
Begin MonoManager ReloadAssembly
Registering precompiled unity dll's ...
Register platform support module: C:/Program Files/Unity/Hub/Editor/2021.3.31f1/Editor/Data/PlaybackEngines/AndroidPlayer/UnityEditor.Android.Extensions.dll
Register platform support module: C:/Program Files/Unity/Hub/Editor/2021.3.31f1/Editor/Data/PlaybackEngines/WindowsStandaloneSupport/UnityEditor.WindowsStandalone.Extensions.dll
Registered in 0.003082 seconds.
Native extension for WindowsStandalone target not found
Native extension for Android target not found
Android Extension - Scanning For ADB Devices 771 ms
Refreshing native plugins compatible for Editor in 76.36 ms, found 4 plugins.
Preloading 0 native plugins for Editor in 0.00 ms.
Mono: successfully reloaded assembly
- Completed reload, in  1.332 seconds
Domain Reload Profiling:
	ReloadAssembly (1333ms)
		BeginReloadAssembly (69ms)
			ExecutionOrderSort (0ms)
			DisableScriptedObjects (0ms)
			BackupInstance (0ms)
			ReleaseScriptingObjects (0ms)
			CreateAndSetChildDomain (1ms)
		EndReloadAssembly (1189ms)
			LoadAssemblies (67ms)
			RebuildTransferFunctionScriptingTraits (0ms)
			SetupTypeCache (104ms)
			ReleaseScriptCaches (0ms)
			RebuildScriptCaches (19ms)
			SetupLoadedEditorAssemblies (1031ms)
				LogAssemblyErrors (0ms)
				InitializePlatformSupportModulesInManaged (849ms)
				SetLoadedEditorAssemblies (0ms)
				RefreshPlugins (76ms)
				BeforeProcessingInitializeOnLoad (2ms)
				ProcessInitializeOnLoadAttributes (69ms)
				ProcessInitializeOnLoadMethodAttributes (34ms)
				AfterProcessingInitializeOnLoad (0ms)
				EditorAssembliesLoaded (0ms)
			ExecutionOrderSort2 (0ms)
			AwakeInstancesAfterBackupRestoration (0ms)
Platform modules already initialized, skipping
Registering precompiled user dll's ...
Registered in 0.006912 seconds.
Begin MonoManager ReloadAssembly
Native extension for WindowsStandalone target not found
Native extension for Android target not found
Refreshing native plugins compatible for Editor in 74.92 ms, found 4 plugins.
Preloading 0 native plugins for Editor in 0.00 ms.
Package Manager log level set to [2]
[Package Manager] Server::EnsureServerProcessIsRunning -- launch failed, reason: Unity was launched with the -noUpm command-line argument
[Package Manager] Cannot connect to Unity Package Manager local server
Mono: successfully reloaded assembly
- Completed reload, in  1.331 seconds
Domain Reload Profiling:
	ReloadAssembly (1332ms)
		BeginReloadAssembly (96ms)
			ExecutionOrderSort (0ms)
			DisableScriptedObjects (4ms)
			BackupInstance (0ms)
			ReleaseScriptingObjects (0ms)
			CreateAndSetChildDomain (14ms)
		EndReloadAssembly (1150ms)
			LoadAssemblies (82ms)
			RebuildTransferFunctionScriptingTraits (0ms)
			SetupTypeCache (188ms)
			ReleaseScriptCaches (0ms)
			RebuildScriptCaches (45ms)
			SetupLoadedEditorAssemblies (811ms)
				LogAssemblyErrors (0ms)
				InitializePlatformSupportModulesInManaged (14ms)
				SetLoadedEditorAssemblies (0ms)
				RefreshPlugins (75ms)
				BeforeProcessingInitializeOnLoad (70ms)
				ProcessInitializeOnLoadAttributes (613ms)
				ProcessInitializeOnLoadMethodAttributes (35ms)
				AfterProcessingInitializeOnLoad (5ms)
				EditorAssembliesLoaded (0ms)
			ExecutionOrderSort2 (0ms)
			AwakeInstancesAfterBackupRestoration (4ms)
Platform modules already initialized, skipping
========================================================================
Worker process is ready to serve import requests
Launched and connected shader compiler UnityShaderCompiler.exe after 0.04 seconds
Refreshing native plugins compatible for Editor in 0.74 ms, found 4 plugins.
Preloading 0 native plugins for Editor in 0.00 ms.
Unloading 4453 Unused Serialized files (Serialized files now loaded: 0)
Unloading 52 unused Assets / (119.4 KB). Loaded Objects now: 4913.
Memory consumption went from 174.2 MB to 174.1 MB.
Total: 3.159000 ms (FindLiveObjects: 0.356100 ms CreateObjectMapping: 0.148800 ms MarkObjects: 2.568300 ms  DeleteObjects: 0.084300 ms)

AssetImportParameters requested are different than current active one (requested -> active):
  custom:video-decoder-ogg-theora: a1e56fd34408186e4bbccfd4996cb3dc -> 
  custom:container-muxer-webm: aa71ff27fc2769a1b78a27578f13a17b -> 
  custom:container-demuxer-webm: 4f35f7cbe854078d1ac9338744f61a02 -> 
  custom:video-encoder-webm-vp8: eb34c28f22e8b96e1ab97ce403110664 -> 
  custom:video-codec-MediaFoundation-h265: 746d11721c4dcdbdad8f713fa42b33f4 -> 
  custom:audio-encoder-webm-vorbis: bf7c407c2cedff20999df2af8eb42d56 -> 
  custom:framework-win-MediaFoundation: 216162199b28c13a410421893ffa2e32 -> 
  custom:container-demuxer-ogg: 62fdf1f143b41e24485cea50d1cbac27 -> 
  custom:video-decoder-webm-vp8: 9c59270c3fd7afecdb556c50c9e8de78 -> 
  custom:audio-decoder-ogg-vorbis: bf7c407c2cedff20999df2af8eb42d56 -> 
========================================================================
Received Import Request.
  Time since last request: 352861.821990 seconds.
  path: Assets/10.Audio/Ball Get2.mp3
  artifactKey: Guid(0454eb859aac8ce458c9c920b1debf14) Importer(815301076,1909f56bfc062723c751e8b465ee728b)
Number of updated assets reloaded before import = 0
Start importing Assets/10.Audio/Ball Get2.mp3 using Guid(0454eb859aac8ce458c9c920b1debf14) Importer(815301076,1909f56bfc062723c751e8b465ee728b)  -> (artifact id: '9d06124f701805bba626a9ea974d2325') in 0.069751 seconds 
Number of asset objects unloaded after import = 2
========================================================================
Received Import Request.
  Time since last request: 0.801071 seconds.
  path: Assets/10.Audio/Ball get5.mp3
  artifactKey: Guid(a1724b2aef4ab714592e3767a658ce48) Importer(815301076,1909f56bfc062723c751e8b465ee728b)
Number of updated assets reloaded before import = 0
Start importing Assets/10.Audio/Ball get5.mp3 using Guid(a1724b2aef4ab714592e3767a658ce48) Importer(815301076,1909f56bfc062723c751e8b465ee728b)  -> (artifact id: 'fdf59bcb52259e62873c8c4dc9babd4b') in 0.008027 seconds 
Number of asset objects unloaded after import = 2
========================================================================
Received Import Request.
  Time since last request: 0.875599 seconds.
  path: Assets/10.Audio/City Sound2.mp3
  artifactKey: Guid(7b25521a8e396934c9480b9d9b1621c2) Importer(815301076,1909f56bfc062723c751e8b465ee728b)
Number of updated assets reloaded before import = 0
Start importing Assets/10.Audio/City Sound2.mp3 using Guid(7b25521a8e396934c9480b9d9b1621c2) Importer(815301076,1909f56bfc062723c751e8b465ee728b)  -> (artifact id: '88bbbfa41581891024707fad0abac0df') in 0.020228 seconds 
Number of asset objects unloaded after import = 2
========================================================================
Received Import Request.
  Time since last request: 0.945675 seconds.
  path: Assets/10.Audio/Hammer Sound.mp3
  artifactKey: Guid(6339ef67baf962e4182acea2c17acfc2) Importer(815301076,1909f56bfc062723c751e8b465ee728b)
Number of updated assets reloaded before import = 0
Start importing Assets/10.Audio/Hammer Sound.mp3 using Guid(6339ef67baf962e4182acea2c17acfc2) Importer(815301076,1909f56bfc062723c751e8b465ee728b)  -> (artifact id: 'df49806ca0da67f192d7a45dc9bd66d9') in 0.007796 seconds 
Number of asset objects unloaded after import = 2
========================================================================
Received Import Request.
  Time since last request: 0.951796 seconds.
  path: Assets/10.Audio/Boss Talk.mp3
  artifactKey: Guid(04911a3d9808d76488ef49dccef4735c) Importer(815301076,1909f56bfc062723c751e8b465ee728b)
Number of updated assets reloaded before import = 0
Start importing Assets/10.Audio/Boss Talk.mp3 using Guid(04911a3d9808d76488ef49dccef4735c) Importer(815301076,1909f56bfc062723c751e8b465ee728b)  -> (artifact id: 'fe6498be6c9a1c7c939ad5250bf0d7f0') in 0.008069 seconds 
Number of asset objects unloaded after import = 2
========================================================================
Received Import Request.
  Time since last request: 0.000031 seconds.
  path: Assets/10.Audio/tele2.mp3
  artifactKey: Guid(dea2f2c842233b14a8394594309c1417) Importer(815301076,1909f56bfc062723c751e8b465ee728b)
Number of updated assets reloaded before import = 0
Start importing Assets/10.Audio/tele2.mp3 using Guid(dea2f2c842233b14a8394594309c1417) Importer(815301076,1909f56bfc062723c751e8b465ee728b)  -> (artifact id: 'b04bf255910db7590f02ad4046ee749d') in 0.017856 seconds 
Number of asset objects unloaded after import = 2
========================================================================
Received Import Request.
  Time since last request: 0.000018 seconds.
  path: Assets/10.Audio/Intro3(Boss Talk).mp3
  artifactKey: Guid(12bcc46a50a10ad48b85ddb491cfda7e) Importer(815301076,1909f56bfc062723c751e8b465ee728b)
Number of updated assets reloaded before import = 0
Start importing Assets/10.Audio/Intro3(Boss Talk).mp3 using Guid(12bcc46a50a10ad48b85ddb491cfda7e) Importer(815301076,1909f56bfc062723c751e8b465ee728b)  -> (artifact id: 'f1c550f626f20ba2bba34b2b967468f2') in 0.008295 seconds 
Number of asset objects unloaded after import = 2
========================================================================
Received Import Request.
  Time since last request: 0.000017 seconds.
  path: Assets/10.Audio/Main bgm2(Store bgm후보).mp3
  artifactKey: Guid(1bce7468cf23bf24fab95623944f97b1) Importer(815301076,1909f56bfc062723c751e8b465ee728b)
Number of updated assets reloaded before import = 0
Start importing Assets/10.Audio/Main bgm2(Store bgm후보).mp3 using Guid(1bce7468cf23bf24fab95623944f97b1) Importer(815301076,1909f56bfc062723c751e8b465ee728b)  -> (artifact id: '04c1790480f150e3acc42b747a611444') in 0.008793 seconds 
Number of asset objects unloaded after import = 2
========================================================================
Received Import Request.
  Time since last request: 0.000014 seconds.
  path: Assets/10.Audio/City Sound3.mp3
  artifactKey: Guid(7ae912f1f5cd29c42a9fa1294175406a) Importer(815301076,1909f56bfc062723c751e8b465ee728b)
Number of updated assets reloaded before import = 0
Start importing Assets/10.Audio/City Sound3.mp3 using Guid(7ae912f1f5cd29c42a9fa1294175406a) Importer(815301076,1909f56bfc062723c751e8b465ee728b)  -> (artifact id: '0a0b83439046d4552782a926767079d0') in 0.007501 seconds 
Number of asset objects unloaded after import = 2
========================================================================
Received Import Request.
  Time since last request: 0.000019 seconds.
  path: Assets/10.Audio/jap.mp3
  artifactKey: Guid(58be9e1e59afe8f448cbf649d3ca08bc) Importer(815301076,1909f56bfc062723c751e8b465ee728b)
Number of updated assets reloaded before import = 0
Start importing Assets/10.Audio/jap.mp3 using Guid(58be9e1e59afe8f448cbf649d3ca08bc) Importer(815301076,1909f56bfc062723c751e8b465ee728b)  -> (artifact id: 'ce4f38214d6d6d82fd40451b2fdca405') in 0.008886 seconds 
Number of asset objects unloaded after import = 2
========================================================================
Received Import Request.
  Time since last request: 0.000020 seconds.
  path: Assets/10.Audio/Main bgm3.mp3
  artifactKey: Guid(64f6408ac71f52440b068333fe597ccb) Importer(815301076,1909f56bfc062723c751e8b465ee728b)
Number of updated assets reloaded before import = 0
Start importing Assets/10.Audio/Main bgm3.mp3 using Guid(64f6408ac71f52440b068333fe597ccb) Importer(815301076,1909f56bfc062723c751e8b465ee728b)  -> (artifact id: '4c17058cd9411d3d9a0abf665ebcb6f4') in 0.009414 seconds 
Number of asset objects unloaded after import = 2
========================================================================
Received Import Request.
  Time since last request: 0.000018 seconds.
  path: Assets/10.Audio/telport.mp3
  artifactKey: Guid(a842d6701e96a4647bc26fa461291a95) Importer(815301076,1909f56bfc062723c751e8b465ee728b)
Number of updated assets reloaded before import = 0
Start importing Assets/10.Audio/telport.mp3 using Guid(a842d6701e96a4647bc26fa461291a95) Importer(815301076,1909f56bfc062723c751e8b465ee728b)  -> (artifact id: '43e46cc18b3ca0904eaa8763a4fadd43') in 0.008351 seconds 
Number of asset objects unloaded after import = 2
========================================================================
Received Import Request.
  Time since last request: 0.000018 seconds.
  path: Assets/10.Audio/Hammer2.mp3
  artifactKey: Guid(e57e337c4ac640947a9fafc7589c1418) Importer(815301076,1909f56bfc062723c751e8b465ee728b)
Number of updated assets reloaded before import = 0
Start importing Assets/10.Audio/Hammer2.mp3 using Guid(e57e337c4ac640947a9fafc7589c1418) Importer(815301076,1909f56bfc062723c751e8b465ee728b)  -> (artifact id: '371fb60ccc343bb10dbbec205b4e2500') in 0.010304 seconds 
Number of asset objects unloaded after import = 2
========================================================================
Received Import Request.
  Time since last request: 0.000018 seconds.
  path: Assets/10.Audio/Stage  bgm.mp3
  artifactKey: Guid(f67eaacc01c5eae4a91c09509ee90b5d) Importer(815301076,1909f56bfc062723c751e8b465ee728b)
Number of updated assets reloaded before import = 0
Start importing Assets/10.Audio/Stage  bgm.mp3 using Guid(f67eaacc01c5eae4a91c09509ee90b5d) Importer(815301076,1909f56bfc062723c751e8b465ee728b)  -> (artifact id: '0acc78c13957f35d7d2fffb0a4290adb') in 0.009107 seconds 
Number of asset objects unloaded after import = 2
========================================================================
Received Import Request.
  Time since last request: 0.000022 seconds.
  path: Assets/10.Audio/House - In House.mp3
  artifactKey: Guid(d9039e549db37fd45ade7c74797332ff) Importer(815301076,1909f56bfc062723c751e8b465ee728b)
Number of updated assets reloaded before import = 0
Start importing Assets/10.Audio/House - In House.mp3 using Guid(d9039e549db37fd45ade7c74797332ff) Importer(815301076,1909f56bfc062723c751e8b465ee728b)  -> (artifact id: '18b16a56fda1ae49d3183fe51722400d') in 0.012890 seconds 
Number of asset objects unloaded after import = 2
========================================================================
Received Import Request.
  Time since last request: 0.000022 seconds.
  path: Assets/10.Audio/Hammer3.mp3
  artifactKey: Guid(52f652567309d4f449969e5013e5658b) Importer(815301076,1909f56bfc062723c751e8b465ee728b)
Number of updated assets reloaded before import = 0
Start importing Assets/10.Audio/Hammer3.mp3 using Guid(52f652567309d4f449969e5013e5658b) Importer(815301076,1909f56bfc062723c751e8b465ee728b)  -> (artifact id: '1e1b32e76b8c4e255d7a2edd4354bc83') in 0.009871 seconds 
Number of asset objects unloaded after import = 2
========================================================================
Received Prepare
Refreshing native plugins compatible for Editor in 6.33 ms, found 4 plugins.
Preloading 0 native plugins for Editor in 0.00 ms.
Unloading 25 Unused Serialized files (Serialized files now loaded: 0)
Unloading 25 unused Assets / (92.6 KB). Loaded Objects now: 4923.
Memory consumption went from 83.1 MB to 83.0 MB.
Total: 3.533200 ms (FindLiveObjects: 0.387800 ms CreateObjectMapping: 0.204100 ms MarkObjects: 2.899100 ms  DeleteObjects: 0.040100 ms)

AssetImportParameters requested are different than current active one (requested -> active):
  custom:video-decoder-ogg-theora: a1e56fd34408186e4bbccfd4996cb3dc -> 
  custom:container-muxer-webm: aa71ff27fc2769a1b78a27578f13a17b -> 
  custom:container-demuxer-webm: 4f35f7cbe854078d1ac9338744f61a02 -> 
  custom:video-encoder-webm-vp8: eb34c28f22e8b96e1ab97ce403110664 -> 
  custom:video-codec-MediaFoundation-h265: 746d11721c4dcdbdad8f713fa42b33f4 -> 
  custom:CustomObjectIndexerAttribute: bc11b3a6c3213fcdd17b65e7da85e133 -> 
  custom:audio-encoder-webm-vorbis: bf7c407c2cedff20999df2af8eb42d56 -> 
  custom:framework-win-MediaFoundation: 216162199b28c13a410421893ffa2e32 -> 
  custom:SearchIndexIgnoredProperties: e643bd26f0fe6173181afceb89e7c659 -> 
  custom:container-demuxer-ogg: 62fdf1f143b41e24485cea50d1cbac27 -> 
  custom:video-decoder-webm-vp8: 9c59270c3fd7afecdb556c50c9e8de78 -> 
  custom:audio-decoder-ogg-vorbis: bf7c407c2cedff20999df2af8eb42d56 -> 
Editor requested this worker to shutdown with reason: Scaling down because of idle timeout
AssetImportWorker is now disconnected from the server
Process exiting
Exiting without the bug reporter. Application will terminate with return code 0