Using pre-set license
Built from '2021.3/staging' branch; Version is '2021.3.31f1 (3409e2af086f) revision 3410402'; Using compiler version '192829333'; Build Type 'Release'
OS: 'Windows 11  (10.0.22631) 64bit Core' Language: 'ko' Physical Memory: 32470 MB
BatchMode: 1, IsHumanControllingUs: 0, StartBugReporterOnCrash: 0, Is64bit: 1, IsPro: 1

COMMAND LINE ARGUMENTS:
C:\Program Files\Unity\Hub\Editor\2021.3.31f1\Editor\Unity.exe
-adb2
-batchMode
-noUpm
-name
AssetImportWorker9
-projectPath
C:/Users/user/Documents/GitHub/NightMareReturner
-logFile
Logs/AssetImportWorker9.log
-srvPort
60508
Successfully changed project path to: C:/Users/user/Documents/GitHub/NightMareReturner
C:/Users/user/Documents/GitHub/NightMareReturner
[UnityMemory] Configuration Parameters - Can be set up in boot.config
    "memorysetup-bucket-allocator-granularity=16"
    "memorysetup-bucket-allocator-bucket-count=8"
    "memorysetup-bucket-allocator-block-size=33554432"
    "memorysetup-bucket-allocator-block-count=8"
    "memorysetup-main-allocator-block-size=16777216"
    "memorysetup-thread-allocator-block-size=16777216"
    "memorysetup-gfx-main-allocator-block-size=16777216"
    "memorysetup-gfx-thread-allocator-block-size=16777216"
    "memorysetup-cache-allocator-block-size=4194304"
    "memorysetup-typetree-allocator-block-size=2097152"
    "memorysetup-profiler-bucket-allocator-granularity=16"
    "memorysetup-profiler-bucket-allocator-bucket-count=8"
    "memorysetup-profiler-bucket-allocator-block-size=33554432"
    "memorysetup-profiler-bucket-allocator-block-count=8"
    "memorysetup-profiler-allocator-block-size=16777216"
    "memorysetup-profiler-editor-allocator-block-size=1048576"
    "memorysetup-temp-allocator-size-main=16777216"
    "memorysetup-job-temp-allocator-block-size=2097152"
    "memorysetup-job-temp-allocator-block-size-background=1048576"
    "memorysetup-job-temp-allocator-reduction-small-platforms=262144"
    "memorysetup-temp-allocator-size-background-worker=32768"
    "memorysetup-temp-allocator-size-job-worker=262144"
    "memorysetup-temp-allocator-size-preload-manager=33554432"
    "memorysetup-temp-allocator-size-nav-mesh-worker=65536"
    "memorysetup-temp-allocator-size-audio-worker=65536"
    "memorysetup-temp-allocator-size-cloud-worker=32768"
    "memorysetup-temp-allocator-size-gi-baking-worker=262144"
    "memorysetup-temp-allocator-size-gfx=262144"
Player connection [39024] Host "[IP] 192.168.219.103 [Port] 0 [Flags] 2 [Guid] 3235886337 [EditorId] 3235886337 [Version] 1048832 [Id] WindowsEditor(7,DESKTOP-6U2F1F0) [Debug] 1 [PackageName] WindowsEditor [ProjectName] Editor" joined multi-casting on [225.0.0.222:54997]...

Player connection [39024] Host "[IP] 192.168.219.103 [Port] 0 [Flags] 2 [Guid] 3235886337 [EditorId] 3235886337 [Version] 1048832 [Id] WindowsEditor(7,DESKTOP-6U2F1F0) [Debug] 1 [PackageName] WindowsEditor [ProjectName] Editor" joined alternative multi-casting on [225.0.0.222:34997]...

[Physics::Module] Initialized MultithreadedJobDispatcher with {0} workers.
Refreshing native plugins compatible for Editor in 85.67 ms, found 4 plugins.
Preloading 0 native plugins for Editor in 0.00 ms.
Initialize engine version: 2021.3.31f1 (3409e2af086f)
[Subsystems] Discovering subsystems at path C:/Program Files/Unity/Hub/Editor/2021.3.31f1/Editor/Data/Resources/UnitySubsystems
[Subsystems] Discovering subsystems at path C:/Users/user/Documents/GitHub/NightMareReturner/Assets
GfxDevice: creating device client; threaded=0; jobified=0
Direct3D:
    Version:  Direct3D 11.0 [level 11.1]
    Renderer: NVIDIA GeForce RTX 4060 Laptop GPU (ID=0x28a0)
    Vendor:   NVIDIA
    VRAM:     7971 MB
    Driver:   31.0.15.2892
Initialize mono
Mono path[0] = 'C:/Program Files/Unity/Hub/Editor/2021.3.31f1/Editor/Data/Managed'
Mono path[1] = 'C:/Program Files/Unity/Hub/Editor/2021.3.31f1/Editor/Data/MonoBleedingEdge/lib/mono/unityjit-win32'
Mono config path = 'C:/Program Files/Unity/Hub/Editor/2021.3.31f1/Editor/Data/MonoBleedingEdge/etc'
Using monoOptions --debugger-agent=transport=dt_socket,embedding=1,server=y,suspend=n,address=127.0.0.1:56016
Begin MonoManager ReloadAssembly
Registering precompiled unity dll's ...
Register platform support module: C:/Program Files/Unity/Hub/Editor/2021.3.31f1/Editor/Data/PlaybackEngines/AndroidPlayer/UnityEditor.Android.Extensions.dll
Register platform support module: C:/Program Files/Unity/Hub/Editor/2021.3.31f1/Editor/Data/PlaybackEngines/WindowsStandaloneSupport/UnityEditor.WindowsStandalone.Extensions.dll
Registered in 0.003428 seconds.
Native extension for WindowsStandalone target not found
Native extension for Android target not found
Android Extension - Scanning For ADB Devices 1812 ms
Refreshing native plugins compatible for Editor in 74.81 ms, found 4 plugins.
Preloading 0 native plugins for Editor in 0.00 ms.
Mono: successfully reloaded assembly
- Completed reload, in  2.327 seconds
Domain Reload Profiling:
	ReloadAssembly (2327ms)
		BeginReloadAssembly (73ms)
			ExecutionOrderSort (0ms)
			DisableScriptedObjects (0ms)
			BackupInstance (0ms)
			ReleaseScriptingObjects (0ms)
			CreateAndSetChildDomain (1ms)
		EndReloadAssembly (2182ms)
			LoadAssemblies (71ms)
			RebuildTransferFunctionScriptingTraits (0ms)
			SetupTypeCache (79ms)
			ReleaseScriptCaches (0ms)
			RebuildScriptCaches (20ms)
			SetupLoadedEditorAssemblies (2052ms)
				LogAssemblyErrors (0ms)
				InitializePlatformSupportModulesInManaged (1883ms)
				SetLoadedEditorAssemblies (0ms)
				RefreshPlugins (75ms)
				BeforeProcessingInitializeOnLoad (1ms)
				ProcessInitializeOnLoadAttributes (60ms)
				ProcessInitializeOnLoadMethodAttributes (33ms)
				AfterProcessingInitializeOnLoad (0ms)
				EditorAssembliesLoaded (0ms)
			ExecutionOrderSort2 (0ms)
			AwakeInstancesAfterBackupRestoration (0ms)
Platform modules already initialized, skipping
Registering precompiled user dll's ...
Registered in 0.005683 seconds.
Begin MonoManager ReloadAssembly
Native extension for WindowsStandalone target not found
Native extension for Android target not found
Refreshing native plugins compatible for Editor in 85.34 ms, found 4 plugins.
Preloading 0 native plugins for Editor in 0.00 ms.
Package Manager log level set to [2]
[Package Manager] Server::EnsureServerProcessIsRunning -- launch failed, reason: Unity was launched with the -noUpm command-line argument
[Package Manager] Cannot connect to Unity Package Manager local server
Mono: successfully reloaded assembly
- Completed reload, in  1.318 seconds
Domain Reload Profiling:
	ReloadAssembly (1318ms)
		BeginReloadAssembly (96ms)
			ExecutionOrderSort (0ms)
			DisableScriptedObjects (4ms)
			BackupInstance (0ms)
			ReleaseScriptingObjects (0ms)
			CreateAndSetChildDomain (16ms)
		EndReloadAssembly (1132ms)
			LoadAssemblies (80ms)
			RebuildTransferFunctionScriptingTraits (0ms)
			SetupTypeCache (192ms)
			ReleaseScriptCaches (0ms)
			RebuildScriptCaches (47ms)
			SetupLoadedEditorAssemblies (787ms)
				LogAssemblyErrors (0ms)
				InitializePlatformSupportModulesInManaged (15ms)
				SetLoadedEditorAssemblies (0ms)
				RefreshPlugins (85ms)
				BeforeProcessingInitializeOnLoad (68ms)
				ProcessInitializeOnLoadAttributes (578ms)
				ProcessInitializeOnLoadMethodAttributes (33ms)
				AfterProcessingInitializeOnLoad (7ms)
				EditorAssembliesLoaded (0ms)
			ExecutionOrderSort2 (0ms)
			AwakeInstancesAfterBackupRestoration (4ms)
Platform modules already initialized, skipping
========================================================================
Worker process is ready to serve import requests
Launched and connected shader compiler UnityShaderCompiler.exe after 0.03 seconds
Refreshing native plugins compatible for Editor in 0.70 ms, found 4 plugins.
Preloading 0 native plugins for Editor in 0.00 ms.
Unloading 4452 Unused Serialized files (Serialized files now loaded: 0)
Unloading 52 unused Assets / (119.7 KB). Loaded Objects now: 4914.
Memory consumption went from 174.2 MB to 174.1 MB.
Total: 2.754300 ms (FindLiveObjects: 0.214500 ms CreateObjectMapping: 0.101600 ms MarkObjects: 2.363100 ms  DeleteObjects: 0.074400 ms)

AssetImportParameters requested are different than current active one (requested -> active):
  custom:video-decoder-ogg-theora: a1e56fd34408186e4bbccfd4996cb3dc -> 
  custom:container-muxer-webm: aa71ff27fc2769a1b78a27578f13a17b -> 
  custom:container-demuxer-webm: 4f35f7cbe854078d1ac9338744f61a02 -> 
  custom:video-encoder-webm-vp8: eb34c28f22e8b96e1ab97ce403110664 -> 
  custom:video-codec-MediaFoundation-h265: 746d11721c4dcdbdad8f713fa42b33f4 -> 
  custom:CustomObjectIndexerAttribute: bc11b3a6c3213fcdd17b65e7da85e133 -> 
  custom:audio-encoder-webm-vorbis: bf7c407c2cedff20999df2af8eb42d56 -> 
  custom:framework-win-MediaFoundation: 216162199b28c13a410421893ffa2e32 -> 
  custom:SearchIndexIgnoredProperties: e643bd26f0fe6173181afceb89e7c659 -> 
  custom:container-demuxer-ogg: 62fdf1f143b41e24485cea50d1cbac27 -> 
  custom:video-decoder-webm-vp8: 9c59270c3fd7afecdb556c50c9e8de78 -> 
  custom:audio-decoder-ogg-vorbis: bf7c407c2cedff20999df2af8eb42d56 -> 
========================================================================
Received Prepare
Registering precompiled user dll's ...
Registered in 0.010609 seconds.
Begin MonoManager ReloadAssembly
Native extension for WindowsStandalone target not found
Native extension for Android target not found
Refreshing native plugins compatible for Editor in 1.02 ms, found 4 plugins.
Preloading 0 native plugins for Editor in 0.00 ms.
[Package Manager] Server::EnsureServerProcessIsRunning -- launch failed, reason: Unity was launched with the -noUpm command-line argument
[Package Manager] Cannot connect to Unity Package Manager local server
Mono: successfully reloaded assembly
- Completed reload, in  1.424 seconds
Domain Reload Profiling:
	ReloadAssembly (1424ms)
		BeginReloadAssembly (155ms)
			ExecutionOrderSort (0ms)
			DisableScriptedObjects (4ms)
			BackupInstance (0ms)
			ReleaseScriptingObjects (0ms)
			CreateAndSetChildDomain (36ms)
		EndReloadAssembly (1169ms)
			LoadAssemblies (123ms)
			RebuildTransferFunctionScriptingTraits (0ms)
			SetupTypeCache (202ms)
			ReleaseScriptCaches (1ms)
			RebuildScriptCaches (38ms)
			SetupLoadedEditorAssemblies (776ms)
				LogAssemblyErrors (0ms)
				InitializePlatformSupportModulesInManaged (20ms)
				SetLoadedEditorAssemblies (0ms)
				RefreshPlugins (1ms)
				BeforeProcessingInitializeOnLoad (62ms)
				ProcessInitializeOnLoadAttributes (629ms)
				ProcessInitializeOnLoadMethodAttributes (50ms)
				AfterProcessingInitializeOnLoad (14ms)
				EditorAssembliesLoaded (0ms)
			ExecutionOrderSort2 (0ms)
			AwakeInstancesAfterBackupRestoration (5ms)
Platform modules already initialized, skipping
Refreshing native plugins compatible for Editor in 0.66 ms, found 4 plugins.
Preloading 0 native plugins for Editor in 0.00 ms.
Unloading 4427 Unused Serialized files (Serialized files now loaded: 0)
Unloading 27 unused Assets / (92.6 KB). Loaded Objects now: 4930.
Memory consumption went from 171.5 MB to 171.4 MB.
Total: 3.437700 ms (FindLiveObjects: 0.335700 ms CreateObjectMapping: 0.150800 ms MarkObjects: 2.918600 ms  DeleteObjects: 0.031300 ms)

AssetImportParameters requested are different than current active one (requested -> active):
  custom:video-decoder-ogg-theora: a1e56fd34408186e4bbccfd4996cb3dc -> 
  custom:container-muxer-webm: aa71ff27fc2769a1b78a27578f13a17b -> 
  custom:container-demuxer-webm: 4f35f7cbe854078d1ac9338744f61a02 -> 
  custom:video-encoder-webm-vp8: eb34c28f22e8b96e1ab97ce403110664 -> 
  custom:video-codec-MediaFoundation-h265: 746d11721c4dcdbdad8f713fa42b33f4 -> 
  custom:CustomObjectIndexerAttribute: bc11b3a6c3213fcdd17b65e7da85e133 -> 
  custom:audio-encoder-webm-vorbis: bf7c407c2cedff20999df2af8eb42d56 -> 
  custom:framework-win-MediaFoundation: 216162199b28c13a410421893ffa2e32 -> 
  custom:SearchIndexIgnoredProperties: e643bd26f0fe6173181afceb89e7c659 -> 
  custom:container-demuxer-ogg: 62fdf1f143b41e24485cea50d1cbac27 -> 
  custom:video-decoder-webm-vp8: 9c59270c3fd7afecdb556c50c9e8de78 -> 
  custom:audio-decoder-ogg-vorbis: bf7c407c2cedff20999df2af8eb42d56 -> 
========================================================================
Received Prepare
Registering precompiled user dll's ...
Registered in 0.011442 seconds.
Begin MonoManager ReloadAssembly
Native extension for WindowsStandalone target not found
Native extension for Android target not found
Refreshing native plugins compatible for Editor in 0.99 ms, found 4 plugins.
Preloading 0 native plugins for Editor in 0.00 ms.
[Package Manager] Server::EnsureServerProcessIsRunning -- launch failed, reason: Unity was launched with the -noUpm command-line argument
[Package Manager] Cannot connect to Unity Package Manager local server
Mono: successfully reloaded assembly
- Completed reload, in  1.177 seconds
Domain Reload Profiling:
	ReloadAssembly (1178ms)
		BeginReloadAssembly (135ms)
			ExecutionOrderSort (0ms)
			DisableScriptedObjects (8ms)
			BackupInstance (0ms)
			ReleaseScriptingObjects (0ms)
			CreateAndSetChildDomain (38ms)
		EndReloadAssembly (967ms)
			LoadAssemblies (84ms)
			RebuildTransferFunctionScriptingTraits (0ms)
			SetupTypeCache (172ms)
			ReleaseScriptCaches (1ms)
			RebuildScriptCaches (32ms)
			SetupLoadedEditorAssemblies (657ms)
				LogAssemblyErrors (0ms)
				InitializePlatformSupportModulesInManaged (17ms)
				SetLoadedEditorAssemblies (1ms)
				RefreshPlugins (1ms)
				BeforeProcessingInitializeOnLoad (51ms)
				ProcessInitializeOnLoadAttributes (550ms)
				ProcessInitializeOnLoadMethodAttributes (32ms)
				AfterProcessingInitializeOnLoad (5ms)
				EditorAssembliesLoaded (0ms)
			ExecutionOrderSort2 (0ms)
			AwakeInstancesAfterBackupRestoration (4ms)
Platform modules already initialized, skipping
Refreshing native plugins compatible for Editor in 0.64 ms, found 4 plugins.
Preloading 0 native plugins for Editor in 0.00 ms.
Unloading 4426 Unused Serialized files (Serialized files now loaded: 0)
Unloading 27 unused Assets / (92.6 KB). Loaded Objects now: 4945.
Memory consumption went from 171.4 MB to 171.3 MB.
Total: 2.576700 ms (FindLiveObjects: 0.209800 ms CreateObjectMapping: 0.114000 ms MarkObjects: 2.220300 ms  DeleteObjects: 0.031600 ms)

AssetImportParameters requested are different than current active one (requested -> active):
  custom:video-decoder-ogg-theora: a1e56fd34408186e4bbccfd4996cb3dc -> 
  custom:container-muxer-webm: aa71ff27fc2769a1b78a27578f13a17b -> 
  custom:container-demuxer-webm: 4f35f7cbe854078d1ac9338744f61a02 -> 
  custom:video-encoder-webm-vp8: eb34c28f22e8b96e1ab97ce403110664 -> 
  custom:video-codec-MediaFoundation-h265: 746d11721c4dcdbdad8f713fa42b33f4 -> 
  custom:CustomObjectIndexerAttribute: bc11b3a6c3213fcdd17b65e7da85e133 -> 
  custom:audio-encoder-webm-vorbis: bf7c407c2cedff20999df2af8eb42d56 -> 
  custom:framework-win-MediaFoundation: 216162199b28c13a410421893ffa2e32 -> 
  custom:SearchIndexIgnoredProperties: e643bd26f0fe6173181afceb89e7c659 -> 
  custom:container-demuxer-ogg: 62fdf1f143b41e24485cea50d1cbac27 -> 
  custom:video-decoder-webm-vp8: 9c59270c3fd7afecdb556c50c9e8de78 -> 
  custom:audio-decoder-ogg-vorbis: bf7c407c2cedff20999df2af8eb42d56 -> 
========================================================================
Received Prepare
Registering precompiled user dll's ...
Registered in 0.006265 seconds.
Begin MonoManager ReloadAssembly
Native extension for WindowsStandalone target not found
Native extension for Android target not found
Refreshing native plugins compatible for Editor in 0.62 ms, found 4 plugins.
Preloading 0 native plugins for Editor in 0.00 ms.
[Package Manager] Server::EnsureServerProcessIsRunning -- launch failed, reason: Unity was launched with the -noUpm command-line argument
[Package Manager] Cannot connect to Unity Package Manager local server
Mono: successfully reloaded assembly
- Completed reload, in  1.168 seconds
Domain Reload Profiling:
	ReloadAssembly (1168ms)
		BeginReloadAssembly (119ms)
			ExecutionOrderSort (0ms)
			DisableScriptedObjects (5ms)
			BackupInstance (0ms)
			ReleaseScriptingObjects (0ms)
			CreateAndSetChildDomain (29ms)
		EndReloadAssembly (966ms)
			LoadAssemblies (84ms)
			RebuildTransferFunctionScriptingTraits (0ms)
			SetupTypeCache (176ms)
			ReleaseScriptCaches (1ms)
			RebuildScriptCaches (35ms)
			SetupLoadedEditorAssemblies (644ms)
				LogAssemblyErrors (0ms)
				InitializePlatformSupportModulesInManaged (15ms)
				SetLoadedEditorAssemblies (0ms)
				RefreshPlugins (1ms)
				BeforeProcessingInitializeOnLoad (49ms)
				ProcessInitializeOnLoadAttributes (540ms)
				ProcessInitializeOnLoadMethodAttributes (33ms)
				AfterProcessingInitializeOnLoad (6ms)
				EditorAssembliesLoaded (0ms)
			ExecutionOrderSort2 (0ms)
			AwakeInstancesAfterBackupRestoration (4ms)
Platform modules already initialized, skipping
Refreshing native plugins compatible for Editor in 0.65 ms, found 4 plugins.
Preloading 0 native plugins for Editor in 0.00 ms.
Unloading 4426 Unused Serialized files (Serialized files now loaded: 0)
Unloading 27 unused Assets / (92.6 KB). Loaded Objects now: 4960.
Memory consumption went from 171.5 MB to 171.4 MB.
Total: 3.151400 ms (FindLiveObjects: 0.226400 ms CreateObjectMapping: 0.121400 ms MarkObjects: 2.773000 ms  DeleteObjects: 0.029700 ms)

AssetImportParameters requested are different than current active one (requested -> active):
  custom:video-decoder-ogg-theora: a1e56fd34408186e4bbccfd4996cb3dc -> 
  custom:container-muxer-webm: aa71ff27fc2769a1b78a27578f13a17b -> 
  custom:container-demuxer-webm: 4f35f7cbe854078d1ac9338744f61a02 -> 
  custom:video-encoder-webm-vp8: eb34c28f22e8b96e1ab97ce403110664 -> 
  custom:video-codec-MediaFoundation-h265: 746d11721c4dcdbdad8f713fa42b33f4 -> 
  custom:CustomObjectIndexerAttribute: bc11b3a6c3213fcdd17b65e7da85e133 -> 
  custom:audio-encoder-webm-vorbis: bf7c407c2cedff20999df2af8eb42d56 -> 
  custom:framework-win-MediaFoundation: 216162199b28c13a410421893ffa2e32 -> 
  custom:SearchIndexIgnoredProperties: e643bd26f0fe6173181afceb89e7c659 -> 
  custom:container-demuxer-ogg: 62fdf1f143b41e24485cea50d1cbac27 -> 
  custom:video-decoder-webm-vp8: 9c59270c3fd7afecdb556c50c9e8de78 -> 
  custom:audio-decoder-ogg-vorbis: bf7c407c2cedff20999df2af8eb42d56 -> 
========================================================================
Received Prepare
Registering precompiled user dll's ...
Registered in 0.008776 seconds.
Begin MonoManager ReloadAssembly
Native extension for WindowsStandalone target not found
Native extension for Android target not found
Refreshing native plugins compatible for Editor in 0.94 ms, found 4 plugins.
Preloading 0 native plugins for Editor in 0.00 ms.
[Package Manager] Server::EnsureServerProcessIsRunning -- launch failed, reason: Unity was launched with the -noUpm command-line argument
[Package Manager] Cannot connect to Unity Package Manager local server
Mono: successfully reloaded assembly
- Completed reload, in  1.371 seconds
Domain Reload Profiling:
	ReloadAssembly (1372ms)
		BeginReloadAssembly (158ms)
			ExecutionOrderSort (0ms)
			DisableScriptedObjects (5ms)
			BackupInstance (0ms)
			ReleaseScriptingObjects (0ms)
			CreateAndSetChildDomain (30ms)
		EndReloadAssembly (1118ms)
			LoadAssemblies (118ms)
			RebuildTransferFunctionScriptingTraits (0ms)
			SetupTypeCache (254ms)
			ReleaseScriptCaches (2ms)
			RebuildScriptCaches (45ms)
			SetupLoadedEditorAssemblies (690ms)
				LogAssemblyErrors (0ms)
				InitializePlatformSupportModulesInManaged (18ms)
				SetLoadedEditorAssemblies (0ms)
				RefreshPlugins (1ms)
				BeforeProcessingInitializeOnLoad (61ms)
				ProcessInitializeOnLoadAttributes (573ms)
				ProcessInitializeOnLoadMethodAttributes (32ms)
				AfterProcessingInitializeOnLoad (5ms)
				EditorAssembliesLoaded (0ms)
			ExecutionOrderSort2 (0ms)
			AwakeInstancesAfterBackupRestoration (4ms)
Platform modules already initialized, skipping
Refreshing native plugins compatible for Editor in 0.82 ms, found 4 plugins.
Preloading 0 native plugins for Editor in 0.00 ms.
Unloading 4426 Unused Serialized files (Serialized files now loaded: 0)
Unloading 27 unused Assets / (92.7 KB). Loaded Objects now: 4975.
Memory consumption went from 171.5 MB to 171.4 MB.
Total: 2.362300 ms (FindLiveObjects: 0.222500 ms CreateObjectMapping: 0.121100 ms MarkObjects: 1.987100 ms  DeleteObjects: 0.030900 ms)

AssetImportParameters requested are different than current active one (requested -> active):
  custom:video-decoder-ogg-theora: a1e56fd34408186e4bbccfd4996cb3dc -> 
  custom:container-muxer-webm: aa71ff27fc2769a1b78a27578f13a17b -> 
  custom:container-demuxer-webm: 4f35f7cbe854078d1ac9338744f61a02 -> 
  custom:video-encoder-webm-vp8: eb34c28f22e8b96e1ab97ce403110664 -> 
  custom:video-codec-MediaFoundation-h265: 746d11721c4dcdbdad8f713fa42b33f4 -> 
  custom:CustomObjectIndexerAttribute: bc11b3a6c3213fcdd17b65e7da85e133 -> 
  custom:audio-encoder-webm-vorbis: bf7c407c2cedff20999df2af8eb42d56 -> 
  custom:framework-win-MediaFoundation: 216162199b28c13a410421893ffa2e32 -> 
  custom:SearchIndexIgnoredProperties: e643bd26f0fe6173181afceb89e7c659 -> 
  custom:container-demuxer-ogg: 62fdf1f143b41e24485cea50d1cbac27 -> 
  custom:video-decoder-webm-vp8: 9c59270c3fd7afecdb556c50c9e8de78 -> 
  custom:audio-decoder-ogg-vorbis: bf7c407c2cedff20999df2af8eb42d56 -> 
========================================================================
Received Prepare
Registering precompiled user dll's ...
Registered in 0.004558 seconds.
Begin MonoManager ReloadAssembly
Native extension for WindowsStandalone target not found
Native extension for Android target not found
Refreshing native plugins compatible for Editor in 0.67 ms, found 4 plugins.
Preloading 0 native plugins for Editor in 0.00 ms.
[Package Manager] Server::EnsureServerProcessIsRunning -- launch failed, reason: Unity was launched with the -noUpm command-line argument
[Package Manager] Cannot connect to Unity Package Manager local server
Mono: successfully reloaded assembly
- Completed reload, in  1.209 seconds
Domain Reload Profiling:
	ReloadAssembly (1209ms)
		BeginReloadAssembly (127ms)
			ExecutionOrderSort (0ms)
			DisableScriptedObjects (4ms)
			BackupInstance (0ms)
			ReleaseScriptingObjects (0ms)
			CreateAndSetChildDomain (31ms)
		EndReloadAssembly (995ms)
			LoadAssemblies (90ms)
			RebuildTransferFunctionScriptingTraits (0ms)
			SetupTypeCache (185ms)
			ReleaseScriptCaches (1ms)
			RebuildScriptCaches (33ms)
			SetupLoadedEditorAssemblies (670ms)
				LogAssemblyErrors (0ms)
				InitializePlatformSupportModulesInManaged (14ms)
				SetLoadedEditorAssemblies (0ms)
				RefreshPlugins (1ms)
				BeforeProcessingInitializeOnLoad (57ms)
				ProcessInitializeOnLoadAttributes (556ms)
				ProcessInitializeOnLoadMethodAttributes (34ms)
				AfterProcessingInitializeOnLoad (8ms)
				EditorAssembliesLoaded (0ms)
			ExecutionOrderSort2 (0ms)
			AwakeInstancesAfterBackupRestoration (5ms)
Platform modules already initialized, skipping
Refreshing native plugins compatible for Editor in 0.79 ms, found 4 plugins.
Preloading 0 native plugins for Editor in 0.00 ms.
Unloading 4426 Unused Serialized files (Serialized files now loaded: 0)
Unloading 27 unused Assets / (92.7 KB). Loaded Objects now: 4990.
Memory consumption went from 171.5 MB to 171.4 MB.
Total: 2.595200 ms (FindLiveObjects: 0.269100 ms CreateObjectMapping: 0.125800 ms MarkObjects: 2.166300 ms  DeleteObjects: 0.033200 ms)

AssetImportParameters requested are different than current active one (requested -> active):
  custom:video-decoder-ogg-theora: a1e56fd34408186e4bbccfd4996cb3dc -> 
  custom:container-muxer-webm: aa71ff27fc2769a1b78a27578f13a17b -> 
  custom:container-demuxer-webm: 4f35f7cbe854078d1ac9338744f61a02 -> 
  custom:video-encoder-webm-vp8: eb34c28f22e8b96e1ab97ce403110664 -> 
  custom:video-codec-MediaFoundation-h265: 746d11721c4dcdbdad8f713fa42b33f4 -> 
  custom:CustomObjectIndexerAttribute: bc11b3a6c3213fcdd17b65e7da85e133 -> 
  custom:audio-encoder-webm-vorbis: bf7c407c2cedff20999df2af8eb42d56 -> 
  custom:framework-win-MediaFoundation: 216162199b28c13a410421893ffa2e32 -> 
  custom:SearchIndexIgnoredProperties: e643bd26f0fe6173181afceb89e7c659 -> 
  custom:container-demuxer-ogg: 62fdf1f143b41e24485cea50d1cbac27 -> 
  custom:video-decoder-webm-vp8: 9c59270c3fd7afecdb556c50c9e8de78 -> 
  custom:audio-decoder-ogg-vorbis: bf7c407c2cedff20999df2af8eb42d56 -> 
========================================================================
Received Import Request.
  Time since last request: 272934.737739 seconds.
  path: Assets/3.Sprites/Dummy/Set1_Ourdoor_Decoration.png
  artifactKey: Guid(bc4bb899cdfe50a419a8822382904bfc) Importer(815301076,1909f56bfc062723c751e8b465ee728b)
Number of updated assets reloaded before import = 0
Start importing Assets/3.Sprites/Dummy/Set1_Ourdoor_Decoration.png using Guid(bc4bb899cdfe50a419a8822382904bfc) Importer(815301076,1909f56bfc062723c751e8b465ee728b)  -> (artifact id: '9784c3ff3a2c161b2f7cd0fc257f5a7e') in 0.187046 seconds 
Number of asset objects unloaded after import = 32
========================================================================
Received Import Request.
  Time since last request: 0.497099 seconds.
  path: Assets/DARK Series Mega Pack 1/DARK - Enemy Pack 2/Dagger Mush/run.png
  artifactKey: Guid(cc11346005a39c9449837b00e998f2e5) Importer(815301076,1909f56bfc062723c751e8b465ee728b)
Number of updated assets reloaded before import = 0
Start importing Assets/DARK Series Mega Pack 1/DARK - Enemy Pack 2/Dagger Mush/run.png using Guid(cc11346005a39c9449837b00e998f2e5) Importer(815301076,1909f56bfc062723c751e8b465ee728b)  -> (artifact id: 'f20cbf8689f02f626775eb9673c93be5') in 0.025238 seconds 
Number of asset objects unloaded after import = 10
========================================================================
Received Import Request.
  Time since last request: 0.030461 seconds.
  path: Assets/DARK Series Mega Pack 1/DARK - Enemies Pack 1/assassin/run with VFX.png
  artifactKey: Guid(3aa30959ea1f08048a48db6707ef6914) Importer(815301076,1909f56bfc062723c751e8b465ee728b)
Number of updated assets reloaded before import = 0
Start importing Assets/DARK Series Mega Pack 1/DARK - Enemies Pack 1/assassin/run with VFX.png using Guid(3aa30959ea1f08048a48db6707ef6914) Importer(815301076,1909f56bfc062723c751e8b465ee728b)  -> (artifact id: '1641d57dcdc928b517e4d64d3990e321') in 0.014382 seconds 
Number of asset objects unloaded after import = 3
========================================================================
Received Import Request.
  Time since last request: 0.182453 seconds.
  path: Assets/3.Sprites/Dummy/Tiles/roof_slantPurple_S.png
  artifactKey: Guid(4d05b4b2114a6e048b6c344f708f3169) Importer(815301076,1909f56bfc062723c751e8b465ee728b)
Number of updated assets reloaded before import = 0
Start importing Assets/3.Sprites/Dummy/Tiles/roof_slantPurple_S.png using Guid(4d05b4b2114a6e048b6c344f708f3169) Importer(815301076,1909f56bfc062723c751e8b465ee728b)  -> (artifact id: 'f5544b23a7abaf67463e306705100070') in 0.028408 seconds 
Number of asset objects unloaded after import = 3
========================================================================
Received Import Request.
  Time since last request: 1.016509 seconds.
  path: Assets/3.Sprites/Dummy/Tiles/roof_slantPurple_W.png
  artifactKey: Guid(307348e48cc892245a5e2e0352fc9848) Importer(815301076,1909f56bfc062723c751e8b465ee728b)
Number of updated assets reloaded before import = 0
Start importing Assets/3.Sprites/Dummy/Tiles/roof_slantPurple_W.png using Guid(307348e48cc892245a5e2e0352fc9848) Importer(815301076,1909f56bfc062723c751e8b465ee728b)  -> (artifact id: 'bc82b0193100020bbe052436b8530a8c') in 0.020726 seconds 
Number of asset objects unloaded after import = 3
========================================================================
Received Import Request.
  Time since last request: 0.000015 seconds.
  path: Assets/TileMap/Effect/RoundEffect.png
  artifactKey: Guid(a59dfbaa0db04944db38db4bf132e42c) Importer(815301076,1909f56bfc062723c751e8b465ee728b)
Number of updated assets reloaded before import = 0
Start importing Assets/TileMap/Effect/RoundEffect.png using Guid(a59dfbaa0db04944db38db4bf132e42c) Importer(815301076,1909f56bfc062723c751e8b465ee728b)  -> (artifact id: '3acea010f6669ce8c8b9a30c4b2c8088') in 0.011381 seconds 
Number of asset objects unloaded after import = 3
========================================================================
Received Import Request.
  Time since last request: 0.974022 seconds.
  path: Assets/3.Sprites/Dummy/Tiles/roof_gablePurple_N.png
  artifactKey: Guid(f55c76ba01cefa6419509f980366f853) Importer(815301076,1909f56bfc062723c751e8b465ee728b)
Number of updated assets reloaded before import = 0
Start importing Assets/3.Sprites/Dummy/Tiles/roof_gablePurple_N.png using Guid(f55c76ba01cefa6419509f980366f853) Importer(815301076,1909f56bfc062723c751e8b465ee728b)  -> (artifact id: 'f91ca2cb8f06047dbeedd7a38d190f0a') in 0.014148 seconds 
Number of asset objects unloaded after import = 3
========================================================================
Received Import Request.
  Time since last request: 0.968857 seconds.
  path: Assets/3.Sprites/Dummy/Tiles/roof_pointBrown_E.png
  artifactKey: Guid(6c5ad5ce72878034ca4fdc31848c6489) Importer(815301076,1909f56bfc062723c751e8b465ee728b)
Number of updated assets reloaded before import = 0
Start importing Assets/3.Sprites/Dummy/Tiles/roof_pointBrown_E.png using Guid(6c5ad5ce72878034ca4fdc31848c6489) Importer(815301076,1909f56bfc062723c751e8b465ee728b)  -> (artifact id: 'a50774bf66b19d3b472adc4788941f21') in 0.027817 seconds 
Number of asset objects unloaded after import = 3
========================================================================
Received Import Request.
  Time since last request: 0.899664 seconds.
  path: Assets/3.Sprites/Dummy/Tiles/roof_pointBeige_S.png
  artifactKey: Guid(358f455f298989044b9ad8b6d4a91769) Importer(815301076,1909f56bfc062723c751e8b465ee728b)
Number of updated assets reloaded before import = 0
Start importing Assets/3.Sprites/Dummy/Tiles/roof_pointBeige_S.png using Guid(358f455f298989044b9ad8b6d4a91769) Importer(815301076,1909f56bfc062723c751e8b465ee728b)  -> (artifact id: 'fd9fb504f452fb66fc239dabfbfdb2e0') in 0.030580 seconds 
Number of asset objects unloaded after import = 3
========================================================================
Received Import Request.
  Time since last request: 0.000020 seconds.
  path: Assets/3.Sprites/Dummy/Tiles/roof_roundedBeige_S.png
  artifactKey: Guid(2405e04f7abb2a248bd367d67d8d7ab9) Importer(815301076,1909f56bfc062723c751e8b465ee728b)
Number of updated assets reloaded before import = 0
Start importing Assets/3.Sprites/Dummy/Tiles/roof_roundedBeige_S.png using Guid(2405e04f7abb2a248bd367d67d8d7ab9) Importer(815301076,1909f56bfc062723c751e8b465ee728b)  -> (artifact id: '3b33d5fecbfc8fabce2a6bec69b1af0c') in 0.018059 seconds 
Number of asset objects unloaded after import = 3
========================================================================
Received Import Request.
  Time since last request: 0.000019 seconds.
  path: Assets/3.Sprites/Dummy/Tiles/roof_roundBeige_W.png
  artifactKey: Guid(3e710bc7394cc9846ab5c5577344101b) Importer(815301076,1909f56bfc062723c751e8b465ee728b)
Number of updated assets reloaded before import = 0
Start importing Assets/3.Sprites/Dummy/Tiles/roof_roundBeige_W.png using Guid(3e710bc7394cc9846ab5c5577344101b) Importer(815301076,1909f56bfc062723c751e8b465ee728b)  -> (artifact id: '1cb741fbdfe797e322f737c36a5fff4e') in 0.017282 seconds 
Number of asset objects unloaded after import = 3
========================================================================
Received Import Request.
  Time since last request: 0.000017 seconds.
  path: Assets/3.Sprites/Dummy/Tiles/roof_roundedBeige_N.png
  artifactKey: Guid(ab2105ce4a875254b8b293f3951ffec9) Importer(815301076,1909f56bfc062723c751e8b465ee728b)
Number of updated assets reloaded before import = 0
Start importing Assets/3.Sprites/Dummy/Tiles/roof_roundedBeige_N.png using Guid(ab2105ce4a875254b8b293f3951ffec9) Importer(815301076,1909f56bfc062723c751e8b465ee728b)  -> (artifact id: '70965e6f1e9dcb68533e1f4b6b3a8c01') in 0.016495 seconds 
Number of asset objects unloaded after import = 3
========================================================================
Received Import Request.
  Time since last request: 0.000015 seconds.
  path: Assets/3.Sprites/Dummy/Tiles/roof_roundBeige_N.png
  artifactKey: Guid(5605bf61fe4961b469cd91715094c179) Importer(815301076,1909f56bfc062723c751e8b465ee728b)
Number of updated assets reloaded before import = 0
Start importing Assets/3.Sprites/Dummy/Tiles/roof_roundBeige_N.png using Guid(5605bf61fe4961b469cd91715094c179) Importer(815301076,1909f56bfc062723c751e8b465ee728b)  -> (artifact id: '3fc392dba5f96c0c224d08f3b2e5b6f0') in 0.015524 seconds 
Number of asset objects unloaded after import = 3
========================================================================
Received Import Request.
  Time since last request: 0.000019 seconds.
  path: Assets/3.Sprites/Dummy/Tiles/roof_pointGreen_W.png
  artifactKey: Guid(198de7c43e7e48f4d921f7ef12b8eaa2) Importer(815301076,1909f56bfc062723c751e8b465ee728b)
Number of updated assets reloaded before import = 0
Start importing Assets/3.Sprites/Dummy/Tiles/roof_pointGreen_W.png using Guid(198de7c43e7e48f4d921f7ef12b8eaa2) Importer(815301076,1909f56bfc062723c751e8b465ee728b)  -> (artifact id: 'a5948fd35c0996f343175807cc4099cf') in 0.015746 seconds 
Number of asset objects unloaded after import = 3
========================================================================
Received Import Request.
  Time since last request: 0.000020 seconds.
  path: Assets/3.Sprites/Dummy/Tiles/roof_roundBrown_W.png
  artifactKey: Guid(dfa6dbbf8d9b2a549870047161493641) Importer(815301076,1909f56bfc062723c751e8b465ee728b)
Number of updated assets reloaded before import = 0
Start importing Assets/3.Sprites/Dummy/Tiles/roof_roundBrown_W.png using Guid(dfa6dbbf8d9b2a549870047161493641) Importer(815301076,1909f56bfc062723c751e8b465ee728b)  -> (artifact id: '4e4633bf3a022ee44e10c4970d5f7ff0') in 0.017709 seconds 
Number of asset objects unloaded after import = 3
========================================================================
Received Import Request.
  Time since last request: 0.000019 seconds.
  path: Assets/3.Sprites/Dummy/Tiles/roof_roundBeige_E.png
  artifactKey: Guid(62dc794073f27984493c0c7759b7619f) Importer(815301076,1909f56bfc062723c751e8b465ee728b)
Number of updated assets reloaded before import = 0
Start importing Assets/3.Sprites/Dummy/Tiles/roof_roundBeige_E.png using Guid(62dc794073f27984493c0c7759b7619f) Importer(815301076,1909f56bfc062723c751e8b465ee728b)  -> (artifact id: 'cbe216f9b37a1d1f300fc56c08190b7a') in 0.017096 seconds 
Number of asset objects unloaded after import = 3
========================================================================
Received Import Request.
  Time since last request: 0.000016 seconds.
  path: Assets/3.Sprites/Dummy/Tiles/roof_gablePurple_W.png
  artifactKey: Guid(3bc7ca6249c319949a5add0952f260c2) Importer(815301076,1909f56bfc062723c751e8b465ee728b)
Number of updated assets reloaded before import = 0
Start importing Assets/3.Sprites/Dummy/Tiles/roof_gablePurple_W.png using Guid(3bc7ca6249c319949a5add0952f260c2) Importer(815301076,1909f56bfc062723c751e8b465ee728b)  -> (artifact id: '94c39fa4de766dec4db06cbf6ac42d19') in 0.016359 seconds 
Number of asset objects unloaded after import = 3
========================================================================
Received Import Request.
  Time since last request: 0.000025 seconds.
  path: Assets/3.Sprites/Dummy/Tiles/roof_roundedBeige_E.png
  artifactKey: Guid(08c5caf220d89d2498097749f406b300) Importer(815301076,1909f56bfc062723c751e8b465ee728b)
Number of updated assets reloaded before import = 0
Start importing Assets/3.Sprites/Dummy/Tiles/roof_roundedBeige_E.png using Guid(08c5caf220d89d2498097749f406b300) Importer(815301076,1909f56bfc062723c751e8b465ee728b)  -> (artifact id: '31ba93eb0f5cc704f433baafdf9d0340') in 0.015165 seconds 
Number of asset objects unloaded after import = 3
========================================================================
Received Import Request.
  Time since last request: 0.000027 seconds.
  path: Assets/3.Sprites/Dummy/Tiles/roof_roundBrown_E.png
  artifactKey: Guid(a75748b60d3d3004a89f56acc365001f) Importer(815301076,1909f56bfc062723c751e8b465ee728b)
Number of updated assets reloaded before import = 0
Start importing Assets/3.Sprites/Dummy/Tiles/roof_roundBrown_E.png using Guid(a75748b60d3d3004a89f56acc365001f) Importer(815301076,1909f56bfc062723c751e8b465ee728b)  -> (artifact id: 'd685a0218f82513de9ec710d59feceac') in 0.016282 seconds 
Number of asset objects unloaded after import = 3
========================================================================
Received Import Request.
  Time since last request: 0.000024 seconds.
  path: Assets/3.Sprites/Dummy/Tiles/roof_pointGreen_S.png
  artifactKey: Guid(954dee1ae8cd6a348a7601a178dbaf3e) Importer(815301076,1909f56bfc062723c751e8b465ee728b)
Number of updated assets reloaded before import = 0
Start importing Assets/3.Sprites/Dummy/Tiles/roof_pointGreen_S.png using Guid(954dee1ae8cd6a348a7601a178dbaf3e) Importer(815301076,1909f56bfc062723c751e8b465ee728b)  -> (artifact id: 'b1847539d3da3b38c6aba4be5b2760ff') in 0.016589 seconds 
Number of asset objects unloaded after import = 3
========================================================================
Received Import Request.
  Time since last request: 0.000020 seconds.
  path: Assets/3.Sprites/Dummy/Tiles/roof_pointPurple_W.png
  artifactKey: Guid(445c069a08dc1f24ea27d4ab54b4e8de) Importer(815301076,1909f56bfc062723c751e8b465ee728b)
Number of updated assets reloaded before import = 0
Start importing Assets/3.Sprites/Dummy/Tiles/roof_pointPurple_W.png using Guid(445c069a08dc1f24ea27d4ab54b4e8de) Importer(815301076,1909f56bfc062723c751e8b465ee728b)  -> (artifact id: 'b1a9ef8cc65eaedeb8ea1fa84b9c0715') in 0.017791 seconds 
Number of asset objects unloaded after import = 3
========================================================================
Received Import Request.
  Time since last request: 0.000016 seconds.
  path: Assets/3.Sprites/Dummy/Tiles/roof_gablePurple_S.png
  artifactKey: Guid(2ba6c0219f17cc3439453780de592adc) Importer(815301076,1909f56bfc062723c751e8b465ee728b)
Number of updated assets reloaded before import = 0
Start importing Assets/3.Sprites/Dummy/Tiles/roof_gablePurple_S.png using Guid(2ba6c0219f17cc3439453780de592adc) Importer(815301076,1909f56bfc062723c751e8b465ee728b)  -> (artifact id: '00895f3587af5ab6a1ea8c2203cd0c75') in 0.019774 seconds 
Number of asset objects unloaded after import = 3
========================================================================
Received Import Request.
  Time since last request: 0.000015 seconds.
  path: Assets/3.Sprites/Dummy/Tiles/roof_pointBeige_N.png
  artifactKey: Guid(f88147043641953429203f3675222465) Importer(815301076,1909f56bfc062723c751e8b465ee728b)
Number of updated assets reloaded before import = 0
Start importing Assets/3.Sprites/Dummy/Tiles/roof_pointBeige_N.png using Guid(f88147043641953429203f3675222465) Importer(815301076,1909f56bfc062723c751e8b465ee728b)  -> (artifact id: 'a9a53fa812cd83d13b1a05907799f7e1') in 0.017729 seconds 
Number of asset objects unloaded after import = 3
========================================================================
Received Import Request.
  Time since last request: 0.755475 seconds.
  path: Assets/DARK Series Mega Pack 1/DARK - Statement Pieces/The Circle/Statement Piece/Flatten.png
  artifactKey: Guid(368c966e752f22445ab53b52c74f81f3) Importer(815301076,1909f56bfc062723c751e8b465ee728b)
Number of updated assets reloaded before import = 0
Start importing Assets/DARK Series Mega Pack 1/DARK - Statement Pieces/The Circle/Statement Piece/Flatten.png using Guid(368c966e752f22445ab53b52c74f81f3) Importer(815301076,1909f56bfc062723c751e8b465ee728b)  -> (artifact id: '0cc00908383a398b59f4568354b1f529') in 0.017154 seconds 
Number of asset objects unloaded after import = 3
========================================================================
Received Import Request.
  Time since last request: 0.000016 seconds.
  path: Assets/DARK Series Mega Pack 1/DARK - Animals & Trees/Elk/Elk Sprite Sheet 56x35.png
  artifactKey: Guid(6b00df8179eb67346a7e615e38730095) Importer(815301076,1909f56bfc062723c751e8b465ee728b)
Number of updated assets reloaded before import = 0
Start importing Assets/DARK Series Mega Pack 1/DARK - Animals & Trees/Elk/Elk Sprite Sheet 56x35.png using Guid(6b00df8179eb67346a7e615e38730095) Importer(815301076,1909f56bfc062723c751e8b465ee728b)  -> (artifact id: '4f08370a6cd7f9006f242d8f9b63f475') in 0.090073 seconds 
Number of asset objects unloaded after import = 49
========================================================================
Received Import Request.
  Time since last request: 0.000013 seconds.
  path: Assets/3.Sprites/Dummy/Tiles/castle_towerBeige_E.png
  artifactKey: Guid(f9462458cb72b474da95c30daa40fec2) Importer(815301076,1909f56bfc062723c751e8b465ee728b)
Number of updated assets reloaded before import = 0
Start importing Assets/3.Sprites/Dummy/Tiles/castle_towerBeige_E.png using Guid(f9462458cb72b474da95c30daa40fec2) Importer(815301076,1909f56bfc062723c751e8b465ee728b)  -> (artifact id: '44a6567bc4e46c13ccf559a982a1d78c') in 0.014939 seconds 
Number of asset objects unloaded after import = 3
========================================================================
Received Import Request.
  Time since last request: 0.000023 seconds.
  path: Assets/3.Sprites/Demo_Sprites/Desert/Raised/desert-sliced_28.png
  artifactKey: Guid(39f1c328a0d51dc4884a9e205c45d9aa) Importer(815301076,1909f56bfc062723c751e8b465ee728b)
Number of updated assets reloaded before import = 0
Start importing Assets/3.Sprites/Demo_Sprites/Desert/Raised/desert-sliced_28.png using Guid(39f1c328a0d51dc4884a9e205c45d9aa) Importer(815301076,1909f56bfc062723c751e8b465ee728b)  -> (artifact id: '028c8109f4a4aca5d1948acb0a414b50') in 0.011685 seconds 
Number of asset objects unloaded after import = 3
========================================================================
Received Import Request.
  Time since last request: 0.000020 seconds.
  path: Assets/3.Sprites/Dummy/Tiles/castle_towerBrown_W.png
  artifactKey: Guid(ec2984b84dfb802448bcceadece9f103) Importer(815301076,1909f56bfc062723c751e8b465ee728b)
Number of updated assets reloaded before import = 0
Start importing Assets/3.Sprites/Dummy/Tiles/castle_towerBrown_W.png using Guid(ec2984b84dfb802448bcceadece9f103) Importer(815301076,1909f56bfc062723c751e8b465ee728b)  -> (artifact id: 'cb4fa3994dfe8ae7838fe0ee68eb2398') in 0.015703 seconds 
Number of asset objects unloaded after import = 3
========================================================================
Received Import Request.
  Time since last request: 0.000016 seconds.
  path: Assets/DARK Series Mega Pack 1/DARK - Enemy Pack 2/Dagger Mush/Dagger mush GIF.aseprite
  artifactKey: Guid(bdfdd63427477c649a2f4888ba1b6029) Importer(815301076,1909f56bfc062723c751e8b465ee728b)
Number of updated assets reloaded before import = 0
Start importing Assets/DARK Series Mega Pack 1/DARK - Enemy Pack 2/Dagger Mush/Dagger mush GIF.aseprite using Guid(bdfdd63427477c649a2f4888ba1b6029) Importer(815301076,1909f56bfc062723c751e8b465ee728b)  -> (artifact id: '19cdca26afddf8d6dd6d415fc1db015b') in 0.274914 seconds 
Number of asset objects unloaded after import = 74
========================================================================
Received Import Request.
  Time since last request: 0.000024 seconds.
  path: Assets/DARK Series Mega Pack 1/DARK - Temple Guardians + Merchants/Sprites/Temple Guardian/attack 1 without VFX.png
  artifactKey: Guid(bef37058a281dc24eb28f3c5be5996cf) Importer(815301076,1909f56bfc062723c751e8b465ee728b)
Number of updated assets reloaded before import = 0
Start importing Assets/DARK Series Mega Pack 1/DARK - Temple Guardians + Merchants/Sprites/Temple Guardian/attack 1 without VFX.png using Guid(bef37058a281dc24eb28f3c5be5996cf) Importer(815301076,1909f56bfc062723c751e8b465ee728b)  -> (artifact id: 'd594db42bb34ad08ad2e3f73b545acd9') in 0.031335 seconds 
Number of asset objects unloaded after import = 13
========================================================================
Received Import Request.
  Time since last request: 0.000026 seconds.
  path: Assets/3.Sprites/Dummy/Tiles/building_cornerBeige_W.png
  artifactKey: Guid(971a00bd0992e4e4880a89df449c6b40) Importer(815301076,1909f56bfc062723c751e8b465ee728b)
Number of updated assets reloaded before import = 0
Start importing Assets/3.Sprites/Dummy/Tiles/building_cornerBeige_W.png using Guid(971a00bd0992e4e4880a89df449c6b40) Importer(815301076,1909f56bfc062723c751e8b465ee728b)  -> (artifact id: '7f6cbfa769ea48aa6b7f784cfedb942b') in 0.016771 seconds 
Number of asset objects unloaded after import = 3
========================================================================
Received Import Request.
  Time since last request: 0.000014 seconds.
  path: Assets/3.Sprites/Demo_Sprites/Desert/Raised/desert-sliced_45.png
  artifactKey: Guid(fd5e1ba53b59a0c48ac6bbf17322b439) Importer(815301076,1909f56bfc062723c751e8b465ee728b)
Number of updated assets reloaded before import = 0
Start importing Assets/3.Sprites/Demo_Sprites/Desert/Raised/desert-sliced_45.png using Guid(fd5e1ba53b59a0c48ac6bbf17322b439) Importer(815301076,1909f56bfc062723c751e8b465ee728b)  -> (artifact id: 'd9f5d9ce90f10b66599ffac2a7642eee') in 0.012985 seconds 
Number of asset objects unloaded after import = 3
========================================================================
Received Import Request.
  Time since last request: 0.000017 seconds.
  path: Assets/3.Sprites/Dummy/Tiles/building_centerBeige_W.png
  artifactKey: Guid(b72628627e1866d458c7f35258554fd9) Importer(815301076,1909f56bfc062723c751e8b465ee728b)
Number of updated assets reloaded before import = 0
Start importing Assets/3.Sprites/Dummy/Tiles/building_centerBeige_W.png using Guid(b72628627e1866d458c7f35258554fd9) Importer(815301076,1909f56bfc062723c751e8b465ee728b)  -> (artifact id: 'b87a8e60cb33f9e816c9647e991bf3c3') in 0.016131 seconds 
Number of asset objects unloaded after import = 3
========================================================================
Received Import Request.
  Time since last request: 0.000017 seconds.
  path: Assets/3.Sprites/Demo_Sprites/FrozenMountain/Decoration/decoration_snowcap_rock_2.png
  artifactKey: Guid(6d1832e65a13ce1488c9984ce2769f54) Importer(815301076,1909f56bfc062723c751e8b465ee728b)
Number of updated assets reloaded before import = 0
Start importing Assets/3.Sprites/Demo_Sprites/FrozenMountain/Decoration/decoration_snowcap_rock_2.png using Guid(6d1832e65a13ce1488c9984ce2769f54) Importer(815301076,1909f56bfc062723c751e8b465ee728b)  -> (artifact id: 'acddd89db37e1a58e39af4f0f8d17a15') in 0.012662 seconds 
Number of asset objects unloaded after import = 3
========================================================================
Received Import Request.
  Time since last request: 0.000016 seconds.
  path: Assets/3.Sprites/Dummy/Tiles/building_corner_N.png
  artifactKey: Guid(e84682618b255634396d1b7ea0562bd9) Importer(815301076,1909f56bfc062723c751e8b465ee728b)
Number of updated assets reloaded before import = 0
Start importing Assets/3.Sprites/Dummy/Tiles/building_corner_N.png using Guid(e84682618b255634396d1b7ea0562bd9) Importer(815301076,1909f56bfc062723c751e8b465ee728b)  -> (artifact id: '13d86be961826764a2d77e888ad5fc78') in 0.013951 seconds 
Number of asset objects unloaded after import = 3
========================================================================
Received Import Request.
  Time since last request: 0.000015 seconds.
  path: Assets/DARK Series Mega Pack 1/DARK - Statement Pieces/The Columns/Flatten Vertical.png
  artifactKey: Guid(26b4971339f53bd43bb26ce5b44e7058) Importer(815301076,1909f56bfc062723c751e8b465ee728b)
Number of updated assets reloaded before import = 0
Start importing Assets/DARK Series Mega Pack 1/DARK - Statement Pieces/The Columns/Flatten Vertical.png using Guid(26b4971339f53bd43bb26ce5b44e7058) Importer(815301076,1909f56bfc062723c751e8b465ee728b)  -> (artifact id: '821f3b5d46a3ab370ea33ee2e3a33667') in 0.015907 seconds 
Number of asset objects unloaded after import = 3
========================================================================
Received Import Request.
  Time since last request: 0.000017 seconds.
  path: Assets/3.Sprites/Demo_Sprites/Basic/Flat/base04.png
  artifactKey: Guid(865d28014e800974183ada3b8af65308) Importer(815301076,1909f56bfc062723c751e8b465ee728b)
Number of updated assets reloaded before import = 0
Start importing Assets/3.Sprites/Demo_Sprites/Basic/Flat/base04.png using Guid(865d28014e800974183ada3b8af65308) Importer(815301076,1909f56bfc062723c751e8b465ee728b)  -> (artifact id: '57839546a36bcec3100c27c7ce6510b8') in 0.011104 seconds 
Number of asset objects unloaded after import = 3
========================================================================
Received Import Request.
  Time since last request: 0.000022 seconds.
  path: Assets/3.Sprites/Demo_Sprites/FrozenMountain/Decoration/decoration_snowcap_rock_1.png
  artifactKey: Guid(6f60c7611a793424d8b1db504de93567) Importer(815301076,1909f56bfc062723c751e8b465ee728b)
Number of updated assets reloaded before import = 0
Start importing Assets/3.Sprites/Demo_Sprites/FrozenMountain/Decoration/decoration_snowcap_rock_1.png using Guid(6f60c7611a793424d8b1db504de93567) Importer(815301076,1909f56bfc062723c751e8b465ee728b)  -> (artifact id: '3d1752f47f117720d3617c7918758132') in 0.011654 seconds 
Number of asset objects unloaded after import = 3
========================================================================
Received Import Request.
  Time since last request: 0.000026 seconds.
  path: Assets/DARK Series Mega Pack 1/DARK City Tileset/Examples/DARK City.png
  artifactKey: Guid(ae22a348ba8c21641a1c48409c9be927) Importer(815301076,1909f56bfc062723c751e8b465ee728b)
Number of updated assets reloaded before import = 0
Start importing Assets/DARK Series Mega Pack 1/DARK City Tileset/Examples/DARK City.png using Guid(ae22a348ba8c21641a1c48409c9be927) Importer(815301076,1909f56bfc062723c751e8b465ee728b)  -> (artifact id: '2abec965b8fe555e494afb251496f897') in 0.103591 seconds 
Number of asset objects unloaded after import = 3
========================================================================
Received Import Request.
  Time since last request: 0.000017 seconds.
  path: Assets/3.Sprites/Demo_Sprites/Desert/Raised/desert-sliced_32.png
  artifactKey: Guid(338493abd75ba2c48b8cb98205165bab) Importer(815301076,1909f56bfc062723c751e8b465ee728b)
Number of updated assets reloaded before import = 0
Start importing Assets/3.Sprites/Demo_Sprites/Desert/Raised/desert-sliced_32.png using Guid(338493abd75ba2c48b8cb98205165bab) Importer(815301076,1909f56bfc062723c751e8b465ee728b)  -> (artifact id: '400c68c9e9ae286e34e8da8f43e9c48c') in 0.011027 seconds 
Number of asset objects unloaded after import = 3
========================================================================
Received Import Request.
  Time since last request: 0.000028 seconds.
  path: Assets/3.Sprites/Dummy/Tiles/building_doorBeige_E.png
  artifactKey: Guid(a240e0242b594bc4b9d1716ff0c5d6ba) Importer(815301076,1909f56bfc062723c751e8b465ee728b)
Number of updated assets reloaded before import = 0
Start importing Assets/3.Sprites/Dummy/Tiles/building_doorBeige_E.png using Guid(a240e0242b594bc4b9d1716ff0c5d6ba) Importer(815301076,1909f56bfc062723c751e8b465ee728b)  -> (artifact id: 'a4848bb3ec39d89ab272a38e087efcd2') in 0.018678 seconds 
Number of asset objects unloaded after import = 3
========================================================================
Received Import Request.
  Time since last request: 0.000015 seconds.
  path: Assets/3.Sprites/Demo_Sprites/Desert/Raised/desert-sliced_42.png
  artifactKey: Guid(a3d39130fe2494c44b9a3ef132b7de14) Importer(815301076,1909f56bfc062723c751e8b465ee728b)
Number of updated assets reloaded before import = 0
Start importing Assets/3.Sprites/Demo_Sprites/Desert/Raised/desert-sliced_42.png using Guid(a3d39130fe2494c44b9a3ef132b7de14) Importer(815301076,1909f56bfc062723c751e8b465ee728b)  -> (artifact id: '97bc1524f276caae4a16001343a8be8c') in 0.012220 seconds 
Number of asset objects unloaded after import = 3
========================================================================
Received Import Request.
  Time since last request: 0.000015 seconds.
  path: Assets/3.Sprites/Demo_Sprites/Desert/Flat/desert-sliced_19.png
  artifactKey: Guid(bca6d6dd66f75cc45ae0fce91a2706ff) Importer(815301076,1909f56bfc062723c751e8b465ee728b)
Number of updated assets reloaded before import = 0
Start importing Assets/3.Sprites/Demo_Sprites/Desert/Flat/desert-sliced_19.png using Guid(bca6d6dd66f75cc45ae0fce91a2706ff) Importer(815301076,1909f56bfc062723c751e8b465ee728b)  -> (artifact id: 'd53af9c9ce004b5ff47e42ac5f4fec98') in 0.012112 seconds 
Number of asset objects unloaded after import = 3
========================================================================
Received Import Request.
  Time since last request: 0.000019 seconds.
  path: Assets/3.Sprites/Demo_Sprites/Desert/Decoration/desert-sliced_48.png
  artifactKey: Guid(5f6864c303c8b0c4180c96eca1d47c70) Importer(815301076,1909f56bfc062723c751e8b465ee728b)
Number of updated assets reloaded before import = 0
Start importing Assets/3.Sprites/Demo_Sprites/Desert/Decoration/desert-sliced_48.png using Guid(5f6864c303c8b0c4180c96eca1d47c70) Importer(815301076,1909f56bfc062723c751e8b465ee728b)  -> (artifact id: 'ced2807f3a94f8910f22c9fe119d021b') in 0.016133 seconds 
Number of asset objects unloaded after import = 3
========================================================================
Received Import Request.
  Time since last request: 0.000022 seconds.
  path: Assets/3.Sprites/Dummy/Tiles/castle_window_W.png
  artifactKey: Guid(17fbab1f98676fe408042d6b861f6952) Importer(815301076,1909f56bfc062723c751e8b465ee728b)
Number of updated assets reloaded before import = 0
Start importing Assets/3.Sprites/Dummy/Tiles/castle_window_W.png using Guid(17fbab1f98676fe408042d6b861f6952) Importer(815301076,1909f56bfc062723c751e8b465ee728b)  -> (artifact id: '74e1c0320e4406c6cc6631c85cb3ac6f') in 0.020965 seconds 
Number of asset objects unloaded after import = 3
========================================================================
Received Import Request.
  Time since last request: 0.000026 seconds.
  path: Assets/3.Sprites/Demo_Sprites/Desert/Raised/desert-sliced_31.png
  artifactKey: Guid(29ac072f835dc6945b5e1d0aa71dcc03) Importer(815301076,1909f56bfc062723c751e8b465ee728b)
Number of updated assets reloaded before import = 0
Start importing Assets/3.Sprites/Demo_Sprites/Desert/Raised/desert-sliced_31.png using Guid(29ac072f835dc6945b5e1d0aa71dcc03) Importer(815301076,1909f56bfc062723c751e8b465ee728b)  -> (artifact id: 'd41bf30c82f655efc223abf44397396a') in 0.013598 seconds 
Number of asset objects unloaded after import = 3
========================================================================
Received Import Request.
  Time since last request: 0.000023 seconds.
  path: Assets/3.Sprites/Dummy/Tiles/castle_towerBeige_S.png
  artifactKey: Guid(2b4b244e72c3efe4dae6eaa4260e0555) Importer(815301076,1909f56bfc062723c751e8b465ee728b)
Number of updated assets reloaded before import = 0
Start importing Assets/3.Sprites/Dummy/Tiles/castle_towerBeige_S.png using Guid(2b4b244e72c3efe4dae6eaa4260e0555) Importer(815301076,1909f56bfc062723c751e8b465ee728b)  -> (artifact id: 'eec273e5bce33ca7569d20bc2da771b2') in 0.020567 seconds 
Number of asset objects unloaded after import = 3
========================================================================
Received Import Request.
  Time since last request: 0.000019 seconds.
  path: Assets/DARK Series Mega Pack 1/DARK - Animals & Trees/Animated Trees/Blood Tree 1 Sprite Sheet.aseprite
  artifactKey: Guid(2aa93ad0a6b64e749bac7271e133e3b3) Importer(815301076,1909f56bfc062723c751e8b465ee728b)
Number of updated assets reloaded before import = 0
Start importing Assets/DARK Series Mega Pack 1/DARK - Animals & Trees/Animated Trees/Blood Tree 1 Sprite Sheet.aseprite using Guid(2aa93ad0a6b64e749bac7271e133e3b3) Importer(815301076,1909f56bfc062723c751e8b465ee728b)  -> (artifact id: 'a161145c6757dcecad07d6069b6f75fa') in 0.115153 seconds 
Number of asset objects unloaded after import = 62
========================================================================
Received Import Request.
  Time since last request: 0.000018 seconds.
  path: Assets/DARK Series Mega Pack 1/DARK Series - Platformer Starter Pack/Underground Tileset & Enemies/Sprites/Flower Enemy/Flower Enemy.gif
  artifactKey: Guid(6aa591f75ac6a5740a8dbb6bfb970b15) Importer(815301076,1909f56bfc062723c751e8b465ee728b)
Number of updated assets reloaded before import = 0
Start importing Assets/DARK Series Mega Pack 1/DARK Series - Platformer Starter Pack/Underground Tileset & Enemies/Sprites/Flower Enemy/Flower Enemy.gif using Guid(6aa591f75ac6a5740a8dbb6bfb970b15) Importer(815301076,1909f56bfc062723c751e8b465ee728b)  -> (artifact id: '2d276ac68e5ba75ba2e77e4dd705bd4d') in 0.014686 seconds 
Number of asset objects unloaded after import = 3
========================================================================
Received Import Request.
  Time since last request: 0.000034 seconds.
  path: Assets/3.Sprites/Demo_Sprites/Basic/Flat/base03.png
  artifactKey: Guid(2f8535c9ada0c0f4e86cb76dbc453a68) Importer(815301076,1909f56bfc062723c751e8b465ee728b)
Number of updated assets reloaded before import = 0
Start importing Assets/3.Sprites/Demo_Sprites/Basic/Flat/base03.png using Guid(2f8535c9ada0c0f4e86cb76dbc453a68) Importer(815301076,1909f56bfc062723c751e8b465ee728b)  -> (artifact id: '8d71f0ae9622281d8fec54c21888480c') in 0.014752 seconds 
Number of asset objects unloaded after import = 3
========================================================================
Received Import Request.
  Time since last request: 0.000019 seconds.
  path: Assets/3.Sprites/Dummy/Tiles/castle_towerGreen_S.png
  artifactKey: Guid(b362b582b150b9b40b702b6effaeb47b) Importer(815301076,1909f56bfc062723c751e8b465ee728b)
Number of updated assets reloaded before import = 0
Start importing Assets/3.Sprites/Dummy/Tiles/castle_towerGreen_S.png using Guid(b362b582b150b9b40b702b6effaeb47b) Importer(815301076,1909f56bfc062723c751e8b465ee728b)  -> (artifact id: 'd26427dceb1e4c11bc0035ed51a5901d') in 0.019368 seconds 
Number of asset objects unloaded after import = 3
========================================================================
Received Import Request.
  Time since last request: 0.000020 seconds.
  path: Assets/DARK Series Mega Pack 1/DARK - Victorian Enemies & Assets/Enemies/Caged Spider 43x19.png
  artifactKey: Guid(1f161dba93c12e34097a67f4aaa7d8db) Importer(815301076,1909f56bfc062723c751e8b465ee728b)
Number of updated assets reloaded before import = 0
Start importing Assets/DARK Series Mega Pack 1/DARK - Victorian Enemies & Assets/Enemies/Caged Spider 43x19.png using Guid(1f161dba93c12e34097a67f4aaa7d8db) Importer(815301076,1909f56bfc062723c751e8b465ee728b)  -> (artifact id: 'c55ad428f2d3b0f3c169f626157de80a') in 0.061132 seconds 
Number of asset objects unloaded after import = 36
========================================================================
Received Import Request.
  Time since last request: 0.000020 seconds.
  path: Assets/3.Sprites/Dummy/Tiles/castle_towerBrown_S.png
  artifactKey: Guid(e680077406f07d240b8446efb07f8ba5) Importer(815301076,1909f56bfc062723c751e8b465ee728b)
Number of updated assets reloaded before import = 0
Start importing Assets/3.Sprites/Dummy/Tiles/castle_towerBrown_S.png using Guid(e680077406f07d240b8446efb07f8ba5) Importer(815301076,1909f56bfc062723c751e8b465ee728b)  -> (artifact id: '84dc930e3807bad2b67e36148868ce62') in 0.019077 seconds 
Number of asset objects unloaded after import = 3
========================================================================
Received Import Request.
  Time since last request: 0.000021 seconds.
  path: Assets/3.Sprites/Demo_Sprites/Basic/Flat/base00.png
  artifactKey: Guid(2f2819f776232ce4ba6246149cdae7bf) Importer(815301076,1909f56bfc062723c751e8b465ee728b)
Number of updated assets reloaded before import = 0
Start importing Assets/3.Sprites/Demo_Sprites/Basic/Flat/base00.png using Guid(2f2819f776232ce4ba6246149cdae7bf) Importer(815301076,1909f56bfc062723c751e8b465ee728b)  -> (artifact id: 'aafa67939317a9c6679c5866b7257196') in 0.011961 seconds 
Number of asset objects unloaded after import = 3
========================================================================
Received Import Request.
  Time since last request: 0.000020 seconds.
  path: Assets/3.Sprites/Demo_Sprites/Basic/Flat/base12.png
  artifactKey: Guid(8ae726b3a5db15e42b4fa7d9afb5f4f8) Importer(815301076,1909f56bfc062723c751e8b465ee728b)
Number of updated assets reloaded before import = 0
Start importing Assets/3.Sprites/Demo_Sprites/Basic/Flat/base12.png using Guid(8ae726b3a5db15e42b4fa7d9afb5f4f8) Importer(815301076,1909f56bfc062723c751e8b465ee728b)  -> (artifact id: '95fd412be85cb9f2ed0aca85e698ce6d') in 0.010951 seconds 
Number of asset objects unloaded after import = 3
========================================================================
Received Import Request.
  Time since last request: 0.000015 seconds.
  path: Assets/DARK Series Mega Pack 1/DARK - Enemies Pack 1/assassin/attack 1 with VFX.png
  artifactKey: Guid(21e35938501e3d843a79cbc4915726d3) Importer(815301076,1909f56bfc062723c751e8b465ee728b)
Number of updated assets reloaded before import = 0
Start importing Assets/DARK Series Mega Pack 1/DARK - Enemies Pack 1/assassin/attack 1 with VFX.png using Guid(21e35938501e3d843a79cbc4915726d3) Importer(815301076,1909f56bfc062723c751e8b465ee728b)  -> (artifact id: 'a122a765ef230ec8b41a12487108c0d6') in 0.012644 seconds 
Number of asset objects unloaded after import = 3
========================================================================
Received Import Request.
  Time since last request: 0.000017 seconds.
  path: Assets/DARK Series Mega Pack 1/DARK - Gunslinger Hero, NPC's, Thrones/Gun/Aim Cursors.png
  artifactKey: Guid(093133a41d58fb44ab00525c2fef01b0) Importer(815301076,1909f56bfc062723c751e8b465ee728b)
Number of updated assets reloaded before import = 0
Start importing Assets/DARK Series Mega Pack 1/DARK - Gunslinger Hero, NPC's, Thrones/Gun/Aim Cursors.png using Guid(093133a41d58fb44ab00525c2fef01b0) Importer(815301076,1909f56bfc062723c751e8b465ee728b)  -> (artifact id: 'd0bbc5f71cca1eec25a8bee560f76e0d') in 0.022127 seconds 
Number of asset objects unloaded after import = 12
========================================================================
Received Import Request.
  Time since last request: 0.000019 seconds.
  path: Assets/3.Sprites/Dummy/Tiles/castle_window_N.png
  artifactKey: Guid(a1bd2554cb4ee124a817c3083960d39d) Importer(815301076,1909f56bfc062723c751e8b465ee728b)
Number of updated assets reloaded before import = 0
Start importing Assets/3.Sprites/Dummy/Tiles/castle_window_N.png using Guid(a1bd2554cb4ee124a817c3083960d39d) Importer(815301076,1909f56bfc062723c751e8b465ee728b)  -> (artifact id: '61200074971c74924a46e88127c1e19e') in 0.017186 seconds 
Number of asset objects unloaded after import = 3
========================================================================
Received Import Request.
  Time since last request: 0.000018 seconds.
  path: Assets/3.Sprites/Dummy/Tiles/building_doorBeige_N.png
  artifactKey: Guid(4930c350dc424e9498698312e879ee46) Importer(815301076,1909f56bfc062723c751e8b465ee728b)
Number of updated assets reloaded before import = 0
Start importing Assets/3.Sprites/Dummy/Tiles/building_doorBeige_N.png using Guid(4930c350dc424e9498698312e879ee46) Importer(815301076,1909f56bfc062723c751e8b465ee728b)  -> (artifact id: 'f032ff053abfcdf1a16c1decba93f190') in 0.017000 seconds 
Number of asset objects unloaded after import = 3
========================================================================
Received Import Request.
  Time since last request: 0.000027 seconds.
  path: Assets/3.Sprites/Dummy/Tiles/castle_wall_W.png
  artifactKey: Guid(5c86ee2ebe024a947b66eae24010a7cd) Importer(815301076,1909f56bfc062723c751e8b465ee728b)
Number of updated assets reloaded before import = 0
Start importing Assets/3.Sprites/Dummy/Tiles/castle_wall_W.png using Guid(5c86ee2ebe024a947b66eae24010a7cd) Importer(815301076,1909f56bfc062723c751e8b465ee728b)  -> (artifact id: '7ac9c792940dd5857b32b09f70fd180d') in 0.017353 seconds 
Number of asset objects unloaded after import = 3
========================================================================
Received Import Request.
  Time since last request: 0.000025 seconds.
  path: Assets/3.Sprites/Demo_Sprites/Desert/Flat/desert-sliced_20.png
  artifactKey: Guid(b7628d1eaae93b04c8394a5e246d5e0a) Importer(815301076,1909f56bfc062723c751e8b465ee728b)
Number of updated assets reloaded before import = 0
Start importing Assets/3.Sprites/Demo_Sprites/Desert/Flat/desert-sliced_20.png using Guid(b7628d1eaae93b04c8394a5e246d5e0a) Importer(815301076,1909f56bfc062723c751e8b465ee728b)  -> (artifact id: '6471bde48fc86f78223377e6b1ada4b6') in 0.011795 seconds 
Number of asset objects unloaded after import = 3
========================================================================
Received Import Request.
  Time since last request: 0.000023 seconds.
  path: Assets/3.Sprites/Demo_Sprites/Desert/Flat/desert-sliced_18.png
  artifactKey: Guid(d81d8672bbf0cc3429e83f23e99c4e0f) Importer(815301076,1909f56bfc062723c751e8b465ee728b)
Number of updated assets reloaded before import = 0
Start importing Assets/3.Sprites/Demo_Sprites/Desert/Flat/desert-sliced_18.png using Guid(d81d8672bbf0cc3429e83f23e99c4e0f) Importer(815301076,1909f56bfc062723c751e8b465ee728b)  -> (artifact id: '5bcf0e56c681a2e32e727e407f199c60') in 0.010689 seconds 
Number of asset objects unloaded after import = 3
========================================================================
Received Import Request.
  Time since last request: 0.000019 seconds.
  path: Assets/3.Sprites/Dummy/Tiles/building_doorWindows_S.png
  artifactKey: Guid(7bd75f9f901a1d14f91bbcd7e12ad179) Importer(815301076,1909f56bfc062723c751e8b465ee728b)
Number of updated assets reloaded before import = 0
Start importing Assets/3.Sprites/Dummy/Tiles/building_doorWindows_S.png using Guid(7bd75f9f901a1d14f91bbcd7e12ad179) Importer(815301076,1909f56bfc062723c751e8b465ee728b)  -> (artifact id: 'a00536159a69f96a890e8bb2362190f8') in 0.015160 seconds 
Number of asset objects unloaded after import = 3
========================================================================
Received Import Request.
  Time since last request: 0.000022 seconds.
  path: Assets/DARK Series Mega Pack 1/DARK - Animals & Trees/Animated Trees/Blood Tree 1 Sprite Sheet 112x128.png
  artifactKey: Guid(c89951bddda1cda42b334f5dbb76b1dd) Importer(815301076,1909f56bfc062723c751e8b465ee728b)
Number of updated assets reloaded before import = 0
Start importing Assets/DARK Series Mega Pack 1/DARK - Animals & Trees/Animated Trees/Blood Tree 1 Sprite Sheet 112x128.png using Guid(c89951bddda1cda42b334f5dbb76b1dd) Importer(815301076,1909f56bfc062723c751e8b465ee728b)  -> (artifact id: 'b169ecbf08c2cc3d3abfb7a1676eb9b2') in 0.117481 seconds 
Number of asset objects unloaded after import = 47
========================================================================
Received Import Request.
  Time since last request: 0.000021 seconds.
  path: Assets/DARK Series Mega Pack 1/DARK Series - Platformer Starter Pack/Parallax - Underground Caves/5-close.png
  artifactKey: Guid(b0e62379c8572e4429eb4855af8e7878) Importer(815301076,1909f56bfc062723c751e8b465ee728b)
Number of updated assets reloaded before import = 0
Start importing Assets/DARK Series Mega Pack 1/DARK Series - Platformer Starter Pack/Parallax - Underground Caves/5-close.png using Guid(b0e62379c8572e4429eb4855af8e7878) Importer(815301076,1909f56bfc062723c751e8b465ee728b)  -> (artifact id: '2b2c6a6245235c88f74b37de9ffde3f3') in 0.015373 seconds 
Number of asset objects unloaded after import = 3
========================================================================
Received Import Request.
  Time since last request: 0.000018 seconds.
  path: Assets/3.Sprites/Demo_Sprites/Desert/Raised/desert-sliced_36.png
  artifactKey: Guid(7fcc234f5b17dfc438a4b3af78c231c5) Importer(815301076,1909f56bfc062723c751e8b465ee728b)
Number of updated assets reloaded before import = 0
Start importing Assets/3.Sprites/Demo_Sprites/Desert/Raised/desert-sliced_36.png using Guid(7fcc234f5b17dfc438a4b3af78c231c5) Importer(815301076,1909f56bfc062723c751e8b465ee728b)  -> (artifact id: 'b5fb3ab914c63d16f2e21f5952e3139a') in 0.011925 seconds 
Number of asset objects unloaded after import = 3
========================================================================
Received Import Request.
  Time since last request: 0.000014 seconds.
  path: Assets/DARK Series Mega Pack 1/DARK Series - Platformer Starter Pack/Parallax - Electric Mountains/5- Fog (5).png
  artifactKey: Guid(214957c5910e98740a060a974c120dcf) Importer(815301076,1909f56bfc062723c751e8b465ee728b)
Number of updated assets reloaded before import = 0
Start importing Assets/DARK Series Mega Pack 1/DARK Series - Platformer Starter Pack/Parallax - Electric Mountains/5- Fog (5).png using Guid(214957c5910e98740a060a974c120dcf) Importer(815301076,1909f56bfc062723c751e8b465ee728b)  -> (artifact id: 'a94e724ed413e05e1b59d24800747be6') in 0.016035 seconds 
Number of asset objects unloaded after import = 3
========================================================================
Received Import Request.
  Time since last request: 0.000019 seconds.
  path: Assets/DARK Series Mega Pack 1/DARK - Animals & Trees/Animated Trees/Blood Tree 2 Sprite Sheet.aseprite
  artifactKey: Guid(caa297ef1a042b748874d2f0bbf3dafe) Importer(815301076,1909f56bfc062723c751e8b465ee728b)
Number of updated assets reloaded before import = 0
Start importing Assets/DARK Series Mega Pack 1/DARK - Animals & Trees/Animated Trees/Blood Tree 2 Sprite Sheet.aseprite using Guid(caa297ef1a042b748874d2f0bbf3dafe) Importer(815301076,1909f56bfc062723c751e8b465ee728b)  -> (artifact id: '25bfb5f6269e12e39aca114cb5ce97e5') in 0.125563 seconds 
Number of asset objects unloaded after import = 64
========================================================================
Received Import Request.
  Time since last request: 0.000017 seconds.
  path: Assets/3.Sprites/Dummy/Tiles/building_door_W.png
  artifactKey: Guid(ee88c76b08ae9094c90cade89a4688bf) Importer(815301076,1909f56bfc062723c751e8b465ee728b)
Number of updated assets reloaded before import = 0
Start importing Assets/3.Sprites/Dummy/Tiles/building_door_W.png using Guid(ee88c76b08ae9094c90cade89a4688bf) Importer(815301076,1909f56bfc062723c751e8b465ee728b)  -> (artifact id: 'd807317d30b9468aea1a37b2eb8c3307') in 0.017502 seconds 
Number of asset objects unloaded after import = 3
========================================================================
Received Import Request.
  Time since last request: 0.000031 seconds.
  path: Assets/3.Sprites/Dummy/Tiles/castle_towerPurple_N.png
  artifactKey: Guid(c7eb48eff4b8bfb479be5811ddacf115) Importer(815301076,1909f56bfc062723c751e8b465ee728b)
Number of updated assets reloaded before import = 0
Start importing Assets/3.Sprites/Dummy/Tiles/castle_towerPurple_N.png using Guid(c7eb48eff4b8bfb479be5811ddacf115) Importer(815301076,1909f56bfc062723c751e8b465ee728b)  -> (artifact id: 'df5e9dfbee410a2d016c23eb71db7c37') in 0.020078 seconds 
Number of asset objects unloaded after import = 3
========================================================================
Received Import Request.
  Time since last request: 0.000021 seconds.
  path: Assets/3.Sprites/Dummy/Tiles/building_centerBeige_S.png
  artifactKey: Guid(0f62047004952be43bbd258f98da5e28) Importer(815301076,1909f56bfc062723c751e8b465ee728b)
Number of updated assets reloaded before import = 0
Start importing Assets/3.Sprites/Dummy/Tiles/building_centerBeige_S.png using Guid(0f62047004952be43bbd258f98da5e28) Importer(815301076,1909f56bfc062723c751e8b465ee728b)  -> (artifact id: 'fbd00cd8e719566284483b77296a3816') in 0.019269 seconds 
Number of asset objects unloaded after import = 3
========================================================================
Received Import Request.
  Time since last request: 0.000017 seconds.
  path: Assets/3.Sprites/Demo_Sprites/Basic/Flat/base02.png
  artifactKey: Guid(011bfc661668b6f4da5019732a8a5603) Importer(815301076,1909f56bfc062723c751e8b465ee728b)
Number of updated assets reloaded before import = 0
Start importing Assets/3.Sprites/Demo_Sprites/Basic/Flat/base02.png using Guid(011bfc661668b6f4da5019732a8a5603) Importer(815301076,1909f56bfc062723c751e8b465ee728b)  -> (artifact id: '96c58fe46b968ae10801c3d62df981cf') in 0.013206 seconds 
Number of asset objects unloaded after import = 3
========================================================================
Received Import Request.
  Time since last request: 0.000018 seconds.
  path: Assets/DARK Series Mega Pack 1/DARK Series - Platformer Starter Pack/Parallax - Underground Caves/7-tileset.png
  artifactKey: Guid(26d1d92aa5362d145a0e71df8e7cbf5c) Importer(815301076,1909f56bfc062723c751e8b465ee728b)
Number of updated assets reloaded before import = 0
Start importing Assets/DARK Series Mega Pack 1/DARK Series - Platformer Starter Pack/Parallax - Underground Caves/7-tileset.png using Guid(26d1d92aa5362d145a0e71df8e7cbf5c) Importer(815301076,1909f56bfc062723c751e8b465ee728b)  -> (artifact id: '9a948c24355a21342ce638979a3677f7') in 0.013602 seconds 
Number of asset objects unloaded after import = 3
========================================================================
Received Import Request.
  Time since last request: 0.000019 seconds.
  path: Assets/3.Sprites/Dummy/Tiles/building_door_S.png
  artifactKey: Guid(2b8559e4fe9141146a55c62e2922e72a) Importer(815301076,1909f56bfc062723c751e8b465ee728b)
Number of updated assets reloaded before import = 0
Start importing Assets/3.Sprites/Dummy/Tiles/building_door_S.png using Guid(2b8559e4fe9141146a55c62e2922e72a) Importer(815301076,1909f56bfc062723c751e8b465ee728b)  -> (artifact id: 'b94882b1224ddf51c078428b4574a427') in 0.016281 seconds 
Number of asset objects unloaded after import = 3
========================================================================
Received Import Request.
  Time since last request: 0.000023 seconds.
  path: Assets/DARK Series Mega Pack 1/DARK - Animals & Trees/Elk/Elk Sprite Sheet.aseprite
  artifactKey: Guid(eb5a4ac22b65b5e489023c2d0f2bee56) Importer(815301076,1909f56bfc062723c751e8b465ee728b)
Number of updated assets reloaded before import = 0
Start importing Assets/DARK Series Mega Pack 1/DARK - Animals & Trees/Elk/Elk Sprite Sheet.aseprite using Guid(eb5a4ac22b65b5e489023c2d0f2bee56) Importer(815301076,1909f56bfc062723c751e8b465ee728b)  -> (artifact id: '188ff36898c6218b37ba0efed96f58ca') in 0.133963 seconds 
Number of asset objects unloaded after import = 65
========================================================================
Received Import Request.
  Time since last request: 0.000026 seconds.
  path: Assets/3.Sprites/Demo_Sprites/Desert/Raised/desert-sliced_25.png
  artifactKey: Guid(4bada23310046ca4bb98f9d8bdf17a15) Importer(815301076,1909f56bfc062723c751e8b465ee728b)
Number of updated assets reloaded before import = 0
Start importing Assets/3.Sprites/Demo_Sprites/Desert/Raised/desert-sliced_25.png using Guid(4bada23310046ca4bb98f9d8bdf17a15) Importer(815301076,1909f56bfc062723c751e8b465ee728b)  -> (artifact id: 'b10f54425cd88c86295fd47d2150969e') in 0.011876 seconds 
Number of asset objects unloaded after import = 3
========================================================================
Received Import Request.
  Time since last request: 0.000023 seconds.
  path: Assets/DARK Series Mega Pack 1/DARK Series - Platformer Starter Pack/Underground Tileset & Enemies/Tileset/DARK Edition Tileset.aseprite
  artifactKey: Guid(fd8e9962632e24743b346947b04e0ed2) Importer(815301076,1909f56bfc062723c751e8b465ee728b)
Number of updated assets reloaded before import = 0
Start importing Assets/DARK Series Mega Pack 1/DARK Series - Platformer Starter Pack/Underground Tileset & Enemies/Tileset/DARK Edition Tileset.aseprite using Guid(fd8e9962632e24743b346947b04e0ed2) Importer(815301076,1909f56bfc062723c751e8b465ee728b)  -> (artifact id: '85ca570f4c7fadde6f03c3c8e8400ea0') in 0.018870 seconds 
Number of asset objects unloaded after import = 7
========================================================================
Received Import Request.
  Time since last request: 0.000024 seconds.
  path: Assets/DARK Series Mega Pack 1/DARK - Enemy Pack 2/Archer/archer.gif
  artifactKey: Guid(9068c01cadb113c44b2d05e9fbff98a0) Importer(815301076,1909f56bfc062723c751e8b465ee728b)
Number of updated assets reloaded before import = 0
Start importing Assets/DARK Series Mega Pack 1/DARK - Enemy Pack 2/Archer/archer.gif using Guid(9068c01cadb113c44b2d05e9fbff98a0) Importer(815301076,1909f56bfc062723c751e8b465ee728b)  -> (artifact id: '2febe861dcf2ef93aaacaad8e5d5a5bd') in 0.015226 seconds 
Number of asset objects unloaded after import = 3
========================================================================
Received Import Request.
  Time since last request: 0.000016 seconds.
  path: Assets/DARK Series Mega Pack 1/DARK Series - Platformer Starter Pack/Underground Tileset & Enemies/Sprites/Wheel Bot/fire dash 112x26.png
  artifactKey: Guid(57b97c9c536795241b241fad5d55134f) Importer(815301076,1909f56bfc062723c751e8b465ee728b)
Number of updated assets reloaded before import = 0
Start importing Assets/DARK Series Mega Pack 1/DARK Series - Platformer Starter Pack/Underground Tileset & Enemies/Sprites/Wheel Bot/fire dash 112x26.png using Guid(57b97c9c536795241b241fad5d55134f) Importer(815301076,1909f56bfc062723c751e8b465ee728b)  -> (artifact id: '198f40daf602a282965bebd7761f9ad7') in 0.015071 seconds 
Number of asset objects unloaded after import = 3
========================================================================
Received Import Request.
  Time since last request: 0.000016 seconds.
  path: Assets/DARK Series Mega Pack 1/DARK City Tileset/Examples/Dark Test.png
  artifactKey: Guid(cd5f3e37f08f7f242b62135766c96621) Importer(815301076,1909f56bfc062723c751e8b465ee728b)
Number of updated assets reloaded before import = 0
Start importing Assets/DARK Series Mega Pack 1/DARK City Tileset/Examples/Dark Test.png using Guid(cd5f3e37f08f7f242b62135766c96621) Importer(815301076,1909f56bfc062723c751e8b465ee728b)  -> (artifact id: 'ad759d4cc4804d754f79e311308ebdbd') in 0.024723 seconds 
Number of asset objects unloaded after import = 3
========================================================================
Received Import Request.
  Time since last request: 0.000021 seconds.
  path: Assets/3.Sprites/Dummy/Tiles/castle_towerBrown_N.png
  artifactKey: Guid(9b52da66c9f833645abc59ad0837c30f) Importer(815301076,1909f56bfc062723c751e8b465ee728b)
Number of updated assets reloaded before import = 0
Start importing Assets/3.Sprites/Dummy/Tiles/castle_towerBrown_N.png using Guid(9b52da66c9f833645abc59ad0837c30f) Importer(815301076,1909f56bfc062723c751e8b465ee728b)  -> (artifact id: 'b0ae7e00bb01f6a3c344b33991a1df07') in 0.017962 seconds 
Number of asset objects unloaded after import = 3
========================================================================
Received Import Request.
  Time since last request: 0.000017 seconds.
  path: Assets/3.Sprites/Demo_Sprites/FrozenMountain/Decoration/decoration_sword_in_the_stone_mask.png
  artifactKey: Guid(96d8a2a7c15cb9d419a9b72a2267f405) Importer(815301076,1909f56bfc062723c751e8b465ee728b)
Number of updated assets reloaded before import = 0
Start importing Assets/3.Sprites/Demo_Sprites/FrozenMountain/Decoration/decoration_sword_in_the_stone_mask.png using Guid(96d8a2a7c15cb9d419a9b72a2267f405) Importer(815301076,1909f56bfc062723c751e8b465ee728b)  -> (artifact id: 'f42e9454b3dd78900370a958452667b3') in 0.011723 seconds 
Number of asset objects unloaded after import = 3
========================================================================
Received Import Request.
  Time since last request: 0.000023 seconds.
  path: Assets/3.Sprites/Dummy/Tiles/building_doorBeige_W.png
  artifactKey: Guid(e0cfa69072f66194f88bf60a640584a9) Importer(815301076,1909f56bfc062723c751e8b465ee728b)
Number of updated assets reloaded before import = 0
Start importing Assets/3.Sprites/Dummy/Tiles/building_doorBeige_W.png using Guid(e0cfa69072f66194f88bf60a640584a9) Importer(815301076,1909f56bfc062723c751e8b465ee728b)  -> (artifact id: '55fa92232cb1b33cf3c60d7de84e697f') in 0.020000 seconds 
Number of asset objects unloaded after import = 3
========================================================================
Received Import Request.
  Time since last request: 0.000017 seconds.
  path: Assets/3.Sprites/Demo_Sprites/Desert/Decoration/desert-sliced_23.png
  artifactKey: Guid(8bd8a84fc6db3644fa4d984068398d9d) Importer(815301076,1909f56bfc062723c751e8b465ee728b)
Number of updated assets reloaded before import = 0
Start importing Assets/3.Sprites/Demo_Sprites/Desert/Decoration/desert-sliced_23.png using Guid(8bd8a84fc6db3644fa4d984068398d9d) Importer(815301076,1909f56bfc062723c751e8b465ee728b)  -> (artifact id: 'c9c882e0a7f9c6cbd1edeb09b4443a8b') in 0.012864 seconds 
Number of asset objects unloaded after import = 3
========================================================================
Received Import Request.
  Time since last request: 0.000021 seconds.
  path: Assets/DARK Series Mega Pack 1/DARK Series - Platformer Starter Pack/Underground Tileset & Enemies/Sprites/Blinding Spider/damaged 16x16.png
  artifactKey: Guid(bdb5b7fabaf9eaa4c88eef95e99d70e7) Importer(815301076,1909f56bfc062723c751e8b465ee728b)
Number of updated assets reloaded before import = 0
Start importing Assets/DARK Series Mega Pack 1/DARK Series - Platformer Starter Pack/Underground Tileset & Enemies/Sprites/Blinding Spider/damaged 16x16.png using Guid(bdb5b7fabaf9eaa4c88eef95e99d70e7) Importer(815301076,1909f56bfc062723c751e8b465ee728b)  -> (artifact id: '5a90684df2e986d535da5e5bb521e7c2') in 0.013987 seconds 
Number of asset objects unloaded after import = 3
========================================================================
Received Import Request.
  Time since last request: 0.000016 seconds.
  path: Assets/DARK Series Mega Pack 1/DARK - Statement Pieces/The Hanger/Background/Flatten Image1.png
  artifactKey: Guid(98ab9044f701bd446b8dd28528ab5a1a) Importer(815301076,1909f56bfc062723c751e8b465ee728b)
Number of updated assets reloaded before import = 0
Start importing Assets/DARK Series Mega Pack 1/DARK - Statement Pieces/The Hanger/Background/Flatten Image1.png using Guid(98ab9044f701bd446b8dd28528ab5a1a) Importer(815301076,1909f56bfc062723c751e8b465ee728b)  -> (artifact id: 'b73bc963d51a02bbceed1259bc951d6c') in 0.016590 seconds 
Number of asset objects unloaded after import = 3
========================================================================
Received Import Request.
  Time since last request: 0.000015 seconds.
  path: Assets/DARK Series Mega Pack 1/DARK Series - Platformer Starter Pack/Parallax - Underground Caves/6-close light.png
  artifactKey: Guid(f0bacab60f0f4624eab55c7da9429765) Importer(815301076,1909f56bfc062723c751e8b465ee728b)
Number of updated assets reloaded before import = 0
Start importing Assets/DARK Series Mega Pack 1/DARK Series - Platformer Starter Pack/Parallax - Underground Caves/6-close light.png using Guid(f0bacab60f0f4624eab55c7da9429765) Importer(815301076,1909f56bfc062723c751e8b465ee728b)  -> (artifact id: '36bed05ac43a584704764bfd1312db04') in 0.013063 seconds 
Number of asset objects unloaded after import = 3
========================================================================
Received Import Request.
  Time since last request: 0.000019 seconds.
  path: Assets/3.Sprites/Demo_Sprites/FrozenMountain/Decoration/decoration_rock_NW.png
  artifactKey: Guid(e29fc5ac0affeed418adead9dba8eb65) Importer(815301076,1909f56bfc062723c751e8b465ee728b)
Number of updated assets reloaded before import = 0
Start importing Assets/3.Sprites/Demo_Sprites/FrozenMountain/Decoration/decoration_rock_NW.png using Guid(e29fc5ac0affeed418adead9dba8eb65) Importer(815301076,1909f56bfc062723c751e8b465ee728b)  -> (artifact id: 'a8c4b342961bfbed2ca71da0b55e83c1') in 0.013235 seconds 
Number of asset objects unloaded after import = 3
========================================================================
Received Import Request.
  Time since last request: 0.000027 seconds.
  path: Assets/3.Sprites/Demo_Sprites/Desert/Raised/desert-sliced_37.png
  artifactKey: Guid(9d9eaa5596fe0024187edb8f8035bd8a) Importer(815301076,1909f56bfc062723c751e8b465ee728b)
Number of updated assets reloaded before import = 0
Start importing Assets/3.Sprites/Demo_Sprites/Desert/Raised/desert-sliced_37.png using Guid(9d9eaa5596fe0024187edb8f8035bd8a) Importer(815301076,1909f56bfc062723c751e8b465ee728b)  -> (artifact id: '8aacb28355453b5f8b0431de86036b72') in 0.012388 seconds 
Number of asset objects unloaded after import = 3
========================================================================
Received Import Request.
  Time since last request: 0.000032 seconds.
  path: Assets/3.Sprites/Dummy/Tiles/building_door_E.png
  artifactKey: Guid(17774fe0e8c93074fa50015f5cc48c28) Importer(815301076,1909f56bfc062723c751e8b465ee728b)
Number of updated assets reloaded before import = 0
Start importing Assets/3.Sprites/Dummy/Tiles/building_door_E.png using Guid(17774fe0e8c93074fa50015f5cc48c28) Importer(815301076,1909f56bfc062723c751e8b465ee728b)  -> (artifact id: '2bb0d9f3e5183ecddddd37a10edaf6fa') in 0.018292 seconds 
Number of asset objects unloaded after import = 3
========================================================================
Received Import Request.
  Time since last request: 0.000021 seconds.
  path: Assets/3.Sprites/Dummy/Tiles/castle_towerGreen_E.png
  artifactKey: Guid(e0f0983944f8e5d49803cdaa54c7d9ef) Importer(815301076,1909f56bfc062723c751e8b465ee728b)
Number of updated assets reloaded before import = 0
Start importing Assets/3.Sprites/Dummy/Tiles/castle_towerGreen_E.png using Guid(e0f0983944f8e5d49803cdaa54c7d9ef) Importer(815301076,1909f56bfc062723c751e8b465ee728b)  -> (artifact id: 'db39057a65ddb4de22692065f85f2b58') in 0.018000 seconds 
Number of asset objects unloaded after import = 3
========================================================================
Received Import Request.
  Time since last request: 0.000017 seconds.
  path: Assets/DARK Series Mega Pack 1/DARK Series - Platformer Starter Pack/Parallax - Electric Mountains/2 -Background - Mountains (2).png
  artifactKey: Guid(eb87153f388833140a8de60339d18f4e) Importer(815301076,1909f56bfc062723c751e8b465ee728b)
Number of updated assets reloaded before import = 0
Start importing Assets/DARK Series Mega Pack 1/DARK Series - Platformer Starter Pack/Parallax - Electric Mountains/2 -Background - Mountains (2).png using Guid(eb87153f388833140a8de60339d18f4e) Importer(815301076,1909f56bfc062723c751e8b465ee728b)  -> (artifact id: '4e7908af410b0c3d32eb4cd1c9135acb') in 0.016074 seconds 
Number of asset objects unloaded after import = 3
========================================================================
Received Import Request.
  Time since last request: 0.000018 seconds.
  path: Assets/DARK Series Mega Pack 1/DARK Series - Platformer Starter Pack/Parallax - Electric Mountains/4- Ground (4).png
  artifactKey: Guid(e921f871a7f02ac4f94b9edac41f23e0) Importer(815301076,1909f56bfc062723c751e8b465ee728b)
Number of updated assets reloaded before import = 0
Start importing Assets/DARK Series Mega Pack 1/DARK Series - Platformer Starter Pack/Parallax - Electric Mountains/4- Ground (4).png using Guid(e921f871a7f02ac4f94b9edac41f23e0) Importer(815301076,1909f56bfc062723c751e8b465ee728b)  -> (artifact id: 'c7b5b5437c3129afbd09356633d48c24') in 0.016718 seconds 
Number of asset objects unloaded after import = 3
========================================================================
Received Import Request.
  Time since last request: 0.000018 seconds.
  path: Assets/DARK Series Mega Pack 1/DARK City Tileset/Aseprite Files/City Tileset.aseprite
  artifactKey: Guid(bdd1f32e094b7b5438a920c6889542fc) Importer(815301076,1909f56bfc062723c751e8b465ee728b)
Number of updated assets reloaded before import = 0
Start importing Assets/DARK Series Mega Pack 1/DARK City Tileset/Aseprite Files/City Tileset.aseprite using Guid(bdd1f32e094b7b5438a920c6889542fc) Importer(815301076,1909f56bfc062723c751e8b465ee728b)  -> (artifact id: 'd4ffb260f58aebad173d0f9ab69d9484') in 0.024224 seconds 
Number of asset objects unloaded after import = 7
========================================================================
Received Import Request.
  Time since last request: 0.000022 seconds.
  path: Assets/DARK Series Mega Pack 1/DARK - Statement Pieces/The Columns/Flatten Horizontal.png
  artifactKey: Guid(dee87d351f1b46a478fdd52f393b9125) Importer(815301076,1909f56bfc062723c751e8b465ee728b)
Number of updated assets reloaded before import = 0
Start importing Assets/DARK Series Mega Pack 1/DARK - Statement Pieces/The Columns/Flatten Horizontal.png using Guid(dee87d351f1b46a478fdd52f393b9125) Importer(815301076,1909f56bfc062723c751e8b465ee728b)  -> (artifact id: 'decdabcd04ddd188b93904c7c9ca7b73') in 0.021876 seconds 
Number of asset objects unloaded after import = 3
========================================================================
Received Import Request.
  Time since last request: 0.000017 seconds.
  path: Assets/DARK Series Mega Pack 1/DARK - Enemies Pack 1/assassin/Cross Slice with VFX.png
  artifactKey: Guid(6aee0342c554636478a94f990b3c7393) Importer(815301076,1909f56bfc062723c751e8b465ee728b)
Number of updated assets reloaded before import = 0
Start importing Assets/DARK Series Mega Pack 1/DARK - Enemies Pack 1/assassin/Cross Slice with VFX.png using Guid(6aee0342c554636478a94f990b3c7393) Importer(815301076,1909f56bfc062723c751e8b465ee728b)  -> (artifact id: 'c5d930f4dfcb8dad76be6dda93464338') in 0.013378 seconds 
Number of asset objects unloaded after import = 3
========================================================================
Received Import Request.
  Time since last request: 0.000018 seconds.
  path: Assets/3.Sprites/Demo_Sprites/FrozenMountain/Decoration/background_mountain_2.png
  artifactKey: Guid(60ac635098713f747b02f1a7f7170060) Importer(815301076,1909f56bfc062723c751e8b465ee728b)
Number of updated assets reloaded before import = 0
Start importing Assets/3.Sprites/Demo_Sprites/FrozenMountain/Decoration/background_mountain_2.png using Guid(60ac635098713f747b02f1a7f7170060) Importer(815301076,1909f56bfc062723c751e8b465ee728b)  -> (artifact id: '091779daf299ce74c6b2a4a6cb3e69ed') in 0.013922 seconds 
Number of asset objects unloaded after import = 3
========================================================================
Received Import Request.
  Time since last request: 0.000013 seconds.
  path: Assets/3.Sprites/Dummy/Tiles/building_doorBeige_S.png
  artifactKey: Guid(dacbfecea01e8be42b8874881fe7d202) Importer(815301076,1909f56bfc062723c751e8b465ee728b)
Number of updated assets reloaded before import = 0
Start importing Assets/3.Sprites/Dummy/Tiles/building_doorBeige_S.png using Guid(dacbfecea01e8be42b8874881fe7d202) Importer(815301076,1909f56bfc062723c751e8b465ee728b)  -> (artifact id: '0136df9d22fde8e4ed197a4b0e4eb3a1') in 0.015000 seconds 
Number of asset objects unloaded after import = 3
========================================================================
Received Import Request.
  Time since last request: 0.000018 seconds.
  path: Assets/DARK Series Mega Pack 1/DARK - Animals & Trees/Deer/Deer Sprite 56x54 BLUE.png
  artifactKey: Guid(0b90d6e1b807af041b71a4a3842afce2) Importer(815301076,1909f56bfc062723c751e8b465ee728b)
Number of updated assets reloaded before import = 0
Start importing Assets/DARK Series Mega Pack 1/DARK - Animals & Trees/Deer/Deer Sprite 56x54 BLUE.png using Guid(0b90d6e1b807af041b71a4a3842afce2) Importer(815301076,1909f56bfc062723c751e8b465ee728b)  -> (artifact id: '2634c3ddef837d40c3a916bbbc631555') in 0.076922 seconds 
Number of asset objects unloaded after import = 45
Editor requested this worker to shutdown with reason: Scaling down because of idle timeout
AssetImportWorker is now disconnected from the server
Process exiting
Exiting without the bug reporter. Application will terminate with return code 0