Using pre-set license
Built from '2021.3/staging' branch; Version is '2021.3.31f1 (3409e2af086f) revision 3410402'; Using compiler version '192829333'; Build Type 'Release'
OS: 'Windows 10  (10.0.19045) 64bit Core' Language: 'ko' Physical Memory: 16139 MB
BatchMode: 1, IsHumanControllingUs: 0, StartBugReporterOnCrash: 0, Is64bit: 1, IsPro: 1

COMMAND LINE ARGUMENTS:
D:\UnityEditorDownload\2021.3.31f1\Editor\Unity.exe
-adb2
-batchMode
-noUpm
-name
AssetImportWorker20
-projectPath
D:/Project archive/NightMareReturners
-logFile
Logs/AssetImportWorker20.log
-srvPort
12987
Successfully changed project path to: D:/Project archive/NightMareReturners
D:/Project archive/NightMareReturners
[UnityMemory] Configuration Parameters - Can be set up in boot.config
    "memorysetup-bucket-allocator-granularity=16"
    "memorysetup-bucket-allocator-bucket-count=8"
    "memorysetup-bucket-allocator-block-size=33554432"
    "memorysetup-bucket-allocator-block-count=8"
    "memorysetup-main-allocator-block-size=16777216"
    "memorysetup-thread-allocator-block-size=16777216"
    "memorysetup-gfx-main-allocator-block-size=16777216"
    "memorysetup-gfx-thread-allocator-block-size=16777216"
    "memorysetup-cache-allocator-block-size=4194304"
    "memorysetup-typetree-allocator-block-size=2097152"
    "memorysetup-profiler-bucket-allocator-granularity=16"
    "memorysetup-profiler-bucket-allocator-bucket-count=8"
    "memorysetup-profiler-bucket-allocator-block-size=33554432"
    "memorysetup-profiler-bucket-allocator-block-count=8"
    "memorysetup-profiler-allocator-block-size=16777216"
    "memorysetup-profiler-editor-allocator-block-size=1048576"
    "memorysetup-temp-allocator-size-main=16777216"
    "memorysetup-job-temp-allocator-block-size=2097152"
    "memorysetup-job-temp-allocator-block-size-background=1048576"
    "memorysetup-job-temp-allocator-reduction-small-platforms=262144"
    "memorysetup-temp-allocator-size-background-worker=32768"
    "memorysetup-temp-allocator-size-job-worker=262144"
    "memorysetup-temp-allocator-size-preload-manager=33554432"
    "memorysetup-temp-allocator-size-nav-mesh-worker=65536"
    "memorysetup-temp-allocator-size-audio-worker=65536"
    "memorysetup-temp-allocator-size-cloud-worker=32768"
    "memorysetup-temp-allocator-size-gi-baking-worker=262144"
    "memorysetup-temp-allocator-size-gfx=262144"
Player connection [29916] Host "[IP] 192.168.219.161 [Port] 0 [Flags] 2 [Guid] 1512339255 [EditorId] 1512339255 [Version] 1048832 [Id] WindowsEditor(7,DESKTOP-EDV24H0) [Debug] 1 [PackageName] WindowsEditor [ProjectName] Editor" joined multi-casting on [225.0.0.222:54997]...

Player connection [29916] Host "[IP] 192.168.219.161 [Port] 0 [Flags] 2 [Guid] 1512339255 [EditorId] 1512339255 [Version] 1048832 [Id] WindowsEditor(7,DESKTOP-EDV24H0) [Debug] 1 [PackageName] WindowsEditor [ProjectName] Editor" joined alternative multi-casting on [225.0.0.222:34997]...

[Physics::Module] Initialized MultithreadedJobDispatcher with {0} workers.
Refreshing native plugins compatible for Editor in 102.26 ms, found 4 plugins.
Preloading 0 native plugins for Editor in 0.00 ms.
Initialize engine version: 2021.3.31f1 (3409e2af086f)
[Subsystems] Discovering subsystems at path D:/UnityEditorDownload/2021.3.31f1/Editor/Data/Resources/UnitySubsystems
[Subsystems] Discovering subsystems at path D:/Project archive/NightMareReturners/Assets
GfxDevice: creating device client; threaded=0; jobified=0
Direct3D:
    Version:  Direct3D 11.0 [level 11.1]
    Renderer: NVIDIA GeForce RTX 3060 (ID=0x2504)
    Vendor:   NVIDIA
    VRAM:     12115 MB
    Driver:   32.0.15.6070
Initialize mono
Mono path[0] = 'D:/UnityEditorDownload/2021.3.31f1/Editor/Data/Managed'
Mono path[1] = 'D:/UnityEditorDownload/2021.3.31f1/Editor/Data/MonoBleedingEdge/lib/mono/unityjit-win32'
Mono config path = 'D:/UnityEditorDownload/2021.3.31f1/Editor/Data/MonoBleedingEdge/etc'
Using monoOptions --debugger-agent=transport=dt_socket,embedding=1,server=y,suspend=n,address=127.0.0.1:56572
Begin MonoManager ReloadAssembly
Registering precompiled unity dll's ...
Register platform support module: D:/UnityEditorDownload/2021.3.31f1/Editor/Data/PlaybackEngines/AndroidPlayer/UnityEditor.Android.Extensions.dll
Register platform support module: D:/UnityEditorDownload/2021.3.31f1/Editor/Data/PlaybackEngines/iOSSupport/UnityEditor.iOS.Extensions.dll
Register platform support module: D:/UnityEditorDownload/2021.3.31f1/Editor/Data/PlaybackEngines/WindowsStandaloneSupport/UnityEditor.WindowsStandalone.Extensions.dll
Registered in 0.002552 seconds.
Native extension for WindowsStandalone target not found
[usbmuxd] Start listen thread
[usbmuxd] Listen thread started
Native extension for iOS target not found
Native extension for Android target not found
Android Extension - Scanning For ADB Devices 283 ms
Refreshing native plugins compatible for Editor in 102.48 ms, found 4 plugins.
Preloading 0 native plugins for Editor in 0.00 ms.
Mono: successfully reloaded assembly
- Completed reload, in  0.893 seconds
Domain Reload Profiling:
	ReloadAssembly (893ms)
		BeginReloadAssembly (77ms)
			ExecutionOrderSort (0ms)
			DisableScriptedObjects (0ms)
			BackupInstance (0ms)
			ReleaseScriptingObjects (0ms)
			CreateAndSetChildDomain (0ms)
		EndReloadAssembly (742ms)
			LoadAssemblies (77ms)
			RebuildTransferFunctionScriptingTraits (0ms)
			SetupTypeCache (88ms)
			ReleaseScriptCaches (0ms)
			RebuildScriptCaches (28ms)
			SetupLoadedEditorAssemblies (592ms)
				LogAssemblyErrors (0ms)
				InitializePlatformSupportModulesInManaged (369ms)
				SetLoadedEditorAssemblies (0ms)
				RefreshPlugins (103ms)
				BeforeProcessingInitializeOnLoad (1ms)
				ProcessInitializeOnLoadAttributes (72ms)
				ProcessInitializeOnLoadMethodAttributes (46ms)
				AfterProcessingInitializeOnLoad (0ms)
				EditorAssembliesLoaded (0ms)
			ExecutionOrderSort2 (0ms)
			AwakeInstancesAfterBackupRestoration (0ms)
Platform modules already initialized, skipping
Registering precompiled user dll's ...
Registered in 0.004111 seconds.
Begin MonoManager ReloadAssembly
Native extension for WindowsStandalone target not found
Native extension for iOS target not found
Native extension for Android target not found
Refreshing native plugins compatible for Editor in 102.30 ms, found 4 plugins.
Preloading 0 native plugins for Editor in 0.00 ms.
Package Manager log level set to [2]
[Package Manager] Server::EnsureServerProcessIsRunning -- launch failed, reason: Unity was launched with the -noUpm command-line argument
[Package Manager] Cannot connect to Unity Package Manager local server
Mono: successfully reloaded assembly
- Completed reload, in  1.464 seconds
Domain Reload Profiling:
	ReloadAssembly (1464ms)
		BeginReloadAssembly (123ms)
			ExecutionOrderSort (0ms)
			DisableScriptedObjects (5ms)
			BackupInstance (0ms)
			ReleaseScriptingObjects (0ms)
			CreateAndSetChildDomain (18ms)
		EndReloadAssembly (1255ms)
			LoadAssemblies (94ms)
			RebuildTransferFunctionScriptingTraits (0ms)
			SetupTypeCache (211ms)
			ReleaseScriptCaches (1ms)
			RebuildScriptCaches (58ms)
			SetupLoadedEditorAssemblies (877ms)
				LogAssemblyErrors (0ms)
				InitializePlatformSupportModulesInManaged (24ms)
				SetLoadedEditorAssemblies (0ms)
				RefreshPlugins (102ms)
				BeforeProcessingInitializeOnLoad (87ms)
				ProcessInitializeOnLoadAttributes (621ms)
				ProcessInitializeOnLoadMethodAttributes (40ms)
				AfterProcessingInitializeOnLoad (2ms)
				EditorAssembliesLoaded (0ms)
			ExecutionOrderSort2 (0ms)
			AwakeInstancesAfterBackupRestoration (5ms)
Platform modules already initialized, skipping
========================================================================
Worker process is ready to serve import requests
Launched and connected shader compiler UnityShaderCompiler.exe after 0.05 seconds
Refreshing native plugins compatible for Editor in 0.52 ms, found 4 plugins.
Preloading 0 native plugins for Editor in 0.00 ms.
Unloading 4452 Unused Serialized files (Serialized files now loaded: 0)
Unloading 52 unused Assets / (119.3 KB). Loaded Objects now: 4915.
Memory consumption went from 174.2 MB to 174.1 MB.
Total: 1.840700 ms (FindLiveObjects: 0.159800 ms CreateObjectMapping: 0.051200 ms MarkObjects: 1.569500 ms  DeleteObjects: 0.059600 ms)

AssetImportParameters requested are different than current active one (requested -> active):
  custom:video-decoder-ogg-theora: a1e56fd34408186e4bbccfd4996cb3dc -> 
  custom:container-muxer-webm: aa71ff27fc2769a1b78a27578f13a17b -> 
  custom:container-demuxer-webm: 4f35f7cbe854078d1ac9338744f61a02 -> 
  custom:video-encoder-webm-vp8: eb34c28f22e8b96e1ab97ce403110664 -> 
  custom:CustomObjectIndexerAttribute: bc11b3a6c3213fcdd17b65e7da85e133 -> 
  custom:audio-encoder-webm-vorbis: bf7c407c2cedff20999df2af8eb42d56 -> 
  custom:framework-win-MediaFoundation: 216162199b28c13a410421893ffa2e32 -> 
  custom:SearchIndexIgnoredProperties: e643bd26f0fe6173181afceb89e7c659 -> 
  custom:container-demuxer-ogg: 62fdf1f143b41e24485cea50d1cbac27 -> 
  custom:video-decoder-webm-vp8: 9c59270c3fd7afecdb556c50c9e8de78 -> 
  custom:audio-decoder-ogg-vorbis: bf7c407c2cedff20999df2af8eb42d56 -> 
========================================================================
Received Import Request.
  Time since last request: 109702.756812 seconds.
  path: Assets/DARK Series Mega Pack 1/DARK City Tileset/Background/City Background.png
  artifactKey: Guid(ce4280c19cd9c274ca5b1bcb998f617e) Importer(815301076,1909f56bfc062723c751e8b465ee728b)
Number of updated assets reloaded before import = 0
Start importing Assets/DARK Series Mega Pack 1/DARK City Tileset/Background/City Background.png using Guid(ce4280c19cd9c274ca5b1bcb998f617e) Importer(815301076,1909f56bfc062723c751e8b465ee728b)  -> (artifact id: '8fbd2734d373bf997f7a05fec42ab935') in 0.144727 seconds 
Number of asset objects unloaded after import = 3
========================================================================
Received Import Request.
  Time since last request: 0.939487 seconds.
  path: Assets/DARK Series Mega Pack 1/DARK - Animals & Trees/Fox/Fox Sprite Sheet 28x20 RED.png
  artifactKey: Guid(6520c01fb2e6f674f96da6f15e89a161) Importer(815301076,1909f56bfc062723c751e8b465ee728b)
Number of updated assets reloaded before import = 0
Start importing Assets/DARK Series Mega Pack 1/DARK - Animals & Trees/Fox/Fox Sprite Sheet 28x20 RED.png using Guid(6520c01fb2e6f674f96da6f15e89a161) Importer(815301076,1909f56bfc062723c751e8b465ee728b)  -> (artifact id: '66a36b0eb3f1b0866f0988ce9f2b012c') in 0.042383 seconds 
Number of asset objects unloaded after import = 29
========================================================================
Received Import Request.
  Time since last request: 0.254097 seconds.
  path: Assets/TileMap/Effect/Effect_1.png
  artifactKey: Guid(c22ebfdf8341ea747a6e92ab62182f9e) Importer(815301076,1909f56bfc062723c751e8b465ee728b)
Number of updated assets reloaded before import = 0
Start importing Assets/TileMap/Effect/Effect_1.png using Guid(c22ebfdf8341ea747a6e92ab62182f9e) Importer(815301076,1909f56bfc062723c751e8b465ee728b)  -> (artifact id: '406a4be99b9ecea4be308b6d882fab0e') in 0.020390 seconds 
Number of asset objects unloaded after import = 7
========================================================================
Received Import Request.
  Time since last request: 1.756430 seconds.
  path: Assets/4.Prefab/7.Items/RoundAdd_item.prefab
  artifactKey: Guid(914697656fc95dd4bb5a4a44add661be) Importer(815301076,1909f56bfc062723c751e8b465ee728b)
Number of updated assets reloaded before import = 0
Start importing Assets/4.Prefab/7.Items/RoundAdd_item.prefab using Guid(914697656fc95dd4bb5a4a44add661be) Importer(815301076,1909f56bfc062723c751e8b465ee728b)  -> (artifact id: '4f87a4d5e1824ae0d99b835e81fe22a0') in 0.027987 seconds 
Number of asset objects unloaded after import = 9
========================================================================
Received Import Request.
  Time since last request: 203.490990 seconds.
  path: Assets/3.Sprites/8.class
  artifactKey: Guid(034509e158b0a0940922b923cd722a4f) Importer(815301076,1909f56bfc062723c751e8b465ee728b)
Number of updated assets reloaded before import = 0
Start importing Assets/3.Sprites/8.class using Guid(034509e158b0a0940922b923cd722a4f) Importer(815301076,1909f56bfc062723c751e8b465ee728b)  -> (artifact id: '66fa17c3b3e32ecb11f37eedaf498d13') in 0.007123 seconds 
Number of asset objects unloaded after import = 0
========================================================================
Received Import Request.
  Time since last request: 3.722725 seconds.
  path: Assets/3.Sprites/8.class/Class_.png
  artifactKey: Guid(693e27196cf41464f9a8388d245b5b0e) Importer(815301076,1909f56bfc062723c751e8b465ee728b)
Number of updated assets reloaded before import = 0
Start importing Assets/3.Sprites/8.class/Class_.png using Guid(693e27196cf41464f9a8388d245b5b0e) Importer(815301076,1909f56bfc062723c751e8b465ee728b)  -> (artifact id: '5eaa0de66f7ee73ff956a2ea719eb5f0') in 0.092913 seconds 
Number of asset objects unloaded after import = 3
========================================================================
Received Import Request.
  Time since last request: 0.000022 seconds.
  path: Assets/3.Sprites/8.class/Class_3.png
  artifactKey: Guid(444998c9b4db17040bde30390c8b133f) Importer(815301076,1909f56bfc062723c751e8b465ee728b)
Number of updated assets reloaded before import = 0
Start importing Assets/3.Sprites/8.class/Class_3.png using Guid(444998c9b4db17040bde30390c8b133f) Importer(815301076,1909f56bfc062723c751e8b465ee728b)  -> (artifact id: 'bdff9bf68af7e7312dd4e6303dfedc24') in 0.071392 seconds 
Number of asset objects unloaded after import = 3
========================================================================
Received Import Request.
  Time since last request: 10.716230 seconds.
  path: Assets/3.Sprites/8.class/pngtree-pixel-art-padlock-icon-design-vector-png-image_8519943.png
  artifactKey: Guid(0f39985dae41d074382a3ee6d9d255bd) Importer(815301076,1909f56bfc062723c751e8b465ee728b)
Number of updated assets reloaded before import = 0
Start importing Assets/3.Sprites/8.class/pngtree-pixel-art-padlock-icon-design-vector-png-image_8519943.png using Guid(0f39985dae41d074382a3ee6d9d255bd) Importer(815301076,1909f56bfc062723c751e8b465ee728b)  -> (artifact id: '87be0933e4e8de1db8b1666f1282b726') in 0.085264 seconds 
Number of asset objects unloaded after import = 3
========================================================================
Received Import Request.
  Time since last request: 530.030437 seconds.
  path: Assets/3.Sprites/8.class/box.png
  artifactKey: Guid(5264bcdeacad5b149b568edcd465ea39) Importer(815301076,1909f56bfc062723c751e8b465ee728b)
Number of updated assets reloaded before import = 0
Start importing Assets/3.Sprites/8.class/box.png using Guid(5264bcdeacad5b149b568edcd465ea39) Importer(815301076,1909f56bfc062723c751e8b465ee728b)  -> (artifact id: '12c3d0cf04063a7dd8fb43d1345fc8ec') in 0.038815 seconds 
Number of asset objects unloaded after import = 3
========================================================================
Received Import Request.
  Time since last request: 5.269222 seconds.
  path: Assets/3.Sprites/8.class/box_v0.1.png
  artifactKey: Guid(bfe708adfe0109740be5744ee0b49e46) Importer(815301076,1909f56bfc062723c751e8b465ee728b)
Number of updated assets reloaded before import = 0
Start importing Assets/3.Sprites/8.class/box_v0.1.png using Guid(bfe708adfe0109740be5744ee0b49e46) Importer(815301076,1909f56bfc062723c751e8b465ee728b)  -> (artifact id: '9ce52f3062b5072ed5666204cdea844c') in 0.028811 seconds 
Number of asset objects unloaded after import = 3
========================================================================
Received Import Request.
  Time since last request: 107.924890 seconds.
  path: Assets/DARK Series Mega Pack 1/DARK - Animals & Trees
  artifactKey: Guid(81fdeaa48701e3d429fb9e125f152c05) Importer(815301076,1909f56bfc062723c751e8b465ee728b)
Number of updated assets reloaded before import = 0
Start importing Assets/DARK Series Mega Pack 1/DARK - Animals & Trees using Guid(81fdeaa48701e3d429fb9e125f152c05) Importer(815301076,1909f56bfc062723c751e8b465ee728b)  -> (artifact id: '6675ea37851ed6965a41ac74199a1eb8') in 0.007388 seconds 
Number of asset objects unloaded after import = 0
========================================================================
Received Import Request.
  Time since last request: 0.386682 seconds.
  path: Assets/DARK Series Mega Pack 1/DARK - Enemies Pack 1
  artifactKey: Guid(bc2869a09e5152f4eb958191cc423bcc) Importer(815301076,1909f56bfc062723c751e8b465ee728b)
Number of updated assets reloaded before import = 0
Start importing Assets/DARK Series Mega Pack 1/DARK - Enemies Pack 1 using Guid(bc2869a09e5152f4eb958191cc423bcc) Importer(815301076,1909f56bfc062723c751e8b465ee728b)  -> (artifact id: '365b33d30566023a8e035cd1613baa1a') in 0.006616 seconds 
Number of asset objects unloaded after import = 0
========================================================================
Received Import Request.
  Time since last request: 2.006023 seconds.
  path: Assets/DARK Series Mega Pack 1/DARK - Enemy Pack 2
  artifactKey: Guid(9861e2b7f0a948d4abc03e0432c83aaa) Importer(815301076,1909f56bfc062723c751e8b465ee728b)
Number of updated assets reloaded before import = 0
Start importing Assets/DARK Series Mega Pack 1/DARK - Enemy Pack 2 using Guid(9861e2b7f0a948d4abc03e0432c83aaa) Importer(815301076,1909f56bfc062723c751e8b465ee728b)  -> (artifact id: '00f7e89b6e86f60657ee9ec7887908c8') in 0.006378 seconds 
Number of asset objects unloaded after import = 0
========================================================================
Received Import Request.
  Time since last request: 118.053828 seconds.
  path: Assets/TileMap/IsoPalette.prefab
  artifactKey: Guid(d5a3060b7dc15ac419f6d7ea336de188) Importer(815301076,1909f56bfc062723c751e8b465ee728b)
Number of updated assets reloaded before import = 0
Start importing Assets/TileMap/IsoPalette.prefab using Guid(d5a3060b7dc15ac419f6d7ea336de188) Importer(815301076,1909f56bfc062723c751e8b465ee728b)  -> (artifact id: 'c64d36f9aba7f5387c0611628dd3f52e') in 0.107061 seconds 
Number of asset objects unloaded after import = 155
========================================================================
Received Import Request.
  Time since last request: 1.354262 seconds.
  path: Assets/TileMap/Tile/dfdsaf.asset
  artifactKey: Guid(c62a0b99034f62747897d1553ceac6fb) Importer(815301076,1909f56bfc062723c751e8b465ee728b)
Number of updated assets reloaded before import = 0
Start importing Assets/TileMap/Tile/dfdsaf.asset using Guid(c62a0b99034f62747897d1553ceac6fb) Importer(815301076,1909f56bfc062723c751e8b465ee728b)  -> (artifact id: '0093bb99c6d34393333bfaa26e1d1736') in 0.013064 seconds 
Number of asset objects unloaded after import = 3
========================================================================
Received Import Request.
  Time since last request: 0.001830 seconds.
  path: Assets/TileMap/Tile/prop001.asset
  artifactKey: Guid(ddc15ab679926564e8e7e192c3d09ec1) Importer(815301076,1909f56bfc062723c751e8b465ee728b)
Number of updated assets reloaded before import = 0
Start importing Assets/TileMap/Tile/prop001.asset using Guid(ddc15ab679926564e8e7e192c3d09ec1) Importer(815301076,1909f56bfc062723c751e8b465ee728b)  -> (artifact id: '9c716802225d55102168e43a1a89e3c2') in 0.015377 seconds 
Number of asset objects unloaded after import = 3
========================================================================
Received Import Request.
  Time since last request: 0.001537 seconds.
  path: Assets/TileMap/Tile/prop001.png
  artifactKey: Guid(8af3593804b25c34eb42fa05648032ed) Importer(815301076,1909f56bfc062723c751e8b465ee728b)
Number of updated assets reloaded before import = 0
Start importing Assets/TileMap/Tile/prop001.png using Guid(8af3593804b25c34eb42fa05648032ed) Importer(815301076,1909f56bfc062723c751e8b465ee728b)  -> (artifact id: 'c6292ceede987255d8169bc8e21be460') in 0.012432 seconds 
Number of asset objects unloaded after import = 3
========================================================================
Received Import Request.
  Time since last request: 0.001505 seconds.
  path: Assets/TileMap/Tile/test.asset
  artifactKey: Guid(b826ec47cc50d4a429b26422d85e1ee2) Importer(815301076,1909f56bfc062723c751e8b465ee728b)
Number of updated assets reloaded before import = 0
Start importing Assets/TileMap/Tile/test.asset using Guid(b826ec47cc50d4a429b26422d85e1ee2) Importer(815301076,1909f56bfc062723c751e8b465ee728b)  -> (artifact id: '6ca16ca9ed3dada100f7d44dbbb50c9d') in 0.008224 seconds 
Number of asset objects unloaded after import = 3
========================================================================
Received Import Request.
  Time since last request: 0.006523 seconds.
  path: Assets/TileMap/Tile/test2.png
  artifactKey: Guid(7636e24de234a9347bb2dfe8917be7d4) Importer(815301076,1909f56bfc062723c751e8b465ee728b)
Number of updated assets reloaded before import = 0
Start importing Assets/TileMap/Tile/test2.png using Guid(7636e24de234a9347bb2dfe8917be7d4) Importer(815301076,1909f56bfc062723c751e8b465ee728b)  -> (artifact id: '6d1b7bb77cba9698d90eed9908676ca2') in 0.015798 seconds 
Number of asset objects unloaded after import = 3
========================================================================
Received Import Request.
  Time since last request: 0.000024 seconds.
  path: Assets/TileMap/Tile/Tile011.asset
  artifactKey: Guid(663a884417b7a1e4882e4034e8a074b4) Importer(815301076,1909f56bfc062723c751e8b465ee728b)
Number of updated assets reloaded before import = 0
Start importing Assets/TileMap/Tile/Tile011.asset using Guid(663a884417b7a1e4882e4034e8a074b4) Importer(815301076,1909f56bfc062723c751e8b465ee728b)  -> (artifact id: 'a5aa39e42e8ff3495fadf8043db03275') in 0.014738 seconds 
Number of asset objects unloaded after import = 3
========================================================================
Received Import Request.
  Time since last request: 0.000024 seconds.
  path: Assets/TileMap/Tile/Title 3.asset
  artifactKey: Guid(e9af93aa0140f9845aea71291af135fe) Importer(815301076,1909f56bfc062723c751e8b465ee728b)
Number of updated assets reloaded before import = 0
Start importing Assets/TileMap/Tile/Title 3.asset using Guid(e9af93aa0140f9845aea71291af135fe) Importer(815301076,1909f56bfc062723c751e8b465ee728b)  -> (artifact id: '1f5828ade5404aa39ccf7b5d6b0d1da5') in 0.008326 seconds 
Number of asset objects unloaded after import = 3
========================================================================
Received Import Request.
  Time since last request: 0.000019 seconds.
  path: Assets/TileMap/Tile/Tile004.asset
  artifactKey: Guid(25f843b911d3f1f4c839944eb13be427) Importer(815301076,1909f56bfc062723c751e8b465ee728b)
Number of updated assets reloaded before import = 0
Start importing Assets/TileMap/Tile/Tile004.asset using Guid(25f843b911d3f1f4c839944eb13be427) Importer(815301076,1909f56bfc062723c751e8b465ee728b)  -> (artifact id: '400c76a388279349c1b3629def085251') in 0.041249 seconds 
Number of asset objects unloaded after import = 3
========================================================================
Received Import Request.
  Time since last request: 0.000014 seconds.
  path: Assets/TileMap/Tile/Tile002.png
  artifactKey: Guid(0e3b72028e7b405478713a4d35add4ac) Importer(815301076,1909f56bfc062723c751e8b465ee728b)
Number of updated assets reloaded before import = 0
Start importing Assets/TileMap/Tile/Tile002.png using Guid(0e3b72028e7b405478713a4d35add4ac) Importer(815301076,1909f56bfc062723c751e8b465ee728b)  -> (artifact id: '77cfde8ed29e2bcdfa02859aa7c138c6') in 0.027954 seconds 
Number of asset objects unloaded after import = 3
========================================================================
Received Import Request.
  Time since last request: 0.000018 seconds.
  path: Assets/TileMap/Tile/Tile007.png
  artifactKey: Guid(f67572c237318934681534abaadf86a3) Importer(815301076,1909f56bfc062723c751e8b465ee728b)
Number of updated assets reloaded before import = 0
Start importing Assets/TileMap/Tile/Tile007.png using Guid(f67572c237318934681534abaadf86a3) Importer(815301076,1909f56bfc062723c751e8b465ee728b)  -> (artifact id: '07abcd5135eaaf958f9e36dd8b6d2054') in 0.014651 seconds 
Number of asset objects unloaded after import = 3
========================================================================
Received Import Request.
  Time since last request: 0.000018 seconds.
  path: Assets/TileMap/Tile/prop004.png
  artifactKey: Guid(67fde515250a69248bb1a199a1497711) Importer(815301076,1909f56bfc062723c751e8b465ee728b)
Number of updated assets reloaded before import = 0
Start importing Assets/TileMap/Tile/prop004.png using Guid(67fde515250a69248bb1a199a1497711) Importer(815301076,1909f56bfc062723c751e8b465ee728b)  -> (artifact id: '8c3ba5c27c3ce3abb32f130e90a5177c') in 0.027906 seconds 
Number of asset objects unloaded after import = 3
========================================================================
Received Import Request.
  Time since last request: 0.000017 seconds.
  path: Assets/TileMap/Tile/Title 4.asset
  artifactKey: Guid(55dca8eb7fcaef147b89fe458f827577) Importer(815301076,1909f56bfc062723c751e8b465ee728b)
Number of updated assets reloaded before import = 0
Start importing Assets/TileMap/Tile/Title 4.asset using Guid(55dca8eb7fcaef147b89fe458f827577) Importer(815301076,1909f56bfc062723c751e8b465ee728b)  -> (artifact id: '845781f28031e3893d8a13189df8cbfe') in 0.008323 seconds 
Number of asset objects unloaded after import = 3
========================================================================
Received Import Request.
  Time since last request: 0.000016 seconds.
  path: Assets/TileMap/Tile/Title 1.asset
  artifactKey: Guid(ad71a9b993fcc49478ae3f7c4c6c6cf6) Importer(815301076,1909f56bfc062723c751e8b465ee728b)
Number of updated assets reloaded before import = 0
Start importing Assets/TileMap/Tile/Title 1.asset using Guid(ad71a9b993fcc49478ae3f7c4c6c6cf6) Importer(815301076,1909f56bfc062723c751e8b465ee728b)  -> (artifact id: '209c353d65e3bb6beb8b6c1e3a1a4e63') in 0.023030 seconds 
Number of asset objects unloaded after import = 3
========================================================================
Received Import Request.
  Time since last request: 0.000016 seconds.
  path: Assets/TileMap/Tile/Tile016.png
  artifactKey: Guid(d5ef6308eb5042b458008db56a639202) Importer(815301076,1909f56bfc062723c751e8b465ee728b)
Number of updated assets reloaded before import = 0
Start importing Assets/TileMap/Tile/Tile016.png using Guid(d5ef6308eb5042b458008db56a639202) Importer(815301076,1909f56bfc062723c751e8b465ee728b)  -> (artifact id: '510e684e8ea8e72a4fb3e4ef8b7c94f7') in 0.009795 seconds 
Number of asset objects unloaded after import = 3
========================================================================
Received Import Request.
  Time since last request: 0.000022 seconds.
  path: Assets/TileMap/Tile/Tile013.png
  artifactKey: Guid(8789f8626c65fa14f909fe5f98010f51) Importer(815301076,1909f56bfc062723c751e8b465ee728b)
Number of updated assets reloaded before import = 0
Start importing Assets/TileMap/Tile/Tile013.png using Guid(8789f8626c65fa14f909fe5f98010f51) Importer(815301076,1909f56bfc062723c751e8b465ee728b)  -> (artifact id: 'c7adb96f18a7208c5b07cd7ffb232f0e') in 0.010669 seconds 
Number of asset objects unloaded after import = 3
========================================================================
Received Import Request.
  Time since last request: 0.000014 seconds.
  path: Assets/TileMap/Tile/test2.asset
  artifactKey: Guid(52685ca72d1ba8f4e88949915cb6239f) Importer(815301076,1909f56bfc062723c751e8b465ee728b)
Number of updated assets reloaded before import = 0
Start importing Assets/TileMap/Tile/test2.asset using Guid(52685ca72d1ba8f4e88949915cb6239f) Importer(815301076,1909f56bfc062723c751e8b465ee728b)  -> (artifact id: 'd167a296ddc962aa7cbc88dc26c94237') in 0.025213 seconds 
Number of asset objects unloaded after import = 3
========================================================================
Received Import Request.
  Time since last request: 0.000015 seconds.
  path: Assets/TileMap/Tile/Tile012.asset
  artifactKey: Guid(6b6fe8df96e2f934faafa03031e658a6) Importer(815301076,1909f56bfc062723c751e8b465ee728b)
Number of updated assets reloaded before import = 0
Start importing Assets/TileMap/Tile/Tile012.asset using Guid(6b6fe8df96e2f934faafa03031e658a6) Importer(815301076,1909f56bfc062723c751e8b465ee728b)  -> (artifact id: '222eb90345be56cf7ff8b455da8b6bc1') in 0.022286 seconds 
Number of asset objects unloaded after import = 3
========================================================================
Received Import Request.
  Time since last request: 0.000013 seconds.
  path: Assets/TileMap/Tile/prop004.asset
  artifactKey: Guid(0c139245192a64d468282edae762e64d) Importer(815301076,1909f56bfc062723c751e8b465ee728b)
Number of updated assets reloaded before import = 0
Start importing Assets/TileMap/Tile/prop004.asset using Guid(0c139245192a64d468282edae762e64d) Importer(815301076,1909f56bfc062723c751e8b465ee728b)  -> (artifact id: '41ee0a73fb95ff9da0abb86c027e5967') in 0.007617 seconds 
Number of asset objects unloaded after import = 3
========================================================================
Received Import Request.
  Time since last request: 0.000015 seconds.
  path: Assets/TileMap/Tile/Tile006.png
  artifactKey: Guid(012f808a9531bfa40958c7ba8911eed4) Importer(815301076,1909f56bfc062723c751e8b465ee728b)
Number of updated assets reloaded before import = 0
Start importing Assets/TileMap/Tile/Tile006.png using Guid(012f808a9531bfa40958c7ba8911eed4) Importer(815301076,1909f56bfc062723c751e8b465ee728b)  -> (artifact id: '1bdb978947598acfef62e1efc9c3d2d5') in 0.011464 seconds 
Number of asset objects unloaded after import = 3
========================================================================
Received Import Request.
  Time since last request: 0.000019 seconds.
  path: Assets/TileMap/Tile/Tile005.png
  artifactKey: Guid(c2ad53b06b07e284cac47b166b03e25d) Importer(815301076,1909f56bfc062723c751e8b465ee728b)
Number of updated assets reloaded before import = 0
Start importing Assets/TileMap/Tile/Tile005.png using Guid(c2ad53b06b07e284cac47b166b03e25d) Importer(815301076,1909f56bfc062723c751e8b465ee728b)  -> (artifact id: '13c58c1d4d426a19af128517e571d898') in 0.012257 seconds 
Number of asset objects unloaded after import = 3
========================================================================
Received Import Request.
  Time since last request: 0.000017 seconds.
  path: Assets/TileMap/Tile/Title 5.asset
  artifactKey: Guid(0bd717cfed8f1d940913a12d71413e10) Importer(815301076,1909f56bfc062723c751e8b465ee728b)
Number of updated assets reloaded before import = 0
Start importing Assets/TileMap/Tile/Title 5.asset using Guid(0bd717cfed8f1d940913a12d71413e10) Importer(815301076,1909f56bfc062723c751e8b465ee728b)  -> (artifact id: 'fb8fd10de9286b6c4b135410cad08f55') in 0.008842 seconds 
Number of asset objects unloaded after import = 3
========================================================================
Received Import Request.
  Time since last request: 0.000018 seconds.
  path: Assets/TileMap/Tile/Tile015.png
  artifactKey: Guid(5d38b13d21eb1fc4ab65839588d76c13) Importer(815301076,1909f56bfc062723c751e8b465ee728b)
Number of updated assets reloaded before import = 0
Start importing Assets/TileMap/Tile/Tile015.png using Guid(5d38b13d21eb1fc4ab65839588d76c13) Importer(815301076,1909f56bfc062723c751e8b465ee728b)  -> (artifact id: '92a40856be4e3374a6f1c5f13bfede46') in 0.011189 seconds 
Number of asset objects unloaded after import = 3
========================================================================
Received Import Request.
  Time since last request: 0.000016 seconds.
  path: Assets/TileMap/Tile/Tile017.png
  artifactKey: Guid(9c28dfb536328a1418f69a1b0f631e3c) Importer(815301076,1909f56bfc062723c751e8b465ee728b)
Number of updated assets reloaded before import = 0
Start importing Assets/TileMap/Tile/Tile017.png using Guid(9c28dfb536328a1418f69a1b0f631e3c) Importer(815301076,1909f56bfc062723c751e8b465ee728b)  -> (artifact id: '757b92524a52893f4b9d381643c148ba') in 0.035146 seconds 
Number of asset objects unloaded after import = 3
========================================================================
Received Import Request.
  Time since last request: 0.915009 seconds.
  path: Assets/TileMap/Tile/Title 6.asset
  artifactKey: Guid(708dd470c6fba8a4d8430d8abc3ec72a) Importer(815301076,1909f56bfc062723c751e8b465ee728b)
Number of updated assets reloaded before import = 0
Start importing Assets/TileMap/Tile/Title 6.asset using Guid(708dd470c6fba8a4d8430d8abc3ec72a) Importer(815301076,1909f56bfc062723c751e8b465ee728b)  -> (artifact id: 'cf16ced728aca76a3f28ca44aec09123') in 0.008393 seconds 
Number of asset objects unloaded after import = 3
========================================================================
Received Import Request.
  Time since last request: 0.000022 seconds.
  path: Assets/TileMap/Tile/Title 10.asset
  artifactKey: Guid(6c80cf9b7a3c99c43bafcb46d35d894e) Importer(815301076,1909f56bfc062723c751e8b465ee728b)
Number of updated assets reloaded before import = 0
Start importing Assets/TileMap/Tile/Title 10.asset using Guid(6c80cf9b7a3c99c43bafcb46d35d894e) Importer(815301076,1909f56bfc062723c751e8b465ee728b)  -> (artifact id: '686fd9420771cb9dca691991c5df3a16') in 0.009375 seconds 
Number of asset objects unloaded after import = 3
========================================================================
Received Import Request.
  Time since last request: 0.000022 seconds.
  path: Assets/TileMap/Tile/Title 12.asset
  artifactKey: Guid(1223293c046413446b54618b2fe1a7d6) Importer(815301076,1909f56bfc062723c751e8b465ee728b)
Number of updated assets reloaded before import = 0
Start importing Assets/TileMap/Tile/Title 12.asset using Guid(1223293c046413446b54618b2fe1a7d6) Importer(815301076,1909f56bfc062723c751e8b465ee728b)  -> (artifact id: '33ccfb4c2b2271157dbfd77865c1be47') in 0.008346 seconds 
Number of asset objects unloaded after import = 3
========================================================================
Received Import Request.
  Time since last request: 0.000021 seconds.
  path: Assets/TileMap/Tile/Title 14.asset
  artifactKey: Guid(694e02edce3ce3440bbdd4d64cc88800) Importer(815301076,1909f56bfc062723c751e8b465ee728b)
Number of updated assets reloaded before import = 0
Start importing Assets/TileMap/Tile/Title 14.asset using Guid(694e02edce3ce3440bbdd4d64cc88800) Importer(815301076,1909f56bfc062723c751e8b465ee728b)  -> (artifact id: 'dcd12e8b85ec9e161d31ab79427a0ccc') in 0.008627 seconds 
Number of asset objects unloaded after import = 3
========================================================================
Received Import Request.
  Time since last request: 0.000016 seconds.
  path: Assets/TileMap/Tile/Title 9.asset
  artifactKey: Guid(746a0cc3892805b4b98d787a09a3733a) Importer(815301076,1909f56bfc062723c751e8b465ee728b)
Number of updated assets reloaded before import = 0
Start importing Assets/TileMap/Tile/Title 9.asset using Guid(746a0cc3892805b4b98d787a09a3733a) Importer(815301076,1909f56bfc062723c751e8b465ee728b)  -> (artifact id: '923774ec7091ac59a6df8add5551d1da') in 0.007674 seconds 
Number of asset objects unloaded after import = 3
========================================================================
Received Import Request.
  Time since last request: 0.044779 seconds.
  path: Assets/TileMap/Tile/Title 17.asset
  artifactKey: Guid(0b7940729c68d69498a7805334dbb07e) Importer(815301076,1909f56bfc062723c751e8b465ee728b)
Number of updated assets reloaded before import = 0
Start importing Assets/TileMap/Tile/Title 17.asset using Guid(0b7940729c68d69498a7805334dbb07e) Importer(815301076,1909f56bfc062723c751e8b465ee728b)  -> (artifact id: 'd9c5ab2cd930fcfc374fd8653b8fb0f6') in 0.009031 seconds 
Number of asset objects unloaded after import = 3
========================================================================
Received Import Request.
  Time since last request: 0.000019 seconds.
  path: Assets/TileMap/Tile/Title 21.asset
  artifactKey: Guid(ba5da24b1263f834884dcdf162dccd3a) Importer(815301076,1909f56bfc062723c751e8b465ee728b)
Number of updated assets reloaded before import = 0
Start importing Assets/TileMap/Tile/Title 21.asset using Guid(ba5da24b1263f834884dcdf162dccd3a) Importer(815301076,1909f56bfc062723c751e8b465ee728b)  -> (artifact id: 'e5393527ed030d28edf91ef4a0b4bdf6') in 0.008516 seconds 
Number of asset objects unloaded after import = 3
========================================================================
Received Import Request.
  Time since last request: 3.649729 seconds.
  path: Assets/TileMap/Props/prop001.asset
  artifactKey: Guid(a7c475f0cbf26ae4d8c70c74d69284f9) Importer(815301076,1909f56bfc062723c751e8b465ee728b)
Number of updated assets reloaded before import = 0
Start importing Assets/TileMap/Props/prop001.asset using Guid(a7c475f0cbf26ae4d8c70c74d69284f9) Importer(815301076,1909f56bfc062723c751e8b465ee728b)  -> (artifact id: '779710725afb8cddb5d14be91ad41f1f') in 0.009450 seconds 
Number of asset objects unloaded after import = 3
========================================================================
Received Import Request.
  Time since last request: 0.000016 seconds.
  path: Assets/TileMap/Props/prop004_0.asset
  artifactKey: Guid(b78f5110872ea5941bf377fdfda81f08) Importer(815301076,1909f56bfc062723c751e8b465ee728b)
Number of updated assets reloaded before import = 0
Start importing Assets/TileMap/Props/prop004_0.asset using Guid(b78f5110872ea5941bf377fdfda81f08) Importer(815301076,1909f56bfc062723c751e8b465ee728b)  -> (artifact id: '22cb8b0bcacccd549671fdc7c342c1c9') in 0.007571 seconds 
Number of asset objects unloaded after import = 3
========================================================================
Received Import Request.
  Time since last request: 0.000014 seconds.
  path: Assets/TileMap/Props/prop006.png
  artifactKey: Guid(4e9449c5fbdec17478e2774cd7ca098e) Importer(815301076,1909f56bfc062723c751e8b465ee728b)
Number of updated assets reloaded before import = 0
Start importing Assets/TileMap/Props/prop006.png using Guid(4e9449c5fbdec17478e2774cd7ca098e) Importer(815301076,1909f56bfc062723c751e8b465ee728b)  -> (artifact id: '84ceabebbae2c7fd2884593365e60564') in 0.012639 seconds 
Number of asset objects unloaded after import = 3
========================================================================
Received Import Request.
  Time since last request: 0.000013 seconds.
  path: Assets/TileMap/Props/prop004_2.asset
  artifactKey: Guid(3d0be884f1459564d86f94ca838d5739) Importer(815301076,1909f56bfc062723c751e8b465ee728b)
Number of updated assets reloaded before import = 0
Start importing Assets/TileMap/Props/prop004_2.asset using Guid(3d0be884f1459564d86f94ca838d5739) Importer(815301076,1909f56bfc062723c751e8b465ee728b)  -> (artifact id: '76bc3ab389688d0a8ea5cdb86dcb3e19') in 0.007382 seconds 
Number of asset objects unloaded after import = 3
========================================================================
Received Import Request.
  Time since last request: 0.000015 seconds.
  path: Assets/TileMap/Props/prop004_4.asset
  artifactKey: Guid(19e75898037141e458d2bb9b6059e19f) Importer(815301076,1909f56bfc062723c751e8b465ee728b)
Number of updated assets reloaded before import = 0
Start importing Assets/TileMap/Props/prop004_4.asset using Guid(19e75898037141e458d2bb9b6059e19f) Importer(815301076,1909f56bfc062723c751e8b465ee728b)  -> (artifact id: 'e9aad789503427dd46d8fc6e8bfed48f') in 0.006957 seconds 
Number of asset objects unloaded after import = 3
========================================================================
Received Import Request.
  Time since last request: 0.000013 seconds.
  path: Assets/TileMap/Props/prop004_1.asset
  artifactKey: Guid(c2e8c8c5d0783a14e9104be77de3e91d) Importer(815301076,1909f56bfc062723c751e8b465ee728b)
Number of updated assets reloaded before import = 0
Start importing Assets/TileMap/Props/prop004_1.asset using Guid(c2e8c8c5d0783a14e9104be77de3e91d) Importer(815301076,1909f56bfc062723c751e8b465ee728b)  -> (artifact id: 'b894d067c9c6b2fba6580966ffe3cc70') in 0.017709 seconds 
Number of asset objects unloaded after import = 3
========================================================================
Received Import Request.
  Time since last request: 0.000024 seconds.
  path: Assets/TileMap/Props/prop007.png
  artifactKey: Guid(dc46a1e3636e85b41bd2328c13aa7e9e) Importer(815301076,1909f56bfc062723c751e8b465ee728b)
Number of updated assets reloaded before import = 0
Start importing Assets/TileMap/Props/prop007.png using Guid(dc46a1e3636e85b41bd2328c13aa7e9e) Importer(815301076,1909f56bfc062723c751e8b465ee728b)  -> (artifact id: '4ea0a9921ddf2f0093c57fd221a60b54') in 0.018111 seconds 
Number of asset objects unloaded after import = 4
Editor requested this worker to shutdown with reason: Scaling down because of idle timeout
AssetImportWorker is now disconnected from the server
Process exiting
Exiting without the bug reporter. Application will terminate with return code 0