Using pre-set license
Built from '2021.3/staging' branch; Version is '2021.3.31f1 (3409e2af086f) revision 3410402'; Using compiler version '192829333'; Build Type 'Release'
OS: 'Windows 11  (10.0.22631) 64bit Core' Language: 'ko' Physical Memory: 16051 MB
BatchMode: 1, IsHumanControllingUs: 0, StartBugReporterOnCrash: 0, Is64bit: 1, IsPro: 1

COMMAND LINE ARGUMENTS:
C:\Program Files\Unity\Hub\Editor\2021.3.31f1\Editor\Unity.exe
-adb2
-batchMode
-noUpm
-name
AssetImportWorker1
-projectPath
C:/Users/hdgeh/Documents/GitHub/NightMareReturner
-logFile
Logs/AssetImportWorker1.log
-srvPort
53136
Successfully changed project path to: C:/Users/hdgeh/Documents/GitHub/NightMareReturner
C:/Users/hdgeh/Documents/GitHub/NightMareReturner
[UnityMemory] Configuration Parameters - Can be set up in boot.config
    "memorysetup-bucket-allocator-granularity=16"
    "memorysetup-bucket-allocator-bucket-count=8"
    "memorysetup-bucket-allocator-block-size=33554432"
    "memorysetup-bucket-allocator-block-count=8"
    "memorysetup-main-allocator-block-size=16777216"
    "memorysetup-thread-allocator-block-size=16777216"
    "memorysetup-gfx-main-allocator-block-size=16777216"
    "memorysetup-gfx-thread-allocator-block-size=16777216"
    "memorysetup-cache-allocator-block-size=4194304"
    "memorysetup-typetree-allocator-block-size=2097152"
    "memorysetup-profiler-bucket-allocator-granularity=16"
    "memorysetup-profiler-bucket-allocator-bucket-count=8"
    "memorysetup-profiler-bucket-allocator-block-size=33554432"
    "memorysetup-profiler-bucket-allocator-block-count=8"
    "memorysetup-profiler-allocator-block-size=16777216"
    "memorysetup-profiler-editor-allocator-block-size=1048576"
    "memorysetup-temp-allocator-size-main=16777216"
    "memorysetup-job-temp-allocator-block-size=2097152"
    "memorysetup-job-temp-allocator-block-size-background=1048576"
    "memorysetup-job-temp-allocator-reduction-small-platforms=262144"
    "memorysetup-temp-allocator-size-background-worker=32768"
    "memorysetup-temp-allocator-size-job-worker=262144"
    "memorysetup-temp-allocator-size-preload-manager=33554432"
    "memorysetup-temp-allocator-size-nav-mesh-worker=65536"
    "memorysetup-temp-allocator-size-audio-worker=65536"
    "memorysetup-temp-allocator-size-cloud-worker=32768"
    "memorysetup-temp-allocator-size-gi-baking-worker=262144"
    "memorysetup-temp-allocator-size-gfx=262144"
Player connection [10116] Host "[IP] 172.100.3.147 [Port] 0 [Flags] 2 [Guid] 1874428261 [EditorId] 1874428261 [Version] 1048832 [Id] WindowsEditor(7,rikka_laptop) [Debug] 1 [PackageName] WindowsEditor [ProjectName] Editor" joined multi-casting on [225.0.0.222:54997]...

Player connection [10116] Host "[IP] 172.100.3.147 [Port] 0 [Flags] 2 [Guid] 1874428261 [EditorId] 1874428261 [Version] 1048832 [Id] WindowsEditor(7,rikka_laptop) [Debug] 1 [PackageName] WindowsEditor [ProjectName] Editor" joined alternative multi-casting on [225.0.0.222:34997]...

[Physics::Module] Initialized MultithreadedJobDispatcher with {0} workers.
Refreshing native plugins compatible for Editor in 75.09 ms, found 4 plugins.
Preloading 0 native plugins for Editor in 0.00 ms.
Initialize engine version: 2021.3.31f1 (3409e2af086f)
[Subsystems] Discovering subsystems at path C:/Program Files/Unity/Hub/Editor/2021.3.31f1/Editor/Data/Resources/UnitySubsystems
[Subsystems] Discovering subsystems at path C:/Users/hdgeh/Documents/GitHub/NightMareReturner/Assets
GfxDevice: creating device client; threaded=0; jobified=0
Direct3D:
    Version:  Direct3D 11.0 [level 11.1]
    Renderer: NVIDIA GeForce RTX 3060 Laptop GPU (ID=0x2520)
    Vendor:   NVIDIA
    VRAM:     5996 MB
    Driver:   32.0.15.5613
Initialize mono
Mono path[0] = 'C:/Program Files/Unity/Hub/Editor/2021.3.31f1/Editor/Data/Managed'
Mono path[1] = 'C:/Program Files/Unity/Hub/Editor/2021.3.31f1/Editor/Data/MonoBleedingEdge/lib/mono/unityjit-win32'
Mono config path = 'C:/Program Files/Unity/Hub/Editor/2021.3.31f1/Editor/Data/MonoBleedingEdge/etc'
Using monoOptions --debugger-agent=transport=dt_socket,embedding=1,server=y,suspend=n,address=127.0.0.1:56980
Begin MonoManager ReloadAssembly
Registering precompiled unity dll's ...
Trying to register platform support module: C:/Program Files/Unity/Hub/Editor/2021.3.31f1/Editor/Data/PlaybackEngines/AndroidPlayer/UnityEditor.Android.Extensions.dll (that doesn't exist). Retrying without overrides.
Platform support module is not available: C:/Program Files/Unity/Hub/Editor/2021.3.31f1/Editor/Data/PlaybackEngines/AndroidPlayer/UnityEditor.Android.Extensions.dll
Register platform support module: C:/Program Files/Unity/Hub/Editor/2021.3.31f1/Editor/Data/PlaybackEngines/WindowsStandaloneSupport/UnityEditor.WindowsStandalone.Extensions.dll
Registered in 0.004362 seconds.
Native extension for WindowsStandalone target not found
Refreshing native plugins compatible for Editor in 75.51 ms, found 4 plugins.
Preloading 0 native plugins for Editor in 0.00 ms.
Mono: successfully reloaded assembly
- Completed reload, in  0.473 seconds
Domain Reload Profiling:
	ReloadAssembly (474ms)
		BeginReloadAssembly (72ms)
			ExecutionOrderSort (0ms)
			DisableScriptedObjects (0ms)
			BackupInstance (0ms)
			ReleaseScriptingObjects (0ms)
			CreateAndSetChildDomain (1ms)
		EndReloadAssembly (332ms)
			LoadAssemblies (70ms)
			RebuildTransferFunctionScriptingTraits (0ms)
			SetupTypeCache (74ms)
			ReleaseScriptCaches (0ms)
			RebuildScriptCaches (21ms)
			SetupLoadedEditorAssemblies (205ms)
				LogAssemblyErrors (0ms)
				InitializePlatformSupportModulesInManaged (6ms)
				SetLoadedEditorAssemblies (0ms)
				RefreshPlugins (76ms)
				BeforeProcessingInitializeOnLoad (1ms)
				ProcessInitializeOnLoadAttributes (87ms)
				ProcessInitializeOnLoadMethodAttributes (36ms)
				AfterProcessingInitializeOnLoad (0ms)
				EditorAssembliesLoaded (0ms)
			ExecutionOrderSort2 (0ms)
			AwakeInstancesAfterBackupRestoration (0ms)
Platform modules already initialized, skipping
Registering precompiled user dll's ...
Registered in 0.006126 seconds.
Begin MonoManager ReloadAssembly
Native extension for WindowsStandalone target not found
Refreshing native plugins compatible for Editor in 74.94 ms, found 4 plugins.
Preloading 0 native plugins for Editor in 0.00 ms.
Package Manager log level set to [2]
[Package Manager] Server::EnsureServerProcessIsRunning -- launch failed, reason: Unity was launched with the -noUpm command-line argument
[Package Manager] Cannot connect to Unity Package Manager local server
Mono: successfully reloaded assembly
- Completed reload, in  1.401 seconds
Domain Reload Profiling:
	ReloadAssembly (1401ms)
		BeginReloadAssembly (98ms)
			ExecutionOrderSort (0ms)
			DisableScriptedObjects (4ms)
			BackupInstance (0ms)
			ReleaseScriptingObjects (0ms)
			CreateAndSetChildDomain (15ms)
		EndReloadAssembly (1224ms)
			LoadAssemblies (85ms)
			RebuildTransferFunctionScriptingTraits (0ms)
			SetupTypeCache (182ms)
			ReleaseScriptCaches (0ms)
			RebuildScriptCaches (46ms)
			SetupLoadedEditorAssemblies (900ms)
				LogAssemblyErrors (0ms)
				InitializePlatformSupportModulesInManaged (4ms)
				SetLoadedEditorAssemblies (0ms)
				RefreshPlugins (75ms)
				BeforeProcessingInitializeOnLoad (70ms)
				ProcessInitializeOnLoadAttributes (711ms)
				ProcessInitializeOnLoadMethodAttributes (34ms)
				AfterProcessingInitializeOnLoad (6ms)
				EditorAssembliesLoaded (0ms)
			ExecutionOrderSort2 (0ms)
			AwakeInstancesAfterBackupRestoration (4ms)
Platform modules already initialized, skipping
========================================================================
Worker process is ready to serve import requests
Launched and connected shader compiler UnityShaderCompiler.exe after 0.04 seconds
Refreshing native plugins compatible for Editor in 0.89 ms, found 4 plugins.
Preloading 0 native plugins for Editor in 0.00 ms.
Unloading 4455 Unused Serialized files (Serialized files now loaded: 0)
Unloading 52 unused Assets / (119.3 KB). Loaded Objects now: 4915.
Memory consumption went from 169.9 MB to 169.8 MB.
Total: 3.174000 ms (FindLiveObjects: 0.227900 ms CreateObjectMapping: 0.127100 ms MarkObjects: 2.742300 ms  DeleteObjects: 0.075900 ms)

AssetImportParameters requested are different than current active one (requested -> active):
  custom:video-decoder-ogg-theora: a1e56fd34408186e4bbccfd4996cb3dc -> 
  custom:container-muxer-webm: aa71ff27fc2769a1b78a27578f13a17b -> 
  custom:container-demuxer-webm: 4f35f7cbe854078d1ac9338744f61a02 -> 
  custom:video-encoder-webm-vp8: eb34c28f22e8b96e1ab97ce403110664 -> 
  custom:video-codec-MediaFoundation-h265: 746d11721c4dcdbdad8f713fa42b33f4 -> 
  custom:CustomObjectIndexerAttribute: bc11b3a6c3213fcdd17b65e7da85e133 -> 
  custom:audio-encoder-webm-vorbis: bf7c407c2cedff20999df2af8eb42d56 -> 
  custom:framework-win-MediaFoundation: 216162199b28c13a410421893ffa2e32 -> 
  custom:SearchIndexIgnoredProperties: e643bd26f0fe6173181afceb89e7c659 -> 
  custom:container-demuxer-ogg: 62fdf1f143b41e24485cea50d1cbac27 -> 
  custom:video-decoder-webm-vp8: 9c59270c3fd7afecdb556c50c9e8de78 -> 
  custom:audio-decoder-ogg-vorbis: bf7c407c2cedff20999df2af8eb42d56 -> 
========================================================================
Received Import Request.
  Time since last request: 255982.598297 seconds.
  path: Assets/DARK Series Mega Pack 1/DARK City Tileset/Background/City Background.png
  artifactKey: Guid(ce4280c19cd9c274ca5b1bcb998f617e) Importer(815301076,1909f56bfc062723c751e8b465ee728b)
Number of updated assets reloaded before import = 0
Start importing Assets/DARK Series Mega Pack 1/DARK City Tileset/Background/City Background.png using Guid(ce4280c19cd9c274ca5b1bcb998f617e) Importer(815301076,1909f56bfc062723c751e8b465ee728b)  -> (artifact id: 'a8010d2997fbcd44066e4c4800e13abc') in 0.146163 seconds 
Number of asset objects unloaded after import = 3
========================================================================
Received Import Request.
  Time since last request: 0.000020 seconds.
  path: Assets/DARK Series Mega Pack 1/DARK City Tileset/Aseprite Files/DARK City.aseprite
  artifactKey: Guid(5463850d3d9364a43936e5d9e1e7c29c) Importer(815301076,1909f56bfc062723c751e8b465ee728b)
Number of updated assets reloaded before import = 0
Start importing Assets/DARK Series Mega Pack 1/DARK City Tileset/Aseprite Files/DARK City.aseprite using Guid(5463850d3d9364a43936e5d9e1e7c29c) Importer(815301076,1909f56bfc062723c751e8b465ee728b)  -> (artifact id: 'fdaf77964f5d6d2d13130a47ec9a8e13') in 0.074778 seconds 
Number of asset objects unloaded after import = 7
========================================================================
Received Import Request.
  Time since last request: 3.836629 seconds.
  path: Assets/DARK Series Mega Pack 1/DARK City Tileset/Examples/Dark Test.png
  artifactKey: Guid(cd5f3e37f08f7f242b62135766c96621) Importer(815301076,1909f56bfc062723c751e8b465ee728b)
Number of updated assets reloaded before import = 0
Start importing Assets/DARK Series Mega Pack 1/DARK City Tileset/Examples/Dark Test.png using Guid(cd5f3e37f08f7f242b62135766c96621) Importer(815301076,1909f56bfc062723c751e8b465ee728b)  -> (artifact id: 'ca5159fe216112c6c06e5f4212cd56b5') in 0.058559 seconds 
Number of asset objects unloaded after import = 3
========================================================================
Received Import Request.
  Time since last request: 14.699970 seconds.
  path: Assets/DARK Series Mega Pack 1/DARK Series - Platformer Starter Pack/Parallax - Electric Mountains/2 -Background - Mountains (2).png
  artifactKey: Guid(eb87153f388833140a8de60339d18f4e) Importer(815301076,1909f56bfc062723c751e8b465ee728b)
Number of updated assets reloaded before import = 0
Start importing Assets/DARK Series Mega Pack 1/DARK Series - Platformer Starter Pack/Parallax - Electric Mountains/2 -Background - Mountains (2).png using Guid(eb87153f388833140a8de60339d18f4e) Importer(815301076,1909f56bfc062723c751e8b465ee728b)  -> (artifact id: '4e7908af410b0c3d32eb4cd1c9135acb') in 0.044407 seconds 
Number of asset objects unloaded after import = 3
========================================================================
Received Import Request.
  Time since last request: 0.000017 seconds.
  path: Assets/DARK Series Mega Pack 1/DARK Series - Platformer Starter Pack/Parallax - Electric Mountains/4- Ground (4).png
  artifactKey: Guid(e921f871a7f02ac4f94b9edac41f23e0) Importer(815301076,1909f56bfc062723c751e8b465ee728b)
Number of updated assets reloaded before import = 0
Start importing Assets/DARK Series Mega Pack 1/DARK Series - Platformer Starter Pack/Parallax - Electric Mountains/4- Ground (4).png using Guid(e921f871a7f02ac4f94b9edac41f23e0) Importer(815301076,1909f56bfc062723c751e8b465ee728b)  -> (artifact id: 'c7b5b5437c3129afbd09356633d48c24') in 0.034487 seconds 
Number of asset objects unloaded after import = 3
========================================================================
Received Import Request.
  Time since last request: 0.000017 seconds.
  path: Assets/DARK Series Mega Pack 1/DARK Series - Platformer Starter Pack/Parallax - Electric Mountains/Small Lightning (32x32).png
  artifactKey: Guid(ac9148ed7d1404b489cad9d59f403fb9) Importer(815301076,1909f56bfc062723c751e8b465ee728b)
Number of updated assets reloaded before import = 0
Start importing Assets/DARK Series Mega Pack 1/DARK Series - Platformer Starter Pack/Parallax - Electric Mountains/Small Lightning (32x32).png using Guid(ac9148ed7d1404b489cad9d59f403fb9) Importer(815301076,1909f56bfc062723c751e8b465ee728b)  -> (artifact id: 'ac86d9eeb0575824f07726e199a41ae6') in 0.035346 seconds 
Number of asset objects unloaded after import = 3
========================================================================
Received Import Request.
  Time since last request: 0.000028 seconds.
  path: Assets/DARK Series Mega Pack 1/DARK Series - Platformer Starter Pack/Parallax - Electric Mountains/5- Fog (5).png
  artifactKey: Guid(214957c5910e98740a060a974c120dcf) Importer(815301076,1909f56bfc062723c751e8b465ee728b)
Number of updated assets reloaded before import = 0
Start importing Assets/DARK Series Mega Pack 1/DARK Series - Platformer Starter Pack/Parallax - Electric Mountains/5- Fog (5).png using Guid(214957c5910e98740a060a974c120dcf) Importer(815301076,1909f56bfc062723c751e8b465ee728b)  -> (artifact id: 'a94e724ed413e05e1b59d24800747be6') in 0.037256 seconds 
Number of asset objects unloaded after import = 3
========================================================================
Received Import Request.
  Time since last request: 0.000018 seconds.
  path: Assets/DARK Series Mega Pack 1/DARK Series - Platformer Starter Pack/Parallax - Electric Mountains/All Layers (576x128).png
  artifactKey: Guid(3ccac70001ecc1a419c679c0088190fe) Importer(815301076,1909f56bfc062723c751e8b465ee728b)
Number of updated assets reloaded before import = 0
Start importing Assets/DARK Series Mega Pack 1/DARK Series - Platformer Starter Pack/Parallax - Electric Mountains/All Layers (576x128).png using Guid(3ccac70001ecc1a419c679c0088190fe) Importer(815301076,1909f56bfc062723c751e8b465ee728b)  -> (artifact id: 'dbaac56dd9db997d6ff18de0eda1ef8a') in 0.049532 seconds 
Number of asset objects unloaded after import = 3
========================================================================
Received Import Request.
  Time since last request: 7.526425 seconds.
  path: Assets/DARK Series Mega Pack 1/DARK Series - Platformer Starter Pack/Parallax - Underground Caves/4-far light.png
  artifactKey: Guid(8b6e7c9d6520cd847a1996840f5109c9) Importer(815301076,1909f56bfc062723c751e8b465ee728b)
Number of updated assets reloaded before import = 0
Start importing Assets/DARK Series Mega Pack 1/DARK Series - Platformer Starter Pack/Parallax - Underground Caves/4-far light.png using Guid(8b6e7c9d6520cd847a1996840f5109c9) Importer(815301076,1909f56bfc062723c751e8b465ee728b)  -> (artifact id: 'be7a10be876e819ba6b60604bd97b843') in 0.052290 seconds 
Number of asset objects unloaded after import = 3
========================================================================
Received Import Request.
  Time since last request: 0.000017 seconds.
  path: Assets/DARK Series Mega Pack 1/DARK Series - Platformer Starter Pack/Parallax - Underground Caves/7-tileset.png
  artifactKey: Guid(26d1d92aa5362d145a0e71df8e7cbf5c) Importer(815301076,1909f56bfc062723c751e8b465ee728b)
Number of updated assets reloaded before import = 0
Start importing Assets/DARK Series Mega Pack 1/DARK Series - Platformer Starter Pack/Parallax - Underground Caves/7-tileset.png using Guid(26d1d92aa5362d145a0e71df8e7cbf5c) Importer(815301076,1909f56bfc062723c751e8b465ee728b)  -> (artifact id: '7b2b84ce62c26e3ee69fa85c1ee10819') in 0.033764 seconds 
Number of asset objects unloaded after import = 3
========================================================================
Received Import Request.
  Time since last request: 0.000034 seconds.
  path: Assets/DARK Series Mega Pack 1/DARK Series - Platformer Starter Pack/Parallax - Underground Caves/Parallax Scifi Dark background.aseprite
  artifactKey: Guid(22fcc3f58f4963646a1182deba74935b) Importer(815301076,1909f56bfc062723c751e8b465ee728b)
Number of updated assets reloaded before import = 0
Start importing Assets/DARK Series Mega Pack 1/DARK Series - Platformer Starter Pack/Parallax - Underground Caves/Parallax Scifi Dark background.aseprite using Guid(22fcc3f58f4963646a1182deba74935b) Importer(815301076,1909f56bfc062723c751e8b465ee728b)  -> (artifact id: '9e6e2bb25de5634830f9932a3f54aab4') in 0.032715 seconds 
Number of asset objects unloaded after import = 7
========================================================================
Received Import Request.
  Time since last request: 8.088352 seconds.
  path: Assets/DARK Series Mega Pack 1/DARK Series - Platformer Starter Pack/Underground Tileset & Enemies/Sprites/Blinding Spider/damaged 16x16.png
  artifactKey: Guid(bdb5b7fabaf9eaa4c88eef95e99d70e7) Importer(815301076,1909f56bfc062723c751e8b465ee728b)
Number of updated assets reloaded before import = 0
Start importing Assets/DARK Series Mega Pack 1/DARK Series - Platformer Starter Pack/Underground Tileset & Enemies/Sprites/Blinding Spider/damaged 16x16.png using Guid(bdb5b7fabaf9eaa4c88eef95e99d70e7) Importer(815301076,1909f56bfc062723c751e8b465ee728b)  -> (artifact id: '5a90684df2e986d535da5e5bb521e7c2') in 0.045651 seconds 
Number of asset objects unloaded after import = 3
========================================================================
Received Import Request.
  Time since last request: 0.000030 seconds.
  path: Assets/DARK Series Mega Pack 1/DARK Series - Platformer Starter Pack/Underground Tileset & Enemies/Sprites/Blinding Spider/walk 16x16.png
  artifactKey: Guid(9881c0bb6ee231f47b94c0e02f8cb7ae) Importer(815301076,1909f56bfc062723c751e8b465ee728b)
Number of updated assets reloaded before import = 0
Start importing Assets/DARK Series Mega Pack 1/DARK Series - Platformer Starter Pack/Underground Tileset & Enemies/Sprites/Blinding Spider/walk 16x16.png using Guid(9881c0bb6ee231f47b94c0e02f8cb7ae) Importer(815301076,1909f56bfc062723c751e8b465ee728b)  -> (artifact id: 'a308cadc993e4e4afea9ec0927361cbb') in 0.045307 seconds 
Number of asset objects unloaded after import = 3
========================================================================
Received Import Request.
  Time since last request: 4.748404 seconds.
  path: Assets/DARK Series Mega Pack 1/DARK Series - Platformer Starter Pack/Underground Tileset & Enemies/Sprites/Flower Enemy/Flower Enemy.gif
  artifactKey: Guid(6aa591f75ac6a5740a8dbb6bfb970b15) Importer(815301076,1909f56bfc062723c751e8b465ee728b)
Number of updated assets reloaded before import = 0
Start importing Assets/DARK Series Mega Pack 1/DARK Series - Platformer Starter Pack/Underground Tileset & Enemies/Sprites/Flower Enemy/Flower Enemy.gif using Guid(6aa591f75ac6a5740a8dbb6bfb970b15) Importer(815301076,1909f56bfc062723c751e8b465ee728b)  -> (artifact id: '2d276ac68e5ba75ba2e77e4dd705bd4d') in 0.056375 seconds 
Number of asset objects unloaded after import = 3
========================================================================
Received Import Request.
  Time since last request: 18.803963 seconds.
  path: Assets/DARK Series Mega Pack 1/DARK - Victorian Enemies & Assets/Tileset/victorain dark add on.aseprite
  artifactKey: Guid(5d6e2bb142d48cf4abc57cde92990cee) Importer(815301076,1909f56bfc062723c751e8b465ee728b)
Number of updated assets reloaded before import = 0
Start importing Assets/DARK Series Mega Pack 1/DARK - Victorian Enemies & Assets/Tileset/victorain dark add on.aseprite using Guid(5d6e2bb142d48cf4abc57cde92990cee) Importer(815301076,1909f56bfc062723c751e8b465ee728b)  -> (artifact id: '91af4594870ab57323164eb7a8ebf705') in 0.047253 seconds 
Number of asset objects unloaded after import = 7
Editor requested this worker to shutdown with reason: Scaling down because of idle timeout
AssetImportWorker is now disconnected from the server
Process exiting
Exiting without the bug reporter. Application will terminate with return code 0