Using pre-set license
Built from '2021.3/staging' branch; Version is '2021.3.31f1 (3409e2af086f) revision 3410402'; Using compiler version '192829333'; Build Type 'Release'
OS: 'Windows 11  (10.0.22631) 64bit Core' Language: 'ko' Physical Memory: 16051 MB
BatchMode: 1, IsHumanControllingUs: 0, StartBugReporterOnCrash: 0, Is64bit: 1, IsPro: 1

COMMAND LINE ARGUMENTS:
C:\Program Files\Unity\Hub\Editor\2021.3.31f1\Editor\Unity.exe
-adb2
-batchMode
-noUpm
-name
AssetImportWorker22
-projectPath
C:/Users/hdgeh/Documents/GitHub/NightMareReturner
-logFile
Logs/AssetImportWorker22.log
-srvPort
53136
Successfully changed project path to: C:/Users/hdgeh/Documents/GitHub/NightMareReturner
C:/Users/hdgeh/Documents/GitHub/NightMareReturner
[UnityMemory] Configuration Parameters - Can be set up in boot.config
    "memorysetup-bucket-allocator-granularity=16"
    "memorysetup-bucket-allocator-bucket-count=8"
    "memorysetup-bucket-allocator-block-size=33554432"
    "memorysetup-bucket-allocator-block-count=8"
    "memorysetup-main-allocator-block-size=16777216"
    "memorysetup-thread-allocator-block-size=16777216"
    "memorysetup-gfx-main-allocator-block-size=16777216"
    "memorysetup-gfx-thread-allocator-block-size=16777216"
    "memorysetup-cache-allocator-block-size=4194304"
    "memorysetup-typetree-allocator-block-size=2097152"
    "memorysetup-profiler-bucket-allocator-granularity=16"
    "memorysetup-profiler-bucket-allocator-bucket-count=8"
    "memorysetup-profiler-bucket-allocator-block-size=33554432"
    "memorysetup-profiler-bucket-allocator-block-count=8"
    "memorysetup-profiler-allocator-block-size=16777216"
    "memorysetup-profiler-editor-allocator-block-size=1048576"
    "memorysetup-temp-allocator-size-main=16777216"
    "memorysetup-job-temp-allocator-block-size=2097152"
    "memorysetup-job-temp-allocator-block-size-background=1048576"
    "memorysetup-job-temp-allocator-reduction-small-platforms=262144"
    "memorysetup-temp-allocator-size-background-worker=32768"
    "memorysetup-temp-allocator-size-job-worker=262144"
    "memorysetup-temp-allocator-size-preload-manager=33554432"
    "memorysetup-temp-allocator-size-nav-mesh-worker=65536"
    "memorysetup-temp-allocator-size-audio-worker=65536"
    "memorysetup-temp-allocator-size-cloud-worker=32768"
    "memorysetup-temp-allocator-size-gi-baking-worker=262144"
    "memorysetup-temp-allocator-size-gfx=262144"
Player connection [5592] Host "[IP] 172.100.3.147 [Port] 0 [Flags] 2 [Guid] 1866916788 [EditorId] 1866916788 [Version] 1048832 [Id] WindowsEditor(7,rikka_laptop) [Debug] 1 [PackageName] WindowsEditor [ProjectName] Editor" joined multi-casting on [225.0.0.222:54997]...

Player connection [5592] Host "[IP] 172.100.3.147 [Port] 0 [Flags] 2 [Guid] 1866916788 [EditorId] 1866916788 [Version] 1048832 [Id] WindowsEditor(7,rikka_laptop) [Debug] 1 [PackageName] WindowsEditor [ProjectName] Editor" joined alternative multi-casting on [225.0.0.222:34997]...

[Physics::Module] Initialized MultithreadedJobDispatcher with {0} workers.
Refreshing native plugins compatible for Editor in 87.79 ms, found 4 plugins.
Preloading 0 native plugins for Editor in 0.00 ms.
Initialize engine version: 2021.3.31f1 (3409e2af086f)
[Subsystems] Discovering subsystems at path C:/Program Files/Unity/Hub/Editor/2021.3.31f1/Editor/Data/Resources/UnitySubsystems
[Subsystems] Discovering subsystems at path C:/Users/hdgeh/Documents/GitHub/NightMareReturner/Assets
GfxDevice: creating device client; threaded=0; jobified=0
Direct3D:
    Version:  Direct3D 11.0 [level 11.1]
    Renderer: NVIDIA GeForce RTX 3060 Laptop GPU (ID=0x2520)
    Vendor:   NVIDIA
    VRAM:     5996 MB
    Driver:   32.0.15.5613
Initialize mono
Mono path[0] = 'C:/Program Files/Unity/Hub/Editor/2021.3.31f1/Editor/Data/Managed'
Mono path[1] = 'C:/Program Files/Unity/Hub/Editor/2021.3.31f1/Editor/Data/MonoBleedingEdge/lib/mono/unityjit-win32'
Mono config path = 'C:/Program Files/Unity/Hub/Editor/2021.3.31f1/Editor/Data/MonoBleedingEdge/etc'
Using monoOptions --debugger-agent=transport=dt_socket,embedding=1,server=y,suspend=n,address=127.0.0.1:56964
Begin MonoManager ReloadAssembly
Registering precompiled unity dll's ...
Trying to register platform support module: C:/Program Files/Unity/Hub/Editor/2021.3.31f1/Editor/Data/PlaybackEngines/AndroidPlayer/UnityEditor.Android.Extensions.dll (that doesn't exist). Retrying without overrides.
Platform support module is not available: C:/Program Files/Unity/Hub/Editor/2021.3.31f1/Editor/Data/PlaybackEngines/AndroidPlayer/UnityEditor.Android.Extensions.dll
Register platform support module: C:/Program Files/Unity/Hub/Editor/2021.3.31f1/Editor/Data/PlaybackEngines/WindowsStandaloneSupport/UnityEditor.WindowsStandalone.Extensions.dll
Registered in 0.005179 seconds.
Native extension for WindowsStandalone target not found
Refreshing native plugins compatible for Editor in 85.81 ms, found 4 plugins.
Preloading 0 native plugins for Editor in 0.00 ms.
Mono: successfully reloaded assembly
- Completed reload, in  0.565 seconds
Domain Reload Profiling:
	ReloadAssembly (566ms)
		BeginReloadAssembly (82ms)
			ExecutionOrderSort (0ms)
			DisableScriptedObjects (0ms)
			BackupInstance (0ms)
			ReleaseScriptingObjects (0ms)
			CreateAndSetChildDomain (1ms)
		EndReloadAssembly (401ms)
			LoadAssemblies (80ms)
			RebuildTransferFunctionScriptingTraits (0ms)
			SetupTypeCache (92ms)
			ReleaseScriptCaches (0ms)
			RebuildScriptCaches (23ms)
			SetupLoadedEditorAssemblies (249ms)
				LogAssemblyErrors (0ms)
				InitializePlatformSupportModulesInManaged (7ms)
				SetLoadedEditorAssemblies (0ms)
				RefreshPlugins (86ms)
				BeforeProcessingInitializeOnLoad (1ms)
				ProcessInitializeOnLoadAttributes (110ms)
				ProcessInitializeOnLoadMethodAttributes (44ms)
				AfterProcessingInitializeOnLoad (0ms)
				EditorAssembliesLoaded (0ms)
			ExecutionOrderSort2 (0ms)
			AwakeInstancesAfterBackupRestoration (0ms)
Platform modules already initialized, skipping
Registering precompiled user dll's ...
Registered in 0.006885 seconds.
Begin MonoManager ReloadAssembly
Native extension for WindowsStandalone target not found
Refreshing native plugins compatible for Editor in 75.32 ms, found 4 plugins.
Preloading 0 native plugins for Editor in 0.00 ms.
Package Manager log level set to [2]
[Package Manager] Server::EnsureServerProcessIsRunning -- launch failed, reason: Unity was launched with the -noUpm command-line argument
[Package Manager] Cannot connect to Unity Package Manager local server
Mono: successfully reloaded assembly
- Completed reload, in  1.421 seconds
Domain Reload Profiling:
	ReloadAssembly (1422ms)
		BeginReloadAssembly (97ms)
			ExecutionOrderSort (0ms)
			DisableScriptedObjects (4ms)
			BackupInstance (0ms)
			ReleaseScriptingObjects (0ms)
			CreateAndSetChildDomain (14ms)
		EndReloadAssembly (1246ms)
			LoadAssemblies (82ms)
			RebuildTransferFunctionScriptingTraits (0ms)
			SetupTypeCache (179ms)
			ReleaseScriptCaches (1ms)
			RebuildScriptCaches (45ms)
			SetupLoadedEditorAssemblies (926ms)
				LogAssemblyErrors (0ms)
				InitializePlatformSupportModulesInManaged (3ms)
				SetLoadedEditorAssemblies (0ms)
				RefreshPlugins (75ms)
				BeforeProcessingInitializeOnLoad (69ms)
				ProcessInitializeOnLoadAttributes (732ms)
				ProcessInitializeOnLoadMethodAttributes (40ms)
				AfterProcessingInitializeOnLoad (6ms)
				EditorAssembliesLoaded (0ms)
			ExecutionOrderSort2 (0ms)
			AwakeInstancesAfterBackupRestoration (4ms)
Platform modules already initialized, skipping
========================================================================
Worker process is ready to serve import requests
Launched and connected shader compiler UnityShaderCompiler.exe after 0.04 seconds
Refreshing native plugins compatible for Editor in 0.69 ms, found 4 plugins.
Preloading 0 native plugins for Editor in 0.00 ms.
Unloading 4455 Unused Serialized files (Serialized files now loaded: 0)
Unloading 52 unused Assets / (119.3 KB). Loaded Objects now: 4915.
Memory consumption went from 169.9 MB to 169.8 MB.
Total: 3.187200 ms (FindLiveObjects: 0.241900 ms CreateObjectMapping: 0.122100 ms MarkObjects: 2.748500 ms  DeleteObjects: 0.073900 ms)

AssetImportParameters requested are different than current active one (requested -> active):
  custom:video-decoder-ogg-theora: a1e56fd34408186e4bbccfd4996cb3dc -> 
  custom:container-muxer-webm: aa71ff27fc2769a1b78a27578f13a17b -> 
  custom:container-demuxer-webm: 4f35f7cbe854078d1ac9338744f61a02 -> 
  custom:video-encoder-webm-vp8: eb34c28f22e8b96e1ab97ce403110664 -> 
  custom:video-codec-MediaFoundation-h265: 746d11721c4dcdbdad8f713fa42b33f4 -> 
  custom:CustomObjectIndexerAttribute: bc11b3a6c3213fcdd17b65e7da85e133 -> 
  custom:audio-encoder-webm-vorbis: bf7c407c2cedff20999df2af8eb42d56 -> 
  custom:framework-win-MediaFoundation: 216162199b28c13a410421893ffa2e32 -> 
  custom:SearchIndexIgnoredProperties: e643bd26f0fe6173181afceb89e7c659 -> 
  custom:container-demuxer-ogg: 62fdf1f143b41e24485cea50d1cbac27 -> 
  custom:video-decoder-webm-vp8: 9c59270c3fd7afecdb556c50c9e8de78 -> 
  custom:audio-decoder-ogg-vorbis: bf7c407c2cedff20999df2af8eb42d56 -> 
========================================================================
Received Prepare
Registering precompiled user dll's ...
Registered in 0.004906 seconds.
Begin MonoManager ReloadAssembly
Native extension for WindowsStandalone target not found
Refreshing native plugins compatible for Editor in 0.79 ms, found 4 plugins.
Preloading 0 native plugins for Editor in 0.00 ms.
[Package Manager] Server::EnsureServerProcessIsRunning -- launch failed, reason: Unity was launched with the -noUpm command-line argument
[Package Manager] Cannot connect to Unity Package Manager local server
Mono: successfully reloaded assembly
- Completed reload, in  1.467 seconds
Domain Reload Profiling:
	ReloadAssembly (1468ms)
		BeginReloadAssembly (128ms)
			ExecutionOrderSort (0ms)
			DisableScriptedObjects (4ms)
			BackupInstance (0ms)
			ReleaseScriptingObjects (0ms)
			CreateAndSetChildDomain (33ms)
		EndReloadAssembly (1250ms)
			LoadAssemblies (90ms)
			RebuildTransferFunctionScriptingTraits (0ms)
			SetupTypeCache (215ms)
			ReleaseScriptCaches (1ms)
			RebuildScriptCaches (44ms)
			SetupLoadedEditorAssemblies (870ms)
				LogAssemblyErrors (0ms)
				InitializePlatformSupportModulesInManaged (5ms)
				SetLoadedEditorAssemblies (0ms)
				RefreshPlugins (1ms)
				BeforeProcessingInitializeOnLoad (67ms)
				ProcessInitializeOnLoadAttributes (751ms)
				ProcessInitializeOnLoadMethodAttributes (40ms)
				AfterProcessingInitializeOnLoad (6ms)
				EditorAssembliesLoaded (0ms)
			ExecutionOrderSort2 (0ms)
			AwakeInstancesAfterBackupRestoration (6ms)
Platform modules already initialized, skipping
Refreshing native plugins compatible for Editor in 1.41 ms, found 4 plugins.
Preloading 0 native plugins for Editor in 0.00 ms.
Unloading 4430 Unused Serialized files (Serialized files now loaded: 0)
Unloading 27 unused Assets / (92.6 KB). Loaded Objects now: 4931.
Memory consumption went from 167.5 MB to 167.4 MB.
Total: 3.289900 ms (FindLiveObjects: 0.365700 ms CreateObjectMapping: 0.176300 ms MarkObjects: 2.684700 ms  DeleteObjects: 0.050800 ms)

AssetImportParameters requested are different than current active one (requested -> active):
  custom:video-decoder-ogg-theora: a1e56fd34408186e4bbccfd4996cb3dc -> 
  custom:container-muxer-webm: aa71ff27fc2769a1b78a27578f13a17b -> 
  custom:container-demuxer-webm: 4f35f7cbe854078d1ac9338744f61a02 -> 
  custom:video-encoder-webm-vp8: eb34c28f22e8b96e1ab97ce403110664 -> 
  custom:video-codec-MediaFoundation-h265: 746d11721c4dcdbdad8f713fa42b33f4 -> 
  custom:CustomObjectIndexerAttribute: bc11b3a6c3213fcdd17b65e7da85e133 -> 
  custom:audio-encoder-webm-vorbis: bf7c407c2cedff20999df2af8eb42d56 -> 
  custom:framework-win-MediaFoundation: 216162199b28c13a410421893ffa2e32 -> 
  custom:SearchIndexIgnoredProperties: e643bd26f0fe6173181afceb89e7c659 -> 
  custom:container-demuxer-ogg: 62fdf1f143b41e24485cea50d1cbac27 -> 
  custom:video-decoder-webm-vp8: 9c59270c3fd7afecdb556c50c9e8de78 -> 
  custom:audio-decoder-ogg-vorbis: bf7c407c2cedff20999df2af8eb42d56 -> 
========================================================================
Received Import Request.
  Time since last request: 258914.354990 seconds.
  path: Assets/3.Sprites/3.Items/AtkItem2.png
  artifactKey: Guid(749ca80f3e7ade040b60c6115aed8b81) Importer(815301076,1909f56bfc062723c751e8b465ee728b)
Number of updated assets reloaded before import = 0
Start importing Assets/3.Sprites/3.Items/AtkItem2.png using Guid(749ca80f3e7ade040b60c6115aed8b81) Importer(815301076,1909f56bfc062723c751e8b465ee728b)  -> (artifact id: '2102b6b88b921f6cdc17d4ce0039110d') in 0.159788 seconds 
Number of asset objects unloaded after import = 3
========================================================================
Received Import Request.
  Time since last request: 0.000047 seconds.
  path: Assets/3.Sprites/3.Items/maxHpUpItem2.png
  artifactKey: Guid(be76c21a06d5a524eb0429456347827e) Importer(815301076,1909f56bfc062723c751e8b465ee728b)
Number of updated assets reloaded before import = 0
Start importing Assets/3.Sprites/3.Items/maxHpUpItem2.png using Guid(be76c21a06d5a524eb0429456347827e) Importer(815301076,1909f56bfc062723c751e8b465ee728b)  -> (artifact id: '1f8c0743084c4bd7a1c474586ae14457') in 0.039536 seconds 
Number of asset objects unloaded after import = 3
========================================================================
Received Import Request.
  Time since last request: 148.442324 seconds.
  path: Assets/4.Prefab/7.Items/Atk_Item.prefab
  artifactKey: Guid(7cc15ca9763bbdd40a7c149a9aa33737) Importer(815301076,1909f56bfc062723c751e8b465ee728b)
Number of updated assets reloaded before import = 0
Start importing Assets/4.Prefab/7.Items/Atk_Item.prefab using Guid(7cc15ca9763bbdd40a7c149a9aa33737) Importer(815301076,1909f56bfc062723c751e8b465ee728b)  -> (artifact id: '7e6666202bb4a884487b7f2cd05d33f6') in 0.049277 seconds 
Number of asset objects unloaded after import = 9
========================================================================
Received Import Request.
  Time since last request: 17.532674 seconds.
  path: Assets/4.Prefab/1.Bullet/근거리공격.prefab
  artifactKey: Guid(e74e2c8f39bfc69458489b7135725644) Importer(815301076,1909f56bfc062723c751e8b465ee728b)
Number of updated assets reloaded before import = 0
Start importing Assets/4.Prefab/1.Bullet/근거리공격.prefab using Guid(e74e2c8f39bfc69458489b7135725644) Importer(815301076,1909f56bfc062723c751e8b465ee728b)  -> (artifact id: '4bb68aec71fa9df0657f34792a59aad7') in 0.036282 seconds 
Number of asset objects unloaded after import = 9
========================================================================
Received Import Request.
  Time since last request: 0.396214 seconds.
  path: Assets/4.Prefab/3.TP/Teleport.prefab
  artifactKey: Guid(25a380e9bfd2b8644ad76e914db82131) Importer(815301076,1909f56bfc062723c751e8b465ee728b)
Number of updated assets reloaded before import = 0
Start importing Assets/4.Prefab/3.TP/Teleport.prefab using Guid(25a380e9bfd2b8644ad76e914db82131) Importer(815301076,1909f56bfc062723c751e8b465ee728b)  -> (artifact id: '9822b2b2b8ef7a607e5407d3aa2a7b7a') in 0.018943 seconds 
Number of asset objects unloaded after import = 9
========================================================================
Received Import Request.
  Time since last request: 0.863936 seconds.
  path: Assets/4.Prefab/4.Pos/InvisiblePos.prefab
  artifactKey: Guid(623d9374a3bd6c34984e49cb4d60e7bd) Importer(815301076,1909f56bfc062723c751e8b465ee728b)
Number of updated assets reloaded before import = 0
Start importing Assets/4.Prefab/4.Pos/InvisiblePos.prefab using Guid(623d9374a3bd6c34984e49cb4d60e7bd) Importer(815301076,1909f56bfc062723c751e8b465ee728b)  -> (artifact id: '8bcba6adb1bac85b13e2fccdfd9a723f') in 0.020305 seconds 
Number of asset objects unloaded after import = 12
========================================================================
Received Import Request.
  Time since last request: 9.807483 seconds.
  path: Assets/4.Prefab/7.Items/Heal_item.prefab
  artifactKey: Guid(e63e48cb62f7c3c439ce5be83cf43c5a) Importer(815301076,1909f56bfc062723c751e8b465ee728b)
Number of updated assets reloaded before import = 0
Start importing Assets/4.Prefab/7.Items/Heal_item.prefab using Guid(e63e48cb62f7c3c439ce5be83cf43c5a) Importer(815301076,1909f56bfc062723c751e8b465ee728b)  -> (artifact id: 'd743ade342eff6cb406f0e83b5182527') in 0.019819 seconds 
Number of asset objects unloaded after import = 9
========================================================================
Received Import Request.
  Time since last request: 10.289794 seconds.
  path: Assets/4.Prefab/7.Items/MaxHpAdd_item.prefab
  artifactKey: Guid(71fe9efced071d748804c5747773f7b5) Importer(815301076,1909f56bfc062723c751e8b465ee728b)
Number of updated assets reloaded before import = 0
Start importing Assets/4.Prefab/7.Items/MaxHpAdd_item.prefab using Guid(71fe9efced071d748804c5747773f7b5) Importer(815301076,1909f56bfc062723c751e8b465ee728b)  -> (artifact id: '25fd3d7bac0bb6d005bc4d41b0e6244c') in 0.020486 seconds 
Number of asset objects unloaded after import = 9
========================================================================
Received Import Request.
  Time since last request: 7.481880 seconds.
  path: Assets/4.Prefab/8.fire/Fire1.prefab
  artifactKey: Guid(d646252ebb5304d43ae1e035213b93c4) Importer(815301076,1909f56bfc062723c751e8b465ee728b)
Number of updated assets reloaded before import = 0
Start importing Assets/4.Prefab/8.fire/Fire1.prefab using Guid(d646252ebb5304d43ae1e035213b93c4) Importer(815301076,1909f56bfc062723c751e8b465ee728b)  -> (artifact id: '1d1d4c5856aff288be356ae17727352e') in 0.028664 seconds 
Number of asset objects unloaded after import = 19
========================================================================
Received Import Request.
  Time since last request: 0.443111 seconds.
  path: Assets/4.Prefab/DoorTP/AtkDoor.prefab
  artifactKey: Guid(7215fc1881bd5bc43ae9b1c70e93feb4) Importer(815301076,1909f56bfc062723c751e8b465ee728b)
Number of updated assets reloaded before import = 0
Start importing Assets/4.Prefab/DoorTP/AtkDoor.prefab using Guid(7215fc1881bd5bc43ae9b1c70e93feb4) Importer(815301076,1909f56bfc062723c751e8b465ee728b)  -> (artifact id: '8c159d358342a553c881818b98be37d6') in 0.030892 seconds 
Number of asset objects unloaded after import = 24
========================================================================
Received Import Request.
  Time since last request: 0.000016 seconds.
  path: Assets/4.Prefab/DoorTP/moneyDoor.prefab
  artifactKey: Guid(bc2eb78ef17a7384c91d65b2ad743c6a) Importer(815301076,1909f56bfc062723c751e8b465ee728b)
Number of updated assets reloaded before import = 0
Start importing Assets/4.Prefab/DoorTP/moneyDoor.prefab using Guid(bc2eb78ef17a7384c91d65b2ad743c6a) Importer(815301076,1909f56bfc062723c751e8b465ee728b)  -> (artifact id: 'dd7acbb965786531a253d5c426bb4f79') in 0.023840 seconds 
Number of asset objects unloaded after import = 24
========================================================================
Received Import Request.
  Time since last request: 8.525998 seconds.
  path: Assets/4.Prefab/DoorTP/AtkDoor.prefab
  artifactKey: Guid(7215fc1881bd5bc43ae9b1c70e93feb4) Importer(815301076,1909f56bfc062723c751e8b465ee728b)
Number of updated assets reloaded before import = 0
Start importing Assets/4.Prefab/DoorTP/AtkDoor.prefab using Guid(7215fc1881bd5bc43ae9b1c70e93feb4) Importer(815301076,1909f56bfc062723c751e8b465ee728b)  -> (artifact id: '37f2ecbb99aa9a854e4ebf6bef1fd825') in 0.023039 seconds 
Number of asset objects unloaded after import = 24
========================================================================
Received Import Request.
  Time since last request: 10.665033 seconds.
  path: Assets/4.Prefab/DoorTP/AtkDoor.prefab
  artifactKey: Guid(7215fc1881bd5bc43ae9b1c70e93feb4) Importer(815301076,1909f56bfc062723c751e8b465ee728b)
Number of updated assets reloaded before import = 0
Start importing Assets/4.Prefab/DoorTP/AtkDoor.prefab using Guid(7215fc1881bd5bc43ae9b1c70e93feb4) Importer(815301076,1909f56bfc062723c751e8b465ee728b)  -> (artifact id: '96e0549731b12286605bcbb3526e6b78') in 0.022192 seconds 
Number of asset objects unloaded after import = 24
========================================================================
Received Import Request.
  Time since last request: 1.363541 seconds.
  path: Assets/4.Prefab/DoorTP/AtkDoor.prefab
  artifactKey: Guid(7215fc1881bd5bc43ae9b1c70e93feb4) Importer(815301076,1909f56bfc062723c751e8b465ee728b)
Number of updated assets reloaded before import = 0
Start importing Assets/4.Prefab/DoorTP/AtkDoor.prefab using Guid(7215fc1881bd5bc43ae9b1c70e93feb4) Importer(815301076,1909f56bfc062723c751e8b465ee728b)  -> (artifact id: '3141fa2af3ba825701c0ec12b94dd756') in 0.023734 seconds 
Number of asset objects unloaded after import = 24
========================================================================
Received Import Request.
  Time since last request: 11.550121 seconds.
  path: Assets/4.Prefab/DoorTP/HealthDoor.prefab
  artifactKey: Guid(f0d8dc4afb822bc4ebce40b6b1fe738d) Importer(815301076,1909f56bfc062723c751e8b465ee728b)
Number of updated assets reloaded before import = 0
Start importing Assets/4.Prefab/DoorTP/HealthDoor.prefab using Guid(f0d8dc4afb822bc4ebce40b6b1fe738d) Importer(815301076,1909f56bfc062723c751e8b465ee728b)  -> (artifact id: '80d60eb4b8f0226753e44ec16501d461') in 0.021007 seconds 
Number of asset objects unloaded after import = 24
========================================================================
Received Import Request.
  Time since last request: 9.855803 seconds.
  path: Assets/4.Prefab/DoorTP/HealthDoor.prefab
  artifactKey: Guid(f0d8dc4afb822bc4ebce40b6b1fe738d) Importer(815301076,1909f56bfc062723c751e8b465ee728b)
Number of updated assets reloaded before import = 0
Start importing Assets/4.Prefab/DoorTP/HealthDoor.prefab using Guid(f0d8dc4afb822bc4ebce40b6b1fe738d) Importer(815301076,1909f56bfc062723c751e8b465ee728b)  -> (artifact id: 'ce60e312ee476bfe17f438e0bc936785') in 0.018493 seconds 
Number of asset objects unloaded after import = 24
========================================================================
Received Import Request.
  Time since last request: 83.499039 seconds.
  path: Assets/4.Prefab/7.Items
  artifactKey: Guid(a586165fda0f222409ea750253c37fe1) Importer(815301076,1909f56bfc062723c751e8b465ee728b)
Number of updated assets reloaded before import = 0
Start importing Assets/4.Prefab/7.Items using Guid(a586165fda0f222409ea750253c37fe1) Importer(815301076,1909f56bfc062723c751e8b465ee728b)  -> (artifact id: '0dda2e0126512859bf407621b5c65a8c') in 0.014813 seconds 
Number of asset objects unloaded after import = 0
========================================================================
Received Import Request.
  Time since last request: 94.816830 seconds.
  path: Assets/4.Prefab/7.Items/Heal_item.prefab
  artifactKey: Guid(e63e48cb62f7c3c439ce5be83cf43c5a) Importer(815301076,1909f56bfc062723c751e8b465ee728b)
Number of updated assets reloaded before import = 0
Start importing Assets/4.Prefab/7.Items/Heal_item.prefab using Guid(e63e48cb62f7c3c439ce5be83cf43c5a) Importer(815301076,1909f56bfc062723c751e8b465ee728b)  -> (artifact id: 'ccb2eab951f9c35e7747b8e8b9018a3e') in 0.020226 seconds 
Number of asset objects unloaded after import = 9
========================================================================
Received Import Request.
  Time since last request: 122.618360 seconds.
  path: Assets/4.Prefab/7.Items/Atk_Item.prefab
  artifactKey: Guid(7cc15ca9763bbdd40a7c149a9aa33737) Importer(815301076,1909f56bfc062723c751e8b465ee728b)
Number of updated assets reloaded before import = 0
Start importing Assets/4.Prefab/7.Items/Atk_Item.prefab using Guid(7cc15ca9763bbdd40a7c149a9aa33737) Importer(815301076,1909f56bfc062723c751e8b465ee728b)  -> (artifact id: '9563c16473726e125b586a103aabf356') in 0.024283 seconds 
Number of asset objects unloaded after import = 9
========================================================================
Received Import Request.
  Time since last request: 4.140119 seconds.
  path: Assets/4.Prefab/7.Items/Atk_Item.prefab
  artifactKey: Guid(7cc15ca9763bbdd40a7c149a9aa33737) Importer(815301076,1909f56bfc062723c751e8b465ee728b)
Number of updated assets reloaded before import = 0
Start importing Assets/4.Prefab/7.Items/Atk_Item.prefab using Guid(7cc15ca9763bbdd40a7c149a9aa33737) Importer(815301076,1909f56bfc062723c751e8b465ee728b)  -> (artifact id: '079603fa8a00094f663f09e149358895') in 0.022104 seconds 
Number of asset objects unloaded after import = 9
========================================================================
Received Import Request.
  Time since last request: 14.429870 seconds.
  path: Assets/4.Prefab/7.Items/Heal_item.prefab
  artifactKey: Guid(e63e48cb62f7c3c439ce5be83cf43c5a) Importer(815301076,1909f56bfc062723c751e8b465ee728b)
Number of updated assets reloaded before import = 0
Start importing Assets/4.Prefab/7.Items/Heal_item.prefab using Guid(e63e48cb62f7c3c439ce5be83cf43c5a) Importer(815301076,1909f56bfc062723c751e8b465ee728b)  -> (artifact id: 'd0927b24a87693b9ca878977e0d535ac') in 0.019474 seconds 
Number of asset objects unloaded after import = 9
========================================================================
Received Import Request.
  Time since last request: 5.697478 seconds.
  path: Assets/4.Prefab/7.Items/MaxHpAdd_item.prefab
  artifactKey: Guid(71fe9efced071d748804c5747773f7b5) Importer(815301076,1909f56bfc062723c751e8b465ee728b)
Number of updated assets reloaded before import = 0
Start importing Assets/4.Prefab/7.Items/MaxHpAdd_item.prefab using Guid(71fe9efced071d748804c5747773f7b5) Importer(815301076,1909f56bfc062723c751e8b465ee728b)  -> (artifact id: '09a8e3153b185318d02294e49db1b3ab') in 0.021385 seconds 
Number of asset objects unloaded after import = 9
========================================================================
Received Import Request.
  Time since last request: 260.415977 seconds.
  path: Assets/TileMap/IsoPalette.prefab
  artifactKey: Guid(d5a3060b7dc15ac419f6d7ea336de188) Importer(815301076,1909f56bfc062723c751e8b465ee728b)
Number of updated assets reloaded before import = 0
Start importing Assets/TileMap/IsoPalette.prefab using Guid(d5a3060b7dc15ac419f6d7ea336de188) Importer(815301076,1909f56bfc062723c751e8b465ee728b)  -> (artifact id: '4a4d500d58ee658ffbd8ba222f823823') in 0.057606 seconds 
Number of asset objects unloaded after import = 155
========================================================================
Received Import Request.
  Time since last request: 206.188725 seconds.
  path: ProjectSettings/TagManager.asset
  artifactKey: Guid(00000000000000003000000000000000) Importer(815301076,1909f56bfc062723c751e8b465ee728b)
Number of updated assets reloaded before import = 0
Start importing ProjectSettings/TagManager.asset using Guid(00000000000000003000000000000000) Importer(815301076,1909f56bfc062723c751e8b465ee728b)  -> (artifact id: 'd6529b36c2804104670a7de4a7ab05ea') in 0.013894 seconds 
Number of asset objects unloaded after import = 0
========================================================================
Received Import Request.
  Time since last request: 3296.188093 seconds.
  path: Assets/DARK Series Mega Pack 1/DARK - Enemy Pack 2/Bomb Droid/bomb .png
  artifactKey: Guid(36b51b8f25be8f84fadb4e6308fa3aec) Importer(815301076,1909f56bfc062723c751e8b465ee728b)
Number of updated assets reloaded before import = 0
Start importing Assets/DARK Series Mega Pack 1/DARK - Enemy Pack 2/Bomb Droid/bomb .png using Guid(36b51b8f25be8f84fadb4e6308fa3aec) Importer(815301076,1909f56bfc062723c751e8b465ee728b)  -> (artifact id: 'a7069c501d335228072f42cbfecd7e8f') in 0.099348 seconds 
Number of asset objects unloaded after import = 18
========================================================================
Received Import Request.
  Time since last request: 0.000038 seconds.
  path: Assets/DARK Series Mega Pack 1/DARK - Enemy Pack 2/Bomb Droid/hit.png
  artifactKey: Guid(b07866ec12885fb41a7108fcfb86713c) Importer(815301076,1909f56bfc062723c751e8b465ee728b)
Number of updated assets reloaded before import = 0
Start importing Assets/DARK Series Mega Pack 1/DARK - Enemy Pack 2/Bomb Droid/hit.png using Guid(b07866ec12885fb41a7108fcfb86713c) Importer(815301076,1909f56bfc062723c751e8b465ee728b)  -> (artifact id: 'e1231f3700a4e7423c760871ea901719') in 0.036111 seconds 
Number of asset objects unloaded after import = 4
========================================================================
Received Import Request.
  Time since last request: 0.000017 seconds.
  path: Assets/DARK Series Mega Pack 1/DARK - Enemy Pack 2/Bomb Droid/move.png
  artifactKey: Guid(036224930a6faa44aa41daed1378cc50) Importer(815301076,1909f56bfc062723c751e8b465ee728b)
Number of updated assets reloaded before import = 0
Start importing Assets/DARK Series Mega Pack 1/DARK - Enemy Pack 2/Bomb Droid/move.png using Guid(036224930a6faa44aa41daed1378cc50) Importer(815301076,1909f56bfc062723c751e8b465ee728b)  -> (artifact id: '8b285caf4863e69f563297532de00e21') in 0.050835 seconds 
Number of asset objects unloaded after import = 10
========================================================================
Received Import Request.
  Time since last request: 0.000026 seconds.
  path: Assets/DARK Series Mega Pack 1/DARK - Enemy Pack 2/Bomb Droid/bomb without VFX .png
  artifactKey: Guid(07d3cfa33c2de1548b227bcd5a6f0f81) Importer(815301076,1909f56bfc062723c751e8b465ee728b)
Number of updated assets reloaded before import = 0
Start importing Assets/DARK Series Mega Pack 1/DARK - Enemy Pack 2/Bomb Droid/bomb without VFX .png using Guid(07d3cfa33c2de1548b227bcd5a6f0f81) Importer(815301076,1909f56bfc062723c751e8b465ee728b)  -> (artifact id: 'eacdb720ca09ad3ee458fa909abd3982') in 0.064054 seconds 
Number of asset objects unloaded after import = 18
========================================================================
Received Import Request.
  Time since last request: 0.000029 seconds.
  path: Assets/DARK Series Mega Pack 1/DARK - Enemy Pack 2/Bomb Droid/VFX for Bomb .png
  artifactKey: Guid(972f0da01d6469544baa5dbbe6871706) Importer(815301076,1909f56bfc062723c751e8b465ee728b)
Number of updated assets reloaded before import = 0
Start importing Assets/DARK Series Mega Pack 1/DARK - Enemy Pack 2/Bomb Droid/VFX for Bomb .png using Guid(972f0da01d6469544baa5dbbe6871706) Importer(815301076,1909f56bfc062723c751e8b465ee728b)  -> (artifact id: 'df0d7d0885d5fac7fff830a56b5cb27b') in 0.059356 seconds 
Number of asset objects unloaded after import = 15
========================================================================
Received Import Request.
  Time since last request: 0.000017 seconds.
  path: Assets/DARK Series Mega Pack 1/DARK - Enemy Pack 2/Bomb Droid/death.png
  artifactKey: Guid(ad567606749255e45a0aeaa9a7efc0eb) Importer(815301076,1909f56bfc062723c751e8b465ee728b)
Number of updated assets reloaded before import = 0
Start importing Assets/DARK Series Mega Pack 1/DARK - Enemy Pack 2/Bomb Droid/death.png using Guid(ad567606749255e45a0aeaa9a7efc0eb) Importer(815301076,1909f56bfc062723c751e8b465ee728b)  -> (artifact id: 'aa937519977aaf9dab4ef594bbbbac8e') in 0.062654 seconds 
Number of asset objects unloaded after import = 13
========================================================================
Received Import Request.
  Time since last request: 0.000016 seconds.
  path: Assets/DARK Series Mega Pack 1/DARK - Enemy Pack 2/Dagger Mush/throw.png
  artifactKey: Guid(6602b1b9541591b418f301b4c55662f3) Importer(815301076,1909f56bfc062723c751e8b465ee728b)
Number of updated assets reloaded before import = 0
Start importing Assets/DARK Series Mega Pack 1/DARK - Enemy Pack 2/Dagger Mush/throw.png using Guid(6602b1b9541591b418f301b4c55662f3) Importer(815301076,1909f56bfc062723c751e8b465ee728b)  -> (artifact id: '89062a6d362953d2c78132449857bbd6') in 0.042518 seconds 
Number of asset objects unloaded after import = 3
========================================================================
Received Import Request.
  Time since last request: 0.000019 seconds.
  path: Assets/DARK Series Mega Pack 1/DARK - Enemy Pack 2/Dagger Mush/Dagger mush GIF.gif
  artifactKey: Guid(c1549504a6cb2024aa4d19a8b9ff6f22) Importer(815301076,1909f56bfc062723c751e8b465ee728b)
Number of updated assets reloaded before import = 0
Start importing Assets/DARK Series Mega Pack 1/DARK - Enemy Pack 2/Dagger Mush/Dagger mush GIF.gif using Guid(c1549504a6cb2024aa4d19a8b9ff6f22) Importer(815301076,1909f56bfc062723c751e8b465ee728b)  -> (artifact id: '3496350e4a3dcacda3718f000b294c17') in 0.099904 seconds 
Number of asset objects unloaded after import = 3
========================================================================
Received Import Request.
  Time since last request: 0.000019 seconds.
  path: Assets/DARK Series Mega Pack 1/DARK - Enemy Pack 2/Dagger Mush/All.png
  artifactKey: Guid(74bc733b7c12dee4ab2a1e315870cbdd) Importer(815301076,1909f56bfc062723c751e8b465ee728b)
Number of updated assets reloaded before import = 0
Start importing Assets/DARK Series Mega Pack 1/DARK - Enemy Pack 2/Dagger Mush/All.png using Guid(74bc733b7c12dee4ab2a1e315870cbdd) Importer(815301076,1909f56bfc062723c751e8b465ee728b)  -> (artifact id: '3c127561add2ad5f7e2ffbea2af85627') in 0.079442 seconds 
Number of asset objects unloaded after import = 3
========================================================================
Received Import Request.
  Time since last request: 0.000039 seconds.
  path: Assets/DARK Series Mega Pack 1/DARK - Enemy Pack 2/Dagger Mush/run fast.png
  artifactKey: Guid(fd575e071f3ef8f43956fc07cdb985f8) Importer(815301076,1909f56bfc062723c751e8b465ee728b)
Number of updated assets reloaded before import = 0
Start importing Assets/DARK Series Mega Pack 1/DARK - Enemy Pack 2/Dagger Mush/run fast.png using Guid(fd575e071f3ef8f43956fc07cdb985f8) Importer(815301076,1909f56bfc062723c751e8b465ee728b)  -> (artifact id: 'dd3d858c15acdb71db3374d467871b15') in 0.043307 seconds 
Number of asset objects unloaded after import = 3
========================================================================
Received Import Request.
  Time since last request: 0.000041 seconds.
  path: Assets/DARK Series Mega Pack 1/DARK - Enemy Pack 2/Dagger Mush/idle.png
  artifactKey: Guid(c752f45905b17f845af7fe7f77364845) Importer(815301076,1909f56bfc062723c751e8b465ee728b)
Number of updated assets reloaded before import = 0
Start importing Assets/DARK Series Mega Pack 1/DARK - Enemy Pack 2/Dagger Mush/idle.png using Guid(c752f45905b17f845af7fe7f77364845) Importer(815301076,1909f56bfc062723c751e8b465ee728b)  -> (artifact id: '6aadaae9b892e5c27860b52efbcac1ae') in 0.038285 seconds 
Number of asset objects unloaded after import = 3
========================================================================
Received Import Request.
  Time since last request: 0.000015 seconds.
  path: Assets/DARK Series Mega Pack 1/DARK - Enemy Pack 2/Dagger Mush/damaged.png
  artifactKey: Guid(749c0bacae9d5934fad6dd121ae80671) Importer(815301076,1909f56bfc062723c751e8b465ee728b)
Number of updated assets reloaded before import = 0
Start importing Assets/DARK Series Mega Pack 1/DARK - Enemy Pack 2/Dagger Mush/damaged.png using Guid(749c0bacae9d5934fad6dd121ae80671) Importer(815301076,1909f56bfc062723c751e8b465ee728b)  -> (artifact id: '894230a4beda0eefba862a9c63346300') in 0.040285 seconds 
Number of asset objects unloaded after import = 3
========================================================================
Received Import Request.
  Time since last request: 0.000019 seconds.
  path: Assets/DARK Series Mega Pack 1/DARK - Enemy Pack 2/Dagger Mush/Air attack.png
  artifactKey: Guid(e0d95c8bc6e3d8242835db94ad60720f) Importer(815301076,1909f56bfc062723c751e8b465ee728b)
Number of updated assets reloaded before import = 0
Start importing Assets/DARK Series Mega Pack 1/DARK - Enemy Pack 2/Dagger Mush/Air attack.png using Guid(e0d95c8bc6e3d8242835db94ad60720f) Importer(815301076,1909f56bfc062723c751e8b465ee728b)  -> (artifact id: '5df034fda4786d7dee66df3216129d40') in 0.045129 seconds 
Number of asset objects unloaded after import = 3
========================================================================
Received Import Request.
  Time since last request: 0.000021 seconds.
  path: Assets/DARK Series Mega Pack 1/DARK - Enemy Pack 2/Dagger Mush/Dagger Mushroom.aseprite
  artifactKey: Guid(2993ccb8a206d4546beb7f3727924c6d) Importer(815301076,1909f56bfc062723c751e8b465ee728b)
Number of updated assets reloaded before import = 0
Start importing Assets/DARK Series Mega Pack 1/DARK - Enemy Pack 2/Dagger Mush/Dagger Mushroom.aseprite using Guid(2993ccb8a206d4546beb7f3727924c6d) Importer(815301076,1909f56bfc062723c751e8b465ee728b)  -> (artifact id: '69e65758dd61f445ee5de524ea6e1625') in 0.254426 seconds 
Number of asset objects unloaded after import = 88
========================================================================
Received Import Request.
  Time since last request: 2.489553 seconds.
  path: Assets/DARK Series Mega Pack 1/DARK - FX & Skill Icons/Aseprtie Files/FX Pack.aseprite
  artifactKey: Guid(aae2b3ab62fe4364a9e0db1667f2e90f) Importer(815301076,1909f56bfc062723c751e8b465ee728b)
Number of updated assets reloaded before import = 0
Start importing Assets/DARK Series Mega Pack 1/DARK - FX & Skill Icons/Aseprtie Files/FX Pack.aseprite using Guid(aae2b3ab62fe4364a9e0db1667f2e90f) Importer(815301076,1909f56bfc062723c751e8b465ee728b)  -> (artifact id: '49412ba6250716b911a353861d77f56a') in 0.265980 seconds 
Number of asset objects unloaded after import = 152
Editor requested this worker to shutdown with reason: Scaling down because of idle timeout
AssetImportWorker is now disconnected from the server
Process exiting
Exiting without the bug reporter. Application will terminate with return code 0